Time (s)\Voltage (mV)
1675870523.7774513	97.23911820000001
1675870523.9055617	95.19135870000001
1675870524.0439284	96.1974307
1675870524.1621776	96.3696597
1675870524.2810166	94.9404383
1675870524.400984	95.3044961
1675870524.5160139	95.63723350000001
1675870524.6381383	96.7612908
1675870524.7738981	96.8073615
1675870524.891147	95.8017876
1675870525.0311794	95.3169165
1675870525.1682496	94.30045369999999
1675870525.3239176	94.11549869999999
1675870525.4608004	95.08601580000001
1675870525.5919547	97.4929551
1675870525.7331278	96.79032749999999
1675870525.890272	94.38520709999999
1675870526.0505629	93.5837872
1675870526.199538	95.1393451
1675870526.3253942	95.5974845
1675870526.469316	97.5702091
1675870526.6016324	97.5726816
1675870526.7499275	94.2260488
1675870526.8873274	94.4025869
1675870527.0382183	97.3903341
1675870527.1849997	96.14670190000001
1675870527.3402288	96.6611232
1675870527.4733472	95.9351815
1675870527.6351836	96.92946049999999
1675870527.7731214	97.2585926
1675870527.913198	95.8568665
1675870528.0600636	96.34345010000001
1675870528.1864192	97.3133518
1675870528.3082168	96.3119805
1675870528.4334142	94.1655272
1675870528.590053	95.3171362
1675870528.702845	96.53123430000001
1675870528.8301282	96.72899960000001
1675870528.954085	95.9261202
1675870529.0867124	95.9700776
1675870529.2092235	95.3432789
1675870529.3528838	95.33253529999999
1675870529.478123	97.099965
1675870529.617186	96.57024779999999
1675870529.7725337	96.3175005
1675870529.897274	96.6514503
1675870530.035696	94.96772940000001
1675870530.1900933	95.54558920000001
1675870530.3220778	96.8785504
1675870530.4604533	96.9035839
1675870530.613482	97.5352298
1675870530.764423	96.6526581
1675870530.920776	95.045433
1675870531.0803661	95.5867859
1675870531.2279482	96.533203
1675870531.4036868	96.7588038
1675870531.5575676	97.1097167
1675870531.718221	95.0870659
1675870531.8946683	94.34280770000001
1675870532.0330908	96.2776015
1675870532.1663682	95.9441479
1675870532.3115587	96.4955853
1675870532.434991	96.5035739
1675870532.5582383	95.6537089
1675870532.6822498	96.0977503
1675870532.8230927	96.3990715
1675870532.9605227	95.7035969
1675870533.1143265	96.00899860000001
1675870533.2626667	96.7513417
1675870533.3882127	95.6760552
1675870533.5461178	95.5370244
1675870533.708224	96.2766838
1675870533.8451405	95.8146265
1675870534.004695	96.6508601
1675870534.1582174	95.0999269
1675870534.2835462	94.7156676
1675870534.43783	96.0445465
1675870534.5889692	96.09960419999999
1675870534.7140987	96.8934177
1675870534.8719304	95.9414846
1675870534.9882162	95.3831362
1675870535.115805	94.8459739
1675870535.2548137	95.70150600000001
1675870535.3925588	96.0752223
1675870535.5510483	96.7845648
1675870535.7082174	96.1184033
1675870535.8523095	95.3270931
1675870536.0212793	95.7984325
1675870536.177422	95.6422218
1675870536.335551	95.1262734
1675870536.4976406	97.20882929999999
1675870536.634389	96.1678677
1675870536.768217	95.7511575
1675870536.9292214	95.5044506
1675870537.0864503	94.84223610000001
1675870537.2458804	96.5702245
1675870537.4057791	97.130518
1675870537.5648162	95.4387456
1675870537.7245386	96.5597333
1675870537.8793938	97.24608719999999
1675870538.020338	97.7774718
1675870538.172354	98.67292880000001
1675870538.3082197	96.945291
1675870538.4543693	96.5726299
1675870538.6019542	96.9256933
1675870538.7480242	96.4030293
1675870538.9047785	98.1471698
1675870539.0377047	97.202237
1675870539.1614037	96.112655
1675870539.2848306	95.8048058
1675870539.4079826	96.7502126
1675870539.5310953	96.1354688
1675870539.6554706	95.9629214
1675870539.8132305	97.1603737
1675870539.9730666	96.0019952
1675870540.0942967	94.6989257
1675870540.22927	95.4733618
1675870540.3512373	96.1247706
1675870540.4974241	95.1436149
1675870540.6526926	95.2861751
1675870540.8137136	95.165965
1675870540.9482212	94.9570662
1675870541.0709078	96.14047959999999
1675870541.2299535	96.3460848
1675870541.3678591	95.3291571
1675870541.5280075	97.3129417
1675870541.658285	95.0344873
1675870541.7800953	94.71327860000001
1675870541.9048219	96.39349010000001
1675870542.0268033	94.62429449999999
1675870542.149603	94.5489246
1675870542.2726998	95.9107512
1675870542.397938	96.5443369
1675870542.5200267	95.76850200000001
1675870542.641689	95.4622633
1675870542.7544494	96.18855649999999
1675870542.9012294	96.444615
1675870543.040086	95.7230797
1675870543.173201	97.3841981
1675870543.2952871	97.0887931
1675870543.4194255	96.76708450000001
1675870543.576724	96.9758471
1675870543.701422	97.6958955
1675870543.8141725	98.3890747
1675870543.93924	98.0035783
1675870544.060662	98.2019039
1675870544.202191	95.9223753
1675870544.3457193	94.1406417
1675870544.482941	96.4939176
1675870544.6381814	96.3473997
1675870544.7629223	96.34574070000001
1675870544.906255	96.69453410000001
1675870545.0480168	94.66637229999999
1675870545.1682208	94.7194068
1675870545.2918458	95.1227377
1675870545.4272487	94.8197356
1675870545.5501552	96.64577050000001
1675870545.6743271	96.5335077
1675870545.7977788	96.5896077
1675870545.9209933	94.891335
1675870546.0698702	94.89568369999999
1675870546.1811798	95.9883775
1675870546.3062215	96.1652137
1675870546.445445	96.1495808
1675870546.5682259	97.2146605
1675870546.6916964	95.8630579
1675870546.831582	94.28358920000001
1675870546.9539683	95.4230894
1675870547.0766308	95.5852156
1675870547.2102013	95.7424719
1675870547.331655	97.1900054
1675870547.4616213	96.2484111
1675870547.5859625	94.6403289
1675870547.7460842	96.06747440000001
1675870547.8653436	96.07962239999999
1675870548.0034008	96.5245252
1675870548.1261487	95.76444389999999
1675870548.2655766	95.79759929999999
1675870548.4018052	94.9076276
1675870548.5152414	95.8025866
1675870548.6362474	96.6973564
1675870548.775894	96.42256139999999
1675870548.9182117	97.07644599999999
1675870549.043733	97.10779910000001
1675870549.2026818	95.8244231
1675870549.3402212	96.9977355
1675870549.4651084	97.7296523
1675870549.6020691	96.42417420000001
1675870549.741083	97.49791859999999
1675870549.884445	97.4366172
1675870550.0182223	95.7371725
1675870550.1548605	95.3279338
1675870550.2768273	95.965018
1675870550.3996346	95.09415609999999
1675870550.5372415	94.9671102
1675870550.6605937	95.97194219999999
1675870550.8051336	96.3465498
1675870550.9581997	95.4407753
1675870551.0818074	96.6499848
1675870551.2293723	96.67052460000001
1675870551.3726025	95.3159859
1675870551.5162401	95.6329048
1675870551.6721792	96.2451734
1675870551.8282402	95.84524090000001
1675870551.9476976	96.7733963
1675870552.069247	96.4059119
1675870552.1914294	95.77523559999999
1675870552.3078303	95.4752604
1675870552.4434803	96.46599499999999
1675870552.5673587	96.9331852
1675870552.7070825	97.12322850000001
1675870552.8440847	97.842861
1675870552.958157	97.2514363
1675870553.0811727	97.1886604
1675870553.2044883	97.2280567
1675870553.3276315	96.5984223
1675870553.4502127	95.0635729
1675870553.5739534	96.2209321
1675870553.731459	96.7292155
1675870553.8532155	96.3664327
1675870553.9865413	96.319767
1675870554.1249459	96.3855141
1675870554.2616234	95.75867720000001
1675870554.4042406	96.0854812
1675870554.548431	95.5258198
1675870554.7072399	95.63382130000001
1675870554.844501	96.60580470000001
1675870555.0036612	96.1260412
1675870555.1266744	95.4651689
1675870555.2492282	96.0062644
1675870555.3941133	96.8346651
1675870555.5163941	95.64055139999999
1675870555.6585958	95.3101563
1675870555.7823997	96.54353929999999
1675870555.92563	97.4676503
1675870556.0467582	97.4372007
1675870556.1576831	96.437156
1675870556.3035944	95.4639627
1675870556.4442222	97.1992605
1675870556.563919	97.8065929
1675870556.686744	95.5658802
1675870556.7970247	94.4595698
1675870556.9436507	96.3097305
1675870557.061273	96.0483192
1675870557.1982222	97.0800071
1675870557.3212824	98.68326769999999
1675870557.4623175	97.3784533
1675870557.5853813	95.67044130000001
1675870557.731651	95.9248061
1675870557.8834085	96.7748567
1675870558.0048728	97.34626039999999
1675870558.1276877	99.5132863
1675870558.275822	98.505334
1675870558.3967533	95.0762592
1675870558.5112202	94.06584950000001
1675870558.6565218	95.61607029999999
1675870558.7967162	96.72860179999999
1675870558.930762	96.4829306
1675870559.0543132	95.575165
1675870559.1982245	95.4101213
1675870559.3214278	94.66861610000001
1675870559.4448333	93.1604978
1675870559.5681953	94.6081963
1675870559.6938357	94.650811
1675870559.8282228	96.2330693
1675870559.9682224	96.2494871
1675870560.1214817	96.13710420000001
1675870560.2601624	97.1892589
1675870560.4146292	95.8233908
1675870560.5455801	95.7300961
1675870560.6830926	96.6294233
1675870560.8295908	93.7229086
1675870560.9852054	93.6738476
1675870561.1492236	96.7358186
1675870561.2834113	96.7801696
1675870561.4354577	97.1426964
1675870561.5780742	96.8346202
1675870561.6913536	95.7345117
1675870561.8424332	95.9612851
1675870561.965496	96.8374863
1675870562.0879388	97.3186992
1675870562.2117789	97.34324079999999
1675870562.3353117	97.70738
1675870562.4682212	97.78241969999999
1675870562.6282222	96.5449422
1675870562.7571542	96.5992148
1675870562.9041333	95.90272060000001
1675870563.0712004	95.8136222
1675870563.2012641	95.89471350000001
1675870563.347233	95.22551390000001
1675870563.4715686	95.54389330000001
1675870563.6272066	97.80633569999999
1675870563.7724257	97.5640513
1675870563.9182212	96.78383579999999
1675870564.07711	96.8887476
1675870564.2286885	95.54844630000001
1675870564.371772	96.59571729999999
1675870564.4951925	97.45638869999999
1675870564.6382213	98.7054619
1675870564.7663388	98.22957009999999
1675870564.9066386	97.3057522
1675870565.0310152	95.9974963
1675870565.1772451	95.55229480000001
1675870565.3059328	96.692412
1675870565.4523487	96.1467759
1675870565.5763474	95.8720584
1675870565.7273161	96.1686391
1675870565.894264	94.46179740000001
1675870566.0719323	95.4598374
1675870566.2082243	97.0791595
1675870566.3682177	96.7003646
1675870566.528217	97.43421670000001
1675870566.656645	95.79792330000001
1675870566.7960324	94.843253
1675870566.9192557	95.46580709999999
1675870567.043303	96.47961400000001
1675870567.1661224	95.8734489
1675870567.3230474	96.20441489999999
1675870567.4870362	95.2404842
1675870567.6082258	94.2879882
1675870567.7667062	96.0419339
1675870567.9248188	96.41974259999999
1675870568.0576406	96.4391537
1675870568.182488	97.7315557
1675870568.3082108	97.7928297
1675870568.4527256	94.3151498
1675870568.5875156	94.9685401
1675870568.726456	97.1585324
1675870568.8706207	97.2956032
1675870569.0296755	98.92024219999999
1675870569.1673887	96.36755
1675870569.3005853	94.71487330000001
1675870569.424104	94.6475186
1675870569.5635982	96.46488509999999
1675870569.7186952	96.9990102
1675870569.8623023	96.7662049
1675870569.9863389	96.003125
1675870570.1100607	93.94350510000001
1675870570.250424	94.4800233
1675870570.4071043	95.46329659999999
1675870570.5628169	95.3873689
1675870570.6870737	96.2106745
1675870570.832497	95.8186392
1675870570.9805865	95.0749114
1675870571.117264	96.3515262
1675870571.2563894	96.401404
1675870571.405425	96.45088009999999
1675870571.5315278	96.55210170000001
1675870571.6692364	96.2551236
1675870571.8238523	96.851193
1675870571.9697948	98.0853583
1675870572.1355472	97.8848782
1675870572.258218	97.85666090000001
1675870572.4021292	98.7904909
1675870572.558223	95.5826636
1675870572.672713	94.84478859999999
1675870572.818142	96.2588449
1675870572.9793525	97.25100289999999
1675870573.093705	97.855573
1675870573.2182229	98.2666445
1675870573.356826	97.00098990000001
1675870573.4966402	96.0121392
1675870573.6367145	96.425479
1675870573.7757015	96.8066414
1675870573.913288	96.46948569999999
1675870574.0722976	97.171312
1675870574.229227	95.1075668
1675870574.359814	94.85797840000001
1675870574.497242	95.3576393
1675870574.6557446	94.9854342
1675870574.7808564	96.3759064
1675870574.904075	95.8746226
1675870575.050431	94.0772993
1675870575.180612	95.0859466
1675870575.3052197	97.34076710000001
1675870575.4658198	96.8734485
1675870575.5944712	96.4504047
1675870575.7308779	97.5509208
1675870575.8682177	94.8714683
1675870576.0128844	94.6200522
1675870576.1480682	96.4030864
1675870576.307355	96.646338
1675870576.4382172	97.38752620000001
1675870576.579588	95.4532357
1675870576.7268155	95.41502120000001
1675870576.8782248	95.9644291
1675870577.0215368	96.7982828
1675870577.1709466	94.8943516
1675870577.306253	96.0806175
1675870577.4625578	97.36936990000001
1675870577.6222315	96.2600676
1675870577.7674882	96.3686047
1675870577.9215355	97.44157840000001
1675870578.0812266	97.1820048
1675870578.2246351	96.43317210000001
1675870578.3613205	96.57374759999999
1675870578.4968202	96.7142528
1675870578.6245174	97.2251128
1675870578.7682178	96.25124579999999
1675870578.8912761	96.51593109999999
1675870579.036362	97.6309903
1675870579.1674109	96.8557377
1675870579.330463	95.22043350000001
1675870579.483246	96.5754319
1675870579.6293206	96.7518668
1675870579.7539344	97.66021190000001
1675870579.877068	98.4824375
1675870580.0015247	96.61647169999999
1675870580.1502674	94.47849049999999
1675870580.2863903	95.6209808
1675870580.4231954	96.3003654
1675870580.5563617	95.7961937
1675870580.6992323	97.6197088
1675870580.8493328	97.38210190000001
1675870580.9748297	95.5277618
1675870581.1344137	97.6796117
1675870581.2693405	96.2566343
1675870581.39487	96.8217588
1675870581.5353873	96.60366189999999
1675870581.6902218	93.96943950000001
1675870581.832589	94.1023783
1675870581.9879115	96.2205663
1675870582.1038136	96.8144229
1675870582.227693	97.65256049999999
1675870582.3835905	97.583208
1675870582.5173364	95.1940149
1675870582.6402848	94.6522737
1675870582.7848659	95.57494460000001
1675870582.9292312	95.8976713
1675870583.0666912	95.818528
1675870583.2256353	96.4512865
1675870583.3547747	93.6097946
1675870583.5012476	93.9537549
1675870583.6250768	96.6475757
1675870583.7482152	98.1021423
1675870583.8718688	98.0351008
1675870583.9949675	97.1033761
1675870584.1440516	95.8202006
1675870584.28537	94.90873380000001
1675870584.408218	96.0696524
1675870584.5327072	95.8773397
1675870584.6885319	95.9162395
1675870584.8321207	97.4750145
1675870584.9550476	97.0610931
1675870585.0773354	95.0692928
1675870585.2109473	95.0107075
1675870585.3649156	96.5075647
1675870585.4897869	95.7242185
1675870585.6301055	96.3311218
1675870585.7666554	96.3461246
1675870585.9200478	95.14624570000001
1675870586.0622196	96.34450260000001
1675870586.2200434	97.2934209
1675870586.365038	97.8489788
1675870586.4864914	98.2707922
1675870586.64266	97.24029230000001
1675870586.803154	95.5618132
1675870586.9510841	98.93337050000001
1675870587.101595	98.53702200000001
1675870587.224401	98.526057
1675870587.3675826	98.66879589999999
1675870587.5314848	96.69632109999999
1675870587.6793919	95.318159
1675870587.8130946	97.2624128
1675870587.9352138	96.2445098
1675870588.0780969	96.8955734
1675870588.2030883	99.45318089999999
1675870588.3436234	96.9953368
1675870588.5025926	95.7217419
1675870588.658221	97.4914746
1675870588.7797523	97.3192033
1675870588.90266	97.28255680000001
1675870589.049711	96.68548220000001
1675870589.1812897	94.5596906
1675870589.2950249	95.02409089999999
1675870589.4195874	96.7408449
1675870589.556772	96.3320818
1675870589.6948154	96.95231980000001
1675870589.854691	97.8664624
1675870589.9953623	95.66890529999999
1675870590.148218	94.0661449
1675870590.3093092	96.2354906
1675870590.4734597	96.68704100000001
1675870590.5982213	95.76015100000001
1675870590.7482111	96.4347333
1675870590.8954883	96.072986
1675870591.0529604	95.8695554
1675870591.1766913	97.2631602
1675870591.2993326	95.4050199
1675870591.4432158	94.9530951
1675870591.5915895	96.10168689999999
1675870591.7378554	95.2219451
1675870591.8982208	94.5930359
1675870592.0583684	95.864213
1675870592.2128725	97.4248132
1675870592.3558488	97.74283039999999
1675870592.5172675	95.6696402
1675870592.6811028	95.7436305
1675870592.829793	97.35601670000001
1675870592.9559722	97.7588182
1675870593.0925477	96.15657449999999
1675870593.2276714	95.883719
1675870593.3626258	95.822623
1675870593.5019267	95.4406867
1675870593.6475828	97.00060219999999
1675870593.774987	97.758896
1675870593.9178526	96.424707
1675870594.040857	95.4845706
1675870594.1646996	94.2678606
1675870594.3076012	94.14943889999999
1675870594.435354	95.7387471
1675870594.5955036	96.81257810000001
1675870594.7373188	97.50555489999999
1675870594.8982127	98.9457811
1675870595.020888	96.1229322
1675870595.1441355	94.2735439
1675870595.2682211	96.974992
1675870595.3914332	98.41976419999999
1675870595.5324972	97.5154132
1675870595.6701846	96.5158827
1675870595.8091252	95.9844736
1675870595.968226	96.2934116
1675870596.0929482	98.2743222
1675870596.2174282	97.48842350000001
1675870596.3416624	95.6738809
1675870596.4663355	96.8287426
1675870596.6241574	96.9924594
1675870596.7814069	95.53125610000001
1675870596.8950472	96.3018838
1675870597.0192633	96.4852439
1675870597.1860113	97.3355318
1675870597.3129787	97.2461339
1675870597.4514227	96.24911110000001
1675870597.5896077	94.98810069999999
1675870597.7372167	95.5757094
1675870597.905558	96.6456906
1675870598.0355217	97.3380563
1675870598.1672275	96.1044747
1675870598.3079045	95.3613931
1675870598.467641	94.4206278
1675870598.6058116	96.0710406
1675870598.7408063	96.8970663
1675870598.881776	97.2964427
1675870599.041229	96.7835408
1675870599.1960027	95.5621212
1675870599.3172584	95.45750009999999
1675870599.4413974	97.4100711
1675870599.5643353	96.63686639999999
1675870599.7216876	96.1109635
1675870599.8610678	97.49222909999999
1675870599.9817903	96.8252595
1675870600.137112	95.2333482
1675870600.2992647	96.75590150000001
1675870600.4323795	96.671656
1675870600.5782175	96.72234189999999
1675870600.703039	97.8529122
1675870600.8527381	95.909958
1675870600.9992898	96.2419408
1675870601.134844	96.8866638
1675870601.289524	96.334192
1675870601.4333317	97.1001867
1675870601.6001604	97.3074225
1675870601.7365925	95.7611912
1675870601.8741245	96.0068684
1675870602.0322022	97.0093865
1675870602.1878123	96.0216787
1675870602.3480673	97.1314202
1675870602.4913318	96.6829296
1675870602.613146	95.6991735
1675870602.727159	97.0018127
1675870602.8506196	98.27917260000001
1675870602.9761355	97.91335380000001
1675870603.0993388	98.194586
1675870603.2238405	97.7690863
1675870603.371982	96.88472180000001
1675870603.5310898	95.78315850000001
1675870603.672213	96.789709
1675870603.8134844	95.9612199
1675870603.9348066	96.7431708
1675870604.0746913	96.04214680000001
1675870604.2304494	94.11109280000001
1675870604.3527403	94.9031368
1675870604.4911482	96.9863488
1675870604.6458476	96.69317339999999
1675870604.768054	96.9310354
1675870604.8927326	96.3476065
1675870605.01575	94.8216642
1675870605.1399684	94.5843787
1675870605.2862027	96.460464
1675870605.4142764	97.1060796
1675870605.5745037	98.0069541
1675870605.7147515	97.37752850000001
1675870605.8731601	96.2246965
1675870606.019192	95.79573500000001
1675870606.1476738	96.91118730000001
1675870606.270199	97.9810403
1675870606.3847394	97.6647519
1675870606.5079718	98.1780265
1675870606.6328526	96.428572
1675870606.7558575	95.92765709999999
1675870606.902386	97.24388350000001
1675870607.0548062	97.4864486
1675870607.19198	96.525706
1675870607.3471954	97.8298326
1675870607.4684448	97.55496149999999
1675870607.5915604	95.5957928
1675870607.7381213	95.7015191
1675870607.8673472	96.6237232
1675870607.9907968	97.61309279999999
1675870608.1350946	97.20410960000001
1675870608.259643	95.9718361
1675870608.4164279	94.3613867
1675870608.5793297	95.6451601
1675870608.7112598	97.5451123
1675870608.8573298	96.88049860000001
1675870609.0127351	96.3941217
1675870609.126482	94.50890469999999
1675870609.2511618	94.20005789999999
1675870609.3877244	95.3404791
1675870609.5268116	96.9013559
1675870609.685659	96.89618999999999
1675870609.8431733	98.6179947
1675870609.955158	98.1495316
1675870610.0771675	98.8243909
1675870610.2161107	98.63594289999999
1675870610.3439913	96.9057336
1675870610.4982224	97.81940610000001
1675870610.6418588	97.87557480000001
1675870610.7924354	96.9982455
1675870610.9190814	97.0711972
1675870611.0793266	97.8973034
1675870611.2139635	97.28312290000001
1675870611.3361166	97.3242389
1675870611.478222	97.38595099999999
1675870611.631589	95.9157484
1675870611.795409	95.2144363
1675870611.9317222	95.9940548
1675870612.0709116	96.4517634
1675870612.2143533	98.2549418
1675870612.363571	98.6249681
1675870612.4742272	96.8813334
1675870612.6409988	96.5684818
1675870612.7866073	98.5881734
1675870612.9096942	98.38001120000001
1675870613.0346193	95.95110969999999
1675870613.1872644	95.8651331
1675870613.311231	96.1645601
1675870613.4451282	95.0902934
1675870613.5818734	95.1398774
1675870613.737134	97.3931452
1675870613.879506	96.74571279999999
1675870614.0409715	97.0934021
1675870614.1801746	94.5900228
1675870614.3043237	94.01170389999999
1675870614.4282217	96.3231543
1675870614.5512927	97.0282258
1675870614.7000425	97.0163508
1675870614.8598626	97.8512416
1675870614.981002	97.1042035
1675870615.1020622	96.3765293
1675870615.258133	97.212684
1675870615.381614	97.17075510000001
1675870615.5222988	96.5364535
1675870615.650607	97.57140960000001
1675870615.8104024	97.5357694
1675870615.969541	95.8992724
1675870616.11302	97.1533757
1675870616.252346	97.4282659
1675870616.4057407	96.9862244
1675870616.566619	97.258359
1675870616.6982133	94.2646082
1675870616.8216212	95.16420070000001
1675870616.9606478	98.1956273
1675870617.1029553	96.3888949
1675870617.2411444	97.1480468
1675870617.3798661	97.8769726
1675870617.5218077	95.8988432
1675870617.642009	95.7410435
1675870617.7555192	98.67116569999999
1675870617.8796847	98.90814270000001
1675870618.0229964	96.7256464
1675870618.1640542	96.7565239
1675870618.3048635	95.4987328
1675870618.4402328	93.36179510000001
1675870618.596544	95.9762815
1675870618.7194357	96.8734465
1675870618.8642979	96.5396829
1675870619.0126433	96.43959840000001
1675870619.1378653	96.2790543
1675870619.276002	94.6689094
1675870619.4244783	97.05226359999999
1675870619.5496562	96.4743346
1675870619.6882286	95.75321670000001
1675870619.8350506	97.32356139999999
1675870619.9561267	96.8236606
1675870620.0717235	95.7321058
1675870620.1970687	96.1705206
1675870620.3337252	97.90828590000001
1675870620.4890144	97.57726149999999
1675870620.6320684	98.5608821
1675870620.756336	96.5851612
1675870620.8794563	95.66917049999999
1675870621.0027828	95.59589059999999
1675870621.1582115	97.49120549999999
1675870621.2817218	97.3295368
1675870621.4257722	96.54841979999999
1675870621.5534654	96.8470232
1675870621.7119226	96.6996261
1675870621.848224	95.5600907
1675870621.9782207	96.4287307
1675870622.09969	95.8151446
1675870622.2602015	96.3725389
1675870622.382287	95.927191
1675870622.514282	95.4191996
1675870622.6682146	94.8100078
1675870622.826506	95.9391262
1675870622.969648	94.88031550000001
1675870623.127186	96.6882165
1675870623.2897215	95.6469591
1675870623.4212294	94.24187189999999
1675870623.5472026	94.9232128
1675870623.707006	96.58522210000001
1675870623.829305	96.826721
1675870623.9721274	96.8754916
1675870624.1160645	96.72230449999999
1675870624.238227	94.4733061
1675870624.363014	94.6946416
1675870624.5055072	96.08404230000001
1675870624.6276906	96.4327562
1675870624.7673137	97.0404492
1675870624.951032	97.13408079999999
1675870625.0718346	95.26749430000001
1675870625.1957464	96.49077070000001
1675870625.3422134	98.20256889999999
1675870625.5019588	97.7546633
1675870625.6655633	97.6830964
1675870625.7882216	97.89709309999999
1675870625.9303849	96.1253724
1675870626.077963	96.64328710000001
1675870626.206382	97.1987574
1675870626.3300862	97.8657594
1675870626.489808	98.14369269999999
1675870626.617488	96.54825120000001
1675870626.7749894	95.39169340000001
1675870626.9373965	96.9764058
1675870627.1034005	96.3900654
1675870627.2265255	96.5021965
1675870627.3492694	96.2788121
1675870627.4931426	95.9911829
1675870627.6361964	96.0715608
1675870627.7603624	95.5415163
1675870627.9057608	96.4651332
1675870628.027867	97.6476914
1675870628.1430452	96.9622336
1675870628.2894387	95.8880172
1675870628.4133565	92.9552443
1675870628.5711687	94.92314209999999
1675870628.6972723	95.95242110000001
1675870628.857823	95.612749
1675870629.009365	95.5955943
1675870629.1340473	96.7580113
1675870629.2905924	95.4917757
1675870629.4236884	96.23852839999999
1675870629.5799158	96.52322600000001
1675870629.7182171	96.50580640000001
1675870629.855551	97.6302045
1675870630.003497	95.7377353
1675870630.1554315	94.6161829
1675870630.2949078	95.5394908
1675870630.451152	95.1653429
1675870630.5749137	96.0339319
1675870630.7003336	96.3484541
1675870630.846708	96.0196846
1675870631.004582	96.5437087
1675870631.1632228	97.5550923
1675870631.3218222	96.1098153
1675870631.4763038	96.7212766
1675870631.6185021	96.175051
1675870631.7572618	93.245676
1675870631.8861814	95.3386593
1675870632.01526	97.54677720000001
1675870632.1537704	97.56218
1675870632.3098102	97.168599
1675870632.4334996	96.5118804
1675870632.5711958	93.6284265
1675870632.7079327	96.0499065
1675870632.8515766	97.8634545
1675870632.9906857	98.1648521
1675870633.13095	97.7134123
1675870633.2899487	96.5396597
1675870633.4138455	95.4589553
1675870633.5379996	95.40907899999999
1675870633.6725852	96.9309241
1675870633.8328857	96.60410549999999
1675870633.9770167	98.0863461
1675870634.1425471	97.15841710000001
1675870634.2755795	94.42164109999999
1675870634.412096	96.41127100000001
1675870634.563163	95.9538759
1675870634.7012222	96.8203641
1675870634.8370378	97.07569480000001
1675870634.9608982	95.7950754
1675870635.0992308	95.0221542
1675870635.25271	97.4845656
1675870635.3859339	98.3408239
1675870635.5282223	97.51320770000001
1675870635.6770585	97.6791546
1675870635.8136103	97.0996821
1675870635.9735081	94.1266645
1675870636.101824	95.71837839999999
1675870636.2294877	95.9517944
1675870636.3840742	96.0174397
1675870636.5223377	97.7701121
1675870636.6652372	96.4902243
1675870636.8094456	96.1690375
1675870636.9671724	98.4635555
1675870637.1109605	97.8612514
1675870637.2582428	98.7390449
1675870637.393856	98.3481352
1675870637.5404131	95.4485462
1675870637.6851966	94.8510339
1675870637.82123	97.6205128
1675870637.9558072	96.0234542
1675870638.1100671	96.48442929999999
1675870638.2495203	96.92573329999999
1675870638.3861122	95.5011164
1675870638.5446901	95.5344177
1675870638.6863432	97.1720819
1675870638.8395803	96.657989
1675870638.9829745	98.05499870000001
1675870639.1431406	94.8559484
1675870639.2818003	94.5626056
1675870639.4244804	97.2992674
1675870639.5582283	97.8203637
1675870639.7200105	98.3181221
1675870639.8570347	96.7810843
1675870639.98026	95.0796633
1675870640.1203942	96.43012850000001
1675870640.2725322	98.3082696
1675870640.4033632	96.8224433
1675870640.5423596	96.7091336
1675870640.697582	97.7367677
1675870640.824522	96.57437850000001
1675870640.9628553	97.5864542
1675870641.1094434	99.07490589999999
1675870641.2582216	96.7590099
1675870641.4116628	96.9347256
1675870641.572159	97.5115071
1675870641.7176073	95.87159720000001
1675870641.8767781	96.3703241
1675870642.035514	97.1065548
1675870642.1941276	96.6605933
1675870642.3478868	97.0385255
1675870642.4931924	94.8486812
1675870642.632458	92.9947105
1675870642.7616038	95.6112638
1675870642.8882186	96.1092469
1675870643.0479493	96.7574555
1675870643.1814883	98.1798649
1675870643.323125	96.3031355
1675870643.4675367	95.8450577
1675870643.599572	96.7296832
1675870643.7461379	96.9510363
1675870643.8801959	96.9317496
1675870644.0321903	97.316784
1675870644.1741543	94.8656792
1675870644.3280766	95.3285953
1675870644.496024	96.1856401
1675870644.6255975	96.2198894
1675870644.7790906	96.5602703
1675870644.9247284	96.1992193
1675870645.0831203	94.4637824
1675870645.2382185	95.6189987
1675870645.3946614	96.2100986
1675870645.5526102	98.4470163
1675870645.6891723	98.1950657
1675870645.8468904	94.2984876
1675870645.9805756	93.7900815
1675870646.1244802	95.6221929
1675870646.2773051	96.60369370000001
1675870646.4047518	95.6866423
1675870646.5648794	95.7998665
1675870646.6959105	95.9983278
1675870646.8223329	96.3689421
1675870646.9838886	96.56361820000001
1675870647.1131742	96.8382936
1675870647.2642252	96.26944010000001
1675870647.3978608	96.7141407
1675870647.5349934	96.05711860000001
1675870647.6781573	96.2275465
1675870647.8154917	97.6453292
1675870647.9773972	97.0118224
1675870648.1215723	97.6288529
1675870648.2545557	97.86205620000001
1675870648.4128783	94.56255080000001
1675870648.5566227	97.15784869999999
1675870648.718018	97.1519364
1675870648.8553886	95.6096239
1675870648.9905424	95.4481095
1675870649.136831	95.8958092
1675870649.2936268	95.2440383
1675870649.4254634	95.4194664
1675870649.570022	96.8503226
1675870649.717519	97.3597038
1675870649.87639	98.1225653
1675870650.0305002	95.469755
1675870650.1723974	96.7354355
1675870650.3132112	98.1681914
1675870650.4425833	96.409397
1675870650.5931966	96.42804550000001
1675870650.7498813	97.82968
1675870650.8832858	96.2297252
1675870651.0282216	96.7302931
1675870651.1543345	97.3337377
1675870651.279744	95.6517284
1675870651.4078598	96.7053059
1675870651.5530648	97.3873818
1675870651.7005374	96.1144141
1675870651.8264933	95.84026750000001
1675870651.9655507	96.4575985
1675870652.104559	95.986513
1675870652.2434375	96.6957392
1675870652.3808625	95.32202500000001
1675870652.5183458	95.5800014
1675870652.655584	98.0074283
1675870652.7938206	97.8458695
1675870652.9309204	96.7143272
1675870653.0697298	96.4642803
1675870653.2155716	96.66232969999999
1675870653.3547347	94.7144275
1675870653.498222	94.1570813
1675870653.6372256	95.5148866
1675870653.7869978	95.4112585
1675870653.914097	95.6015301
1675870654.0523963	97.6967007
1675870654.20152	95.7447106
1675870654.327274	95.6723117
1675870654.4733903	96.1204536
1675870654.612582	96.527495
1675870654.7714112	97.0328378
1675870654.9282217	96.6183365
1675870655.0735238	93.1107733
1675870655.212483	94.4388754
1675870655.3675723	96.8086811
1675870655.533908	97.50441980000001
1675870655.6854706	96.9178637
1675870655.8237815	95.4429035
1675870655.966364	96.0462871
1675870656.1307588	97.9056432
1675870656.2644088	97.2805219
1675870656.398215	96.9541253
1675870656.5582204	97.3934808
1675870656.6892366	94.80313869999999
1675870656.8323045	94.0260896
1675870656.9882174	97.04609549999999
1675870657.1334085	97.5286315
1675870657.2946234	97.4409584
1675870657.458223	95.8764855
1675870657.5961065	94.1086037
1675870657.7246435	94.7752517
1675870657.8728163	95.84939030000001
1675870658.0339231	95.7018258
1675870658.1925025	96.1245246
1675870658.3315616	95.06732099999999
1675870658.4649453	95.02156409999999
1675870658.6057465	97.44361529999999
1675870658.7427533	98.1731247
1675870658.901438	96.7908668
1675870659.0418706	96.97778210000001
1675870659.1711075	95.586661
1675870659.3182132	96.0570209
1675870659.4517314	97.48393499999999
1675870659.5863845	97.0543865
1675870659.7341373	97.6294877
1675870659.8581865	96.24786139999999
1675870660.0035763	94.5221306
1675870660.1320124	95.20055939999999
1675870660.2882218	96.14996670000001
1675870660.4282272	94.883157
1675870660.561448	95.8540515
1675870660.7082143	97.2068507
1675870660.8525875	94.59269069999999
1675870660.980286	93.77062360000001
1675870661.1392324	95.67549629999999
1675870661.2682147	95.2402081
1675870661.4050748	96.1259053
1675870661.5651777	97.0277152
1675870661.6935163	95.0646272
1675870661.8482206	95.7895436
1675870661.9912302	98.4391025
1675870662.1340063	97.4400089
1675870662.261718	98.27268070000001
1675870662.4212325	98.34497309999999
1675870662.5582218	96.23316530000001
1675870662.7172377	96.78075899999999
1675870662.841074	98.2524744
1675870662.9898193	98.237211
1675870663.1157327	97.7864097
1675870663.2539012	97.4337584
1675870663.4032211	96.0843384
1675870663.5544617	95.6895572
1675870663.7099426	95.8116638
1675870663.869704	96.70004879999999
1675870664.0129657	97.182096
1675870664.157081	96.01480889999999
1675870664.296307	95.5058436
1675870664.4201584	96.7633685
1675870664.5757742	96.15676889999999
1675870664.7200043	96.58995770000001
1675870664.8677096	97.0814298
1675870664.9939873	96.2021041
1675870665.1527205	95.90037099999999
1675870665.2869818	97.0194845
1675870665.4142652	96.495921
1675870665.557917	97.8569827
1675870665.696235	97.7031
1675870665.8595111	96.1741291
1675870666.0058758	95.7171647
1675870666.1370478	96.0120321
1675870666.2854683	96.58685729999999
1675870666.4433918	97.5595866
1675870666.5572102	98.122621
1675870666.6816072	96.76590039999999
1675870666.8518033	95.738823
1675870666.9836414	97.0464991
1675870667.1074312	96.39731040000001
1675870667.2475116	97.1552633
1675870667.3758075	98.4396097
1675870667.5205352	96.138167
1675870667.6782236	94.57461
1675870667.8192296	95.7283207
1675870667.977798	95.2384362
1675870668.135478	97.07414920000001
1675870668.249865	97.3019983
1675870668.37331	96.63869009999999
1675870668.511101	96.1295709
1675870668.6463053	95.967389
1675870668.781197	96.5263887
1675870668.9402356	97.5976004
1675870669.1009521	96.7227297
1675870669.223867	94.4983348
1675870669.3824165	96.8070869
1675870669.497497	98.32101279999999
1675870669.6230834	96.96835850000001
1675870669.7625043	96.43142089999999
1675870669.916819	96.0020237
1675870670.080366	94.2976905
1675870670.2260287	95.9532216
1675870670.3872068	96.1113421
1675870670.5247433	96.21275349999999
1675870670.6577482	96.3892647
1675870670.7830615	97.0258651
1675870670.9398997	96.4907452
1675870671.0778623	97.08851440000001
1675870671.2312386	97.2335513
1675870671.3544674	96.5501414
1675870671.5119622	97.2883462
1675870671.6544192	96.44964340000001
1675870671.7860448	95.301418
1675870671.9116614	96.09038790000001
1675870672.0482223	96.4951002
1675870672.202858	98.09243959999999
1675870672.3463404	98.2802058
1675870672.471641	97.78944800000001
1675870672.6082182	97.0035682
1675870672.748223	97.87449889999999
1675870672.8861282	97.19010490000001
1675870673.0241628	97.30892709999999
1675870673.165013	97.1537371
1675870673.3002675	96.1371932
1675870673.428222	94.9709806
1675870673.5822957	94.8765444
1675870673.7432415	96.8352194
1675870673.8782315	96.45298469999999
1675870674.0010295	96.7110403
1675870674.124664	97.5682271
1675870674.2488482	97.2804414
1675870674.3941474	95.4125921
1675870674.5165982	94.5716789
1675870674.6511128	94.9591341
1675870674.7939165	96.4971124
1675870674.9173396	95.81715200000001
1675870675.0622938	94.31928420000001
1675870675.175197	94.8873594
1675870675.3219748	95.7522356
1675870675.4812644	96.7834813
1675870675.619595	97.60322520000001
1675870675.777085	96.3701092
1675870675.9117537	95.77053500000001
1675870676.0570781	96.12603279999999
1675870676.180102	97.03589260000001
1675870676.303638	97.3179825
1675870676.459402	97.2407006
1675870676.6236372	96.7561925
1675870676.7617412	95.9804975
1675870676.8838725	96.6351369
1675870677.0206902	97.3073438
1675870677.1630628	95.5338097
1675870677.2770085	97.2260165
1675870677.4024105	98.1351783
1675870677.525101	97.0296927
1675870677.6694436	96.2419769
1675870677.826711	97.5638573
1675870677.9682188	96.8678381
1675870678.090015	97.8185277
1675870678.233381	98.0519426
1675870678.3933115	96.72341519999999
1675870678.531339	97.4663362
1675870678.6721728	98.0732718
1675870678.7951868	97.77880040000001
1675870678.9372551	96.9606245
1675870679.0582228	97.7356846
1675870679.1819317	97.2786226
1675870679.30611	95.68200340000001
1675870679.4641664	96.5451965
1675870679.6044633	95.273891
1675870679.7413468	96.12881780000001
1675870679.8609128	97.0230235
1675870679.9947808	96.96349810000001
1675870680.1169665	96.4743656
1675870680.238228	96.0417626
1675870680.3802106	96.1138536
1675870680.5006986	95.8723789
1675870680.61823	96.29096519999999
1675870680.741659	97.8229184
1675870680.8782182	95.884337
1675870681.0039263	94.26971
1675870681.1167078	96.7479104
1675870681.2429626	96.4454044
1675870681.3845797	97.38531640000001
1675870681.5073948	98.3226062
1675870681.6304095	97.645467
1675870681.7868915	95.78202669999999
1675870681.9282174	97.1486858
1675870682.0482273	96.57916569999999
1675870682.1845877	97.937011
1675870682.3279443	98.9986113
1675870682.4859886	96.83443460000001
1675870682.5999844	95.6041814
1675870682.721204	96.34953320000001
1675870682.8434916	98.0932087
1675870682.966857	98.6399899
1675870683.0910192	99.0748602
1675870683.2257924	97.50988100000001
1675870683.3629467	95.08844950000001
1675870683.522513	96.055583
1675870683.6783457	97.3683905
1675870683.797253	96.1919005
1675870683.9416027	95.9957766
1675870684.0721815	96.5196923
1675870684.1940894	95.2479745
1675870684.334798	95.543219
1675870684.4573102	96.8927467
1675870684.578225	97.00188010000001
1675870684.7004027	96.50876149999999
1675870684.8366244	96.7957076
1675870684.9820852	96.76418770000001
1675870685.1257024	96.4728656
1675870685.2606401	96.6504674
1675870685.3982217	97.26119279999999
1675870685.5213668	98.2394307
1675870685.6622286	99.2206111
1675870685.8208902	97.20161180000001
1675870685.960752	96.3663272
1675870686.0982273	98.5814563
1675870686.2526028	98.8719809
1675870686.3905077	97.5401758
1675870686.5125875	98.18567829999999
1675870686.6564066	96.6297547
1675870686.8023553	94.32086389999999
1675870686.9204795	96.1520804
1675870687.0303516	95.9108265
1675870687.1769505	96.8537971
1675870687.2992318	98.42560399999999
1675870687.440356	96.92282789999999
1675870687.5782242	95.4072331
1675870687.7386882	96.48501010000001
1675870687.8706293	96.4741806
1675870687.9932435	96.7261799
1675870688.115338	96.516352
1675870688.2382178	96.1275835
1675870688.3613975	95.9482518
1675870688.4846108	95.7609879
1675870688.6076164	96.3818718
1675870688.7619545	95.8160905
1675870688.9014616	95.8034353
1675870689.0552645	96.8049257
1675870689.1997654	94.13182119999999
1675870689.3438194	95.2586517
1675870689.4793847	97.76958769999999
1675870689.6182175	96.7242037
1675870689.7425635	96.5081701
1675870689.8996565	97.22657899999999
1675870690.0365217	96.3535784
1675870690.1882133	95.2154477
1675870690.312134	95.62057949999999
1675870690.4572074	96.7544929
1675870690.595517	96.6384171
1675870690.7400508	96.4065136
1675870690.9014728	95.52680219999999
1675870691.0326571	96.547915
1675870691.1814177	96.1181332
1675870691.327442	95.6700562
1675870691.4659169	96.1309798
1675870691.6178598	95.8252812
1675870691.740679	95.8956532
1675870691.8640347	96.6961885
1675870691.9882329	97.1553067
1675870692.1006827	96.9827951
1675870692.2474444	96.5588506
1675870692.40655	97.6604076
1675870692.5184386	96.82377050000001
1675870692.665027	96.3406122
1675870692.804201	97.9757552
1675870692.957116	97.2282545
1675870693.121282	97.6481613
1675870693.2780375	96.4170464
1675870693.4221697	95.62597489999999
1675870693.5468616	96.7969799
1675870693.6809568	96.3840498
1675870693.8250844	96.8413851
1675870693.9748774	96.43185079999999
1675870694.1020067	95.20102229999999
1675870694.2408936	93.2473568
1675870694.3861003	96.1618101
1675870694.520823	96.4023316
1675870694.6790879	95.7865374
1675870694.810282	97.2031714
1675870694.9349852	96.8520016
1675870695.0711327	94.02178719999999
1675870695.2075157	94.63143629999999
1675870695.3565214	97.1311848
1675870695.5154824	96.5833958
1675870695.6501532	96.5276497
1675870695.7968395	95.0997768
1675870695.9449887	93.4713043
1675870696.0734122	95.7399602
1675870696.2423084	95.9800055
1675870696.3978827	96.08697480000001
1675870696.5372996	96.6286075
1675870696.6775596	95.6322665
1675870696.8193312	96.5761038
1675870696.964092	97.3918262
1675870697.0876267	95.65141589999999
1675870697.2130363	95.7256818
1675870697.3674245	97.6133815
1675870697.5256865	94.734397
1675870697.685247	95.316836
1675870697.8220425	97.3252678
1675870697.9509466	97.2127418
1675870698.0982318	96.4601287
1675870698.2438369	96.38955779999999
1675870698.4238307	94.6622786
1675870698.5732713	97.0134276
1675870698.7018237	97.495147
1675870698.839656	97.27857569999999
1675870698.9848793	97.1010019
1675870699.1293814	95.5942297
1675870699.275451	95.6165186
1675870699.4224806	96.7960182
1675870699.5482216	97.6594814
1675870699.6854305	96.9316048
1675870699.8619363	97.3394214
1675870700.0027635	95.26507600000001
1675870700.1565301	94.4328424
1675870700.325422	96.9434253
1675870700.459952	96.44377060000001
1675870700.5854838	95.29930370000001
1675870700.724699	96.96722630000001
1675870700.867432	94.84175379999999
1675870701.0007396	94.74147169999999
1675870701.1613913	97.0273796
1675870701.3155594	96.7039652
1675870701.453228	96.93942999999999
1675870701.6079416	96.0353407
1675870701.7712436	95.06804770000001
1675870701.9069762	95.9319492
1675870702.0324976	96.4650938
1675870702.1925764	96.7785834
1675870702.3526976	96.865363
1675870702.4761815	96.47941349999999
1675870702.60017	95.4830141
1675870702.7380953	96.0832925
1675870702.9175422	96.315652
1675870703.0720701	96.7361703
1675870703.2345204	98.1864808
1675870703.3628693	96.3189503
1675870703.5135388	94.65666709999999
1675870703.6705027	96.5335874
1675870703.830835	96.3621907
1675870703.969858	97.7381415
1675870704.1272705	96.3963537
1675870704.2875345	95.8324266
1675870704.4222245	97.397169
1675870704.5606666	96.4770823
1675870704.6913915	96.3367847
1675870704.8309913	97.7978187
1675870704.9846482	94.4044256
1675870705.1220334	93.6084391
1675870705.265023	96.9617189
1675870705.3882217	97.67475239999999
1675870705.525539	96.7892966
1675870705.6671004	96.9513233
1675870705.788224	96.54114129999999
1675870705.9131453	95.4785966
1675870706.0593607	96.3221985
1675870706.1974232	96.63191409999999
1675870706.32228	96.624873
1675870706.4440517	96.30161410000001
1675870706.5674798	96.3255289
1675870706.690803	95.0370427
1675870706.8151765	94.8978074
1675870706.9382117	95.9618916
1675870707.0982118	96.1918278
1675870707.2213044	96.7040659
1675870707.3442032	97.9550346
1675870707.492804	97.2917532
1675870707.6032252	94.9960185
1675870707.7271533	95.1954054
1675870707.8872244	95.9813568
1675870708.018219	96.3819049
1675870708.16388	98.1899264
1675870708.3200889	97.2251633
1675870708.4597461	94.9955365
1675870708.6016614	95.58335939999999
1675870708.723836	95.92969839999999
1675870708.8636985	96.1007975
1675870709.005448	97.0491558
1675870709.1435874	96.1966372
1675870709.2629783	94.9241268
1675870709.388227	96.2287624
1675870709.5128489	96.80776850000001
1675870709.6765888	96.93191060000001
1675870709.797122	97.8267243
1675870709.9205434	97.4684189
1675870710.037517	96.6962248
1675870710.1466262	96.9608555
1675870710.2682273	97.62462500000001
1675870710.4223506	96.6175035
1675870710.558222	97.1258133
1675870710.6814494	97.6278429
1675870710.805184	97.65518080000001
1675870710.9602149	97.5192441
1675870711.1024814	97.8070345
1675870711.244966	96.59599709999999
1675870711.3648622	96.72682350000001
1675870711.5009692	97.8817896
1675870711.6158428	95.8151015
1675870711.73796	94.4756489
1675870711.8982213	97.1970862
1675870712.0621433	97.58277059999999
1675870712.2043023	95.405821
1675870712.3260572	95.1977136
1675870712.4479442	94.6257373
1675870712.573748	93.8202042
1675870712.7086692	94.56065360000001
1675870712.841854	95.9287578
1675870712.9802716	96.2480801
1675870713.1382217	98.1822494
1675870713.2780793	96.49208709999999
1675870713.410491	94.4375235
1675870713.5545146	95.6563008
1675870713.6776743	95.8229865
1675870713.8008559	95.8395571
1675870713.9240003	95.92004730000001
1675870714.0663202	95.25027630000001
1675870714.1913328	94.67393440000001
1675870714.3248045	95.7322867
1675870714.4807215	96.48469279999999
1675870714.6039908	95.403028
1675870714.727058	95.62112389999999
1675870714.8752935	96.7260455
1675870714.993847	95.0681084
1675870715.1165345	94.9708261
1675870715.2282195	97.8762355
1675870715.3536155	97.5897142
1675870715.511313	96.1075088
1675870715.6322653	96.8338457
1675870715.755331	96.6240827
1675870715.889232	94.4412791
1675870716.0473518	95.12764510000001
1675870716.1882217	97.5432066
1675870716.3123798	98.3070159
1675870716.4355335	98.3134655
1675870716.559438	97.1990735
1675870716.7075355	93.69631100000001
1675870716.8333457	94.3797062
1675870716.955838	96.86663850000001
1675870717.0968711	95.7784422
1675870717.217897	95.9223528
1675870717.3402035	96.56050049999999
1675870717.4802861	96.2428967
1675870717.6182265	96.3304978
1675870717.7560084	97.5141737
1675870717.8940074	97.4464025
1675870718.0320275	97.04747669999999
1675870718.1804447	97.21074039999999
1675870718.312199	95.80007660000001
1675870718.4367514	94.64997460000001
1675870718.6001546	96.860851
1675870718.7371666	96.2937379
1675870718.897442	96.39026150000001
1675870719.018222	97.39308489999999
1675870719.167324	96.2876443
1675870719.3038955	96.0105789
1675870719.4604762	96.7680723
1675870719.6072707	96.593934
1675870719.731042	96.70243839999999
1675870719.853831	96.95095889999999
1675870719.9782114	96.3639864
1675870720.1015732	94.9800192
1675870720.2350314	94.2281813
1675870720.3747253	95.41611499999999
1675870720.5282342	97.320102
1675870720.6911626	97.5319415
1675870720.8209326	97.3081691
1675870720.9354537	95.4346999
1675870721.058222	95.8628257
1675870721.1821876	97.09791249999999
1675870721.3372736	97.4067368
1675870721.4782271	97.6340284
1675870721.601285	97.5147821
1675870721.758221	96.0269045
1675870721.9182215	97.3355402
1675870722.0759456	97.6800502
1675870722.1892033	96.9990419
1675870722.3094978	96.3922276
1675870722.4335752	96.90050910000001
1675870722.5560915	95.0016812
1675870722.6796644	95.41333230000001
1675870722.8025942	97.2241366
1675870722.9463003	95.64422409999999
1675870723.0799842	95.314236
1675870723.2159872	97.076991
1675870723.3551316	95.1261664
1675870723.49226	95.1743786
1675870723.6313856	96.7696258
1675870723.7854662	96.2742672
1675870723.9251776	96.996312
1675870724.0620441	96.29711859999999
1675870724.2005343	95.8172598
1675870724.359744	96.70648
1675870724.481361	97.93394769999999
