Time (s)\Voltage (mV)
1675871616.2892237	98.2926385
1675871616.4258235	97.5900603
1675871616.5955334	96.914788
1675871616.723956	97.5562286
1675871616.8449602	96.55267989999999
1675871617.0131109	96.7535985
1675871617.151165	97.95850109999999
1675871617.3148234	95.9069622
1675871617.4410963	95.3309802
1675871617.5620282	96.4870951
1675871617.7227123	96.95414389999999
1675871617.861221	98.2747499
1675871617.9988306	97.3089237
1675871618.1382105	94.8772945
1675871618.2734935	95.2810659
1675871618.4074469	96.4572336
1675871618.532358	95.73143990000001
1675871618.6556494	96.1376221
1675871618.7798965	97.7189839
1675871618.921785	95.75631560000001
1675871619.0438683	93.8387971
1675871619.1827228	96.5660783
1675871619.326685	97.0877082
1675871619.449697	96.7105083
1675871619.5882163	97.27981439999999
1675871619.7304218	95.57608330000001
1675871619.8768632	94.8460139
1675871620.0354955	95.1251702
1675871620.1732323	96.4331295
1675871620.3170304	97.746346
1675871620.4515007	97.4916932
1675871620.586812	96.6232942
1675871620.7082207	96.3515242
1675871620.8306267	97.43539299999999
1675871620.9637501	97.6467179
1675871621.1465824	96.61310230000001
1675871621.2561092	96.5221094
1675871621.3781571	96.1646732
1675871621.5233977	96.0197859
1675871621.6712053	96.8876632
1675871621.8224685	96.999634
1675871621.9626172	96.79299080000001
1675871622.0918992	97.3929588
1675871622.2130864	96.7577934
1675871622.3558803	95.67957720000001
1675871622.4961534	95.098077
1675871622.6339986	96.300928
1675871622.7535882	94.99487819999999
1675871622.9105635	96.9602445
1675871623.0513792	97.7266165
1675871623.1948915	96.1914248
1675871623.341404	96.4940323
1675871623.4882212	97.5673963
1675871623.6076653	97.65464370000001
1675871623.7403762	97.3140669
1675871623.883176	97.8919877
1675871624.0260556	97.0350515
1675871624.1505854	97.3744381
1675871624.273827	97.3871228
1675871624.4282217	96.1265832
1675871624.5971496	96.9919761
1675871624.7349002	96.0726269
1675871624.87936	94.9836195
1675871625.0211806	95.6294313
1675871625.1582172	96.54112280000001
1675871625.3157356	96.10303789999999
1675871625.451702	97.2090772
1675871625.5723262	97.3374337
1675871625.7268505	94.28489850000001
1675871625.8467717	94.00481280000001
1675871625.962137	95.54347709999999
1675871626.0723433	96.9337128
1675871626.1940353	97.43611709999999
1675871626.3154	96.78181260000001
1675871626.4582176	95.3824637
1675871626.5957534	95.8425331
1675871626.7092183	97.48554080000001
1675871626.8343277	97.4862974
1675871626.9559808	98.0499693
1675871627.0741673	97.8487976
1675871627.1980643	97.5159845
1675871627.3210635	95.6624321
1675871627.4430468	94.8654696
1675871627.5724099	96.87263390000001
1675871627.718127	97.4263327
1675871627.8412263	97.5583736
1675871627.9644825	97.0907414
1675871628.085489	96.0120309
1675871628.2182138	94.41035489999999
1675871628.3418574	94.9722077
1675871628.4619358	97.2512222
1675871628.584145	97.3459715
1675871628.7255695	96.0834864
1675871628.8625596	96.97871210000001
1675871628.9835486	95.9089429
1675871629.1280482	95.604918
1675871629.274603	96.3562305
1675871629.393	96.68047990000001
1675871629.5344026	97.08202019999999
1675871629.6759667	96.8937624
1675871629.7961783	95.4382344
1675871629.9514182	95.3949885
1675871630.1122596	96.8225136
1675871630.253104	96.00809050000001
1675871630.3736336	95.651734
1675871630.517601	93.8214514
1675871630.6752255	94.5715372
1675871630.814674	97.0595199
1675871630.941873	96.5623818
1675871631.0635903	96.3867241
1675871631.1880248	96.6605518
1675871631.313872	97.7052089
1675871631.451809	96.50280810000001
1675871631.575109	94.8642368
1675871631.7072506	96.1415722
1675871631.8237624	96.6863251
1675871631.9457462	97.81946380000001
1675871632.0836713	97.5627468
1675871632.238217	95.571473
1675871632.4171329	94.97388939999999
1675871632.5751948	96.9955425
1675871632.7149723	96.38659650000001
1675871632.8442357	97.6572845
1675871633.0105572	96.925016
1675871633.1565807	95.7247785
1675871633.3154933	95.30969540000001
1675871633.4696295	96.5819551
1675871633.6150463	97.65892099999999
1675871633.7377863	98.16017409999999
1675871633.8602371	95.8379079
1675871634.0050333	95.3128333
1675871634.141373	96.1116298
1675871634.2782223	97.3096396
1675871634.4001033	98.1499383
1675871634.5222914	98.1181862
1675871634.6651587	97.50926129999999
1675871634.8063118	95.6718357
1675871634.924354	94.8549917
1675871635.0592382	96.16941630000001
1675871635.1702528	97.3782722
1675871635.295539	97.9965563
1675871635.4354591	97.8593703
1675871635.5702093	95.217924
1675871635.729279	95.2566383
1675871635.848977	95.8284682
1675871635.9731545	96.6325271
1675871636.0955043	96.4369255
1675871636.2506025	95.5722865
1675871636.3749633	96.2500867
1675871636.536727	94.91195180000001
1675871636.6956704	95.6919427
1675871636.8338058	96.59215490000001
1675871636.9664068	97.6932424
1675871637.0916538	97.89545389999999
1675871637.2134104	97.4813414
1675871637.3363662	96.2613398
1675871637.4761589	96.5242382
1675871637.6201518	97.9352648
1675871637.7577753	97.2965085
1675871637.9065595	98.0115206
1675871638.0530176	97.1203999
1675871638.211767	96.47383280000001
1675871638.3456433	97.8891907
1675871638.4971788	98.1590413
1675871638.619433	97.9038954
1675871638.7765245	98.1437018
1675871638.9370627	96.4005705
1675871639.0639102	95.2683099
1675871639.2223806	97.2185158
1675871639.3607008	98.0278939
1675871639.484538	98.1441602
1675871639.5935445	97.7210653
1675871639.7181184	96.81117490000001
1675871639.839234	96.0034612
1675871639.9808862	96.6206677
1675871640.111407	96.8439173
1675871640.2282138	97.4608257
1675871640.3502133	97.284383
1675871640.4755511	97.1007529
1675871640.6312284	95.7831812
1675871640.7715282	94.74410549999999
1675871640.8945158	95.1666187
1675871641.070077	96.5130726
1675871641.192641	96.9228077
1675871641.3182135	97.3176258
1675871641.4622457	95.21574150000001
1675871641.618925	96.7476181
1675871641.763219	97.0539636
1675871641.886306	97.2587223
1675871642.043002	97.9419253
1675871642.1677866	97.456322
1675871642.305409	96.0548687
1675871642.4645598	95.7997836
1675871642.5882235	96.87922710000001
1675871642.7455764	97.8179253
1675871642.8950238	97.3916248
1675871643.0316315	97.0629833
1675871643.1638117	96.2020933
1675871643.298235	95.8309544
1675871643.4417505	96.1519881
1675871643.5649805	97.2859208
1675871643.727092	98.36654829999999
1675871643.8665066	97.61538329999999
1675871643.998218	96.1681652
1675871644.1566389	95.5928923
1675871644.3007843	96.9126822
1675871644.4182222	97.0499119
1675871644.5561337	97.7660862
1675871644.7016895	96.90643390000001
1675871644.834891	94.5733568
1675871644.9680064	96.0447083
1675871645.1057537	97.13532819999999
1675871645.2334726	95.95059590000001
1675871645.3707054	96.8655168
1675871645.4829803	97.1365696
1675871645.6075978	95.5641069
1675871645.7315633	95.81925600000001
1675871645.8532748	97.367665
1675871645.9772673	96.7526625
1675871646.100383	96.5334265
1675871646.224635	97.98451060000001
1675871646.3480957	97.18406279999999
1675871646.4742827	95.2173591
1675871646.610237	94.5060675
1675871646.7869701	96.36830339999999
1675871646.9263752	96.5756083
1675871647.0814428	96.7822977
1675871647.2213216	96.42627820000001
1675871647.3406138	95.0062282
1675871647.4621649	95.0757535
1675871647.5934231	96.7415817
1675871647.744503	96.1874344
1675871647.8682187	95.6310366
1675871647.9919662	95.7976665
1675871648.131387	95.8781649
1675871648.3055882	96.8559321
1675871648.4649534	96.9392731
1675871648.6344104	95.58603670000001
1675871648.794041	97.21646820000001
1675871648.9531512	95.8356392
1675871649.0897498	94.0494293
1675871649.247518	96.5701836
1675871649.3800704	96.3772744
1675871649.5175924	96.2341968
1675871649.670521	96.79864620000001
1675871649.7899814	95.65719990000001
1675871649.9102678	95.0506001
1675871650.0331898	96.6651637
1675871650.156221	96.7969453
1675871650.3045576	96.6547691
1675871650.4728463	96.77637229999999
1675871650.6151807	96.1062716
1675871650.750436	95.07737130000001
1675871650.8753526	97.153583
1675871651.0192692	98.1923685
1675871651.1486626	96.8837701
1675871651.2747514	97.5521045
1675871651.4126632	96.5963811
1675871651.5674796	94.8797717
1675871651.7092328	96.7182637
1675871651.8336444	96.1555333
1675871651.9566474	95.9477268
1675871652.1012082	96.7345749
1675871652.2408948	96.0626418
1675871652.364001	95.3068423
1675871652.522971	95.892118
1675871652.6825373	97.3005349
1675871652.8261359	96.79151519999999
1675871652.9645061	98.11987549999999
1675871653.1025012	98.31459939999999
1675871653.2515962	96.1380419
1675871653.397577	96.0622037
1675871653.5335784	96.3927781
1675871653.6632497	98.0357678
1675871653.8103058	97.9487838
1675871653.9492395	96.0474356
1675871654.078705	96.0067346
1675871654.2060885	97.0494907
1675871654.3449554	97.4461477
1675871654.4972641	98.15221679999999
1675871654.6172569	98.4621187
1675871654.7420077	96.8414047
1675871654.865267	96.3283892
1675871654.9882205	96.8996476
1675871655.1206627	98.2740062
1675871655.255511	98.1393562
1675871655.4154508	98.3738128
1675871655.5456028	96.2838221
1675871655.6731076	95.65419440000001
1675871655.8115556	95.5913503
1675871655.9470854	96.343361
1675871656.0840964	97.2443976
1675871656.2082174	96.5195442
1675871656.3328855	97.2532747
1675871656.4567294	96.45326399999999
1675871656.5799637	96.20484
1675871656.70432	96.36107589999999
1675871656.859236	96.5556863
1675871657.0041254	96.7387658
1675871657.1602914	96.8959106
1675871657.3367558	95.50944899999999
1675871657.449887	97.038457
1675871657.5725245	97.1204194
1675871657.712005	96.8795078
1675871657.8506827	96.31920269999999
1675871657.9860327	95.8077921
1675871658.1109066	95.0881164
1675871658.267142	96.0003037
1675871658.4040477	96.674365
1675871658.5428762	95.89377189999999
1675871658.66352	96.37197259999999
1675871658.784766	97.4894263
1675871658.9079397	96.68632570000001
1675871659.0417552	93.9950883
1675871659.2019966	95.60108740000001
1675871659.329979	97.0327939
1675871659.4674492	96.3505266
1675871659.6063201	96.4044679
1675871659.7289262	96.0301497
1675871659.8517885	93.7420973
1675871659.97017	94.78086970000001
1675871660.0927045	96.8748607
1675871660.2505715	95.06463149999999
1675871660.3879669	96.9299002
1675871660.5465815	95.85213519999999
1675871660.7045896	94.0214383
1675871660.865382	96.46411909999999
1675871660.9971642	96.8705325
1675871661.130261	97.24925049999999
1675871661.26958	98.17561769999999
1675871661.4063916	97.1019495
1675871661.5440006	96.4358649
1675871661.7226272	97.41385319999999
1675871661.8392932	97.5448613
1675871661.9602914	98.60525770000001
1675871662.1249752	98.1465832
1675871662.2556102	95.5666344
1675871662.377314	94.4651708
1675871662.5379279	96.5723956
1675871662.667451	96.713239
1675871662.7892373	96.4216219
1675871662.933518	96.87344039999999
1675871663.082837	96.0241325
1675871663.2082229	94.7064091
1675871663.3329673	94.7317481
1675871663.4533834	96.6095426
1675871663.6024954	96.78851639999999
1675871663.7382174	97.17119389999999
1675871663.8613262	97.0193902
1675871663.9860792	95.57734210000001
1675871664.1082287	96.2081017
1675871664.2672064	97.0704402
1675871664.4073124	96.4309189
1675871664.5483603	97.079734
1675871664.6704302	98.1646178
1675871664.7935948	98.4258323
1675871664.9422376	97.12565989999999
1675871665.0872786	97.36073069999999
1675871665.2359674	98.5122856
1675871665.3620443	98.5337418
1675871665.4862883	98.4600356
1675871665.6059754	96.7981892
1675871665.729315	95.5873275
1675871665.8734899	97.00107299999999
1675871665.9958756	97.1742739
1675871666.1082125	97.6947497
1675871666.2315853	98.11867840000001
1675871666.3559248	98.3579789
1675871666.5116751	97.1419186
1675871666.6494675	96.9825215
1675871666.771588	97.439707
1675871666.9140604	96.3308949
1675871667.033568	97.0690353
1675871667.1745796	97.77829080000001
1675871667.2960737	97.1971903
1675871667.4560945	97.2371663
1675871667.5859036	96.652367
1675871667.7079852	96.1169334
1675871667.8524485	96.1164809
1675871667.9755712	97.1827572
1675871668.1193724	95.5387285
1675871668.2429473	96.04176609999999
1675871668.367216	96.77247510000001
1675871668.5036187	95.1145771
1675871668.6409357	95.42568610000001
1675871668.7754037	96.80217520000001
1675871668.936353	95.50447700000001
1675871669.0580213	95.2634324
1675871669.196644	96.2593962
1675871669.321729	97.5468082
1675871669.4695988	97.1757505
1675871669.6073742	96.35111959999999
1675871669.7498693	95.31984139999999
1675871669.872885	94.5662659
1675871670.033976	95.9782058
1675871670.1929443	95.9091612
1675871670.3479552	96.5094577
1675871670.4695702	97.0617242
1675871670.6121042	95.8215764
1675871670.7335598	95.5543291
1675871670.8769019	97.4704414
1675871671.0142689	97.3315486
1675871671.1725976	97.3137746
1675871671.3136368	98.023598
1675871671.436548	96.7900628
1675871671.5937726	96.45753040000001
1675871671.7363904	98.7832124
1675871671.8782206	98.59315050000001
1675871672.0156841	98.1878383
1675871672.1549602	98.5720605
1675871672.3104243	96.87486630000001
1675871672.4663308	96.10668729999999
1675871672.6263297	97.0186499
1675871672.7549114	97.4147374
1675871672.8908184	97.5599881
1675871673.0474179	96.0623166
1675871673.195194	95.5321376
1675871673.3332362	97.2343092
1675871673.4807756	96.4298022
1675871673.618221	95.5889027
1675871673.779224	95.8283406
1675871673.9068608	95.8334636
1675871674.0670562	95.054035
1675871674.2040284	96.7461274
1675871674.3321338	96.6392613
1675871674.4528449	96.2705884
1675871674.5662482	97.6518717
1675871674.7127552	97.1251811
1675871674.8519776	95.15512700000001
1675871674.9782214	96.9678014
1675871675.116793	98.1947958
1675871675.2539754	98.1455903
1675871675.3781805	98.1754191
1675871675.5265343	98.05697450000001
1675871675.6404812	97.30469769999999
1675871675.765346	97.2710769
1675871675.9046695	97.4356463
1675871676.0436904	96.32530659999999
1675871676.177268	98.0193084
1675871676.3438263	99.0174366
1675871676.473858	96.52703699999999
1675871676.601483	96.3948282
1675871676.7453535	96.8561946
1675871676.890527	96.32806219999999
1675871677.0116615	97.5168245
1675871677.1553423	99.2569207
1675871677.2782245	97.06266169999999
1675871677.402315	94.4773439
1675871677.5260358	96.3301743
1675871677.6594381	96.3841623
1675871677.7922168	95.890097
1675871677.9177823	96.5532772
1675871678.040611	96.3151034
1675871678.1822746	95.35009819999999
1675871678.324948	96.15207620000001
1675871678.4473326	95.1267112
1675871678.5691166	95.8135069
1675871678.6919296	96.13694840000001
1675871678.8393981	96.6149599
1675871678.9863648	94.96309190000001
1675871679.1282225	95.4810645
1675871679.2636821	97.5232928
1675871679.3851166	96.568265
1675871679.526241	96.64035159999999
1675871679.6463573	98.054186
1675871679.8012834	95.7994667
1675871679.9458177	95.7885252
1675871680.0944452	96.87886549999999
1675871680.2450716	96.9098599
1675871680.366847	97.3360711
1675871680.491424	97.78473849999999
1675871680.6352394	96.3049619
1675871680.7481709	95.6097354
1675871680.8732672	96.7502619
1675871680.9966662	97.0224709
1675871681.1171403	97.4487394
1675871681.2402782	98.5113197
1675871681.3631458	97.4655096
1675871681.4868927	95.3588077
1675871681.6466844	96.2004038
1675871681.8011065	97.4666431
1675871681.9382143	96.4736919
1675871682.0806656	97.35907019999999
1675871682.2005599	97.0169188
1675871682.339227	94.85867209999999
1675871682.450599	95.3837984
1675871682.5757399	96.6162618
1675871682.714655	97.1614662
1675871682.8640301	97.5424563
1675871682.9898615	97.02377539999999
1675871683.1542132	95.9219081
1675871683.2772062	96.4726029
1675871683.417933	96.52614299999999
1675871683.5420082	96.4976925
1675871683.6653326	95.7908406
1675871683.8082268	96.28645619999999
1675871683.9610407	95.3636908
1675871684.0833392	96.1487954
1675871684.2065527	97.1378385
1675871684.3528624	95.5887701
1675871684.4724278	94.91325339999999
1675871684.5823028	96.4903903
1675871684.7039192	95.4867028
1675871684.848228	95.754724
1675871684.9967933	96.1031965
1675871685.1423628	97.0119526
1675871685.2831528	97.3530645
1675871685.4634285	98.50410280000001
1675871685.6118858	95.0709667
1675871685.737212	94.606067
1675871685.8601184	95.8979052
1675871685.9832277	97.3653449
1675871686.1317291	97.4983252
1675871686.2678044	98.36480440000001
1675871686.390383	98.24087750000001
1675871686.5342596	97.00551709999999
1675871686.6712704	97.3383959
1675871686.8300576	97.7623126
1675871686.9879558	97.8401349
1675871687.0977807	97.9994991
1675871687.2208421	96.77540599999999
1675871687.3813736	94.2241662
1675871687.5435562	95.7060699
1675871687.703115	96.6995044
1675871687.8638563	97.6842597
1675871688.0002909	98.80827070000001
1675871688.1312184	97.70018060000001
1675871688.273286	96.1047409
1675871688.4309242	95.9173105
1675871688.5463974	96.59476509999999
1675871688.7204297	97.7354812
1675871688.8809924	97.0374076
1675871689.0192387	94.9077795
1675871689.15423	94.76630610000001
1675871689.2825513	96.5826601
1675871689.4405704	96.9160708
1675871689.5672364	96.0206697
1675871689.7213345	96.1144364
1675871689.860273	95.3024283
1675871689.997002	97.706613
1675871690.1372216	97.42932549999999
1675871690.2982216	97.4469434
1675871690.4646866	97.6232479
1675871690.5876737	96.6035929
1675871690.711893	95.7879863
1675871690.8582232	95.6510515
1675871690.9969215	96.42890919999999
1675871691.1374779	98.01279020000001
1675871691.2709188	98.461409
1675871691.4108121	97.4135507
1675871691.5726986	95.7336657
1675871691.7282217	96.8159438
1675871691.8722193	97.57180799999999
1675871692.0304282	98.0764757
1675871692.1738348	98.0219329
1675871692.3141735	95.5689775
1675871692.4535482	95.3262596
1675871692.5891666	96.2007688
1675871692.7448575	95.3494548
1675871692.8692613	95.586574
1675871693.007805	95.5490678
1675871693.1462572	95.12978079999999
1675871693.2817228	95.361006
1675871693.424618	96.4108835
1675871693.57522	96.58100710000001
1675871693.7269363	97.41925780000001
1675871693.8847415	95.99885669999999
1675871694.0451972	94.0039022
1675871694.1686258	94.51987650000001
1675871694.2945654	96.0842792
1675871694.4180367	96.6718717
1675871694.5515735	96.64894629999999
1675871694.6756856	96.0950362
1675871694.8153098	95.9160369
1675871694.9566095	96.7649964
1675871695.0966341	97.7732766
1675871695.2282076	98.1186971
1675871695.352064	97.9777155
1675871695.4957001	97.22316239999999
1675871695.640775	94.7631586
1675871695.787047	95.1430828
1675871695.9152417	96.2464081
1675871696.0726907	96.53095640000001
1675871696.2167437	96.69885670000001
1675871696.397731	96.8382629
1675871696.549446	94.4074221
1675871696.6798346	96.5538813
1675871696.8171954	97.2265424
1675871696.998217	97.2387912
1675871697.1540968	97.638772
1675871697.313416	94.9093861
1675871697.4362383	94.9309554
1675871697.5821104	96.4395191
1675871697.740595	96.6701782
1675871697.877064	97.1886961
1675871698.0130641	96.54785790000001
1675871698.160473	95.2771651
1675871698.292769	94.9855778
1675871698.4296794	96.0627659
1675871698.576352	95.2382829
1675871698.7006428	97.36541129999999
1675871698.8481882	97.3650526
1675871698.9736216	96.0641306
1675871699.1323283	96.77147160000001
1675871699.285567	97.2659388
1675871699.4276013	96.4663861
1675871699.5822203	96.7360974
1675871699.7077935	96.3430626
1675871699.8319435	94.32288
1675871699.9542248	95.3754397
1675871700.0778728	96.9748142
1675871700.204114	96.4178324
1675871700.3607802	97.153631
1675871700.5236523	97.3519981
1675871700.666048	95.8544754
1675871700.8024466	96.1651873
1675871700.9416816	97.31523290000001
1675871701.1003008	97.670357
1675871701.2570083	96.6435549
1675871701.3734367	96.41811270000001
1675871701.4953651	95.33275900000001
1675871701.6356149	96.5053595
1675871701.770874	98.13990220000001
1675871701.908031	97.7351668
1675871702.0516212	97.0312648
1675871702.1749358	95.6622513
1675871702.3358822	94.7484012
1675871702.4729297	96.1765605
1675871702.6155572	96.46278310000001
1675871702.7482297	96.8356377
1675871702.8859093	97.34344949999999
1675871703.0632005	96.65092879999999
1675871703.2238789	96.49092619999999
1675871703.3582244	97.24190940000001
1675871703.5227885	96.4931499
1675871703.664054	97.3383302
1675871703.7856064	97.7747212
1675871703.9115262	96.8210778
1675871704.05929	96.373712
1675871704.2127628	97.3346362
1675871704.3508642	96.84650459999999
1675871704.4926414	98.15485029999999
1675871704.6330628	98.75986520000001
1675871704.7713401	97.27811159999999
1675871704.909172	96.6593046
1675871705.0426557	97.0892498
1675871705.1871343	96.3691183
1675871705.3207705	96.64914870000001
1675871705.4716556	97.97016860000001
1675871705.6092823	97.16501939999999
1675871705.7575805	97.2437584
1675871705.9091341	97.327687
1675871706.055794	96.73634709999999
1675871706.1845543	96.7034899
1675871706.3071396	97.7019113
1675871706.420555	96.7662567
1675871706.5656688	96.3998225
1675871706.7092323	98.03671410000001
1675871706.8392315	98.4005728
1675871706.962691	97.1631951
1675871707.1225243	96.6135664
1675871707.260199	94.98664889999999
1675871707.381051	95.2027672
1675871707.5012302	96.8657302
1675871707.6244535	95.55975799999999
1675871707.7641737	95.4688147
1675871707.8943284	96.0476445
1675871708.0174594	95.2791046
1675871708.1782143	93.6919883
1675871708.306778	94.7929174
1675871708.453367	96.3946466
1675871708.576833	95.7141282
1675871708.7150652	96.4913553
1675871708.841613	97.0287169
1675871708.9854527	96.76472
1675871709.110021	96.1162469
1675871709.2555518	95.9665
1675871709.3864756	96.5368699
1675871709.5317838	96.90045190000001
1675871709.6548004	95.69721639999999
1675871709.7882216	94.63935190000001
1675871709.9254928	94.58825429999999
1675871710.0871353	97.4707873
1675871710.2469602	97.4078098
1675871710.3706048	97.8101137
1675871710.4944558	97.6314565
1675871710.6327312	94.4861061
1675871710.7911847	95.9026118
1675871710.9271	97.649801
1675871711.086515	96.5340098
1675871711.2108812	95.5083174
1675871711.3359199	95.4389894
1675871711.4872968	94.88092119999999
1675871711.649226	96.7637458
1675871711.813636	97.2251696
1675871711.9512188	96.0699884
1675871712.105721	95.9897367
1675871712.2292364	95.99036029999999
1675871712.3535907	94.4770187
1675871712.476719	95.9931888
1675871712.6319516	96.4773976
1675871712.793171	96.6331535
1675871712.916201	96.0607183
1675871713.04025	96.5053442
1675871713.1645257	94.8452326
1675871713.32313	94.0431992
1675871713.4642155	96.5426562
1675871713.5996652	97.0615797
1675871713.7217648	97.6693805
1675871713.8666182	96.7133704
1675871714.0060594	94.7258832
1675871714.1648102	94.9874109
1675871714.329338	96.4447983
1675871714.4633467	97.1722632
1675871714.6008065	97.11064710000001
1675871714.738219	96.9109026
1675871714.8720412	96.083341
1675871715.0324368	97.9397267
1675871715.157442	96.3904709
1675871715.3017192	94.7917411
1675871715.4263182	95.93812270000001
1675871715.567122	97.0282659
1675871715.7001064	95.5277759
1675871715.8257477	96.4470418
1675871715.9721315	96.9308353
1675871716.0966344	97.2196857
1675871716.220749	97.4700555
1675871716.3450556	96.47183700000001
1675871716.4782228	95.1196545
1675871716.6216958	95.84658610000001
1675871716.77161	97.0432789
1675871716.896695	97.60256559999999
1675871717.0378485	97.92879529999999
1675871717.1871927	96.1180438
1675871717.3593247	94.8312735
1675871717.4882212	96.6791371
1675871717.648626	97.1040521
1675871717.797841	96.46069829999999
1675871717.924087	96.75201440000001
1675871718.0659463	95.52183690000001
1675871718.1907427	94.3574807
1675871718.3241658	95.7811585
1675871718.4830623	96.10810509999999
1675871718.6337914	97.36936
1675871718.7601697	97.15862290000001
1675871718.901192	95.2918244
1675871719.0444565	94.17291429999999
1675871719.2041945	97.6732054
1675871719.3692453	96.4034623
1675871719.5152268	96.2268105
1675871719.6398299	97.8097295
1675871719.7625246	97.59813609999999
1675871719.8856583	97.1077045
1675871720.0434191	97.2913036
1675871720.1835325	97.0837871
1675871720.3376741	97.51184810000001
1675871720.4613814	98.5031906
1675871720.6151419	97.04674150000001
1675871720.7407029	95.7805471
1675871720.8737402	96.9628369
1675871721.018223	97.0304703
1675871721.16545	97.65160940000001
1675871721.2915745	98.619687
1675871721.4292877	96.3780724
1675871721.5537777	95.0939982
1675871721.7003415	96.0139702
1675871721.8403363	96.44083289999999
1675871721.9646738	96.3750374
1675871722.120652	96.85563020000001
1675871722.2807157	96.0301795
1675871722.4248781	94.317176
1675871722.5628724	95.183554
1675871722.7025843	95.2318023
1675871722.8404331	96.1146895
1675871722.9746659	96.62135959999999
1675871723.095921	95.54772009999999
1675871723.2189722	96.1801466
1675871723.3771594	96.75303459999999
1675871723.488218	96.8011239
1675871723.6119022	96.2139689
1675871723.7517223	97.5559461
1675871723.9038343	96.88013989999999
1675871724.0670261	96.2841989
1675871724.2082217	97.78020950000001
1675871724.342421	98.28423040000001
1675871724.4799738	97.6952699
1675871724.6336045	96.66084190000001
1675871724.777	96.2468133
1675871724.9164162	96.8391037
1675871725.0370805	97.4614362
1675871725.1472836	97.5228765
1675871725.2713325	98.3067601
1675871725.4092293	96.7421169
1675871725.5639927	94.5559879
1675871725.706536	94.539852
1675871725.8492236	97.0238776
1675871725.9793622	96.0197265
1675871726.100096	96.19937990000001
1675871726.2411935	96.8850378
1675871726.3689177	96.4701685
1675871726.5101156	96.18951030000001
1675871726.6685896	95.9612835
1675871726.811261	96.06142870000001
1675871726.9444394	96.5800332
1675871727.099857	96.7101412
1675871727.2365277	95.900027
1675871727.3566172	95.7462069
1675871727.4964244	97.0570459
1675871727.6374626	96.7675444
1675871727.769238	96.2949887
1675871727.9302018	97.0025023
1675871728.0596182	96.0566843
1675871728.1846123	95.0036194
1675871728.3221166	95.4779582
1675871728.469539	95.6129614
1675871728.5980637	97.0750839
1675871728.7109573	97.8743202
1675871728.835743	97.0879687
1675871728.9782166	94.8136173
1675871729.1315339	95.4514707
1675871729.2821462	97.233138
1675871729.447702	95.7205193
1675871729.5898206	97.0396071
1675871729.7282174	98.2904198
1675871729.866641	96.1805412
1675871729.9773753	96.1437582
1675871730.1032891	97.704258
1675871730.2388444	96.3677072
1675871730.381084	96.0061525
1675871730.5209463	96.2703901
1675871730.645041	95.2406335
1675871730.7679524	95.1513655
1675871730.891375	95.7817723
1675871731.0392907	95.8094246
1675871731.1793716	97.5239547
1675871731.3164039	97.19069599999999
1675871731.4644735	95.132142
1675871731.6120234	95.4510231
1675871731.749711	95.0523683
1675871731.8818448	95.8031921
1675871732.0274801	95.91795409999999
1675871732.15045	97.1044914
1675871732.2920773	96.10851269999999
1675871732.4300961	94.69459950000001
1675871732.5909615	96.7133081
1675871732.7410316	97.0401508
1675871732.9055274	97.0038674
1675871733.0626369	97.15673460000001
1675871733.2147722	94.8817725
1675871733.3749619	96.04687150000001
1675871733.4978218	97.01835709999999
1675871733.6209276	97.600092
1675871733.7596338	97.3630134
1675871733.9025412	96.8386698
1675871734.0428333	95.63618579999999
1675871734.194905	97.0930206
1675871734.3498309	97.821526
1675871734.5078325	97.52369700000001
1675871734.631592	97.2913886
1675871734.7547255	95.95539860000001
1675871734.8780673	95.3338196
1675871735.0011632	96.4327106
1675871735.1573634	97.2026017
1675871735.3099122	99.3681343
1675871735.4418643	99.1254033
1675871735.5804632	97.3302977
1675871735.7227974	95.0606396
1675871735.8813617	96.6935505
1675871736.0372536	96.6994735
1675871736.1593258	96.8824982
1675871736.2987778	98.4145545
1675871736.4382226	96.6187668
1675871736.58716	95.5809723
1675871736.7460864	96.166129
1675871736.8772116	95.8231703
1675871737.0393245	97.59735210000001
1675871737.1776206	97.5417381
1675871737.3370967	95.93909690000001
1675871737.4558508	96.7983391
1675871737.5771966	97.5213625
1675871737.6992028	95.7518503
1675871737.8322182	96.0576499
1675871737.9722762	97.33228580000001
1675871738.1092374	96.0314712
1675871738.2420645	95.4188061
1675871738.3942034	96.4174766
1675871738.5298355	96.9283809
1675871738.6731896	97.47458239999999
1675871738.7959895	97.2646323
1675871738.9182236	97.0610342
1675871739.0424275	96.53550560000001
1675871739.1715639	95.9951248
1675871739.3228252	96.0880915
1675871739.480086	97.7410527
1675871739.5943134	97.6911183
1675871739.716219	97.0245721
1675871739.854769	96.0230732
1675871739.9937785	95.6640586
1675871740.1282206	95.6472916
1675871740.2652938	95.4742545
1675871740.400481	97.2986975
1675871740.538621	97.2024732
1675871740.682369	94.6891786
1675871740.814851	95.0549357
1675871740.9547036	96.813152
1675871741.1149344	96.6517889
1675871741.2368035	97.09957399999999
1675871741.3700345	97.55643880000001
1675871741.5120227	96.8080762
1675871741.6482296	96.6460402
1675871741.7833407	96.55010349999999
1675871741.9282203	95.2494913
1675871742.0522547	95.7915825
1675871742.1998868	97.1692677
1675871742.359267	95.70524549999999
1675871742.513775	95.94477090000001
1675871742.6561787	97.2032789
1675871742.7992435	97.75792410000001
1675871742.9582171	97.39440470000001
1675871743.094693	94.9807351
1675871743.230535	93.6289782
1675871743.374802	95.9614194
1675871743.5312176	96.82821
1675871743.680203	97.4540547
1675871743.8182206	98.0313014
1675871743.94335	95.7360572
1675871744.101503	95.7073884
1675871744.2672327	96.9911873
1675871744.399222	96.7120703
1675871744.5216403	97.238654
1675871744.6671748	97.4649004
1675871744.8162215	95.4187899
1675871744.9616761	95.6947828
1675871745.1143374	96.31481860000001
1675871745.2745287	95.108339
1675871745.406403	96.7266168
1675871745.5396755	95.59339209999999
1675871745.7047665	94.5564217
1675871745.8317046	96.9249692
1675871745.988212	96.7986571
1675871746.149259	96.3411576
1675871746.329859	97.5083069
1675871746.4603968	96.54872959999999
1675871746.6028051	96.33091250000001
1675871746.7267292	96.3090847
1675871746.8514433	96.9207289
1675871747.0083168	97.571539
1675871747.1523333	97.55931
1675871747.310651	97.72947719999999
1675871747.4532726	97.2579554
1675871747.6104593	98.3345248
1675871747.7706518	97.81675800000001
1675871747.9139524	97.9269261
1675871748.073568	97.1793651
1675871748.2101967	96.5546533
1675871748.3715284	97.7808651
1675871748.4946783	97.10374709999999
1675871748.6182277	95.76387960000001
1675871748.7555783	97.1912849
1675871748.893504	97.5386399
1675871749.051968	94.5632903
1675871749.207583	97.2267987
1675871749.3464313	96.7986421
1675871749.5052078	97.1251414
1675871749.6735861	97.898448
1675871749.8005295	96.1315094
1675871749.960747	95.9836301
1675871750.084197	96.3243612
1675871750.2237318	96.7884084
1675871750.4042175	96.3424719
1675871750.5592496	94.6434125
1675871750.697817	94.09573189999999
1675871750.8523772	96.1970931
1675871750.9762988	96.7461677
1675871751.101814	96.9916808
1675871751.2261975	97.837774
1675871751.3514204	97.9636516
1675871751.496736	93.738833
1675871751.6317372	93.3847278
1675871751.7708957	97.1620456
1675871751.9189353	96.9490053
1675871752.0444887	96.89989200000001
1675871752.1893387	98.20065009999999
1675871752.3219526	96.6897205
1675871752.4597988	95.22661459999999
1675871752.60315	96.94773280000001
1675871752.7513926	98.2155467
1675871752.8993962	97.5436732
1675871753.0334282	96.5267587
1675871753.1853764	94.41814869999999
1675871753.3297708	96.64918109999999
1675871753.4861197	96.80624309999999
1675871753.6236115	97.28346429999999
1675871753.763781	97.0990924
1675871753.9200017	95.4412828
1675871754.0625582	94.06184019999999
1675871754.2205634	96.8678288
1675871754.3442886	97.32204730000001
1675871754.467225	97.9856374
1675871754.6064472	98.3059034
1675871754.7657807	96.9479729
1675871754.9217691	94.8550544
1675871755.032008	97.5144293
1675871755.1782172	98.4331114
1675871755.3261597	97.7120946
1675871755.4569304	97.8298635
1675871755.5792336	96.11841340000001
1675871755.7031975	95.32398620000001
1675871755.858221	97.3583078
1675871756.014073	95.94274399999999
1675871756.173145	96.1117682
1675871756.3316865	96.29811169999999
1675871756.4744167	95.4940799
1675871756.6074834	96.3175415
1675871756.7468972	97.2675359
1675871756.8882358	96.9489468
1675871757.014689	97.91174129999999
1675871757.1374857	98.0840487
1675871757.2818637	94.8215188
1675871757.4045677	95.0185067
1675871757.5525935	96.760348
1675871757.6719403	96.4086802
1675871757.8041332	96.0155692
1675871757.9260898	96.6379106
1675871758.0482316	96.95899700000001
1675871758.1720161	94.2472128
1675871758.2962713	94.35127
1675871758.4246228	96.84470809999999
1675871758.574285	96.48251330000001
1675871758.6970925	97.2582923
1675871758.820114	97.3360974
1675871758.957839	94.3801608
1675871759.0722632	95.68418650000001
1675871759.1954818	95.9185605
1675871759.3592272	96.2948347
1675871759.4892302	96.38973709999999
1675871759.6358175	95.34875319999999
1675871759.777732	94.707887
1675871759.9001403	94.05335099999999
1675871760.0382597	94.819248
1675871760.161901	96.02823620000001
1675871760.309736	97.43552919999999
1675871760.430457	97.7523533
1675871760.5538971	96.9542134
1675871760.6782186	96.9109664
1675871760.8212914	97.0100619
1675871760.9446712	96.8236881
1675871761.100303	96.6889138
1675871761.2141395	98.537223
1675871761.3434167	98.2569899
1675871761.5006895	96.3541855
1675871761.6247773	95.9481072
1675871761.7494197	97.11242890000001
1675871761.862268	97.3212299
1675871761.9873776	97.4128581
1675871762.1297097	98.17928839999999
1675871762.2702675	95.979019
1675871762.390142	95.6457524
1675871762.5305521	97.70875889999999
1675871762.6533818	97.4958527
1675871762.8133345	98.5070038
1675871762.929229	99.6868365
1675871763.0560706	98.5764133
1675871763.1999922	95.7828262
1675871763.338472	96.8381606
1675871763.4782243	98.1508816
1675871763.6366103	97.2178045
1675871763.7946804	98.2126296
1675871763.9334543	95.750169
1675871764.0775683	93.7001939
1675871764.2359812	96.5612536
1675871764.394788	97.4477067
1675871764.5404708	97.51306240000001
1675871764.6645243	97.1145571
1675871764.787765	96.1414021
1675871764.9124293	96.414912
1675871765.0676508	97.54696799999999
1675871765.2282238	97.0073529
1675871765.3880198	97.0783414
1675871765.5249887	96.6315743
1675871765.6749024	95.74618290000001
1675871765.8355136	97.4777168
1675871765.9729695	98.15364819999999
1675871766.1335893	98.04762760000001
1675871766.2629328	99.0462346
1675871766.3903441	97.2472683
1675871766.555275	95.1537247
1675871766.6837642	96.5268727
1675871766.850873	97.0795377
1675871767.0066295	96.892297
1675871767.1461399	97.21228719999999
1675871767.3004565	96.3778924
1675871767.4254234	97.0108616
1675871767.5635412	97.8990381
1675871767.7171898	97.4015141
1675871767.8813074	96.8705168
1675871768.0347846	96.3294027
1675871768.173504	95.3322785
1675871768.3111026	96.76299110000001
1675871768.4456987	97.7766559
1675871768.584874	97.51275249999999
1675871768.7369695	96.9692491
1675871768.880367	97.5622683
1675871769.0181208	97.50276389999999
1675871769.154709	97.7482982
1675871769.2815762	98.8338969
1675871769.4218478	98.10802000000001
1675871769.5598953	97.4161533
1675871769.6982212	96.9844935
1675871769.8232288	95.7894225
1675871769.946667	95.868035
1675871770.070855	95.83901390000001
1675871770.1943362	96.2821742
1675871770.3282225	97.17513
1675871770.461128	96.613333
1675871770.5838172	96.1041747
1675871770.7302887	96.17957100000001
1675871770.8646371	97.0527785
1675871770.990051	96.7101055
1675871771.1272366	97.5269428
1675871771.2825885	97.9080099
1675871771.428221	96.0102667
1675871771.572728	94.7161857
1675871771.703743	94.83316810000001
1675871771.8477325	96.9796158
1675871772.0041778	98.27108580000001
1675871772.163955	98.4851479
1675871772.2878144	96.4891345
1675871772.4127016	96.7517794
1675871772.5358026	98.3136147
1675871772.6946304	98.12925129999999
1675871772.851049	97.06526729999999
1675871772.9920793	97.26039779999999
1675871773.1527674	96.10912959999999
1675871773.2803254	97.2391283
1675871773.4395382	97.7230727
1675871773.5672388	97.71847029999999
1675871773.6974387	97.4290034
1675871773.8113806	96.95943009999999
1675871773.9348068	95.2423556
1675871774.0726194	95.1101757
1675871774.2268121	97.2661291
1675871774.390265	96.6221075
1675871774.524651	96.2363834
1675871774.659511	96.72805410000001
1675871774.7837224	96.1467307
1675871774.9278963	95.3178965
1675871775.0560138	96.6326286
1675871775.2135284	97.8877067
1675871775.364745	97.6309226
1675871775.5250404	97.51672529999999
1675871775.6740565	95.2767189
1675871775.8217409	96.3153889
1675871775.9443157	98.5109638
1675871776.0897727	98.5204741
1675871776.2274113	97.0201711
1675871776.391327	96.9018831
1675871776.5444784	96.074015
1675871776.6882274	97.3948611
1675871776.8130062	97.6951157
1675871776.9552882	97.0478742
1675871777.0809023	97.1775446
1675871777.217249	97.4130324
1675871777.3748367	94.7889379
1675871777.5352414	95.75135630000001
1675871777.6569245	95.91960689999999
1675871777.7800145	96.8945288
1675871777.9219203	98.4512138
1675871778.0607219	95.9726167
1675871778.1982198	94.58225350000001
1675871778.332168	96.780354
1675871778.4769716	97.294326
1675871778.6002624	98.01071409999999
1675871778.742805	97.9629632
1675871778.8876011	96.1559874
1675871779.034364	95.3727701
1675871779.1887922	97.1000115
1675871779.3263185	96.0716548
1675871779.4543376	95.1639312
1675871779.607641	96.9877418
1675871779.7528455	97.22269179999999
1675871779.876068	96.26312569999999
1675871779.9998686	96.93253729999999
1675871780.123242	96.4427329
1675871780.279582	95.278069
1675871780.4165797	95.9813801
1675871780.5474186	97.3859701
1675871780.689468	96.7330107
1675871780.8216195	96.3625278
1675871781.0027828	97.0246151
1675871781.1415243	96.39188899999999
1675871781.3008971	98.11184130000001
1675871781.4428	97.0297974
1675871781.5870056	97.75670020000001
1675871781.710984	98.8757607
1675871781.8482223	97.3359219
1675871781.9920728	97.7636753
1675871782.1555488	98.4112803
1675871782.3135793	97.4721342
1675871782.454141	97.4861401
1675871782.5982242	97.0037314
1675871782.7233293	97.356037
1675871782.8466702	97.07577470000001
1675871782.9798834	95.7104543
1675871783.1243532	96.4415096
1675871783.2733154	97.2221031
1675871783.4139595	95.9393421
1675871783.558221	96.04171609999999
1675871783.682039	97.3440492
1675871783.8061068	97.37753959999999
1675871783.928226	95.3540029
1675871784.0864835	94.0086302
1675871784.2100458	97.1193855
1675871784.34364	97.2490108
1675871784.4832566	96.8625107
1675871784.622522	97.7645486
1675871784.7647781	95.4282559
1675871784.8973713	94.69461340000001
1675871785.061537	97.3321313
1675871785.1824956	97.2217303
1675871785.331119	96.5056048
1675871785.4682262	97.2432261
1675871785.6155934	96.94532170000001
1675871785.757912	96.3888457
1675871785.900053	97.7717194
1675871786.0245333	98.29440170000001
1675871786.1578598	97.9610567
1675871786.3014967	97.3403909
1675871786.437071	97.90652349999999
1675871786.5812325	96.1191887
1675871786.7228608	96.8044735
1675871786.881098	98.97891109999999
1675871787.017776	98.7232103
1675871787.1629987	97.6856822
1675871787.2870793	95.6930183
1675871787.4111228	95.30830429999999
1675871787.544027	97.5361276
1675871787.686954	96.7329524
1675871787.8111203	95.5474092
1675871787.9531937	97.0358799
1675871788.1122234	95.8891203
1675871788.265516	95.7264703
1675871788.4272068	96.9371362
1675871788.5662522	95.5157313
1675871788.7259328	96.1309196
1675871788.8612797	96.1045759
1675871789.016588	95.1602583
1675871789.1401894	96.55101470000001
1675871789.2645082	96.80113610000001
1675871789.387912	97.1609251
1675871789.5337427	97.2875639
1675871789.667595	96.92174250000001
1675871789.8287196	96.2282596
1675871789.96172	96.49971599999999
1675871790.1048489	96.3315161
1675871790.2418969	96.1003092
1675871790.3796308	96.3079506
1675871790.52454	97.31296420000001
1675871790.6563933	95.0092932
1675871790.8133152	94.7538116
1675871790.9536521	97.4494085
1675871791.0860622	97.49045000000001
1675871791.2116742	97.1138574
1675871791.3505821	96.51140819999999
1675871791.4953122	94.4500196
1675871791.6282218	96.15840270000001
1675871791.7735982	96.6895903
1675871791.914039	95.2547636
1675871792.0560892	97.0393415
1675871792.2136521	98.417873
1675871792.3415186	96.1324037
1675871792.500448	96.4797017
1675871792.6537836	96.8295418
1675871792.769423	95.16774930000001
1675871792.8935654	95.21220480000001
1675871793.03135	96.1041919
1675871793.1737797	95.1593397
1675871793.3075137	95.5351393
1675871793.4453065	96.51855450000001
1675871793.6020696	96.9954545
1675871793.7483327	97.28242060000001
1675871793.9059265	96.6225688
1675871794.0184004	94.7384353
1675871794.1420903	95.7566193
1675871794.287376	96.7396195
1675871794.4348187	96.0497503
1675871794.5810955	96.58058510000001
1675871794.746671	95.5521545
1675871794.8882465	94.1816004
1675871795.0320609	96.2630145
1675871795.1863837	94.1075301
1675871795.3260767	95.4622347
1675871795.4840589	98.2036599
1675871795.627414	96.5376572
1675871795.783117	95.6990591
1675871795.9420686	96.4618941
1675871796.0743623	97.1768609
1675871796.2080646	97.86055400000001
1675871796.3713822	97.6448147
1675871796.5238442	95.97018270000001
1675871796.667466	96.50074140000001
1675871796.7916644	97.5316992
1675871796.9160757	97.30164719999999
1675871797.057762	96.7938573
1675871797.2136536	96.0420821
1675871797.3382213	94.53447519999999
1675871797.4717796	95.4344485
1675871797.6317382	96.02140200000001
1675871797.7618575	95.1981191
1675871797.912679	96.0459752
1675871798.0614922	95.5836991
1675871798.1910176	94.7850677
1675871798.3373594	96.1627272
1675871798.4766064	95.5499802
1675871798.607347	94.7695394
1675871798.7498739	95.42414409999999
1675871798.896117	95.98269619999999
1675871799.0251708	95.9584158
1675871799.172342	97.5887803
1675871799.311357	97.5964938
1675871799.4422204	97.7544112
1675871799.5849133	98.978134
1675871799.7082202	97.8035218
1675871799.8506293	95.08831149999999
1675871800.0123699	96.75561300000001
1675871800.1648962	97.25479800000001
1675871800.3215375	98.23701919999999
1675871800.466129	97.8591464
1675871800.5991607	96.1454176
1675871800.7596388	95.84365170000001
1675871800.8928592	96.7785094
1675871801.0180867	96.8170726
1675871801.1565259	97.36939129999999
1675871801.310903	96.9928119
1675871801.4541821	94.42326750000001
1675871801.5982232	94.9380709
1675871801.7321017	96.2327143
1675871801.8568718	94.36745909999999
1675871801.9942665	95.2903969
1675871802.147132	95.9798885
1675871802.2965732	95.25169980000001
1675871802.420892	94.63730670000001
1675871802.5611808	95.5161658
1675871802.7008915	96.317421
1675871802.8461826	96.9660136
1675871802.9960256	97.229976
1675871803.142525	94.7967272
1675871803.2842226	94.92868159999999
1675871803.4266043	97.0902218
1675871803.5506427	96.8273682
1675871803.704154	96.4336782
1675871803.8568013	96.8353439
1675871803.9802995	96.6305862
1675871804.118222	96.8644391
1675871804.242826	97.08510319999999
1675871804.4002752	96.5688253
1675871804.5487025	96.40177630000001
1675871804.6999216	96.3569802
1675871804.861606	94.9641041
1675871804.9992352	95.48777899999999
1675871805.1407933	95.9935464
1675871805.2889986	95.7274768
1675871805.4377797	97.0366397
1675871805.5744896	97.0835094
1675871805.7038753	97.6280454
1675871805.8502574	98.32035
1675871806.0082111	96.9609467
1675871806.1229188	97.43313400000001
1675871806.24667	97.4908659
1675871806.3915923	96.9936426
1675871806.527822	95.17797
1675871806.669333	96.01595540000001
1675871806.828796	96.48096120000001
1675871806.9882221	95.95212509999999
1675871807.113622	97.5292666
1675871807.2469084	98.0727639
1675871807.3832955	97.12856509999999
1675871807.5056598	98.32655360000001
1675871807.6306546	97.5267233
1675871807.753998	97.07079949999999
1675871807.9157658	97.5293604
1675871808.0282679	96.1345496
1675871808.1531873	96.2644708
1675871808.2937448	96.51018660000001
1675871808.4282255	95.53280240000001
1675871808.5880125	95.7469447
1675871808.7230375	95.2426988
1675871808.8572547	95.8469905
1675871809.0054872	94.80945729999999
1675871809.1526847	96.2971914
1675871809.283828	97.2087688
1675871809.430876	95.731122
1675871809.5550613	96.2596068
1675871809.6946552	96.74463010000001
1675871809.836086	94.8441576
1675871809.9589067	95.5345479
1675871810.0828586	96.7648224
1675871810.2060695	96.0563182
1675871810.3540893	97.8578945
1675871810.489231	98.1649932
1675871810.652484	95.3123608
1675871810.7772536	97.15113609999999
1675871810.9106884	98.154204
1675871811.052664	96.76016010000001
1675871811.1935282	96.7107774
1675871811.3269453	97.724087
1675871811.4843717	97.21740650000001
1675871811.646278	96.69769000000001
1675871811.7912889	95.9826209
1675871811.915236	96.103043
1675871812.03822	96.1119957
1675871812.1716597	96.1222895
1675871812.3156903	95.1383148
1675871812.465007	95.2076482
1675871812.5913067	96.9086525
1675871812.7304275	97.06422309999999
1675871812.8753138	97.32062950000001
1675871813.0034354	97.43201629999999
1675871813.162504	96.172495
1675871813.3038366	95.3308448
1675871813.4365141	96.5808613
1675871813.559498	96.9194344
1675871813.70285	96.958788
1675871813.840461	97.8810106
1675871813.9821417	96.9696877
1675871814.1051478	96.4127477
1675871814.2617195	97.9639989
1675871814.3760545	97.40138780000001
1675871814.4982648	97.6584257
1675871814.6243963	98.0734419
1675871814.7801127	97.2538867
1675871814.9131403	96.4618459
1675871815.034476	97.8445768
1675871815.1576147	97.3683117
1675871815.2802892	97.0577673
1675871815.4035282	98.2676888
1675871815.5279064	96.9722723
1675871815.6703105	94.9780492
1675871815.793319	96.8348696
1675871815.9165897	97.9417925
1675871816.0397937	96.3003479
1675871816.1801515	96.4693256
1675871816.3102212	96.654045
1675871816.4743896	94.8221644
1675871816.6903033	97.370258
