Time (s)\Voltage (mV)
1675870743.7353017	96.8767594
1675870743.8582184	97.1155538
1675870744.0064912	98.78338289999999
1675870744.1536667	97.0105056
1675870744.289924	96.5253592
1675870744.4164991	98.7483759
1675870744.5530329	98.1233519
1675870744.6926842	97.8783615
1675870744.8130171	98.1413763
1675870744.9334168	97.110123
1675870745.0563726	95.2707862
1675870745.1902823	95.963984
1675870745.329058	96.9851505
1675870745.466066	97.37430719999999
1675870745.602539	97.9533261
1675870745.7416954	97.065911
1675870745.8949637	92.8433444
1675870746.016938	94.01886800000001
1675870746.1822412	96.6887757
1675870746.3032384	96.2185936
1675870746.4265041	96.210348
1675870746.5833862	96.219334
1675870746.7215786	93.6748644
1675870746.8601038	94.78578159999999
1675870746.9968977	96.1916255
1675870747.1477	96.69713639999999
1675870747.2738433	97.31286109999999
1675870747.4102247	96.474195
1675870747.5538015	94.8417502
1675870747.6869183	94.8483338
1675870747.8453696	96.436876
1675870747.9639294	96.39234280000001
1675870748.0978732	97.8506634
1675870748.2229323	97.8145825
1675870748.3446336	95.0441903
1675870748.4664874	94.74943689999999
1675870748.5882165	96.9682486
1675870748.7350986	97.5919618
1675870748.8939483	98.0086194
1675870749.0124788	98.88535830000001
1675870749.158224	97.5306978
1675870749.2983894	96.9209347
1675870749.4238422	97.31936280000001
1675870749.5840404	97.81455749999999
1675870749.6982121	97.4850304
1675870749.818212	98.3448759
1675870749.9417715	96.81864569999999
1675870750.089632	95.2842629
1675870750.245508	98.0392228
1675870750.3705578	98.0016877
1675870750.4939036	98.72340609999999
1675870750.6272104	99.4616598
1675870750.783679	97.32919600000001
1675870750.9070764	96.5311649
1675870751.0316575	97.74127320000001
1675870751.1560016	98.52114069999999
1675870751.3129401	96.87328169999999
1675870751.4767175	97.1035826
1675870751.6304018	95.08077519999999
1675870751.7549558	93.2682667
1675870751.9117992	95.4716291
1675870752.0693183	96.1360223
1675870752.187877	95.7560996
1675870752.309391	96.9705383
1675870752.4318557	95.9116391
1675870752.5575542	94.9027805
1675870752.6697598	94.2733793
1675870752.7944767	96.2942257
1675870752.9341655	96.6464191
1675870753.0819526	97.0436787
1675870753.2283187	97.1829671
1675870753.387721	96.0178877
1675870753.5282216	96.1685535
1675870753.6752782	98.05612079999999
1675870753.7972457	97.96089970000001
1675870753.9205031	98.06376510000001
1675870754.0866985	98.17349089999999
1675870754.2105868	97.0022132
1675870754.3537467	97.1795246
1675870754.4913013	98.3648849
1675870754.6303463	97.8736317
1675870754.7636847	96.5734505
1675870754.8972836	97.8674486
1675870755.0372636	97.6245404
1675870755.1806753	96.1386609
1675870755.3139663	96.9803988
1675870755.4536145	97.15410419999999
1675870755.590307	96.46289850000001
1675870755.7251465	97.3738311
1675870755.886614	95.0356719
1675870756.0429893	95.8641227
1675870756.1864047	96.5890058
1675870756.3110957	94.6836013
1675870756.4343314	95.5601211
1675870756.5847106	96.75089489999999
1675870756.7422936	94.6737403
1675870756.8982232	95.92652629999999
1675870757.054037	95.4833469
1675870757.2335312	96.7791234
1675870757.3882177	96.1314
1675870757.5267496	95.0453688
1675870757.6832817	96.2082643
1675870757.808219	96.9278479
1675870757.9526753	95.76561140000001
1675870758.077067	95.6929916
1675870758.2221692	96.1741391
1675870758.3561707	95.7704025
1675870758.5142064	95.8771533
1675870758.6571054	98.6054542
1675870758.7958312	98.4568804
1675870758.9441874	98.55426069999999
1675870759.071699	98.2366735
1675870759.2157543	95.8277738
1675870759.3536363	96.95385019999999
1675870759.5152333	97.8021036
1675870759.6654496	97.4977367
1675870759.7982209	98.44252589999999
1675870759.940944	96.37091170000001
1675870760.0999465	94.6657876
1675870760.2782164	96.9337017
1675870760.4390285	96.8910196
1675870760.588218	96.7438238
1675870760.7535882	96.38593639999999
1675870760.9075181	95.5564128
1675870761.0529764	96.88449920000001
1675870761.2017732	96.2392694
1675870761.3271732	96.1008782
1675870761.4917276	98.0537133
1675870761.616199	97.2644202
1675870761.7661445	95.053571
1675870761.9016368	96.1770138
1675870762.0612404	97.611682
1675870762.1992311	98.1037855
1675870762.3429685	98.3581958
1675870762.4656708	96.0126017
1675870762.5866125	94.90005629999999
1675870762.746496	97.348485
1675870762.903161	97.36011649999999
1675870763.06333	97.3643703
1675870763.2012622	98.4530881
1675870763.3609853	96.431439
1675870763.4892318	95.9043909
1675870763.636566	97.4009487
1675870763.7695177	97.229233
1675870763.9238532	97.8243738
1675870764.047178	97.1572328
1675870764.179231	95.2300775
1675870764.3382187	95.3293051
1675870764.4749818	96.44131979999999
1675870764.6554017	96.9045979
1675870764.7940023	97.4837494
1675870764.9456947	97.46569
1675870765.0898607	95.0179225
1675870765.2148812	94.7237927
1675870765.3703592	97.4478529
1675870765.5145292	97.0022307
1675870765.6622224	97.0401528
1675870765.7976406	96.748103
1675870765.9547992	96.6090336
1675870766.0882206	97.8183616
1675870766.2275245	96.9570235
1675870766.3824854	97.7530378
1675870766.5082192	98.0747992
1675870766.6460502	96.9501937
1675870766.7882204	95.2185853
1675870766.932112	96.9871073
1675870767.0717092	97.748385
1675870767.2116816	97.285679
1675870767.3514163	97.194626
1675870767.4971757	97.2818805
1675870767.621358	95.7936779
1675870767.7794573	96.1032614
1675870767.9236407	97.0800547
1675870768.0715692	97.5533386
1675870768.2141316	95.8955217
1675870768.3569915	94.30474179999999
1675870768.5050936	96.4729836
1675870768.6513147	97.8477199
1675870768.8175545	95.7234515
1675870768.9771712	96.4320168
1675870769.1308722	96.8402155
1675870769.2726789	95.6153839
1675870769.4165814	96.1328757
1675870769.5364213	97.0696836
1675870769.6605325	97.2789698
1675870769.7719638	96.4440337
1675870769.896889	96.7819535
1675870770.0336401	96.46985939999999
1675870770.1556718	97.3279835
1675870770.2761428	97.8979405
1675870770.3972082	97.7466175
1675870770.5352128	96.8256722
1675870770.6739538	97.2928089
1675870770.7968657	96.3741328
1675870770.9182212	96.1157336
1675870771.0386198	97.5299788
1675870771.1751528	96.4154985
1675870771.3172255	97.20142449999999
1675870771.4564533	98.2902346
1675870771.578222	97.0890608
1675870771.688214	95.3128573
1675870771.8419228	95.610699
1675870771.9821002	96.4136087
1675870772.100081	97.0687659
1675870772.258218	97.2243057
1675870772.4170685	95.8198855
1675870772.527246	94.0778732
1675870772.6735148	95.9832471
1675870772.7976174	97.2386478
1675870772.9548373	95.7016041
1675870773.0980444	96.2757833
1675870773.2367718	96.8780987
1675870773.3568597	94.3815889
1675870773.50548	95.2441545
1675870773.6282265	97.690117
1675870773.7492638	96.6345484
1675870773.889234	96.87206900000001
1675870774.0164852	97.5787533
1675870774.1549356	96.585004
1675870774.2933795	96.5106627
1675870774.437252	97.93483579999999
1675870774.5817783	96.9032898
1675870774.7052214	96.6484193
1675870774.824193	98.1818755
1675870774.964558	97.3687868
1675870775.0840666	95.726088
1675870775.2331135	97.3307262
1675870775.3567357	98.1519322
1675870775.4782226	96.7122782
1675870775.6033	97.1614431
1675870775.7513554	96.9098365
1675870775.8719554	95.11239189999999
1675870775.984837	95.3139997
1675870776.1074126	97.0228975
1675870776.2505696	97.8382018
1675870776.3738933	97.8008823
1675870776.4972136	97.7881468
1675870776.6365287	97.7822842
1675870776.7979176	96.903706
1675870776.9430926	98.58247920000001
1675870777.0864558	98.4888635
1675870777.2082226	97.9701773
1675870777.3313487	96.5375831
1675870777.454495	95.9512865
1675870777.6007187	95.2785542
1675870777.7135804	96.6349742
1675870777.838221	98.0894766
1675870777.9637165	97.834339
1675870778.1075106	96.7765275
1675870778.2306516	97.65171860000001
1675870778.353672	96.664947
1675870778.487027	96.4952907
1675870778.6497738	97.8019746
1675870778.7805336	98.108095
1675870778.9271948	98.0224115
1675870779.050707	96.2230419
1675870779.1982274	96.1571958
1675870779.3189855	97.44704449999999
1675870779.431235	97.4113036
1675870779.5758934	96.0670017
1675870779.700149	97.1883576
1675870779.8228462	98.6804357
1675870779.9458573	98.5391285
1675870780.0691874	95.57994609999999
1675870780.2026303	95.4694418
1675870780.3637013	96.7726825
1675870780.484305	96.6565811
1675870780.6435719	96.4880031
1675870780.8007073	96.0834925
1675870780.9592369	94.00682289999999
1675870781.1076949	96.022779
1675870781.240385	95.16853329999999
1675870781.4014366	95.6813631
1675870781.5393355	96.09173320000001
1675870781.6712759	96.5013092
1675870781.8286219	96.2195835
1675870781.9727528	96.8032336
1675870782.0956826	95.5171618
1675870782.218213	97.17985
1675870782.3542678	98.8176606
1675870782.4945266	96.839575
1675870782.6173189	96.2327803
1675870782.7492216	97.11675579999999
1675870782.90683	97.3680213
1675870783.047225	97.1233442
1675870783.2001915	97.5514888
1675870783.325068	95.9153802
1675870783.4848752	96.107152
1675870783.6382148	96.7008553
1675870783.778007	95.1311777
1675870783.9330032	96.2413319
1675870784.070877	97.46239680000001
1675870784.2253337	95.5937366
1675870784.3455055	95.8995533
1675870784.4903345	96.5920878
1675870784.6268277	95.9349966
1675870784.7599733	96.5803372
1675870784.92228	97.2494954
1675870785.0757744	97.2908381
1675870785.2189333	97.0958462
1675870785.3774114	96.6923321
1675870785.5161934	96.1366654
1675870785.660811	97.4046835
1675870785.810373	96.14511420000001
1675870785.970293	97.1260532
1675870786.101724	98.7037745
1675870786.2249403	97.1802286
1675870786.379771	97.00035899999999
1675870786.5160704	98.0146337
1675870786.639463	96.2095766
1675870786.7818573	94.7806801
1675870786.9061892	97.833911
1675870787.0302489	97.49556530000001
1675870787.1693265	96.8493325
1675870787.2919695	97.18471720000001
1675870787.417187	97.1086782
1675870787.54043	95.471948
1675870787.6961355	96.30414449999999
1675870787.8566222	96.8729849
1675870788.0105858	97.84783599999999
1675870788.1362095	98.1966175
1675870788.2726884	97.21435559999999
1675870788.4009304	93.15739500000001
1675870788.55413	94.6054003
1675870788.6992311	96.4783468
1675870788.8492992	96.5567356
1675870788.9772403	98.0152287
1675870789.1149657	96.5252533
1675870789.2643135	96.975364
1675870789.3904436	97.6972419
1675870789.5151193	98.67330820000001
1675870789.6378932	97.9279157
1675870789.7621057	98.3431097
1675870789.9092295	97.68106540000001
1675870790.0503185	95.3765306
1675870790.1880436	96.0751882
1675870790.3377018	97.1619888
1675870790.4636931	97.454708
1675870790.6025786	96.4220053
1675870790.7504425	96.174487
1675870790.9070175	95.52462940000001
1675870791.0596128	96.886544
1675870791.1922185	96.68347250000001
1675870791.3288279	95.666003
1675870791.4881413	97.0635609
1675870791.626781	96.6764641
1675870791.7849984	95.235091
1675870791.9335895	96.6620839
1675870792.0740457	95.91014
1675870792.226778	97.3386145
1675870792.3896763	97.73675680000001
1675870792.517301	96.41732479999999
1675870792.6616194	96.6339621
1675870792.794586	97.99657359999999
1675870792.9495227	97.6223937
1675870793.1115258	98.6529446
1675870793.2425547	97.60702309999999
1675870793.3841686	94.4079402
1675870793.5171278	94.9642495
1675870793.6832943	98.10794990000001
1675870793.8282137	98.23482109999999
1675870793.9616659	98.3358532
1675870794.0938256	98.0444342
1675870794.2371914	96.4763018
1675870794.3944216	96.2036112
1675870794.5405686	95.37716470000001
1675870794.6796136	95.74180609999999
1675870794.8243353	96.9914893
1675870794.962039	96.0352085
1675870795.1105442	96.2076788
1675870795.2604384	96.979951
1675870795.3969038	96.0727196
1675870795.5499213	96.13301539999999
1675870795.7020795	97.0240365
1675870795.861375	95.2917702
1675870795.9933562	95.1563651
1675870796.1260638	97.07649710000001
1675870796.2682202	97.3799189
1675870796.417087	97.1567134
1675870796.5460224	98.6767129
1675870796.6933184	97.4585276
1675870796.8318758	95.99266750000001
1675870796.9655848	97.16964370000001
1675870797.1315799	96.7012649
1675870797.2924736	98.0797173
1675870797.4382238	96.8079697
1675870797.571988	94.0811607
1675870797.7311924	96.0020368
1675870797.8947077	96.7932203
1675870798.0265462	96.444031
1675870798.1692822	96.5034383
1675870798.3159378	95.8905716
1675870798.4747488	95.6697983
1675870798.631666	97.4871977
1675870798.776351	97.2428696
1675870798.9147818	96.27453179999999
1675870799.0671277	95.95414419999999
1675870799.2032306	95.6099899
1675870799.3407063	95.9734533
1675870799.5044184	96.8052353
1675870799.6416008	96.4679307
1675870799.7995915	97.7493244
1675870799.9582229	97.8342492
1675870800.1031973	96.43316300000001
1675870800.235945	96.6436865
1675870800.3917081	98.0562482
1675870800.5525687	96.7803464
1675870800.681951	96.5430512
1675870800.828221	96.8042487
1675870800.953844	97.09207409999999
1675870801.1098547	97.6585705
1675870801.272247	95.9782578
1675870801.4248886	96.5003937
1675870801.5702264	96.2101779
1675870801.7024329	94.9189043
1675870801.8429492	95.62874550000001
1675870801.980433	96.5626002
1675870802.1180682	97.3314108
1675870802.250668	97.9307133
1675870802.3918655	96.347614
1675870802.5352316	94.35706990000001
1675870802.6761272	95.7130172
1675870802.8359232	97.5796328
1675870802.9667752	96.4557654
1675870803.1305134	96.9278798
1675870803.2849627	94.9343747
1675870803.422278	94.387018
1675870803.559975	97.22944940000001
1675870803.700139	97.43120900000001
1675870803.825686	97.314572
1675870803.9800627	98.1333877
1675870804.1128185	97.1259907
1675870804.273791	94.84690669999999
1675870804.4015749	96.409118
1675870804.5296762	97.50942579999999
1675870804.6705463	97.03790869999999
1675870804.8260155	96.639757
1675870804.9856284	96.2206292
1675870805.1094317	95.4395394
1675870805.2327075	95.94789080000001
1675870805.3570278	95.8814376
1675870805.51143	96.5622391
1675870805.6570814	97.7308436
1675870805.8022485	95.514528
1675870805.946055	95.5361857
1675870806.0853508	97.5439238
1675870806.2313995	97.6713977
1675870806.3905334	97.65671689999999
1675870806.5176468	98.2408011
1675870806.6544	96.6198689
1675870806.8137665	96.0248484
1675870806.9414334	97.35602929999999
1675870807.0643733	97.8212771
1675870807.187715	97.19912790000001
1675870807.3206873	97.3928426
1675870807.4641173	97.6624528
1675870807.5851917	96.358666
1675870807.7215154	96.58335899999999
1675870807.8651447	97.747829
1675870807.9882205	97.0297128
1675870808.112746	97.4670114
1675870808.2600534	96.1563225
1675870808.3855524	95.0848237
1675870808.53076	96.9745866
1675870808.6542013	97.2373997
1675870808.7787187	97.08130399999999
1675870808.901213	96.1733598
1675870809.0421486	95.6823935
1675870809.1831932	95.8839359
1675870809.321362	97.1210704
1675870809.4794517	95.9680691
1675870809.627544	95.3028996
1675870809.7571886	96.6193179
1675870809.8808143	97.68697630000001
1675870810.0058677	97.80128289999999
1675870810.1274786	96.30476279999999
1675870810.2514217	96.91135080000001
1675870810.3963149	96.02263699999999
1675870810.5341825	96.47829709999999
1675870810.6947255	96.1294795
1675870810.8258665	95.6986977
1675870810.9510226	95.9315024
1675870811.1125035	97.2872349
1675870811.2633083	97.0860111
1675870811.385397	97.4146418
1675870811.5307121	97.7613836
1675870811.6515565	95.6968838
1675870811.783857	94.8992345
1675870811.9279947	96.3431559
1675870812.0668674	96.10909
1675870812.1992266	96.2182693
1675870812.344331	96.2958312
1675870812.4672	95.6627639
1675870812.6082118	96.48893460000001
1675870812.7219052	97.6783378
1675870812.84648	96.46552340000001
1675870812.9892497	97.0756353
1675870813.1123722	98.301179
1675870813.2531426	97.9211167
1675870813.411955	95.114543
1675870813.5521402	96.4524426
1675870813.6896617	96.5435675
1675870813.8133233	96.43355389999999
1675870813.9370785	97.529834
1675870814.0601642	98.00852640000001
1675870814.2024796	92.7270369
1675870814.3374796	92.72607330000001
1675870814.4949217	97.0932499
1675870814.650368	97.12270050000001
1675870814.7720122	97.99642999999999
1675870814.8951466	96.3427582
1675870815.0382264	95.82535370000001
1675870815.178215	97.554968
1675870815.323544	97.3032907
1675870815.4721992	97.3918493
1675870815.5977237	97.98611
1675870815.759332	98.62362040000001
1675870815.8875098	96.5082649
1675870816.0241485	96.55278870000001
1675870816.1617682	97.0815863
1675870816.2982128	96.90513080000001
1675870816.4323666	97.17783850000001
1675870816.5699246	97.8789703
1675870816.7124166	96.1627791
1675870816.848192	96.2216351
1675870817.0033383	96.82478379999999
1675870817.125716	97.0482482
1675870817.2582245	96.13573290000001
1675870817.3802354	95.58086929999999
1675870817.527072	95.3883445
1675870817.671019	95.1489567
1675870817.8331275	95.360848
1675870817.9682188	95.9384267
1675870818.09719	97.4767108
1675870818.2570744	97.1309988
1675870818.385285	95.360533
1675870818.5452597	96.1791954
1675870818.6892333	96.0495846
1675870818.8268147	95.3946239
1675870818.9712145	97.0646842
1675870819.10923	96.6831214
1675870819.2592266	95.6276352
1675870819.3846529	96.5614799
1675870819.5250902	98.38026380000001
1675870819.6482208	96.74742379999999
1675870819.8065915	97.2984826
1675870819.9509392	96.0617632
1675870820.074047	95.440266
1675870820.2319932	97.3815815
1675870820.3692448	98.0139102
1675870820.526045	98.0003292
1675870820.6682253	98.3019455
1675870820.8123548	97.1115458
1675870820.974809	96.5147757
1675870821.1182272	98.4877677
1675870821.2433455	96.90308089999999
1675870821.3792384	96.9133086
1675870821.5235827	96.4485976
1675870821.6693769	94.0947131
1675870821.8023782	93.4709869
1675870821.9300132	94.98573139999999
1675870822.0539732	94.8429464
1675870822.1956296	95.1246305
1675870822.349842	94.8935152
1675870822.4911299	94.5947028
1675870822.6327112	94.8753011
1675870822.7749717	96.87748590000001
1675870822.899234	96.91127200000001
1675870823.022764	95.9588497
1675870823.1565285	97.0983632
1675870823.315806	96.5231276
1675870823.4744484	95.3233993
1675870823.6077557	97.45141290000001
1675870823.7327971	97.1586408
1675870823.8650243	96.6912189
1675870824.0240731	98.066427
1675870824.190858	95.8732868
1675870824.314123	96.0595065
1675870824.4458354	96.2581476
1675870824.585814	96.9467938
1675870824.7123797	98.3707155
1675870824.8551996	97.32828540000001
1675870824.9695003	95.5766121
1675870825.0944312	95.8438019
1675870825.2324433	96.2944316
1675870825.380085	95.684485
1675870825.5233815	96.3289543
1675870825.6634798	98.0012444
1675870825.7961774	96.6141152
1675870825.9352114	94.790718
1675870826.0728178	96.7242426
1675870826.215635	96.9825134
1675870826.3492265	95.7195594
1675870826.5094528	96.5780965
1675870826.6392872	96.65060679999999
1675870826.823104	95.5275986
1675870826.982997	95.4865213
1675870827.1047678	96.6163201
1675870827.227638	97.29542350000001
1675870827.3523479	96.80144609999999
1675870827.4923959	97.66081919999999
1675870827.614909	96.90291210000001
1675870827.7525976	97.0395275
1675870827.9047325	96.8047766
1675870828.068224	96.31850159999999
1675870828.2231412	96.74834960000001
1675870828.3761728	93.76677160000001
1675870828.5299697	96.1889321
1675870828.671524	96.37016700000001
1675870828.8272693	95.978031
1675870828.9716687	96.4591461
1675870829.0947638	95.08944360000001
1675870829.2513044	93.8074821
1675870829.3894963	96.4777656
1675870829.5121498	97.604934
1675870829.6572516	96.7277664
1675870829.7803564	98.8600788
1675870829.9052637	98.23656220000001
1675870830.068217	94.6293088
1675870830.198503	97.243101
1675870830.3238614	97.4911029
1675870830.4847646	96.5595231
1675870830.6473906	96.8203567
1675870830.7863514	96.6094866
1675870830.9169729	96.54155779999999
1675870831.0770752	97.07092320000001
1675870831.2143812	95.6581854
1675870831.3749897	95.5805151
1675870831.516631	96.8533554
1675870831.6712153	94.7729985
1675870831.8153536	95.6126017
1675870831.972709	95.7992165
1675870832.1121767	96.2984204
1675870832.267858	96.66614530000001
1675870832.4133365	96.3204175
1675870832.55812	95.07314980000001
1675870832.7222526	96.0790851
1675870832.8464787	96.7858479
1675870833.0042298	95.8027211
1675870833.143205	97.58344670000001
1675870833.3030372	96.7151446
1675870833.4398298	96.0277993
1675870833.578224	97.2504927
1675870833.7271066	97.3788563
1675870833.8648617	97.247335
1675870834.002435	98.87308999999999
1675870834.1507785	96.37774590000001
1675870834.2771297	95.6567388
1675870834.413234	95.5701794
1675870834.567299	97.04907779999999
1675870834.7304714	97.287914
1675870834.8613243	98.01390690000001
1675870835.0207956	95.0775968
1675870835.1682181	95.1903023
1675870835.2944462	96.9471625
1675870835.4305966	97.4202799
1675870835.566127	97.287676
1675870835.7266386	95.9205769
1675870835.8902624	95.7147436
1675870836.049346	96.9605191
1675870836.1877668	96.37913280000001
1675870836.325891	96.3153645
1675870836.4856856	97.561802
1675870836.616484	97.1814332
1675870836.7400014	96.0217921
1675870836.8949666	95.97054750000001
1675870837.0202794	96.7879332
1675870837.1551132	97.1358744
1675870837.2995443	97.5593212
1675870837.4422753	96.7929152
1675870837.586626	94.7681778
1675870837.744353	95.6346996
1675870837.8972788	97.1651131
1675870838.058221	97.3014202
1675870838.1922178	97.6315038
1675870838.33772	95.0911196
1675870838.4863982	96.1417392
1675870838.6128125	96.9441805
1675870838.773768	96.1031106
1675870838.90209	96.99001220000001
1675870839.0582185	96.8441082
1675870839.1956148	95.0517541
1675870839.3301105	95.6012585
1675870839.4547424	97.0352268
1675870839.5960152	96.91243720000001
1675870839.7362335	96.5289329
1675870839.8742826	96.8749074
1675870840.0311728	94.692298
1675870840.1842213	94.74249640000001
1675870840.3069785	97.0600365
1675870840.4318285	97.4950271
1675870840.5808802	96.8289542
1675870840.7071729	96.7163553
1675870840.8673368	95.0330986
1675870841.0229273	94.7208161
1675870841.1468813	96.996955
1675870841.2710457	98.2519848
1675870841.4177272	97.50535459999999
1675870841.5775135	95.6414233
1675870841.7121406	94.7253757
1675870841.8645546	96.60712389999999
1675870841.9871705	97.2923365
1675870842.126069	96.42300130000001
1675870842.2822847	96.9536486
1675870842.4029288	96.8724172
1675870842.5257466	94.52435
1675870842.6514952	95.1029333
1675870842.774717	97.3358772
1675870842.8982513	97.7171025
1675870843.0566397	97.3602294
1675870843.204345	98.3318343
1675870843.339218	96.8938932
1675870843.4862857	95.9793625
1675870843.635212	96.5724289
1675870843.7640607	96.74934420000001
1675870843.9224527	97.92272589999999
1675870844.0742962	98.1404043
1675870844.2194922	96.17645549999999
1675870844.3611283	95.9994319
1675870844.492516	97.7587704
1675870844.652844	95.4681
1675870844.8024986	96.3266142
1675870844.9282212	96.73137399999999
1675870845.0663414	96.6014553
1675870845.2053468	97.1845332
1675870845.3442967	98.25843400000001
1675870845.5032651	97.43260430000001
1675870845.6337888	97.0828061
1675870845.7572558	97.1629549
1675870845.8941426	96.4132379
1675870846.0482183	96.8114952
1675870846.1968415	97.3094753
1675870846.3408418	97.46103570000001
1675870846.4765317	96.91650829999999
1675870846.6001613	95.3202038
1675870846.7373664	93.90130269999999
1675870846.8950274	95.16617360000001
1675870847.0370204	96.8189738
1675870847.1801262	96.5467289
1675870847.312026	97.3099466
1675870847.4803233	96.3730254
1675870847.6099017	95.0473985
1675870847.7681518	97.6617977
1675870847.9142475	96.6575261
1675870848.0498898	96.66319630000001
1675870848.1926076	97.5699516
1675870848.3170736	96.6061409
1675870848.4559777	95.1805805
1675870848.5911217	96.539154
1675870848.7476315	97.9559172
1675870848.9066753	97.7319337
1675870849.045779	97.81394
1675870849.1682217	95.0665445
1675870849.3176537	95.3811496
1675870849.4769824	97.8937869
1675870849.6062613	97.9439457
1675870849.7526343	96.9683958
1675870849.87665	97.1053852
1675870850.0241573	96.29348540000001
1675870850.1495302	96.0592049
1675870850.3096163	97.3407998
1675870850.467481	95.8853611
1675870850.6123388	96.5289446
1675870850.7526743	96.11688860000001
1675870850.909917	94.7189474
1675870851.048221	96.6581958
1675870851.1814532	96.5181881
1675870851.3426378	96.03635050000001
1675870851.4963522	96.7721933
1675870851.6382143	95.8176601
1675870851.761141	96.3141605
1675870851.90378	97.6854308
1675870852.0460644	96.0972465
1675870852.2030952	96.0737827
1675870852.3433862	97.5396845
1675870852.4817574	96.545903
1675870852.6029112	97.2105023
1675870852.7422824	98.3764273
1675870852.885805	97.4040509
1675870853.0428987	97.9955308
1675870853.2040882	96.9246258
1675870853.3513894	95.2482876
1675870853.478221	96.64359490000001
1675870853.6197295	96.97828390000001
1675870853.767213	96.2069754
1675870853.9209106	97.6509024
1675870854.0601616	98.0582096
1675870854.2144566	94.4576452
1675870854.3638644	94.50485479999999
1675870854.5213819	96.8333581
1675870854.636344	96.37454299999999
1675870854.7827303	96.4811133
1675870854.9292753	97.2418306
1675870855.0808551	94.94552139999999
1675870855.241903	96.7332704
1675870855.3993423	96.4434997
1675870855.5420332	95.92082979999999
1675870855.6797	96.4626195
1675870855.821145	94.8227499
1675870855.9438376	93.9382831
1675870856.0928123	97.4164829
1675870856.2182167	98.2504854
1675870856.3782218	96.3698804
1675870856.4996922	95.7734287
1675870856.6328104	96.6423174
1675870856.7775626	96.9416897
1675870856.9018304	97.288043
1675870857.046023	96.3101738
1675870857.1872344	96.7343428
1675870857.3109064	98.04221840000001
1675870857.4339044	98.11842229999999
1675870857.5731328	95.781696
1675870857.7106574	96.3358703
1675870857.8544655	98.8238964
1675870858.0112894	98.4039881
1675870858.1559513	97.1870644
1675870858.2876368	96.492853
1675870858.4229095	95.7094446
1675870858.5476253	97.7434596
1675870858.68701	98.14596350000001
1675870858.826925	98.30874850000001
1675870858.9772947	97.4739482
1675870859.136371	97.2250623
1675870859.2923992	96.4336665
1675870859.4150794	97.5705063
1675870859.5385299	96.4158075
1675870859.661721	96.53161920000001
1675870859.7854354	96.416163
1675870859.908221	96.1906877
1675870860.041217	95.59011720000001
1675870860.1819577	96.8223079
1675870860.31992	95.9921321
1675870860.4624965	96.32859400000001
1675870860.5985427	96.4607853
1675870860.7508512	95.0940139
1675870860.8982167	95.36362299999999
1675870861.0430167	96.9000485
1675870861.180713	96.65605500000001
1675870861.3118255	96.20976470000001
1675870861.468213	97.2099549
1675870861.5840135	96.5746675
1675870861.7302601	95.87589320000001
1675870861.8756769	97.06479680000001
1675870862.0044334	97.690606
1675870862.1675332	96.61054130000001
1675870862.2918108	97.4220478
1675870862.4351058	97.4328671
1675870862.5938168	95.4286479
1675870862.7710602	98.46221700000001
1675870862.9082227	97.7414533
1675870863.063946	98.37689739999999
1675870863.1882217	98.133217
1675870863.3264072	97.56916910000001
1675870863.479255	96.3251346
1675870863.62246	97.4219224
1675870863.746512	98.3431823
1675870863.895692	97.2664099
1675870864.0418112	96.5991413
1675870864.1951067	95.8497179
1675870864.3558557	96.7626392
1675870864.480341	97.1585744
1675870864.6044972	97.72194300000001
1675870864.7282171	98.6824926
1675870864.8545682	97.128143
1675870864.992367	95.88558040000001
1675870865.1173556	95.8039773
1675870865.26661	95.8939775
1675870865.3903325	96.1223361
1675870865.5322886	96.0564715
1675870865.6568522	95.5183716
1675870865.7801807	95.587409
1675870865.9267356	94.7372455
1675870866.0604415	96.5355077
1675870866.2009938	97.0356864
1675870866.3366666	95.8545892
1675870866.4949412	96.44128
1675870866.6382267	95.4616194
1675870866.777537	96.2611541
1675870866.9372962	98.6901546
1675870867.0707903	97.9121208
1675870867.1961408	98.5805589
1675870867.3352954	99.3402911
1675870867.4753523	96.1215368
1675870867.6158018	95.0173258
1675870867.7604797	96.7439467
1675870867.9082189	96.7777723
1675870868.037041	96.8061757
1675870868.1708908	97.3146342
1675870868.3108597	96.47571889999999
1675870868.45295	96.93979590000001
1675870868.6172822	99.04578719999999
1675870868.762282	97.2661683
1675870868.9006538	97.5507807
1675870869.0403306	96.6468482
1675870869.187517	95.1174223
1675870869.3332639	96.4600654
1675870869.491755	96.834022
1675870869.6511352	96.54747130000001
1675870869.7925916	97.3496754
1675870869.9247773	95.6495065
1675870870.0668924	94.3064548
1675870870.2151506	96.9552793
1675870870.3413143	97.2321733
1675870870.485877	96.3353731
1675870870.6181474	97.62655439999999
1675870870.7770827	95.896175
1675870870.9014533	94.9658549
1675870871.0259683	95.5265081
1675870871.1504238	96.5244579
1675870871.2739758	96.9353327
1675870871.4079397	97.571264
1675870871.574883	97.4582211
1675870871.724988	95.4829871
1675870871.8474805	97.1014706
1675870871.972391	97.6729863
1675870872.1215885	97.2611568
1675870872.2476668	97.48371279999999
1675870872.3712192	97.6757296
1675870872.4929082	98.6268723
1675870872.6508915	97.3519757
1675870872.7812915	97.71929229999999
1675870872.9419072	97.5013119
1675870873.0855596	97.626121
1675870873.2430997	97.1777511
1675870873.3945723	94.5493508
1675870873.5175376	96.00252619999999
1675870873.6631958	96.8572125
1675870873.7857354	95.38610960000001
1675870873.9258974	96.818177
1675870874.0671914	97.02436209999999
1675870874.2052968	95.0550694
1675870874.3380048	95.41333859999999
1675870874.483677	96.5345039
1675870874.606994	96.11182009999999
1675870874.747771	96.6985194
1675870874.8880825	97.1325597
1675870875.0436733	95.8407299
1675870875.2016172	95.9743575
1675870875.3246775	96.1849835
1675870875.4470024	96.77515000000001
1675870875.5872037	97.7899248
1675870875.6993306	97.88206000000001
1675870875.824587	96.3992862
1675870875.948218	95.87386500000001
1675870876.0717292	96.2635216
1675870876.196018	96.7129802
1675870876.3182254	97.5797684
1675870876.4602609	98.3510941
1675870876.6187842	97.3948721
1675870876.7603583	97.5961283
1675870876.8923292	98.0205724
1675870877.052665	96.98506619999999
1675870877.1721232	94.89590220000001
1675870877.3080714	96.4993482
1675870877.4522536	96.3322291
1675870877.5756743	95.4954368
1675870877.700029	95.8677323
1675870877.8548768	97.10267379999999
1675870877.9992223	96.5618253
1675870878.1574945	96.6158903
1675870878.3017266	96.0273824
1675870878.4249053	95.3587285
1675870878.5477622	97.0246415
1675870878.6902204	98.008535
1675870878.83257	98.1079435
1675870878.9892812	97.3495753
1675870879.1341465	95.93449430000001
1675870879.2777646	96.33774770000001
1675870879.4018252	97.2047805
1675870879.5251431	97.1980236
1675870879.649443	96.5817602
1675870879.8092768	97.2060079
1675870879.9470859	95.83340799999999
1675870880.0878909	95.6435764
1675870880.2482116	96.5320868
1675870880.4008982	96.14832469999999
1675870880.541323	95.59916679999999
1675870880.6947343	95.88025560000001
1675870880.836262	95.3177365
1675870880.9582212	95.4461714
1675870881.0803764	96.088459
1675870881.2202349	94.9612416
1675870881.3424852	95.2413333
1675870881.478227	97.59133829999999
1675870881.6343927	94.1051487
1675870881.7592304	93.74671699999999
1675870881.9224012	97.9090423
1675870882.0542707	96.9592908
1675870882.1774156	96.5704375
1675870882.315943	98.353883
1675870882.4545774	97.7912738
1675870882.5875812	96.4777923
1675870882.7323985	97.25251109999999
1675870882.8569088	98.1642854
1675870882.9905052	99.24726820000001
1675870883.1059039	98.9421363
1675870883.2341435	96.8317667
1675870883.37917	95.9604629
1675870883.5282154	97.69696730000001
1675870883.6536872	97.42562339999999
1675870883.7912939	97.27627340000001
1675870883.938229	97.3949648
1675870884.0608652	96.5864282
1675870884.20167	94.6565156
1675870884.3392823	94.81011459999999
1675870884.497279	94.937314
1675870884.6573744	95.3447613
1675870884.7845085	97.61574350000001
1675870884.9430737	95.56474539999999
1675870885.0941446	93.79719490000001
1675870885.2237034	95.65629890000001
1675870885.3677876	96.64682789999999
1675870885.4910116	96.7216557
1675870885.6141162	97.6396522
1675870885.7741778	95.8851972
1675870885.9317894	94.9608755
1675870886.0474286	97.75787319999999
1675870886.193299	97.1213668
1675870886.3516676	97.5684728
1675870886.512792	98.33667159999999
1675870886.6633162	96.2599833
1675870886.811441	97.5744296
1675870886.9457822	98.540507
1675870887.0750923	97.06374989999999
1675870887.197486	96.5891649
1675870887.3355303	97.8269866
1675870887.4744134	97.4904663
1675870887.630204	96.80830999999999
1675870887.7532403	97.5707146
1675870887.8767798	97.86259919999999
1675870888.0013802	97.1870942
1675870888.1255589	98.0160678
1675870888.2638874	97.4874275
1675870888.4004369	96.3604242
1675870888.5448015	96.8431195
1675870888.6779182	96.9216552
1675870888.8227887	96.59160440000001
1675870888.9706244	96.7364314
1675870889.117193	95.8385364
1675870889.2525735	94.3212144
1675870889.3829587	96.8157023
1675870889.507675	97.5022168
1675870889.6331766	97.2235912
1675870889.7782133	98.09552289999999
1675870889.9213068	95.4839325
1675870890.0653198	93.9231054
1675870890.212945	96.01790009999999
1675870890.353444	97.0140693
1675870890.4869165	98.0579312
1675870890.62822	97.9451367
1675870890.7511265	96.87004300000001
1675870890.888221	94.4349847
1675870891.01488	95.2899839
1675870891.1940644	96.3002202
1675870891.35425	96.1152661
1675870891.5024817	97.28016840000001
1675870891.6479244	95.1276554
1675870891.7911026	96.0677789
1675870891.9302976	97.0816845
1675870892.073783	96.5354744
1675870892.1974516	97.0938611
1675870892.320859	97.73772980000001
1675870892.4448302	95.2424372
1675870892.5677505	95.0827137
1675870892.7009733	95.2053939
1675870892.8444972	96.9293544
1675870892.9927015	95.2707671
1675870893.1444833	96.82045120000001
1675870893.2681851	95.8443268
1675870893.391701	94.3999371
1675870893.5332432	97.0994886
1675870893.6928508	97.5435925
1675870893.8315415	96.8203815
1675870893.9646409	97.34640830000001
1675870894.1428723	96.1081973
1675870894.2826345	95.7425885
1675870894.419233	97.0383928
1675870894.5756433	96.2645508
1675870894.6997218	96.27004170000001
1675870894.839793	96.4709975
1675870894.9802814	95.3828421
1675870895.1182213	95.3862407
1675870895.251802	95.7597362
1675870895.4119334	95.48716879999999
1675870895.536249	95.9386257
1675870895.6595402	97.5398706
1675870895.784131	95.80866259999999
1675870895.9306006	94.8290083
1675870896.0658705	97.0289592
1675870896.2305996	96.7649009
1675870896.3626254	95.62303179999999
1675870896.486613	97.4233794
1675870896.6248376	96.4326491
1675870896.7674198	95.4918009
1675870896.9005115	96.8209066
1675870897.069659	97.7772292
1675870897.1967535	96.0298208
1675870897.333455	97.263741
1675870897.4564595	97.09569710000001
1675870897.601424	96.6950537
1675870897.7263768	96.7917419
1675870897.882698	97.43805710000001
1675870898.0271552	97.5834577
1675870898.17243	97.6087172
1675870898.3079917	95.7149188
1675870898.4643812	97.15394400000001
1675870898.5983648	98.0904824
1675870898.7632227	96.5905309
1675870898.890577	95.6950858
1675870899.0375383	96.8703
1675870899.1607583	96.88544289999999
1675870899.2977479	96.79026379999999
1675870899.4616838	96.49079859999999
1675870899.6082256	96.2707591
1675870899.7378886	96.0826523
1675870899.885167	96.6283329
1675870900.0410013	94.6444209
1675870900.1576924	96.17094599999999
1675870900.3050299	98.0341384
1675870900.4298542	97.9115757
1675870900.5692868	97.5820541
1675870900.7271104	96.4305806
1675870900.8515933	95.7047845
1675870901.0002196	96.4007355
1675870901.1259787	96.3191949
1675870901.265412	95.8978217
1675870901.388223	96.5790919
1675870901.532598	96.5495393
1675870901.65625	95.36299269999999
1675870901.779677	95.6883632
1675870901.917505	96.9344024
1675870902.0552983	96.83970040000001
1675870902.1964896	96.8608278
1675870902.3324342	96.510424
1675870902.4868193	94.3201533
1675870902.6077676	94.8606942
1675870902.7442062	97.25684410000001
1675870902.9006572	96.8454572
1675870903.063995	96.7145617
1675870903.1842177	97.3104431
1675870903.3082278	95.7399568
1675870903.4411304	94.8205923
1675870903.5819535	98.0208741
1675870903.7367659	96.72377560000001
1675870903.8784056	96.8899244
1675870904.002514	97.55190499999999
1675870904.1506186	96.06640569999999
1675870904.2971663	96.341261
1675870904.4181893	97.1356632
1675870904.5606487	96.9259403
1675870904.7178886	96.8715804
1675870904.8593326	96.91685899999999
1675870904.981517	95.1984376
1675870905.1192355	95.27736900000001
1675870905.28075	97.1769383
1675870905.4330277	97.06642760000001
1675870905.5544133	95.722509
1675870905.6771066	96.3867637
1675870905.8223674	95.9909174
1675870905.944382	95.56485430000001
1675870906.0557137	95.93219810000001
1675870906.176449	96.04735559999999
1675870906.3137412	95.50872489999999
1675870906.4718945	97.4759721
1675870906.6143644	95.9318903
1675870906.7717028	95.20606360000001
1675870906.909232	96.16133570000001
1675870907.0321205	95.65398880000001
1675870907.1882236	97.1304474
1675870907.3353357	98.2303458
1675870907.4792717	94.5700766
1675870907.6022732	93.31156209999999
1675870907.7264874	96.1141503
1675870907.866189	98.2839051
1675870907.9919674	97.1566506
1675870908.1482177	98.0845639
1675870908.3056533	95.7030532
1675870908.439254	94.4869401
1675870908.5777018	95.6235555
1675870908.7272778	96.3793034
1675870908.8507717	95.46626260000001
1675870908.9741304	96.4988537
1675870909.098218	97.2217998
1675870909.2221289	97.2784654
1675870909.3784802	98.2624754
1675870909.5018857	99.0257781
1675870909.6482182	98.7877521
1675870909.8082235	98.68368550000001
1675870909.9507363	96.9098066
1675870910.0919943	96.4235171
1675870910.2166708	97.6677492
1675870910.3721347	96.8918181
1675870910.531	96.91727279999999
1675870910.654241	97.5493487
1675870910.7797685	97.5997858
1675870910.9273186	95.9804958
1675870911.0796497	97.1207932
1675870911.204022	98.0090748
1675870911.3562007	96.8760511
1675870911.5232565	97.62434239999999
1675870911.6797962	95.7992753
1675870911.8240812	96.21152310000001
1675870911.948224	97.86012600000001
1675870912.0959392	97.48621759999999
1675870912.218221	97.4920752
1675870912.341545	97.4985216
1675870912.5045393	96.62662569999999
1675870912.6357899	96.5930666
1675870912.7586925	97.2589062
1675870912.89687	97.7696278
1675870913.0356765	96.2176908
1675870913.1745563	95.1507746
1675870913.328901	95.02810840000001
1675870913.4834747	96.4943843
1675870913.6071224	96.78254220000001
1675870913.7313492	95.9361679
1675870913.8730233	97.8924112
1675870914.0162957	97.4675366
1675870914.1604364	94.0932118
1675870914.2845812	94.4288999
1675870914.4413748	96.2002229
1675870914.5783432	97.42410799999999
1675870914.7172964	97.39678190000001
1675870914.877292	96.8324113
1675870915.0343215	95.77910609999999
1675870915.1474986	96.4287413
1675870915.2718508	96.3247254
1675870915.4163249	96.4046781
1675870915.5556908	96.7849648
1675870915.6904826	97.49211580000001
1675870915.8506613	96.64062419999999
1675870915.982805	97.0975434
1675870916.107422	97.56387
1675870916.2461262	97.9611283
1675870916.400527	96.9475822
1675870916.5668488	95.308324
1675870916.7043495	93.7772922
1675870916.8403049	95.4229679
1675870916.9982135	96.0824113
1675870917.1571434	96.63656399999999
1675870917.3206086	97.7434281
1675870917.434452	97.9331995
1675870917.602039	97.1958141
1675870917.7382214	97.2022376
1675870917.8743796	96.98503840000001
1675870918.033329	97.6017987
1675870918.1654696	96.39860540000001
1675870918.3106523	95.1508478
1675870918.4441252	94.8099835
1675870918.6034439	96.5810627
1675870918.7348766	95.5474002
1675870918.871466	96.4373196
1675870918.99406	96.4383781
1675870919.1180086	94.8858284
1675870919.2430923	94.96828000000001
1675870919.3993962	96.67999920000001
1675870919.5397289	96.7533812
1675870919.6647372	96.2497688
1675870919.8129964	96.8921816
1675870919.945269	95.2513931
1675870920.0691917	93.611448
1675870920.2082784	96.6177371
1675870920.3480678	97.0930444
1675870920.496274	97.2823964
1675870920.6325243	97.21564570000001
1675870920.781759	95.3798294
1675870920.907425	94.8832113
1675870921.044069	96.7306056
1675870921.1982179	96.0965513
1675870921.3471344	95.792385
1675870921.504162	96.2408676
1675870921.664652	94.2133014
1675870921.788223	94.8997026
1675870921.9125683	96.558013
1675870922.0560083	97.0218608
1675870922.1804693	97.88121249999999
1675870922.3172543	98.3062239
1675870922.4597456	96.99208110000001
1675870922.5934365	95.9421199
1675870922.7329073	96.0128215
1675870922.870775	94.8164655
1675870923.0198991	94.8130177
1675870923.181953	96.06372280000001
1675870923.3150396	96.0054625
1675870923.4613795	95.6317758
1675870923.5857859	96.1032852
1675870923.7104063	96.7055395
1675870923.8556876	96.9637099
1675870923.989874	97.9824666
1675870924.1318939	94.25258120000001
1675870924.2546382	92.7975905
1675870924.3796868	96.087861
1675870924.5079777	96.6448745
1675870924.6470604	97.48719729999999
1675870924.7966564	98.2592653
1675870924.9473612	96.3952998
1675870925.0956373	95.15105849999999
1675870925.2482245	97.544935
1675870925.412384	98.0886738
1675870925.5489113	97.3900347
1675870925.6926458	96.8874193
1675870925.816422	95.4118966
1675870925.9426517	95.4117964
1675870926.0715244	97.4451373
1675870926.197563	96.9164344
1675870926.3572526	97.2052748
1675870926.5200245	97.8278153
1675870926.6580453	95.1152731
1675870926.7892396	95.9591278
1675870926.905857	97.5731355
1675870927.0315683	96.9759876
1675870927.1702971	96.020492
1675870927.3092313	97.90707619999999
1675870927.4444327	96.4579706
1675870927.607144	95.07298229999999
1675870927.733867	97.55914340000001
1675870927.8621724	96.5887878
1675870928.0022724	97.0479257
1675870928.142273	98.2263183
1675870928.2884905	96.71914
1675870928.4482193	97.0557592
1675870928.5839748	97.3551865
1675870928.7216465	97.4929118
1675870928.8811312	97.8497983
1675870929.0401354	97.4725426
1675870929.163007	96.3978157
1675870929.2857437	97.3386826
1675870929.42438	97.9786723
1675870929.5516694	96.1936243
1675870929.6756084	96.5749885
1675870929.8178968	96.6814894
1675870929.9420495	96.2616411
1675870930.064991	94.2605182
1675870930.1882176	94.3522662
1675870930.313315	94.9795997
1675870930.476919	96.39844609999999
1675870930.5996835	96.909199
1675870930.7235992	96.4948115
1675870930.8475296	96.2059101
1675870930.981774	95.5456637
1675870931.123761	95.9153797
1675870931.262624	96.2939743
1675870931.3846018	97.3072014
1675870931.5179172	98.1162668
1675870931.6727288	95.533249
1675870931.8053412	95.86957960000001
1675870931.9478078	97.3187854
1675870932.0720816	97.53401720000001
1675870932.2207975	97.1592626
1675870932.3467443	96.69464260000001
1675870932.485627	94.8189481
1675870932.6336997	95.51590460000001
1675870932.759625	96.4916446
1675870932.896734	96.8098157
1675870933.0534706	96.3318252
1675870933.2161863	95.9682506
1675870933.370244	94.7177788
1675870933.528221	95.6023907
1675870933.6559439	94.94646700000001
1675870933.7943814	95.65797909999999
1675870933.9369984	96.14935489999999
1675870934.0609763	95.2014688
1675870934.1853633	94.46162430000001
1675870934.308222	94.34475570000001
1675870934.4676888	97.8565281
1675870934.6253848	97.5727603
1675870934.7370148	97.4092002
1675870934.8590677	97.2805295
1675870934.9838812	96.1100704
1675870935.10712	94.4273403
1675870935.2319043	95.781
1675870935.3767104	97.9044099
1675870935.5182238	98.4963899
1675870935.6568522	99.3840641
1675870935.8082151	95.9763657
1675870935.9762707	96.4041137
1675870936.1133082	97.2572955
1675870936.2530124	96.0089902
1675870936.4104035	96.86771080000001
1675870936.5443087	96.3147503
1675870936.7051835	94.5573782
1675870936.8327825	95.0501121
1675870936.9582133	95.6169338
1675870937.0957887	95.3985316
1675870937.2338934	97.157287
1675870937.3670106	97.11974869999999
1675870937.5272207	95.1467548
1675870937.6663587	94.8722585
1675870937.7974913	96.9942469
1675870937.9547014	98.065788
1675870938.0882146	98.4528879
1675870938.2417607	96.7224897
1675870938.4009283	95.4383748
1675870938.5400615	96.93449969999999
1675870938.7022586	98.1377118
1675870938.840156	97.8364215
1675870938.9996388	96.7336275
1675870939.1382203	95.0069544
1675870939.293807	96.2442473
1675870939.4233742	97.2537473
1675870939.5630598	97.6392631
1675870939.7179515	97.67334869999999
1675870939.8412855	96.79997399999999
1675870939.9774263	94.9448204
1675870940.1339457	95.30729609999999
1675870940.2751215	96.0634467
1675870940.4355948	96.4404319
1675870940.5664358	97.2982334
1675870940.7035286	97.30921550000001
1675870940.840309	96.6938193
1675870940.9753716	96.8029547
1675870941.113027	96.1897965
1675870941.2753787	94.55354689999999
1675870941.4137254	95.6347453
1675870941.5692325	95.6457001
1675870941.7633715	95.9356831
1675870941.9011514	97.030009
1675870942.0418024	96.6581353
1675870942.1950128	95.3089088
1675870942.3419504	96.3322919
1675870942.4599316	96.2253068
1675870942.5815136	94.2566634
1675870942.7042181	95.22291489999999
1675870942.837885	96.6757913
1675870942.96101	95.7688414
1675870943.0848954	96.648311
1675870943.2077813	96.1721156
1675870943.3320174	94.77230990000001
1675870943.4798272	96.4970282
1675870943.6274614	96.8243752
1675870943.7496624	96.9689602
1675870943.9608417	97.0650559
