Time (s)\Voltage (mV)
1675871398.1872427	95.2879193
1675871398.3265386	96.5416501
1675871398.506302	97.858103
1675871398.629494	98.0572783
1675871398.749749	97.56858140000001
1675871398.8682187	96.9927939
1675871399.0268223	95.8240922
1675871399.1501546	95.7563912
1675871399.2721145	96.3985397
1675871399.396082	95.01586139999999
1675871399.5205047	96.1799994
1675871399.6783848	97.0672711
1675871399.8367202	94.7179369
1675871399.9960215	95.4877645
1675871400.1439762	96.4209685
1675871400.27075	95.27130740000001
1675871400.387195	95.96364840000001
1675871400.5072308	96.8269846
1675871400.6282175	96.2090757
1675871400.7521553	94.3839353
1675871400.8753545	94.9801538
1675871401.0306916	96.0622903
1675871401.1540124	96.6413058
1675871401.311049	98.1651685
1675871401.470769	97.0091281
1675871401.6392252	95.64025869999999
1675871401.784376	96.5353966
1675871401.9176412	96.1332157
1675871402.0521436	96.1177855
1675871402.1942794	96.6797777
1675871402.352263	95.3671278
1675871402.511518	95.7119723
1675871402.65981	96.85958649999999
1675871402.7857883	96.4307814
1675871402.9072747	96.8508666
1675871403.0452716	96.6439895
1675871403.1894922	95.8640903
1675871403.347942	95.17251999999999
1675871403.47595	95.8431714
1675871403.5958016	96.5729953
1675871403.7378576	96.9787579
1675871403.8595874	96.5147585
1675871403.996783	95.9424208
1675871404.1317701	95.207677
1675871404.2727995	96.2253549
1675871404.4107063	95.4651843
1675871404.5662923	96.8805852
1675871404.6918216	97.1021992
1675871404.829322	95.8652898
1675871404.9666443	95.39942210000001
1675871405.10377	95.9306224
1675871405.2637026	95.5861767
1675871405.4155843	96.2200978
1675871405.5525672	96.5838375
1675871405.7112775	94.7156404
1675871405.8558946	95.4867237
1675871406.0045452	96.84447979999999
1675871406.1331563	97.0555381
1675871406.2722034	97.1511041
1675871406.4110198	95.52394729999999
1675871406.5382276	94.61503979999999
1675871406.6517353	94.8112396
1675871406.7982175	95.1043535
1675871406.9196582	96.8771841
1675871407.058327	96.2534556
1675871407.19325	95.0964105
1675871407.3369453	94.4680615
1675871407.485135	95.29519760000001
1675871407.611194	96.4548138
1675871407.7516184	96.6896756
1675871407.8748114	97.0406981
1675871407.9982178	97.19681489999999
1675871408.1222177	96.32127360000001
1675871408.280615	94.07252989999999
1675871408.4378252	95.69724479999999
1675871408.54669	96.2682986
1675871408.6734393	95.5324458
1675871408.7921445	95.2660312
1675871408.9471285	94.305194
1675871409.0968444	95.0945102
1675871409.2415435	97.2330213
1675871409.3781583	96.5127284
1675871409.517046	96.9766817
1675871409.6602705	97.2337023
1675871409.8003669	95.9731472
1675871409.9411318	94.53609979999999
1675871410.0615935	95.3608835
1675871410.2010736	97.93176389999999
1675871410.3214607	97.2308412
1675871410.4434721	97.0466353
1675871410.6010318	96.109765
1675871410.734901	93.8351806
1675871410.8697772	96.0050923
1675871410.9907098	97.284087
1675871411.1116657	96.5162068
1675871411.2514706	96.65679039999999
1675871411.4067008	96.6657635
1675871411.552953	96.1135266
1675871411.7012699	96.0557256
1675871411.8526103	96.16864960000001
1675871411.989987	96.7261082
1675871412.1106074	97.1632061
1675871412.2481961	96.4545425
1675871412.3882167	94.5252581
1675871412.5456276	97.2021191
1675871412.6927185	97.6093685
1675871412.8154254	96.87528739999999
1675871412.96412	95.9959294
1675871413.0901697	95.29431620000001
1675871413.2360244	94.0833647
1675871413.358217	95.5370666
1675871413.4962413	96.9735855
1675871413.654746	97.1607368
1675871413.8093982	97.8201084
1675871413.9293425	96.0942199
1675871414.0525289	94.9489619
1675871414.1757796	95.218892
1675871414.299936	97.0433435
1675871414.4442978	97.39800980000001
1675871414.5867698	97.5053581
1675871414.7252774	97.4300213
1675871414.8664844	95.588693
1675871414.986563	95.7867855
1675871415.1269805	97.6313954
1675871415.2471962	96.3831991
1675871415.3701062	96.29602650000001
1675871415.4929988	97.6452163
1675871415.6158037	96.61523580000001
1675871415.7382236	93.8443844
1675871415.8637793	93.4400096
1675871416.0052936	95.1721894
1675871416.1282187	95.852628
1675871416.2516198	96.2163947
1675871416.3739986	96.43742449999999
1675871416.5293093	95.1136154
1675871416.6724339	94.71599090000001
1675871416.8106282	95.6471437
1675871416.9330442	95.2647987
1675871417.0747843	96.4261543
1675871417.1977322	95.33668589999999
1675871417.3597813	94.7432149
1675871417.5010805	96.35530320000001
1675871417.624587	96.8434795
1675871417.7482154	97.116601
1675871417.8715453	97.55484270000001
1675871417.9942517	96.6243195
1675871418.1495924	93.0235467
1675871418.312547	94.4041978
1675871418.4405413	95.289732
1675871418.574906	95.9579325
1675871418.7019181	96.4803541
1675871418.8220205	96.1836847
1675871418.960937	94.7792481
1675871419.094184	94.2664429
1675871419.2553728	96.7654687
1675871419.4093685	97.1686997
1675871419.562454	97.4034311
1675871419.7214234	97.3712066
1675871419.8653538	93.4963408
1675871420.027487	94.42707779999999
1675871420.1504843	96.5060419
1675871420.2730944	96.5513982
1675871420.4198582	97.2477585
1675871420.5562398	97.1071456
1675871420.694916	94.65853150000001
1675871420.8419042	94.6205873
1675871420.9683251	95.7749193
1675871421.1274643	95.4519163
1675871421.255039	95.6931523
1675871421.3769805	95.79689280000001
1675871421.4892662	94.7022079
1675871421.6114633	94.4191139
1675871421.7368717	94.5382648
1675871421.859872	95.3746364
1675871421.9828029	95.37848
1675871422.126358	96.2278178
1675871422.249222	94.99846219999999
1675871422.4095626	93.7874177
1675871422.5482306	95.76092919999999
1675871422.6834612	95.4468304
1675871422.8422484	95.4192587
1675871422.9713724	96.71889039999999
1675871423.113195	94.7639245
1675871423.2389898	93.0727812
1675871423.3609078	94.67833639999999
1675871423.4840806	95.72535549999999
1675871423.6174195	96.90006650000001
1675871423.7499945	97.5879142
1675871423.8933125	97.5944051
1675871424.016555	95.1948808
1675871424.1412408	93.6442449
1675871424.2836096	95.6650408
1675871424.4061239	94.92835400000001
1675871424.5825334	96.7929934
1675871424.7429957	97.0574131
1675871424.9001896	95.25383599999999
1675871425.0231795	95.6956079
1675871425.186698	95.4848693
1675871425.3134449	97.563175
1675871425.4551516	97.5683055
1675871425.5935886	97.1656442
1675871425.7452536	94.59129669999999
1675871425.8928146	96.0317027
1675871426.0277114	95.7545918
1675871426.156861	95.60614600000001
1675871426.2834272	96.6399077
1675871426.4066625	97.4799874
1675871426.5522144	94.43613239999999
1675871426.6913195	95.3153463
1675871426.8350651	96.841328
1675871426.9574916	95.4439027
1675871427.1141167	97.1876427
1675871427.258074	96.5009504
1675871427.3955228	93.57367880000001
1675871427.5497694	94.36292309999999
1675871427.7102427	96.2469439
1675871427.8322053	95.9484989
1675871427.9897637	96.5455685
1675871428.1319478	96.1195666
1675871428.28441	95.8479325
1675871428.408031	96.4201355
1675871428.5651846	95.0029179
1675871428.6957998	95.90939850000001
1675871428.8206887	96.94358009999999
1675871428.943679	95.9650063
1675871429.0908725	95.2460427
1675871429.236173	96.4460729
1675871429.3792903	95.88459350000001
1675871429.502336	95.94089629999999
1675871429.6358457	97.3941658
1675871429.780414	96.9646859
1675871429.9257004	94.86394080000001
1675871430.0682206	96.32360299999999
1675871430.2050333	99.41675079999999
1675871430.3424058	98.8904007
1675871430.4774063	97.1035393
1675871430.6382203	95.9066101
1675871430.7721596	96.0849253
1675871430.9177759	95.8604128
1675871431.0556586	94.5768693
1675871431.186699	96.0540443
1675871431.3341272	96.8899986
1675871431.4596064	96.8174908
1675871431.6068099	96.7169303
1675871431.7329507	96.9248275
1675871431.8954122	94.4631017
1675871432.0238643	94.95773870000001
1675871432.1692317	95.9477845
1675871432.3142722	95.4518273
1675871432.4796615	96.1203691
1675871432.605669	95.4186874
1675871432.7300336	96.80067509999999
1675871432.8770726	98.3997179
1675871433.0450263	97.7661808
1675871433.19992	94.823329
1675871433.3383534	94.9080893
1675871433.4940526	96.3591558
1675871433.6338642	96.9339165
1675871433.791712	97.67145620000001
1675871433.9513867	96.296924
1675871434.09436	94.4721979
1675871434.2501185	95.5546511
1675871434.3854084	96.5729615
1675871434.5171237	96.9124861
1675871434.6404955	97.8219878
1675871434.7799902	96.41431370000001
1675871434.9320786	93.4555059
1675871435.0816407	94.9295326
1675871435.2197201	94.8976196
1675871435.3800502	95.1812774
1675871435.5168293	95.9268973
1675871435.6712759	95.28436049999999
1675871435.8098195	95.0892169
1675871435.9455261	96.7398368
1675871436.1054513	95.8489638
1675871436.2448943	94.84792329999999
1675871436.3752239	94.9183839
1675871436.5112484	93.87888849999999
1675871436.6492336	94.6476402
1675871436.7982244	95.7670212
1675871436.9264486	96.72860419999999
1675871437.0854712	97.341663
1675871437.2282171	98.07607209999999
1675871437.386878	96.4644678
1675871437.5212097	97.3784754
1675871437.6547117	97.2540542
1675871437.818218	95.2347666
1675871437.9500985	96.7134476
1675871438.1086838	95.857433
1675871438.2758465	94.8649788
1675871438.4182212	95.8464024
1675871438.5753248	95.8859791
1675871438.719377	96.4701898
1675871438.8445807	97.9695966
1675871438.990939	96.0911896
1675871439.1192327	94.4932603
1675871439.2872097	96.37214080000001
1675871439.4174445	95.68344210000001
1675871439.5764065	95.83542870000001
1675871439.7161999	96.2303204
1675871439.8737931	94.2360147
1675871440.0307593	95.0519139
1675871440.191089	98.52215170000001
1675871440.3273518	97.1665746
1675871440.4704306	98.08732289999999
1675871440.6305	98.1180792
1675871440.7595875	96.93245879999999
1675871440.885945	98.31998279999999
1675871441.0412142	96.6925074
1675871441.2007215	95.71042709999999
1675871441.3383918	97.1521161
1675871441.493563	95.1634428
1675871441.6558871	96.5259341
1675871441.7840009	98.1319962
1675871441.9182224	97.07696890000001
1675871442.0826604	97.71821969999999
1675871442.2070694	98.5504282
1675871442.3404367	95.7362594
1675871442.5012972	96.1585908
1675871442.6311479	97.7271212
1675871442.7565463	96.90634060000001
1675871442.9173145	97.48902819999999
1675871443.0482223	97.1136395
1675871443.2127762	93.682928
1675871443.3672476	95.40458910000001
1675871443.5052986	96.8738066
1675871443.660599	98.002458
1675871443.7855911	97.4315505
1675871443.9251826	96.7187116
1675871444.0792277	95.1315907
1675871444.2027931	96.5768055
1675871444.340471	96.1869341
1675871444.4962504	96.808246
1675871444.6582174	97.3703692
1675871444.804346	95.8874809
1675871444.9386005	95.6198048
1675871445.1001525	96.8189239
1675871445.2410834	96.50269949999999
1675871445.3824737	97.0199035
1675871445.5378234	96.0517751
1675871445.7049189	93.1190598
1675871445.8598428	94.5009067
1675871446.0127676	95.26853270000001
1675871446.1696951	95.3395182
1675871446.3130543	95.1865816
1675871446.4605713	95.3517054
1675871446.5952966	95.79594639999999
1675871446.7538962	96.1760434
1675871446.8870149	95.6663062
1675871447.046965	96.4583527
1675871447.182366	96.77789689999999
1675871447.3115072	95.61818699999999
1675871447.4562163	95.2520504
1675871447.5958006	96.4516488
1675871447.7360015	97.2250323
1675871447.8739338	97.4193253
1675871448.0201557	97.20846700000001
1675871448.1782146	97.0652004
1675871448.3165197	96.1582924
1675871448.4533749	96.7249207
1675871448.579601	97.295517
1675871448.7180152	97.14349510000001
1675871448.8598168	95.64387289999999
1675871449.0001435	95.35617409999999
1675871449.1376302	96.46262469999999
1675871449.2755322	96.0566712
1675871449.4158468	95.18296310000001
1675871449.5537496	94.8183869
1675871449.6957083	95.6304686
1675871449.828328	94.7432457
1675871449.97332	95.4446624
1675871450.112572	97.22879280000001
1675871450.2403636	96.7340595
1675871450.3992875	95.7710761
1675871450.5525393	95.7220862
1675871450.7152572	94.09909549999999
1675871450.8606105	96.3287382
1675871451.0067077	96.8736116
1675871451.1292317	95.4058934
1675871451.2710946	95.6916698
1675871451.3994706	96.6644349
1675871451.5272546	95.4999212
1675871451.661938	95.1246281
1675871451.8006241	96.9150952
1675871451.9321454	97.45052229999999
1675871452.091557	96.5003512
1675871452.2312467	94.6846987
1675871452.3908136	94.5624615
1675871452.527134	95.2744303
1675871452.6551306	94.834015
1675871452.801271	95.906768
1675871452.9494126	97.3734769
1675871453.1082206	96.281154
1675871453.2343059	97.0809016
1675871453.367075	97.4000427
1675871453.5272608	97.07063409999999
1675871453.663756	96.63496219999999
1675871453.7950737	97.3228687
1675871453.956347	97.3584086
1675871454.088005	96.5022615
1675871454.2277257	95.90061850000001
1675871454.365316	94.7441343
1675871454.5212193	96.1095997
1675871454.665667	96.2355743
1675871454.8050506	94.336795
1675871454.9814773	94.3853538
1675871455.1102393	95.58224949999999
1675871455.231758	96.29828020000001
1675871455.360242	95.9827777
1675871455.5071542	95.37042199999999
1675871455.666465	94.87442610000001
1675871455.7903006	96.10563060000001
1675871455.9141805	96.95500949999999
1675871456.0745845	96.9601545
1675871456.2050846	97.5359423
1675871456.3482242	97.2753709
1675871456.5046906	95.2198059
1675871456.6360412	94.654138
1675871456.797868	95.8782689
1675871456.9367328	96.9788397
1675871457.0766408	97.9237277
1675871457.2015069	97.2650984
1675871457.3572133	95.8987288
1675871457.5018466	96.30030550000001
1675871457.6266904	97.1862996
1675871457.7513125	96.9886487
1675871457.8797133	96.4637741
1675871458.0049884	96.73138589999999
1675871458.1634238	95.2513591
1675871458.3183465	95.47191720000001
1675871458.4641604	95.3719544
1675871458.6038916	95.1184339
1675871458.7444062	96.46710510000001
1675871458.9023323	96.3302225
1675871459.060906	95.9698405
1675871459.2072155	96.4452792
1675871459.338229	95.6161489
1675871459.502187	96.2809302
1675871459.6707172	96.4814224
1675871459.8305004	95.49593759999999
1675871459.9636254	96.1763603
1675871460.1104958	95.8419875
1675871460.2347102	95.9662731
1675871460.357254	97.7132165
1675871460.4818757	98.5625745
1675871460.6366522	96.907217
1675871460.7595177	95.5162538
1675871460.882899	96.7812409
1675871461.0082307	98.1607228
1675871461.1405997	96.9515174
1675871461.2839916	95.94479059999999
1675871461.4372623	96.74217440000001
1675871461.5971298	95.7183182
1675871461.7208786	95.73775230000001
1675871461.8451421	96.1213477
1675871461.9692354	98.0403798
1675871462.0925195	98.7222199
1675871462.241249	97.4223806
1675871462.3792288	95.28562020000001
1675871462.5376842	96.6058346
1675871462.6858063	96.0986711
1675871462.8281858	96.3235961
1675871462.9698195	96.9498642
1675871463.1177773	96.4338955
1675871463.2572672	96.12228350000001
1675871463.3937695	96.8634707
1675871463.5219388	96.6973985
1675871463.6616983	96.4853005
1675871463.8170142	98.0869058
1675871463.9396293	97.1440552
1675871464.077067	95.7806226
1675871464.2133164	96.0263709
1675871464.3461456	95.6468927
1675871464.5064168	94.6008154
1675871464.6405995	96.59874690000001
1675871464.8075836	95.6846793
1675871464.9641569	96.1976344
1675871465.1099648	96.6819614
1675871465.2432888	95.6961533
1675871465.3771667	96.3499137
1675871465.5222185	96.25221979999999
1675871465.6721451	93.8234233
1675871465.823322	95.1266949
1675871465.9880238	95.9674622
1675871466.1261842	96.2953487
1675871466.2658653	96.60974449999999
1675871466.4223871	95.5191837
1675871466.5844548	94.7897608
1675871466.711446	97.52976530000001
1675871466.8323905	96.74312259999999
1675871466.9431765	96.5032813
1675871467.0658085	96.43840870000001
1675871467.1905098	96.6244616
1675871467.3333185	95.00509910000001
1675871467.4769025	95.2892571
1675871467.61784	96.13000570000001
1675871467.7422428	95.9531506
1675871467.8979642	96.62289679999999
1675871468.0579753	95.8412131
1675871468.2044084	93.8255957
1675871468.3250253	95.906952
1675871468.4369726	95.0746709
1675871468.5592663	94.56758260000001
1675871468.6976311	95.6886129
1675871468.8519492	96.643936
1675871469.013297	94.5150939
1675871469.1673973	95.6940432
1675871469.2928054	96.6296919
1675871469.4471915	96.3947805
1675871469.5882201	95.86701509999999
1675871469.7122266	95.0878817
1675871469.8359923	94.59016000000001
1675871469.9850683	95.7859691
1675871470.115757	97.8346542
1675871470.2382214	98.03395839999999
1675871470.3617039	96.5291797
1675871470.4846094	98.02287869999999
1675871470.608217	97.2329445
1675871470.732207	95.6344062
1675871470.8872297	96.4885974
1675871471.0114694	96.65432129999999
1675871471.151148	97.7394797
1675871471.2949548	97.9182819
1675871471.4522793	96.1502409
1675871471.5933475	95.53423480000001
1675871471.7292612	97.1098976
1675871471.8676562	95.8340759
1675871471.9870477	96.3841701
1675871472.1294813	96.31029439999999
1675871472.26923	94.5644346
1675871472.4119735	95.2036208
1675871472.5430937	96.90948589999999
1675871472.7038882	95.8522218
1675871472.849272	94.6930926
1675871472.9868617	95.9755025
1675871473.1473832	94.3906591
1675871473.2810283	95.0705333
1675871473.427231	96.3182987
1675871473.5499828	95.9529754
1675871473.6935294	96.9317447
1675871473.8315725	97.3230107
1675871473.991602	94.46869319999999
1675871474.1695774	96.3391876
1675871474.3502557	97.7872456
1675871474.5238054	97.9623329
1675871474.6682148	97.38243639999999
1675871474.8074212	95.08628730000001
1675871474.930806	94.48347290000001
1675871475.0545754	96.7264957
1675871475.1830287	98.3675949
1675871475.3080401	98.19024630000001
1675871475.4475095	98.333011
1675871475.5982115	94.9790378
1675871475.724316	94.26195460000001
1675871475.8632996	96.155956
1675871476.0071583	95.93459410000001
1675871476.13391	95.7001657
1675871476.2943916	97.3367751
1675871476.4493542	95.230163
1675871476.5700576	95.08415520000001
1675871476.7142184	96.6423321
1675871476.854004	96.4812572
1675871476.9910574	96.5964249
1675871477.1138835	96.89706600000001
1675871477.2579484	96.7908483
1675871477.4025662	96.0250875
1675871477.5370138	95.9120115
1675871477.67328	95.8601497
1675871477.8292847	96.53570479999999
1675871477.9899514	98.1474453
1675871478.119505	96.0887075
1675871478.2422073	95.3681524
1675871478.381836	96.79705449999999
1675871478.5100234	97.2232815
1675871478.6649063	95.6786674
1675871478.7893672	95.95143320000001
1675871478.912748	95.8634624
1675871479.0356543	94.4658936
1675871479.160005	94.92845410000001
1675871479.3082197	95.9803149
1675871479.449282	96.58172090000001
1675871479.5722997	96.6294884
1675871479.7196522	95.86099039999999
1675871479.8493485	93.5403445
1675871479.972694	92.9788197
1675871480.1336644	95.6915532
1675871480.2672064	95.9729815
1675871480.39143	96.49986820000001
1675871480.5350218	96.7243867
1675871480.6924264	95.1155635
1675871480.8531818	96.3510888
1675871481.010543	96.2887417
1675871481.1496553	96.6527406
1675871481.289917	97.8184584
1675871481.431351	96.2594728
1675871481.5701077	93.9955437
1675871481.7132359	95.5935305
1675871481.847724	96.2184637
1675871482.0026717	96.0987007
1675871482.1391604	97.7324196
1675871482.2645273	96.1758142
1675871482.4297655	94.1583818
1675871482.5518339	96.6940154
1675871482.7006893	96.6530886
1675871482.8382192	96.4828953
1675871482.9877632	96.9753463
1675871483.1133604	95.3290773
1675871483.2594345	93.9542352
1675871483.384408	94.8010777
1675871483.509576	95.31294460000001
1675871483.6340835	95.28780189999999
1675871483.7828221	97.0392028
1675871483.9267619	95.9517787
1675871484.0736551	92.6845614
1675871484.217922	94.9745291
1675871484.3423827	96.68422140000001
1675871484.4667542	96.8236123
1675871484.5895114	96.4011474
1675871484.7279792	96.81728439999999
1675871484.867682	95.3177499
1675871485.0323448	95.28731579999999
1675871485.165414	95.40646919999999
1675871485.3125448	96.3227277
1675871485.4601402	96.51251230000001
1675871485.5944104	96.1884948
1675871485.7411263	94.9892646
1675871485.886614	95.9520765
1675871486.0229042	97.1173067
1675871486.1478262	96.9518171
1675871486.2728045	96.7667657
1675871486.4182272	96.4705152
1675871486.55023	94.9226514
1675871486.696313	95.9267567
1675871486.818365	96.4655619
1675871486.9650538	95.0968396
1675871487.0931914	96.0152851
1675871487.2313976	95.54694049999999
1675871487.3678057	94.3905582
1675871487.5147314	96.354974
1675871487.6535804	96.6789732
1675871487.8111181	96.52729760000001
1675871487.968219	96.5716187
1675871488.1064696	95.6328398
1675871488.2426755	94.6622258
1675871488.4017272	96.0486528
1675871488.5556219	95.7198658
1675871488.7058194	97.06452309999999
1675871488.8626688	97.8793937
1675871489.0231783	96.1933573
1675871489.147374	96.3370414
1675871489.2806964	97.6522547
1675871489.4195983	96.626472
1675871489.5629532	96.1655817
1675871489.6952424	97.2727632
1675871489.8407872	96.45536890000001
1675871489.9651287	96.0320379
1675871490.1228943	96.4063389
1675871490.263982	96.1839605
1675871490.4077153	96.1175854
1675871490.5318682	96.027383
1675871490.6852374	94.5320377
1675871490.8305962	94.7197807
1675871490.9767435	96.450743
1675871491.100957	95.92851689999999
1675871491.226636	96.44011180000001
1675871491.3700378	96.31828940000001
1675871491.519288	92.1974555
1675871491.666801	94.76840370000001
1675871491.8033252	96.8486934
1675871491.9592319	96.6774621
1675871492.0844054	97.45740649999999
1675871492.2228467	96.66974809999999
1675871492.3591511	94.4511798
1675871492.5057268	95.60837819999999
1675871492.6310477	96.4666934
1675871492.7794385	95.1934995
1675871492.907071	95.0758937
1675871493.0495062	96.37029279999999
1675871493.2035692	95.2250923
1675871493.3321192	95.788723
1675871493.4715111	97.2932725
1675871493.6198182	96.8557308
1675871493.7780876	96.9056095
1675871493.9147072	96.16641650000001
1675871494.0669084	94.71556629999999
1675871494.2112286	96.1909522
1675871494.3680413	96.9186556
1675871494.5123026	96.2982648
1675871494.6372664	95.7701166
1675871494.7937386	95.8586407
1675871494.9393241	95.0503176
1675871495.077602	95.13011039999999
1675871495.2184575	96.57090860000001
1675871495.3769715	98.9045679
1675871495.5119429	98.5060695
1675871495.6592274	96.40808150000001
1675871495.8164911	95.6785737
1675871495.9766974	96.1378953
1675871496.1157668	96.3880583
1675871496.2800202	95.7225424
1675871496.4194524	95.93364460000001
1675871496.5718353	95.4937585
1675871496.7109976	96.2555742
1675871496.8525858	96.2624002
1675871496.9871924	95.2925806
1675871497.1501389	97.1286334
1675871497.2881405	96.1681628
1675871497.4339736	94.3210575
1675871497.584617	95.4044328
1675871497.729055	95.71293879999999
1675871497.8863916	96.644252
1675871498.045763	96.4324799
1675871498.2027397	93.6540382
1675871498.3435183	93.8228013
1675871498.5071542	96.7350563
1675871498.6677387	96.6576957
1675871498.823235	96.83529039999999
1675871498.95261	96.0967828
1675871499.0916114	95.42251089999999
1675871499.2421713	96.4392193
1675871499.371267	96.688466
1675871499.5102773	96.1257697
1675871499.6582146	96.3704339
1675871499.8431444	93.2802362
1675871499.993754	94.84493400000001
1675871500.1340077	96.7974597
1675871500.2839425	98.307036
1675871500.4357471	98.72126220000001
1675871500.5747616	97.7076162
1675871500.704921	95.4619012
1675871500.8347297	94.9962174
1675871500.977861	96.1705773
1675871501.1264985	96.586439
1675871501.2779198	97.2420686
1675871501.43965	95.9094539
1675871501.5713303	93.4423015
1675871501.731124	96.25024309999999
1675871501.895811	95.5985305
1675871502.0302393	95.8040609
1675871502.1668272	96.6951184
1675871502.2972353	94.6451479
1675871502.4570084	94.34181029999999
1675871502.5867972	95.931885
1675871502.715243	95.7122204
1675871502.8541236	95.2650858
1675871503.0088356	96.7071662
1675871503.1422126	95.5538782
1675871503.2997508	94.5017968
1675871503.4341705	95.34594820000001
1675871503.5792317	95.2705636
1675871503.7364237	96.4990958
1675871503.897581	96.3790808
1675871504.0311992	95.70588339999999
1675871504.165658	96.0985122
1675871504.309691	95.9297427
1675871504.4571087	96.02612400000001
1675871504.6157897	96.2521019
1675871504.753267	94.7485837
1675871504.9320884	93.9683624
1675871505.081638	96.5898581
1675871505.2102845	97.4536535
1675871505.3495603	97.3372119
1675871505.4971876	98.2061012
1675871505.6277118	97.18282540000001
1675871505.786235	94.6080178
1675871505.923264	95.3099684
1675871506.066442	95.46069729999999
1675871506.2031448	95.9174639
1675871506.3362112	96.106506
1675871506.4845426	95.67422690000001
1675871506.6231508	95.88523459999999
1675871506.7752588	96.33344369999999
1675871506.9336486	95.52995609999999
1675871507.0926185	96.3189122
1675871507.2553897	94.4844148
1675871507.391813	93.4326631
1675871507.5519557	95.2516979
1675871507.7106519	94.8242927
1675871507.8692863	95.8538587
1675871508.027701	95.5161952
1675871508.1768494	95.71434430000001
1675871508.3373756	97.2565019
1675871508.4956903	96.09490989999999
1675871508.6356826	95.7816646
1675871508.7732544	97.6372992
1675871508.9320312	96.55888610000001
1675871509.0793114	95.34825169999999
1675871509.2319753	95.9550486
1675871509.3769765	97.2891403
1675871509.5340126	97.1893585
1675871509.678225	96.3028793
1675871509.8298597	95.03919669999999
1675871509.9799407	95.3091014
1675871510.1428025	96.03219940000001
1675871510.3029015	96.281122
1675871510.450884	98.8942989
1675871510.6015735	97.4029717
1675871510.7515967	95.1797472
1675871510.8805687	96.0659859
1675871511.048221	96.1172359
1675871511.2029169	97.2175168
1675871511.3576279	96.2372107
1675871511.5203476	94.3898725
1675871511.657197	96.64345119999999
1675871511.812882	97.5629752
1675871511.9562583	97.9159003
1675871512.1047716	98.4047692
1675871512.25528	96.2069604
1675871512.4124947	94.0314673
1675871512.5565937	96.2702601
1675871512.724307	97.0483192
1675871512.8536901	97.5036899
1675871513.0138764	97.48218390000001
1675871513.1733806	95.0629811
1675871513.3106046	95.9685765
1675871513.4802532	97.70570500000001
1675871513.6178486	97.58377159999999
1675871513.7567902	97.46069879999999
1675871513.8941815	96.4664283
1675871514.0330985	95.1811354
1675871514.1710238	96.226288
1675871514.327772	97.15254080000001
1675871514.4614413	96.6689474
1675871514.5989528	97.810806
1675871514.7667227	95.8535221
1675871514.903291	95.0382196
1675871515.0619059	97.2785462
1675871515.21504	97.7211137
1675871515.3472288	98.3187254
1675871515.5102243	98.4525231
1675871515.6675444	95.51321159999999
1675871515.804089	96.50739469999999
1675871515.940436	98.6566943
1675871516.097835	96.9193013
1675871516.2526605	96.2665012
1675871516.381011	95.7077049
1675871516.5197413	94.56078889999999
1675871516.6744623	95.3606711
1675871516.802658	95.7094164
1675871516.9416919	96.2040924
1675871517.094141	96.84424279999999
1675871517.2371461	95.58435530000001
1675871517.3942916	95.3173604
1675871517.5376608	95.46955410000001
1675871517.6978378	96.8569404
1675871517.8356533	96.5009438
1675871517.9782202	96.9510083
1675871518.1120493	97.06993349999999
1675871518.25093	96.5572471
1675871518.3901076	96.72150020000001
1675871518.544892	95.7695638
1675871518.6882224	96.84795609999999
1675871518.8124795	97.5839605
1675871518.9355116	97.3547028
1675871519.0597482	95.65614120000001
1675871519.1982253	95.4468628
1675871519.3202913	96.3473611
1675871519.45817	97.2053311
1675871519.613468	96.9745439
1675871519.7382255	97.0792831
1675871519.8982296	94.5607109
1675871520.051717	94.9196812
1675871520.1760345	97.40748909999999
1675871520.3373792	96.9731835
1675871520.4789	97.76123609999999
1675871520.601931	97.2276693
1675871520.7596643	94.8483735
1675871520.87654	95.4079254
1675871521.0002265	96.6217326
1675871521.1262286	97.2482665
1675871521.2492087	97.457279
1675871521.4072313	95.44721589999999
1675871521.5205705	93.9028803
1675871521.6455178	95.7498412
1675871521.7854633	96.832603
1675871521.9282227	96.7299512
1675871522.062087	97.7011885
1675871522.207437	96.2702959
1675871522.339239	96.4061084
1675871522.483428	95.15291979999999
1675871522.6205027	94.9204435
1675871522.7631736	95.0157024
1675871522.922896	96.9011663
1675871523.0465481	96.00464070000001
1675871523.169516	95.626137
1675871523.3163612	95.5576256
1675871523.4602308	96.74518499999999
1675871523.6062784	96.8615435
1675871523.761473	97.32850830000001
1675871523.900048	95.8432803
1675871524.0525947	93.5391865
1675871524.1856673	95.4833316
1675871524.3271227	97.02376960000001
1675871524.4516	96.3306948
1675871524.5772061	96.474941
1675871524.7319968	95.6383263
1675871524.887407	94.2365059
1675871525.0358362	95.4820511
1675871525.1744773	96.09606819999999
1675871525.297597	96.3520749
1675871525.4232225	96.73494790000001
1675871525.578847	96.6943429
1675871525.7236054	96.46663099999999
1675871525.8465233	96.626349
1675871526.0009568	96.1256199
1675871526.1419158	96.9835235
1675871526.2959142	97.9686914
1675871526.4423301	96.3434154
1675871526.565543	95.25442770000001
1675871526.689268	97.1614078
1675871526.8450015	97.2898383
1675871526.9687185	96.74041749999999
1675871527.0933354	96.68211240000001
1675871527.2164516	97.22631480000001
1675871527.3724313	95.09907419999999
1675871527.5092103	95.0562851
1675871527.6647637	96.7935743
1675871527.7909904	96.7099566
1675871527.9293306	97.1746267
1675871528.0717897	96.0237473
1675871528.2130733	95.35576060000001
1675871528.3496678	96.02698029999999
1675871528.5047233	96.42601330000001
1675871528.647072	96.83316740000001
1675871528.7872193	96.3126586
1675871528.9211218	95.4310209
1675871529.043331	95.5315777
1675871529.1849585	96.1008973
1675871529.3402858	96.0554116
1675871529.4830954	97.9478339
1675871529.6564288	97.9057987
1675871529.7676141	95.058167
1675871529.9148467	93.9732901
1675871530.0346408	95.1593668
1675871530.1802468	96.26671929999999
1675871530.3000486	96.3153875
1675871530.4141078	96.2796852
1675871530.535983	96.29328319999999
1675871530.6743946	94.5008573
1675871530.826173	96.4570535
1675871530.970699	97.6793933
1675871531.1138418	96.1272076
1675871531.2356305	96.8210713
1675871531.3743837	96.7112772
1675871531.5344195	94.619906
1675871531.6871579	95.8151074
1675871531.8298347	96.8027022
1675871531.9501815	96.12414480000001
1675871532.0880818	96.64489619999999
1675871532.2519238	97.1242549
1675871532.4155555	96.4141829
1675871532.5532882	96.24094889999999
1675871532.7066066	95.3612506
1675871532.830233	96.40578789999999
1675871532.9531567	96.72599029999999
1675871533.1099572	96.4522012
1675871533.2512214	95.7547901
1675871533.3737354	97.74035640000001
1675871533.498032	98.45053850000001
1675871533.654019	97.6422277
1675871533.8143253	98.5413013
1675871533.962632	95.2349794
1675871534.0882018	94.97078859999999
1675871534.210078	95.9412981
1675871534.3479645	96.276358
1675871534.5020113	96.6066922
1675871534.642581	97.5437139
1675871534.797259	95.3251014
1675871534.9456942	95.66234379999999
1675871535.068222	96.6784148
1675871535.191474	95.8860968
1675871535.3154159	95.75361050000001
1675871535.4378073	96.7096999
1675871535.5622835	95.8926574
1675871535.70351	95.4975091
1675871535.8267512	94.9008769
1675871535.9508083	96.18843720000001
1675871536.0914016	96.7156728
1675871536.2508938	96.8335821
1675871536.3705957	95.4000759
1675871536.5106597	94.172493
1675871536.6482248	95.994797
1675871536.7875628	95.6701693
1675871536.9109645	95.918887
1675871537.0336797	97.0571603
1675871537.188524	96.5822294
1675871537.3306477	95.0935356
1675871537.4732492	96.2094311
1675871537.584976	96.1902147
1675871537.729236	94.8095593
1675871537.871986	96.0617898
1675871537.9951704	97.22068909999999
1675871538.1508265	95.68381550000001
1675871538.2724235	95.9792617
1675871538.4206283	97.23772679999999
1675871538.558218	96.3109578
1675871538.6830826	96.0816437
1675871538.826973	96.98403680000001
1675871538.9497342	95.1794876
1675871539.0725214	93.5143178
1675871539.1965306	95.6064373
1675871539.3372	97.5386762
1675871539.460665	96.96633200000001
1675871539.5843196	96.4454
1675871539.7068574	95.16280119999999
1675871539.8538358	94.07067909999999
1675871539.9928977	95.38714110000001
1675871540.116147	95.88279700000001
1675871540.239281	95.8860186
1675871540.3853528	96.1356979
1675871540.5415964	96.4854877
1675871540.6601527	95.5553272
1675871540.7838748	95.7514405
1675871540.906807	95.9126144
1675871541.0301216	97.2701094
1675871541.165149	97.41626389999999
1675871541.3082244	97.2830199
1675871541.448221	97.4478063
1675871541.6071653	95.46740580000001
1675871541.7599115	96.1112882
1675871541.8700542	95.6343902
1675871541.992059	95.5411311
1675871542.1129844	95.4544357
1675871542.237504	97.5993017
1675871542.360503	96.66837509999999
1675871542.4835284	96.10988900000001
1675871542.6080115	96.8381147
1675871542.7476904	95.43342750000001
1675871542.8933985	96.65935859999999
1675871543.0163972	97.2733678
1675871543.1652842	96.52364619999999
1675871543.3120954	96.9426417
1675871543.4493399	96.49173160000001
1675871543.5827367	96.08864940000001
1675871543.7048838	95.8347708
1675871543.843562	96.8529347
1675871543.9875271	96.61359780000001
1675871544.119601	96.2075958
1675871544.2631278	97.528047
1675871544.4027498	96.9577235
1675871544.5462391	96.49929879999999
1675871544.6693375	97.14205770000001
1675871544.7910216	94.8329202
1675871544.9153779	93.3466308
1675871545.0382211	95.414382
1675871545.1610875	96.1699031
1675871545.283983	95.4634319
1675871545.4323995	96.37019269999999
1675871545.572808	96.78592900000001
1675871545.6962817	95.7515533
1675871545.819422	95.4354505
1675871545.959956	95.51853790000001
1675871546.0792434	96.3960989
1675871546.218156	97.4071797
1675871546.35688	96.4856317
1675871546.4807239	95.2106135
1675871546.5919619	94.2498326
1675871546.7166736	95.6121748
1675871546.8378634	96.24250330000001
1675871546.9582553	97.001796
1675871547.081232	97.917566
1675871547.2293968	95.81443920000001
1675871547.3546722	94.034233
1675871547.4779294	95.49871259999999
1675871547.603487	97.2867669
1675871547.7274275	96.93553890000001
1675871547.865854	96.9761059
1675871548.0233395	96.1353452
1675871548.1712255	95.9744866
1675871548.3254883	97.8012214
1675871548.4812489	97.4121907
1675871548.6182263	96.7962116
1675871548.7967722	97.9863267
1675871548.9069848	97.5113265
1675871549.029359	96.5319782
1675871549.1512344	96.45306620000001
1675871549.2978945	96.50489730000001
1675871549.441597	96.4991222
1675871549.577885	97.9360234
1675871549.7355185	96.0358486
1675871549.8765435	94.42875470000001
1675871550.000043	94.55912310000001
1675871550.1398103	95.3180461
1675871550.2766984	94.9579723
1675871550.3894556	95.82047639999999
1675871550.534997	96.4174456
1675871550.6832066	94.6323597
1675871550.8199542	94.64632230000001
1675871550.9416146	94.3844396
1675871551.0815144	96.4190398
1675871551.210014	97.58530780000001
1675871551.3540554	97.490159
1675871551.4914188	96.1344366
1675871551.6343322	94.442518
1675871551.755883	94.97683310000001
1675871551.8775516	94.64771780000001
1675871552.0194924	95.40543869999999
1675871552.141108	95.95036660000001
1675871552.2642908	95.3647618
1675871552.4082208	94.5226847
1675871552.5281425	97.23179780000001
1675871552.6664762	98.1398242
1675871552.8059702	97.4115792
1675871552.9292378	97.7348792
1675871553.085916	96.78134770000001
1675871553.229135	93.98106639999999
1675871553.3693266	95.53064930000001
1675871553.4874804	97.2160952
1675871553.597363	97.9699017
1675871553.7201161	98.040005
1675871553.8592327	96.4749505
1675871554.000043	94.51205590000001
1675871554.131511	94.3581032
1675871554.2545161	95.7517325
1675871554.400032	96.08718069999999
1675871554.520617	97.0541915
1675871554.6752326	97.6024427
1675871554.828222	94.3081777
1675871554.9875164	94.75787489999999
1675871555.1447868	96.96230109999999
1675871555.2572043	96.2747188
1675871555.4040048	95.92499860000001
1675871555.5429924	95.46868880000001
1675871555.6744173	94.6223321
1675871555.797222	95.774674
1675871555.9373286	96.9961256
1675871556.0805852	96.8054752
1675871556.2174025	97.130063
1675871556.3607216	97.46607929999999
1675871556.4992332	95.9592658
1675871556.6382246	95.9496771
1675871556.7598076	96.9185743
1675871556.8767257	96.8026561
1675871557.0168366	97.54930119999999
1675871557.1462145	98.3233587
1675871557.268221	96.8776551
1675871557.4110906	96.3575621
1675871557.5468407	96.846154
1675871557.6673722	96.7863326
1675871557.7799547	97.0316667
1675871557.9007928	97.68216439999999
1675871558.0258934	96.85114779999999
1675871558.1482167	95.04281320000001
1675871558.3045297	96.1037591
1675871558.4430268	96.87905889999999
1675871558.5617738	95.6811872
1675871558.6845062	95.2869503
1675871558.8061724	96.39280679999999
1675871558.947196	94.7998037
1675871559.1062586	94.1613379
1675871559.223488	95.98884770000001
1675871559.3620424	96.12381439999999
1675871559.5217245	95.93223889999999
1675871559.675463	97.227791
1675871559.7982197	96.2970386
1675871559.9216394	96.4327362
1675871560.044967	98.0454543
1675871560.1876557	97.8901125
1675871560.3082316	97.4891047
1675871560.4329574	97.4653632
1675871560.574418	97.3121775
1675871560.6972535	94.5893037
1675871560.8208694	94.6855143
1675871560.9618175	96.307672
1675871561.0828102	96.1599063
1675871561.2221549	97.1338551
1675871561.377287	96.03633529999999
1675871561.5113165	96.06669959999999
1675871561.6520586	96.60903110000001
1675871561.7728713	96.5896608
1675871561.8934987	96.3632337
1675871562.0166168	96.8531141
1675871562.1410124	98.0131659
1675871562.2635734	97.3627766
1675871562.4067917	96.04299350000001
1675871562.5292969	96.4807225
1675871562.6526542	96.71749910000001
1675871562.7768059	96.5756639
1675871562.9008539	96.6068572
1675871563.0269854	96.5886256
1675871563.1507597	96.06490480000001
1675871563.2948391	95.658205
1675871563.4351056	96.44812110000001
1675871563.5923119	96.55084880000001
1675871563.7482176	96.7012768
1675871563.869642	97.3564911
1675871563.993358	95.9778209
1675871564.1165462	95.81952670000001
1675871564.238271	96.1009528
1675871564.3610084	96.2954459
1675871564.4846323	95.4174085
1675871564.6654518	96.4911406
1675871564.8138154	97.31460829999999
1675871564.9774876	96.9943082
1675871565.1206172	97.3631643
1675871565.298225	96.1063547
1675871565.4482203	95.45452490000001
1675871565.615555	94.7584266
1675871565.7846248	95.3088554
1675871565.9449584	96.7283751
1675871566.1035733	97.46364840000001
1675871566.264106	97.08932639999999
1675871566.423224	95.2932933
1675871566.564922	94.8930851
1675871566.725582	97.53614639999999
1675871566.8852494	97.53452279999999
1675871567.044683	97.06505999999999
1675871567.2210386	97.2771636
1675871567.3819585	95.7257277
1675871567.5382123	95.4760761
1675871567.662228	95.8635994
1675871567.7859406	96.445349
1675871567.9097	97.39108350000001
1675871568.052679	96.8712903
1675871568.17632	95.2074918
1675871568.318231	95.44125589999999
1675871568.4649696	96.5263391
1675871568.594442	95.6124682
1675871568.7606788	96.7656857
1675871568.881202	96.68412719999999
1675871569.0030136	94.05302329999999
1675871569.1272342	93.1186968
1675871569.2382174	95.9259301
1675871569.363455	96.2350031
1675871569.4879496	96.7981643
1675871569.6316655	97.116709
1675871569.7897024	94.6134038
1675871569.934977	93.18929720000001
1675871570.0597377	95.8473822
1675871570.183803	96.03119070000001
1675871570.3067431	96.21261220000001
1675871570.4395163	97.046605
1675871570.584352	96.16365189999999
1675871570.7082202	94.2743113
1675871570.8654528	95.3113361
1675871571.0258863	95.4200541
1675871571.1777725	96.5418698
1675871571.3211956	98.5582536
1675871571.4679587	96.1300574
1675871571.609232	95.7652904
1675871571.766164	95.8883345
1675871571.8982263	96.0718698
1675871572.0562675	97.8834203
1675871572.1934333	98.39092389999999
1675871572.362136	95.93896690000001
1675871572.491935	95.2565437
1675871572.6080074	96.46772130000001
1675871572.7541265	96.277701
1675871572.8782218	95.81038729999999
1675871573.0265865	96.95380150000001
1675871573.1541173	94.40769979999999
1675871573.3162081	94.0446599
1675871573.4459789	95.5075973
1675871573.5703394	95.8819385
1675871573.7154515	96.9890567
1675871573.8393395	97.3932882
1675871573.963869	95.6987732
1675871574.087132	93.81926
1675871574.247825	96.1081078
1675871574.3930316	96.0493288
1675871574.5212224	95.46706139999999
1675871574.6601388	96.34221930000001
1675871574.7993317	96.3827203
1675871574.9453645	95.2560245
1675871575.0800328	96.0069414
1675871575.22575	97.7954186
1675871575.3652635	97.54237520000001
1675871575.5067496	96.470444
1675871575.643894	94.8961527
1675871575.797968	95.1215059
1675871575.961153	96.21486
1675871576.1151035	95.6830724
1675871576.260598	95.95609250000001
1675871576.3849943	95.5241039
1675871576.5085073	93.8839239
1675871576.6631446	94.5656314
1675871576.8082256	95.5506386
1675871576.9527907	95.37484529999999
1675871577.0755508	95.64431230000001
1675871577.2237077	96.27475650000001
1675871577.3475673	95.3805828
1675871577.479536	94.09315860000001
1675871577.6392288	97.07284130000001
1675871577.7782228	97.9418702
1675871577.9379365	95.9487181
1675871578.0754724	96.4912904
1675871578.2055323	95.6542232
1675871578.3477466	95.7365952
1675871578.5102332	95.31896619999999
1675871578.6540315	97.1551205
1675871578.7934177	98.7761732
1675871578.9408362	97.00988469999999
1675871579.0987082	96.0615145
1675871579.258223	97.6683562
1675871579.4182093	97.4483326
1675871579.5402572	97.6677522
1675871579.6950784	96.7674726
1675871579.8624325	95.7771815
1675871580.0200815	96.6607617
1675871580.1581368	95.6504102
1675871580.2930315	96.3690737
1675871580.450068	97.4810463
1675871580.5902004	95.2903626
1675871580.7465873	94.1094303
1675871580.8841586	96.3825198
1675871581.0124831	97.1690083
1675871581.1635258	97.28663660000001
1675871581.311107	97.664337
1675871581.4399972	96.287181
1675871581.5919344	95.2724172
1675871581.7334766	96.4251592
1675871581.869223	97.62309099999999
1675871582.0180407	98.7231649
1675871582.1569717	99.4545699
1675871582.3088305	95.6987855
1675871582.4528599	94.5726772
1675871582.5932832	96.5342959
1675871582.729981	95.6646885
1675871582.8683083	96.29383969999999
1675871583.005727	96.6104258
1675871583.1409695	95.674601
1675871583.2798405	95.66029160000001
1675871583.4174707	96.9289976
1675871583.5982258	96.0862675
1675871583.7526646	97.1320194
1675871583.889954	95.6769259
1675871584.0264292	94.0859815
1675871584.1624138	96.3673847
1675871584.3211753	97.51753570000001
1675871584.480369	96.8362378
1675871584.6379547	97.0161997
1675871584.7706685	95.4530463
1675871584.9374666	93.7410873
1675871585.0751522	96.2554097
1675871585.236629	96.86468939999999
1675871585.3882217	98.2787643
1675871585.532825	97.8735875
1675871585.6661396	95.48460320000001
1675871585.7979977	95.14122760000001
1675871585.941188	96.3139742
1675871586.1004333	96.72078330000001
1675871586.2606745	98.42589910000001
1675871586.3907425	97.4423636
1675871586.5378408	96.7987213
1675871586.6982253	96.88540449999999
1675871586.8304114	96.2078557
1675871586.967446	96.367527
1675871587.1199539	98.0551954
1675871587.2748747	95.9265693
1675871587.4092264	95.27597390000001
1675871587.5476947	95.955096
1675871587.7153268	95.9136476
1675871587.8769777	97.6981427
1675871588.0212834	97.612378
1675871588.1566963	94.9009735
1675871588.2949378	94.3619028
1675871588.4679744	95.9825243
1675871588.5929954	96.6704617
1675871588.7163594	98.4176336
1675871588.8660336	97.7551558
1675871588.9972043	96.0731873
1675871589.136639	97.71028349999999
1675871589.2842507	98.33137020000001
1675871589.4282088	96.7197518
1675871589.5682144	96.8164929
1675871589.697638	96.5743142
1675871589.8416333	95.45457470000001
1675871589.9851635	96.02798849999999
1675871590.141471	97.38617199999999
1675871590.304114	98.1464242
1675871590.4615781	98.1970163
1675871590.6203048	95.3537154
1675871590.761275	93.4031439
1675871590.916954	96.2253147
1675871591.0761478	96.7003692
1675871591.2101026	97.4861491
1675871591.3445494	96.5280515
1675871591.4911542	96.3508661
1675871591.6476865	97.0784386
1675871591.8144407	95.51653979999999
1675871591.9720545	95.9441573
1675871592.1207905	96.3193682
1675871592.259339	95.1826739
1675871592.4117339	94.8228203
1675871592.5500014	95.70164890000001
1675871592.713681	95.5131777
1675871592.8527262	97.16045650000001
1675871592.9921107	97.79521720000001
1675871593.1253142	95.27240139999999
1675871593.2658195	95.36950449999999
1675871593.4082227	98.5228435
1675871593.5682802	99.1730676
1675871593.7124336	98.1019536
1675871593.8652108	98.0963046
1675871594.0238657	95.9018009
1675871594.2042084	96.191917
1675871594.3597724	96.2850237
1675871594.5215075	96.1670687
1675871594.6772478	97.2803502
1675871594.8163066	95.34690499999999
1675871594.975733	95.166239
1675871595.141566	96.1282064
1675871595.275241	96.07786979999999
1675871595.4243515	96.91036869999999
1675871595.5797377	97.1891188
1675871595.7192707	94.8895418
1675871595.8643742	95.56582010000001
1675871596.003497	97.03160650000001
1675871596.1631858	96.5834899
1675871596.3001688	97.0483901
1675871596.4592228	95.97904009999999
1675871596.604346	94.674096
1675871596.7382152	95.33563840000001
1675871596.8853679	94.9143617
1675871597.0435207	93.8060663
1675871597.1899602	95.1676672
1675871597.3569033	94.16070880000001
1675871597.5209167	95.0699738
1675871597.668225	97.6478891
1675871597.8282287	96.757487
1675871597.9922957	95.3201681
1675871598.134751	95.1535406
1675871598.2992294	95.0138774
1675871598.4588025	95.7895209
1675871598.726689	97.5492535
