Time (s)\Voltage (mV)
1675870275.3614814	97.6771103
1675870275.4713051	97.8940798
1675870275.6396034	98.07507059999999
1675870275.7766857	98.5337039
1675870275.9165843	96.4595618
1675870276.0375233	96.5989334
1675870276.1730974	97.5650728
1675870276.3102176	96.2008225
1675870276.439	96.6964139
1675870276.5551968	99.3424452
1675870276.6773396	97.084512
1675870276.7990744	95.297928
1675870276.9582174	96.20445480000001
1675870277.0974948	96.4116162
1675870277.2543805	95.74031889999999
1675870277.4145334	96.9940115
1675870277.5417383	96.586519
1675870277.678217	95.11169410000001
1675870277.819883	96.5791669
1675870277.9562883	96.9964993
1675870278.0772173	97.1154283
1675870278.184897	97.1802035
1675870278.3100092	96.7581098
1675870278.4513264	94.61945519999999
1675870278.5923002	95.11169699999999
1675870278.7113442	96.7975912
1675870278.8720572	96.7169232
1675870279.020203	98.2539226
1675870279.1722322	97.570645
1675870279.3171597	95.3078923
1675870279.4494977	96.4443941
1675870279.5715082	97.0467216
1675870279.7116003	97.22291349999999
1675870279.8670912	97.3724641
1675870280.0281801	96.4838679
1675870280.1829808	95.761744
1675870280.3023453	98.2277151
1675870280.4258723	97.9667387
1675870280.567334	97.3395417
1675870280.6953306	98.0494599
1675870280.8169646	97.3779818
1675870280.9554324	95.4465521
1675870281.0941267	96.1208417
1675870281.2345042	97.57398570000001
1675870281.3446345	98.10331240000001
1675870281.4919734	99.31370220000001
1675870281.6345334	97.18845800000001
1675870281.7566998	94.95308299999999
1675870281.913559	96.1769843
1675870282.0562842	97.88229580000001
1675870282.2136035	95.5731806
1675870282.3531117	97.1852902
1675870282.4827127	97.54314679999999
1675870282.6282146	95.057909
1675870282.7482214	95.3242094
1675870282.8725138	96.7100014
1675870282.9957335	98.1297802
1675870283.1182232	98.891215
1675870283.2419813	97.6431673
1675870283.374943	96.6539467
1675870283.5208316	96.1296304
1675870283.6603723	98.48536130000001
1675870283.7769213	97.5015741
1675870283.8891468	95.8784159
1675870284.01181	98.5702868
1675870284.1549957	97.9609233
1675870284.3047938	94.4345069
1675870284.448621	95.3062565
1675870284.6248696	97.257801
1675870284.7656507	98.2165992
1675870284.921141	97.93321839999999
1675870285.0499222	96.0403294
1675870285.1892533	96.1008959
1675870285.3470297	96.6920107
1675870285.496358	97.19489250000001
1675870285.619217	97.42864750000001
1675870285.741289	98.1114345
1675870285.881658	95.039478
1675870286.0208037	93.794772
1675870286.1428747	95.3322761
1675870286.2656832	95.7095063
1675870286.3880808	96.2451728
1675870286.5120053	97.5995898
1675870286.6353552	96.87139570000001
1675870286.7683725	96.23555209999999
1675870286.929231	96.56588239999999
1675870287.0482426	97.2378908
1675870287.182807	98.6449384
1675870287.3071835	98.2514425
1675870287.430382	96.40354149999999
1675870287.554684	96.18330329999999
1675870287.6772106	97.28391549999999
1675870287.8017547	97.01170909999999
1675870287.9250867	96.7579189
1675870288.0676825	97.6858353
1675870288.1906934	98.1582973
1675870288.34725	95.8725796
1675870288.4792187	94.4810091
1675870288.6024475	95.7214611
1675870288.741806	96.360335
1675870288.8793378	97.0888209
1675870289.0032196	98.1984104
1675870289.1660147	97.00304969999999
1675870289.3208292	96.2870187
1675870289.4654598	97.1020201
1675870289.6157017	96.4985312
1675870289.7417583	96.85914819999999
1675870289.8662329	96.96823409999999
1675870289.989222	95.2112043
1675870290.1507196	94.8249874
1675870290.2638814	96.4820973
1675870290.4081721	98.0359725
1675870290.5472565	97.83858769999999
1675870290.6996944	97.8215527
1675870290.8411124	97.1844008
1675870290.9793203	96.4706443
1675870291.1387694	97.0076941
1675870291.2767427	97.7496528
1675870291.4351306	96.83893450000001
1675870291.574386	98.0756644
1675870291.7043247	96.58119830000001
1675870291.8345568	96.74369060000001
1675870291.9734404	98.8002127
1675870292.1282136	98.3469075
1675870292.2625582	98.15271200000001
1675870292.4011066	97.7002938
1675870292.5240407	95.14320930000001
1675870292.682007	94.6388737
1675870292.8215053	97.3828112
1675870292.9572659	96.9714354
1675870293.0990818	96.6723397
1675870293.2386138	97.19720430000001
1675870293.3946023	94.4424921
1675870293.5222223	94.3918932
1675870293.6607373	97.32096849999999
1675870293.783484	97.1474093
1675870293.941427	96.9331695
1675870294.0663412	96.83752750000001
1675870294.1892338	95.3002915
1675870294.3349843	95.3078082
1675870294.4623303	96.8001458
1675870294.6034102	97.1219358
1675870294.7464948	96.97932469999999
1675870294.8696275	96.53562409999999
1675870295.0078819	96.5896633
1675870295.1718943	96.2613819
1675870295.2948375	97.24102210000001
1675870295.4405525	96.5629684
1675870295.574667	96.9207078
1675870295.7361965	97.6213008
1675870295.884714	95.0847648
1675870296.0235262	94.6809265
1675870296.1468453	97.3379526
1675870296.303995	96.8641506
1675870296.4432015	96.0510975
1675870296.585168	95.9819561
1675870296.716755	94.70772989999999
1675870296.8712652	96.132574
1675870297.0082169	97.6637366
1675870297.1325507	97.3170935
1675870297.2773097	97.7736622
1675870297.3997743	98.4929478
1675870297.540027	96.8701054
1675870297.6853023	96.16515439999999
1675870297.8082232	96.0869512
1675870297.932316	95.31544960000001
1675870298.0565758	96.3510445
1675870298.202927	98.2320686
1675870298.3368888	97.99754589999999
1675870298.4976637	96.5094907
1675870298.6368854	98.7572216
1675870298.777906	98.9162989
1675870298.897895	97.4939942
1675870299.019235	97.689881
1675870299.142257	95.8102614
1675870299.2813878	95.0160287
1675870299.4182208	95.50825929999999
1675870299.574495	96.7331201
1675870299.7373054	96.8323568
1675870299.866578	97.4778788
1675870299.9815938	96.4065771
1675870300.1043823	95.8804862
1675870300.2292342	95.83588710000001
1675870300.3871636	96.0186274
1675870300.5238478	96.9218891
1675870300.6610446	97.46644409999999
1675870300.8162158	96.25707510000001
1675870300.9392579	95.61992769999999
1675870301.0829997	96.9936655
1675870301.2065213	96.8213325
1675870301.3305256	96.5215186
1675870301.485567	96.7445218
1675870301.645949	96.22102579999999
1675870301.7879539	94.5883877
1675870301.92427	94.8395122
1675870302.0766816	96.5791638
1675870302.2222803	97.62569479999999
1675870302.3717864	97.9745107
1675870302.5051215	96.00321100000001
1675870302.628015	95.4739946
1675870302.7822793	96.303012
1675870302.9443338	95.9089057
1675870303.0671828	96.30090419999999
1675870303.2130945	97.5135276
1675870303.3711805	96.196097
1675870303.493696	96.1705768
1675870303.6366026	96.8103816
1675870303.7645001	97.4005044
1675870303.905104	97.4272669
1675870304.0441034	98.404332
1675870304.1661773	97.050793
1675870304.2882242	95.4669362
1675870304.4120991	96.4735115
1675870304.5509944	97.6768717
1675870304.7129846	97.82544510000001
1675870304.8339484	97.6929667
1675870304.9593275	97.3470743
1675870305.0722413	96.2333992
1675870305.2201836	96.0213434
1675870305.342012	96.5350454
1675870305.4652598	96.70872329999999
1675870305.5882132	96.9357211
1675870305.71214	98.5016439
1675870305.8363903	96.80758809999999
1675870305.9741125	95.15354330000001
1675870306.0969856	95.52510740000001
1675870306.2203438	96.96948689999999
1675870306.343392	97.2370473
1675870306.4908469	96.63270209999999
1675870306.601467	96.202417
1675870306.7267518	94.7148332
1675870306.851434	95.097585
1675870306.974578	95.6722292
1675870307.130631	95.56664959999999
1675870307.2473307	97.260873
1675870307.3695028	98.2651846
1675870307.5082278	96.567197
1675870307.6466308	96.0368275
1675870307.8057835	97.5218761
1675870307.9517512	96.918816
1675870308.0880556	97.5448692
1675870308.2100747	98.7280667
1675870308.3472204	96.73195869999999
1675870308.4655552	97.38413
1675870308.600823	98.24392710000001
1675870308.7364671	97.9266035
1675870308.856477	98.8931176
1675870308.9793978	98.4705467
1675870309.102887	97.2116666
1675870309.2482138	94.7274525
1675870309.3926177	94.4070291
1675870309.5130758	96.0325088
1675870309.652228	96.6335906
1675870309.8107934	96.9647303
1675870309.9323204	96.5079226
1675870310.0550487	95.6697238
1675870310.1780853	95.3866927
1675870310.3013196	97.1637489
1675870310.4455497	96.6922473
1675870310.5659459	96.31579049999999
1675870310.6895282	97.619029
1675870310.8117423	96.91412100000001
1675870310.934622	96.2106382
1675870311.0911934	97.46897879999999
1675870311.232483	97.2129918
1675870311.356134	96.3901003
1675870311.4955978	98.062753
1675870311.6147542	98.29333360000001
1675870311.7266042	95.8388721
1675870311.8504188	97.24759110000001
1675870311.996047	97.79769970000001
1675870312.1534917	98.1045708
1675870312.277518	98.39756580000001
1675870312.401473	99.1928207
1675870312.5219126	97.06954669999999
1675870312.645136	95.7239578
1675870312.7676952	95.24796789999999
1675870312.9264498	95.9986253
1675870313.0660288	96.53724319999999
1675870313.2199981	98.5095579
1675870313.3705943	97.70738499999999
1675870313.5176733	96.1039803
1675870313.6348748	96.373526
1675870313.7851107	96.8800422
1675870313.9242315	96.2988838
1675870314.0466135	96.8050729
1675870314.17069	96.602619
1675870314.324341	95.9454559
1675870314.4459124	97.2199114
1675870314.5876338	97.24608830000001
1675870314.719822	97.3153378
1675870314.8419685	97.6499966
1675870314.985521	98.0571077
1675870315.1329644	94.6033654
1675870315.2867799	96.2379692
1675870315.4110484	96.9944571
1675870315.534024	95.9802037
1675870315.674682	96.5515075
1675870315.8147743	96.74165210000001
1675870315.9363177	96.26242810000001
1675870316.0592353	95.8365533
1675870316.1963532	97.50759670000001
1675870316.3545172	97.6372143
1675870316.4775648	97.21979610000001
1675870316.599326	97.1400352
1675870316.7398412	95.0772915
1675870316.8523083	95.55590049999999
1675870316.9773316	96.54120200000001
1675870317.101823	97.324972
1675870317.2235584	96.23274160000001
1675870317.364267	97.2055789
1675870317.5169559	95.762428
1675870317.678218	96.9100821
1675870317.817798	97.9713948
1675870317.9421666	97.4180471
1675870318.0618467	98.30700370000001
1675870318.184871	99.0915378
1675870318.3067327	97.0281904
1675870318.4297428	95.8031347
1675870318.5670347	96.62655459999999
1675870318.686192	98.1488922
1675870318.8092327	97.5736873
1675870318.931263	98.0797494
1675870319.076447	97.9037014
1675870319.2040448	96.02890649999999
1675870319.3237777	96.12548149999999
1675870319.4652138	96.6838953
1675870319.6044881	96.7609569
1675870319.7582264	97.07288009999999
1675870319.9191723	96.9284098
1675870320.0500925	97.263732
1675870320.1782207	97.3537544
1675870320.3172805	97.5158201
1675870320.4565313	96.84037239999999
1675870320.5806959	97.11969119999999
1675870320.690853	97.9276826
1675870320.8160493	97.7675651
1675870320.9548352	95.9122328
1675870321.101281	95.6230375
1675870321.2443295	95.8017639
1675870321.364675	96.1248759
1675870321.4825552	97.0525334
1675870321.6039314	96.00503929999999
1675870321.7436259	91.94858740000001
1675870321.8811474	94.2976242
1675870322.0204813	96.6986902
1675870322.169226	97.3043036
1675870322.3315444	97.59717090000001
1675870322.468218	96.5754283
1675870322.6262069	94.3982614
1675870322.7636757	96.5693567
1675870322.8976612	97.3279373
1675870323.0582218	97.0867956
1675870323.2192345	98.3713763
1675870323.3570187	96.4412989
1675870323.512624	95.17412379999999
1675870323.6667905	98.2521929
1675870323.8009472	97.6025003
1675870323.9327524	97.41188389999999
1675870324.0722713	98.3031242
1675870324.2303302	95.6065436
1675870324.3590696	95.9503354
1675870324.498214	96.9169235
1675870324.636495	97.04920200000001
1675870324.7743976	96.4753186
1675870324.9382179	97.9329985
1675870325.102433	96.2827702
1675870325.2460601	95.9482244
1675870325.4071786	97.88051490000001
1675870325.5671935	97.0116149
1675870325.694609	96.4178235
1675870325.8428376	96.600356
1675870326.001036	95.91022120000001
1675870326.16357	97.5106319
1675870326.2957842	96.596121
1675870326.4302707	97.80896279999999
1675870326.568221	98.370282
1675870326.710706	97.18586880000001
1675870326.8450375	97.5071534
1675870327.0119371	97.84362639999999
1675870327.1414018	96.1158631
1675870327.2880824	96.01436670000001
1675870327.4224484	96.4176725
1675870327.5561912	95.06293070000001
1675870327.7176735	96.6527408
1675870327.8732255	97.55623150000001
1675870328.0130017	96.3461307
1675870328.1682122	96.3958126
1675870328.303204	96.799311
1675870328.4409986	96.0557974
1675870328.5905094	97.1618505
1675870328.7421615	97.2152972
1675870328.87581	97.58350859999999
1675870329.027918	97.380837
1675870329.1653764	96.7456337
1675870329.2963097	96.79960799999999
1675870329.4541552	97.3990314
1675870329.6078506	96.4471006
1675870329.7579525	97.57082840000001
1675870329.9157872	97.458872
1675870330.0482213	94.9441253
1675870330.2082224	95.4059934
1675870330.3679006	96.0482587
1675870330.524481	96.488187
1675870330.6818225	98.0614821
1675870330.8371933	97.1607464
1675870330.9659147	95.9498986
1675870331.1115177	97.618766
1675870331.2507417	97.3231927
1675870331.390683	96.88446169999999
1675870331.529042	99.0147455
1675870331.6769075	97.90230799999999
1675870331.827562	95.8633332
1675870331.9670107	97.4014297
1675870332.101261	97.7669564
1675870332.229595	97.2880838
1675870332.375645	98.4346638
1675870332.515284	96.2684627
1675870332.676353	95.60213970000001
1675870332.813616	97.3861969
1675870332.9457755	96.6162583
1675870333.0737333	97.56199740000001
1675870333.2399702	97.50693559999999
1675870333.367877	95.4868276
1675870333.4966745	96.2476432
1675870333.6555398	98.9246792
1675870333.8202043	98.2141493
1675870333.958223	96.8081395
1675870334.103651	95.9570706
1675870334.2452204	95.5746549
1675870334.4100225	97.0645884
1675870334.5602274	97.4087553
1675870334.699409	96.9307683
1675870334.8535237	96.5800552
1675870334.9982042	95.3226222
1675870335.1569226	95.3260138
1675870335.3145869	96.35520009999999
1675870335.4697595	96.2554179
1675870335.6193175	97.2186883
1675870335.7815897	96.2955244
1675870335.9437103	95.1471842
1675870336.0771525	97.4389437
1675870336.2129529	97.82216820000001
1675870336.3582156	96.9222262
1675870336.4973562	96.83248880000001
1675870336.6620967	96.765028
1675870336.801067	95.93045930000001
1675870336.9316623	96.4783401
1675870337.059863	96.8219849
1675870337.2141292	96.2100193
1675870337.3699143	97.4602321
1675870337.5382175	95.83042710000001
1675870337.6792052	96.1129384
1675870337.8172143	96.7691579
1675870337.966264	96.4330915
1675870338.1304066	97.8594846
1675870338.2638986	97.2906285
1675870338.4010725	94.9150119
1675870338.5279307	95.0605184
1675870338.6682243	96.56130929999999
1675870338.8118503	95.21266220000001
1675870338.9717507	96.0938791
1675870339.1282225	96.8553825
1675870339.2610736	95.63339930000001
1675870339.4057915	96.87346269999999
1675870339.5641134	97.8685917
1675870339.7249355	97.573601
1675870339.8808823	98.85593
1675870340.0408401	97.2045777
1675870340.177976	95.7563252
1675870340.3180742	95.82013
1675870340.4662678	96.0196292
1675870340.5916712	95.92809820000001
1675870340.7149081	97.90692539999999
1675870340.8365054	97.26133659999999
1675870340.980864	97.01062169999999
1675870341.114017	97.649962
1675870341.2355077	96.6488672
1675870341.3582208	95.71080780000001
1675870341.482264	97.70432360000001
1675870341.654356	97.01521120000001
1675870341.7974825	95.50515010000001
1675870341.9220445	96.27309539999999
1675870342.0797327	96.9033366
1675870342.1917837	96.6478065
1675870342.3376274	98.0934916
1675870342.494194	95.9972604
1675870342.654727	94.749018
1675870342.799263	96.064752
1675870342.921057	95.573955
1675870343.0369852	96.7787464
1675870343.1582224	97.0235406
1675870343.2980165	96.7520176
1675870343.4371789	95.9699637
1675870343.5743709	97.0719899
1675870343.7396529	96.7270182
1675870343.8629532	96.96575960000001
1675870343.994869	97.0480033
1675870344.1182218	97.6731316
1675870344.2827396	96.0701175
1675870344.4157782	96.9848639
1675870344.5804586	97.4205048
1675870344.7106311	97.7168621
1675870344.8341637	98.356384
1675870344.9718714	98.3771629
1675870345.1144686	94.7493618
1675870345.248228	95.6223418
1675870345.385346	96.0421259
1675870345.5228252	96.507963
1675870345.6820917	98.9578867
1675870345.830457	96.7335056
1675870345.9601543	95.7351407
1675870346.0822358	97.858545
1675870346.2225187	97.8368153
1675870346.364157	97.4171712
1675870346.5072284	96.9775514
1675870346.6464791	95.16708270000001
1675870346.7982929	94.5932958
1675870346.9475374	97.0831173
1675870347.070663	96.80199370000001
1675870347.1940622	95.7747387
1675870347.3182108	96.82396410000001
1675870347.4470541	96.7684909
1675870347.5729308	95.4337443
1675870347.7142808	95.44092160000001
1675870347.8372078	96.2716225
1675870347.994538	96.25771519999999
1675870348.1349852	97.4126916
1675870348.290723	96.0794979
1675870348.4338186	94.4556178
1675870348.5578852	95.6785462
1675870348.706224	96.6977501
1675870348.8326132	97.00592569999999
1675870348.9924111	98.34525
1675870349.143969	97.1231677
1675870349.261656	93.7050205
1675870349.3852863	95.24160099999999
1675870349.5099	95.7450858
1675870349.6568966	95.7929441
1675870349.8160486	96.5948932
1675870349.970743	96.3713641
1675870350.094808	94.2647867
1675870350.2314498	95.5590677
1675870350.3603563	96.7881427
1675870350.5032802	96.86858959999999
1675870350.660755	98.0396503
1675870350.8018458	97.63728350000001
1675870350.9804	95.341971
1675870351.1177955	96.6355131
1675870351.253376	96.9623148
1675870351.3772166	97.5875731
1675870351.5246634	98.5475503
1675870351.6571743	96.6868027
1675870351.7793372	96.834075
1675870351.9169824	98.1620818
1675870352.045166	96.7812418
1675870352.1845808	96.69574440000001
1675870352.3261428	98.325896
1675870352.458217	96.93497839999999
1675870352.6206954	96.20157429999999
1675870352.7445507	96.48209639999999
1675870352.8677802	97.80950569999999
1675870352.9920297	97.7932246
1675870353.1395998	98.0998137
1675870353.2645562	97.7769854
1675870353.4017541	94.673517
1675870353.5557034	94.94513359999999
1675870353.6811786	97.0852752
1675870353.8237488	97.82153790000001
1675870353.9629724	97.8491154
1675870354.097381	97.1546626
1675870354.221323	95.51865280000001
1675870354.3536568	95.17174089999999
1675870354.5108547	95.9777973
1675870354.655165	96.0358603
1675870354.7875412	96.4532749
1675870354.9310746	96.45943390000001
1675870355.068215	96.0260079
1675870355.2059824	96.7310987
1675870355.3387775	97.7900867
1675870355.4842389	97.36953199999999
1675870355.618216	98.4780433
1675870355.7514973	97.351357
1675870355.896165	95.6339606
1675870356.0201316	95.56658730000001
1675870356.1633472	95.44266479999999
1675870356.2765687	94.88917219999999
1675870356.4015718	96.3280418
1675870356.5260034	96.62307870000001
1675870356.6815016	94.31597
1675870356.8132699	95.2794566
1675870356.9750664	97.679223
1675870357.1032073	97.1071122
1675870357.259384	98.0721415
1675870357.412861	97.6203595
1675870357.5269032	96.40388499999999
1675870357.6482184	96.0935757
1675870357.7882268	96.0308075
1675870357.9326077	96.08552130000001
1675870358.0660393	96.7002923
1675870358.219447	97.9988173
1675870358.3749707	97.4835657
1675870358.4972615	96.401398
1675870358.6212456	97.8160109
1675870358.744471	97.54574840000001
1675870358.867233	97.1974788
1675870358.9910922	98.2717054
1675870359.1282291	96.7635804
1675870359.2527678	94.7396045
1675870359.3856702	95.5762376
1675870359.5407665	95.9623579
1675870359.6848478	96.06263919999999
1675870359.8173428	97.6385137
1675870359.9592583	96.7415575
1675870360.1003299	95.7465089
1675870360.239165	97.6095806
1675870360.3725653	97.3763019
1675870360.5182154	96.4957931
1675870360.6419563	96.876444
1675870360.799264	96.8896917
1675870360.9416318	95.9762646
1675870361.085781	95.7295194
1675870361.2215326	96.4083867
1675870361.3661108	97.5129609
1675870361.5116718	98.56997559999999
1675870361.6495183	96.9950748
1675870361.795121	95.8747335
1675870361.919591	97.4725334
1675870362.0437312	97.5041111
1675870362.187617	95.8648173
1675870362.3103333	96.7335738
1675870362.4541447	97.3543043
1675870362.604141	96.67113099999999
1675870362.7504838	96.76229190000001
1675870362.892559	96.5107468
1675870363.0151057	96.1237472
1675870363.148223	96.8152941
1675870363.2919607	97.1193722
1675870363.446603	95.3220123
1675870363.6079931	96.0432764
1675870363.763389	96.52623679999999
1675870363.9053566	97.4982763
1675870364.0251381	97.7435004
1675870364.146815	97.3931867
1675870364.2682176	96.6620274
1675870364.4071403	96.9028829
1675870364.5460753	96.90542289999999
1675870364.690858	96.3022104
1675870364.8256958	97.1479943
1675870364.9862516	96.48192610000001
1675870365.1073952	94.1861022
1675870365.2645643	94.5625129
1675870365.4153495	96.30402070000001
1675870365.575218	95.6117444
1675870365.723024	96.7480223
1675870365.8981407	94.93139550000001
1675870366.0204024	94.3248617
1675870366.1566012	96.0732586
1675870366.299445	97.92136529999999
1675870366.4229207	98.9894105
1675870366.568054	96.48627549999999
1675870366.70811	95.0178391
1675870366.8702264	95.5725556
1675870367.0001056	96.8549694
1675870367.1460452	96.89613680000001
1675870367.2704039	97.2985693
1675870367.4140334	96.7005636
1675870367.5482213	96.417958
1675870367.7078764	96.0242985
1675870367.8363006	96.99461480000001
1675870367.9982128	96.13437699999999
1675870368.1646214	97.8852914
1675870368.288369	99.0419366
1675870368.4134884	97.2097517
1675870368.5734348	96.4310196
1675870368.7309315	96.1128146
1675870368.853239	95.2022181
1675870368.9775136	95.665955
1675870369.100747	96.4358418
1675870369.2246647	95.5939323
1675870369.3676908	96.2794161
1675870369.4919941	96.3084961
1675870369.637252	94.7213898
1675870369.7846305	96.9254731
1675870369.9109783	97.3501596
1675870370.0482247	95.0149638
1675870370.191437	95.12757049999999
1675870370.3298042	96.0269537
1675870370.4664652	94.93303279999999
1675870370.605974	96.2852162
1675870370.7474372	97.3147023
1675870370.8853798	95.8692576
1675870371.0432582	95.8526098
1675870371.165817	97.438066
1675870371.2901697	97.3368844
1675870371.4133563	97.39404979999999
1675870371.5499215	97.95568270000001
1675870371.6806095	96.7128993
1675870371.8270433	96.7057607
1675870371.9513102	97.36875540000001
1675870372.0755622	97.1344323
1675870372.2324078	98.2100083
1675870372.3704526	98.0452537
1675870372.510565	94.89969169999999
1675870372.6437843	94.58668820000001
1675870372.7825265	96.65941190000001
1675870372.912012	97.68865240000001
1675870373.0653284	97.1238492
1675870373.212094	97.30085530000001
1675870373.3446004	96.7271848
1675870373.504043	95.95349590000001
1675870373.6616118	97.3511721
1675870373.8061311	96.3421729
1675870373.9269419	97.326763
1675870374.049746	96.40694649999999
1675870374.1730924	96.6546789
1675870374.2964113	96.0386924
1675870374.4275625	96.8791352
1675870374.5522227	97.9731244
1675870374.6882222	98.9621507
1675870374.8465636	97.2583683
1675870374.987989	95.75161
1675870375.113461	96.379851
1675870375.261209	96.14542589999999
1675870375.4214628	96.7216717
1675870375.565953	96.3248505
1675870375.7226548	95.76195129999999
1675870375.8614457	94.8580568
1675870375.9957066	93.5334828
1675870376.1204998	96.1806248
1675870376.24445	97.04004450000001
1675870376.400961	96.6573355
1675870376.5620437	96.6164395
1675870376.6849248	95.7719989
1675870376.8312876	93.9763648
1675870376.9900107	95.4751427
1675870377.1325045	96.1919856
1675870377.2656758	96.7845557
1675870377.3902216	98.10687490000001
1675870377.513811	96.53537800000001
1675870377.6377037	94.38765339999999
1675870377.76083	95.5805658
1675870377.907193	97.4555279
1675870378.0430934	98.16984350000001
1675870378.1824818	98.3240729
1675870378.3045702	96.14881
1675870378.429264	94.3424625
1675870378.571963	96.6699311
1675870378.6961658	97.2916129
1675870378.818445	95.7239518
1675870378.9424667	94.8403151
1675870379.0646296	96.56236310000001
1675870379.1882246	96.38297460000001
1675870379.3234289	95.6283115
1675870379.46539	96.59067370000001
1675870379.6065826	96.2080167
1675870379.7581167	97.4187237
1675870379.9182189	95.8502139
1675870380.0542777	95.03930720000001
1675870380.1919253	95.8057134
1675870380.3372805	96.5941956
1675870380.496337	96.0121154
1675870380.631281	96.9676881
1675870380.759301	96.2321426
1675870380.905675	96.4008563
1675870381.0303702	96.5771026
1675870381.1733522	97.49303450000001
1675870381.3371491	96.7459696
1675870381.4600942	97.639922
1675870381.5819955	97.5665421
1675870381.7051182	96.79647519999999
1675870381.8306277	95.2418447
1675870381.9769769	96.68008
1675870382.138578	98.43343979999999
1675870382.2978544	97.5768607
1675870382.4202225	97.220499
1675870382.5429978	96.06473749999999
1675870382.665885	95.498768
1675870382.7917864	96.7188591
1675870382.9513001	96.92407829999999
1675870383.080665	96.9232107
1675870383.2119882	96.98158029999999
1675870383.371411	96.7902331
1675870383.4945736	95.91450610000001
1675870383.6177275	96.54446329999999
1675870383.7407596	95.3225774
1675870383.878224	96.20436629999999
1675870384.0182137	97.9952191
1675870384.1455274	96.1830083
1675870384.2663531	94.4918555
1675870384.3903222	95.0868315
1675870384.5252244	96.6712016
1675870384.6682205	97.0229518
1675870384.817683	97.3636338
1675870384.9650521	96.34176210000001
1675870385.087058	95.5900258
1675870385.234087	96.6908413
1675870385.3976314	98.09410009999999
1675870385.5441678	97.8385492
1675870385.6952393	98.910743
1675870385.849236	96.0226295
1675870386.0092309	93.60280490000001
1675870386.1330247	95.8842244
1675870386.2559245	96.2286621
1675870386.4002943	96.0399777
1675870386.5112433	95.9081841
1675870386.637125	95.9690853
1675870386.7739406	96.0866338
1675870386.9282248	96.8935983
1675870387.1158907	95.63208230000001
1675870387.2375739	96.35904339999999
1675870387.3522532	96.4438313
1675870387.4746373	96.1173128
1675870387.5999386	94.6689582
1675870387.7228532	96.1148371
1675870387.870389	96.8941773
1675870388.0228076	95.4098185
1675870388.1466546	96.2360801
1675870388.2701306	96.2816354
1675870388.394301	96.35347800000001
1675870388.518005	96.4978313
1675870388.6614792	96.8249868
1675870388.783318	96.8765439
1675870388.9257948	96.8145547
1675870389.061181	96.7484421
1675870389.199238	95.43598859999999
1675870389.3577123	95.4282505
1675870389.5094726	96.5962022
1675870389.651312	96.40516629999999
1675870389.805856	97.4936326
1675870389.9609718	96.7444706
1675870390.140821	95.3878231
1675870390.2882144	97.19227099999999
1675870390.4447086	96.23286209999999
1675870390.6038532	95.7822551
1675870390.7371964	96.4374095
1675870390.898225	94.82498890000001
1675870391.0573459	95.993229
1675870391.1811173	97.48528970000001
1675870391.3043363	97.1436507
1675870391.428217	97.2640901
1675870391.551161	97.0681663
1675870391.6865268	95.74631090000001
1675870391.8261046	96.34277719999999
1675870391.965323	97.0670236
1675870392.1240518	97.0255634
1675870392.2819085	97.0466442
1675870392.3961682	97.055081
1675870392.520622	97.0131232
1675870392.6575994	95.9518343
1675870392.8127024	96.447004
1675870392.9802954	96.1174465
1675870393.1028907	96.2002398
1675870393.2582214	96.9739677
1675870393.3823278	96.2819033
1675870393.5402706	95.7681858
1675870393.653376	96.9149663
1675870393.7999482	95.8059743
1675870393.9228725	95.4631619
1675870394.0730255	97.4621361
1675870394.1982262	96.43785840000001
1675870394.3364904	95.746973
1675870394.4850888	96.9938787
1675870394.6372597	97.83943959999999
1675870394.798651	98.15086369999999
1675870394.9582212	98.4139212
1675870395.102174	97.0721527
1675870395.234623	98.038577
1675870395.390361	97.8902953
1675870395.5282342	97.5113585
1675870395.6521523	97.7557691
1675870395.795737	97.1100325
1675870395.919953	95.03647930000001
1675870396.0569215	96.7304194
1675870396.172746	97.62247
1675870396.2947013	95.42490839999999
1675870396.4551334	97.225571
1675870396.5857244	96.7402137
1675870396.707943	95.1956534
1675870396.8512123	96.651529
1675870396.999285	97.3706027
1675870397.1419344	97.33059569999999
1675870397.2792466	96.9468699
1675870397.418236	95.869922
1675870397.5603626	95.30695340000001
1675870397.696529	96.52749820000001
1675870397.8345506	96.8251636
1675870397.9723349	95.59955959999999
1675870398.1318164	95.5866207
1675870398.259719	97.054002
1675870398.4015503	96.6483069
1675870398.540332	96.6791006
1675870398.6767924	96.5098804
1675870398.814653	96.4349057
1675870398.957594	97.7466712
1675870399.0917687	97.1040073
1675870399.2244508	95.6049477
1675870399.3800786	95.7368899
1675870399.5396643	96.58235950000001
1675870399.6632137	96.5071553
1675870399.8082223	96.0682606
1675870399.9370465	95.7476817
1675870400.0792422	95.2918732
1675870400.2156808	96.4202992
1675870400.370418	96.71264640000001
1675870400.533103	96.70662250000001
1675870400.6882148	96.9180626
1675870400.8252912	95.9760199
1675870400.9829032	96.0652066
1675870401.1255317	98.4673547
1675870401.2495608	98.2661051
1675870401.3722534	97.340362
1675870401.5138006	97.2046861
1675870401.6729472	95.5444908
1675870401.8271446	94.9962436
1675870401.9698744	96.3333023
1675870402.093928	95.68358020000001
1675870402.2168407	96.0287402
1675870402.340852	96.72275049999999
1675870402.483046	95.4084895
1675870402.6064982	95.2687347
1675870402.7440624	96.6483223
1675870402.8991811	96.8766995
1675870403.0212386	95.9714896
1675870403.1577513	96.6195061
1675870403.2845502	96.5524583
1675870403.4409041	95.2469715
1675870403.5842927	96.3434572
1675870403.7296703	98.47355
1675870403.8682177	97.75245609999999
1675870404.0079029	97.5127948
1675870404.156184	95.388476
1675870404.302654	95.8621206
1675870404.462767	98.8661329
1675870404.5962958	97.668429
1675870404.7207353	96.390012
1675870404.860224	96.81238
1675870404.9824336	94.665398
1675870405.1216753	93.4224596
1675870405.2603903	96.428906
1675870405.416307	96.4236015
1675870405.5773697	97.3685844
1675870405.7002063	97.5219462
1675870405.831536	96.2479294
1675870405.9561884	94.3311903
1675870406.0951755	95.5012135
1675870406.2438803	97.0865267
1675870406.3684368	95.3977117
1675870406.5077047	95.888187
1675870406.630245	96.3816963
1675870406.7549586	94.8768545
1675870406.910502	94.68360419999999
1675870407.0721078	95.7483132
1675870407.2284417	96.3162432
1675870407.3507204	96.8448396
1675870407.4882352	96.3152442
1675870407.6296496	96.2645174
1675870407.7932432	98.10865050000001
1675870407.925049	98.39507409999999
1675870408.0469272	97.5278101
1675870408.1862166	96.9068393
1675870408.3382185	96.3388621
1675870408.462963	94.98700170000001
1675870408.6234558	97.3178492
1675870408.7598915	97.3921026
1675870408.8829544	97.44530160000001
1675870409.00697	98.3027003
1675870409.1677518	97.3397369
1675870409.3254888	97.22327370000001
1675870409.4843931	97.24365309999999
1675870409.648223	95.5742328
1675870409.789707	95.6780762
1675870409.949226	96.8909206
1675870410.0919755	94.6891589
1675870410.2152047	95.9512099
1675870410.3480072	97.86276720000001
1675870410.4855332	96.59579599999999
1675870410.6402113	97.38071819999999
1675870410.8082201	96.66489109999999
1675870410.951229	95.31965000000001
1675870411.0954642	95.2446147
1675870411.233752	96.8521225
1675870411.372385	96.170745
1675870411.5079727	95.6121904
1675870411.64926	95.8087015
1675870411.7941895	95.58962220000001
1675870411.952338	97.989283
1675870412.0913606	97.17193470000001
1675870412.2334192	96.81811640000001
1675870412.3710778	96.53587449999999
1675870412.5095007	96.04308929999999
1675870412.6496432	95.784746
1675870412.7871451	96.0092177
1675870412.940992	96.17031130000001
1675870413.0650554	95.6180725
1675870413.2082155	96.3778418
1675870413.3518121	95.6652385
1675870413.492615	95.26489509999999
1675870413.6292696	97.1204527
1675870413.7672818	96.90060050000001
1675870413.90031	96.7955339
1675870414.045118	97.3289092
1675870414.1938298	96.6716627
1675870414.3451724	95.5471456
1675870414.5034919	96.6548246
1675870414.6163461	96.43595789999999
1675870414.7382116	97.07060680000001
1675870414.8773797	97.5159738
1675870415.0056646	95.9993953
1675870415.1497607	95.2762073
1675870415.294111	96.6591125
1675870415.4169292	97.4136852
1675870415.5409806	98.2506368
1675870415.6644201	97.9232555
1675870415.826032	96.82198170000001
1675870415.9653707	95.92526240000001
1675870416.11085	97.2378595
1675870416.2522848	96.6072808
1675870416.3884108	96.3321291
1675870416.5459094	96.6669461
1675870416.6669488	94.7566548
1675870416.8058841	94.6040835
1675870416.9461253	96.91838379999999
1675870417.0792332	96.9299192
1675870417.2392414	96.8478787
1675870417.3682053	96.9799218
1675870417.4908476	96.4777587
1675870417.6033404	95.9952586
1675870417.7507594	96.9279845
1675870417.8745098	97.431501
1675870417.9989784	97.38124739999999
1675870418.1232193	97.5240148
1675870418.2780392	96.4995028
1675870418.431672	94.85220269999999
1675870418.5798495	94.65936669999999
1675870418.7390218	96.66849210000001
1675870418.8916168	96.4531657
1675870419.0522764	97.6140626
1675870419.1733031	98.0679464
1675870419.2875702	96.5420349
1675870419.4108834	95.5607609
1675870419.5360825	97.294881
1675870419.6900828	97.91351130000001
1675870419.8498828	97.0619608
1675870420.0112662	95.14626580000001
1675870420.1541975	94.3408249
1675870420.3005354	97.02299670000001
1675870420.4223082	97.5160431
1675870420.5632968	96.0199518
1675870420.726658	95.5001375
1675870420.8560402	95.6850117
1675870420.997813	95.3381355
1675870421.1412368	97.63819729999999
1675870421.2658079	98.1017042
1675870421.4071112	96.7215422
1675870421.5692225	96.051204
1675870421.689743	94.9178507
1675870421.8305123	94.8912437
1675870421.9728184	95.8211402
1675870422.1139905	96.03062349999999
1675870422.2656455	96.917752
1675870422.4082181	97.3357894
1675870422.5317855	97.6197515
1675870422.6697545	97.83851779999999
1675870422.812549	98.08800450000001
1675870422.9573123	98.5773543
1675870423.0930135	98.8521953
1675870423.2401	97.6324046
1675870423.363245	95.2765408
1675870423.5066955	94.7946353
1675870423.6445363	96.54395070000001
1675870423.787218	95.9743819
1675870423.9103513	96.4998832
1675870424.0681787	95.78427570000001
1675870424.2133799	93.96176
1675870424.3622599	96.1088975
1675870424.5111547	96.82923579999999
1675870424.6456208	97.34735040000001
1675870424.7958539	97.67283710000001
1675870424.956426	95.68118559999999
1675870425.1000857	94.80001370000001
1675870425.2382188	95.3205516
1675870425.384778	95.5241291
1675870425.523422	95.30376849999999
1675870425.659295	96.38165699999999
1675870425.8149145	96.51400100000001
1675870425.9800115	95.98694280000001
1675870426.1153667	96.38558710000001
1675870426.2756667	96.274559
1675870426.4040117	96.898725
1675870426.5582144	97.5157557
1675870426.7029297	96.61069710000001
1675870426.8358092	98.1938807
1675870426.9951117	96.889613
1675870427.1182177	95.666084
1675870427.2563589	97.0645128
1675870427.3919637	97.8686244
1675870427.536653	95.7067597
1675870427.6615326	94.5754625
1675870427.8093247	96.61854679999999
1675870427.966943	97.6225715
1675870428.0950954	97.8629732
1675870428.2374833	98.0909401
1675870428.3738117	96.97226640000001
1675870428.5310717	95.5406629
1675870428.6643715	97.0304534
1675870428.8249748	97.0870976
1675870428.9768786	95.9867384
1675870429.0966299	97.17571749999999
1675870429.2442782	96.6517632
1675870429.3713174	97.2952041
1675870429.5104923	96.7618215
1675870429.6467276	96.52169269999999
1675870429.7882173	96.6822202
1675870429.9215279	96.7757175
1675870430.0674553	95.02184460000001
1675870430.1918797	94.79016490000001
1675870430.3492565	97.1107147
1675870430.4924784	97.44591510000001
1675870430.6423283	97.5610262
1675870430.7681794	96.291989
1675870430.928217	95.3897447
1675870431.062491	95.4522391
1675870431.187292	96.22770460000001
1675870431.3263695	96.2235055
1675870431.482246	95.5506423
1675870431.630264	95.6592067
1675870431.7692778	94.6740882
1675870431.900815	95.7921288
1675870432.0261009	96.7216181
1675870432.1651332	96.9787165
1675870432.3203979	97.5308491
1675870432.4440932	97.0888301
1675870432.5802352	95.32937430000001
1675870432.7200396	95.63625929999999
1675870432.8531492	97.2339693
1675870432.9980345	96.5432411
1675870433.122514	96.60067210000001
1675870433.280023	96.20633720000001
1675870433.4182308	96.0188201
1675870433.5735302	96.0665396
1675870433.6967192	97.01399909999999
1675870433.8395483	97.8372397
1675870433.9609177	97.3252118
1675870434.1042242	96.4011517
1675870434.2171423	95.3575754
1675870434.3423436	95.0247666
1675870434.4846323	96.0615898
1675870434.6074185	95.78620020000001
1675870434.7634294	94.51357250000001
1675870434.9170935	96.422269
1675870435.073324	94.2910468
1675870435.217587	95.0207085
1675870435.366177	95.9922134
1675870435.4900937	96.3954918
1675870435.6324918	96.2203355
1675870435.756242	96.4626283
1675870435.8809285	95.4016789
1675870436.004977	95.6410584
1675870436.1448162	97.47695739999999
1675870436.2685447	96.66615789999999
1675870436.4051363	97.4292298
1675870436.5599027	97.9275441
1675870436.7015846	96.6228005
1675870436.8427484	95.1618388
1675870437.0034513	97.2154498
1675870437.156703	97.2307239
1675870437.2906337	96.60457240000001
1675870437.4280362	96.3705583
1675870437.5662467	95.49345939999999
1675870437.727207	96.6341785
1675870437.8727741	96.65353640000001
1675870438.0035322	96.8073926
1675870438.1280096	97.5490414
1675870438.2660072	98.1824479
1675870438.4003336	96.3380531
1675870438.5354724	94.9719983
1675870438.695898	96.9257985
1675870438.827041	96.985295
1675870438.972239	96.9262291
1675870439.1192274	96.06743180000001
1675870439.2495735	93.6216122
1675870439.3960047	95.1413308
1675870439.534993	97.6540681
1675870439.6593397	97.1922801
1675870439.792062	96.12865280000001
1675870439.9535291	97.6532768
1675870440.0832994	96.07811939999999
1675870440.2071962	94.7543254
1675870440.3467643	96.27301639999999
1675870440.474863	95.7388066
1675870440.6204727	96.1814509
1675870440.7792344	97.2905312
1675870440.9199338	95.4234902
1675870441.053813	95.9474599
1675870441.1932588	95.7077538
1675870441.3147607	95.4516057
1675870441.4356637	96.5467444
1675870441.5719123	96.82628059999999
1675870441.6922143	96.6980422
1675870441.8309195	97.34054309999999
1675870441.987514	96.6462973
1675870442.151007	96.780589
1675870442.2716565	97.014614
1675870442.3946626	95.082955
1675870442.5331333	93.5829274
1675870442.6697247	93.8536694
1675870442.8082132	96.5881377
1675870442.9339037	97.1866699
1675870443.078135	98.42662800000001
1675870443.201735	97.1242564
1675870443.324322	95.7380375
1675870443.4478142	95.85771799999999
1675870443.5720868	96.0857374
1675870443.6952467	97.5594187
1675870443.8200033	98.0680869
1675870443.9582264	98.15308
1675870444.0982149	97.5309504
1675870444.2182195	96.4275374
1675870444.341255	95.20192680000001
1675870444.474729	96.87630630000001
1675870444.6357486	97.14791579999999
1675870444.7552817	96.67706480000001
1675870444.8882208	97.1098725
1675870445.0313194	95.0397394
1675870445.1753793	95.26900069999999
1675870445.2961953	97.0170168
1675870445.42687	95.5047675
1675870445.57053	95.9904147
1675870445.7174911	97.0150012
1675870445.828508	96.44593569999999
1675870445.9540408	96.27792960000001
1675870446.0748749	96.3017372
1675870446.192888	97.3375585
1675870446.3146741	95.60832549999999
1675870446.458225	95.5404425
1675870446.5782142	96.8416711
1675870446.7362971	95.4791036
1675870446.8937185	96.1417594
1675870447.0366561	96.83421120000001
1675870447.1792402	97.65344870000001
1675870447.3004918	98.8997707
1675870447.4348207	98.0265216
1675870447.5782218	95.8673779
1675870447.701584	95.7337301
1675870447.8385134	96.93035379999999
1675870447.9825354	96.8803168
1675870448.1218085	98.1764972
1675870448.2524483	96.917631
1675870448.4132004	95.5367868
1675870448.5696335	95.97587920000001
1675870448.6903665	96.90757749999999
1675870448.8340266	97.4044859
1675870448.9573731	97.3816479
1675870449.1012719	96.89917770000001
1675870449.2592318	95.28868829999999
1675870449.4150233	97.7428744
1675870449.5574625	96.9977234
1675870449.70381	95.81385900000001
1675870449.832013	96.9547221
1675870449.9699218	96.47672979999999
1675870450.1059618	95.5392951
1675870450.2607107	97.2532983
1675870450.4037614	97.08280599999999
1675870450.5274186	95.9798332
1675870450.6763535	96.9933023
1675870450.8234577	96.2745154
1675870450.9654217	94.7374134
1675870451.0886436	95.6560102
1675870451.2220602	96.7569851
1675870451.3765225	95.4969297
1675870451.4982395	95.1588149
1675870451.634385	96.5410042
1675870451.7767062	95.6332932
1675870451.9052963	96.1133405
1675870452.058272	96.51195179999999
1675870452.1836436	96.8294275
1675870452.3232663	97.3009101
1675870452.4782155	96.1996479
1675870452.6032097	95.66075690000001
1675870452.7613878	97.14904870000001
1675870452.8940759	97.07969010000001
1675870453.0339205	96.4293916
1675870453.1780186	96.1945291
1675870453.311021	95.75243499999999
1675870453.4540162	94.4643419
1675870453.5771716	94.0622292
1675870453.7358944	95.59461780000001
1675870453.8593574	96.1714085
1675870454.0166993	95.3391366
1675870454.1492362	95.85662590000001
1675870454.2727573	94.3444474
1675870454.434887	95.31657200000001
1675870454.5736744	96.8620093
1675870454.7327785	97.47135540000001
1675870454.8623936	98.17797859999999
1675870455.0106232	95.98696149999999
1675870455.1329231	94.0583876
1675870455.2695582	94.3109489
1675870455.3971462	97.07195909999999
1675870455.557382	97.3556468
1675870455.6800575	96.678242
1675870455.802756	97.6717219
1675870455.94382	96.2483886
1675870456.0648446	95.77545669999999
1675870456.188223	97.03634410000001
1675870456.3121293	96.4621518
1675870456.4669974	97.482903
1675870456.6109886	97.6520563
1675870456.730928	96.994284
1675870456.8754568	97.04111610000001
1675870457.0039382	98.0058473
1675870457.162673	97.2501924
1675870457.3249323	97.8347754
1675870457.4836237	95.79774420000001
1675870457.6256902	95.2926816
1675870457.7592316	97.49622049999999
1675870457.916853	97.7732595
1675870458.0417438	97.779056
1675870458.175201	98.06787899999999
1675870458.3142667	96.55644530000001
1675870458.4671834	95.1210504
1675870458.6111553	95.91866279999999
1675870458.733893	95.3740916
1675870458.8825338	96.6067617
1675870459.007909	96.9503402
1675870459.1317961	95.925852
1675870459.2921317	94.330349
1675870459.43071	94.4563443
1675870459.5552847	95.61504910000001
1675870459.7203298	94.8985272
1675870459.8782218	96.00638529999999
1675870460.0140965	95.7505607
1675870460.1431506	95.2863474
1675870460.2668345	96.5575182
1675870460.403941	96.6499126
1675870460.5591667	96.3790343
1675870460.7007735	96.6330894
1675870460.8251712	96.8886602
1675870460.974172	96.0555528
1675870461.0992692	96.00782269999999
1675870461.2380178	96.6175432
1675870461.3805313	96.8198523
1675870461.5243552	97.72587100000001
1675870461.6476636	97.4008193
1675870461.7720745	95.8030502
1675870461.9160998	96.4992201
1675870462.0517783	96.6267726
1675870462.1751487	96.3773086
1675870462.3154786	97.087604
1675870462.4695828	95.1913286
1675870462.6124475	93.46910749999999
1675870462.736597	95.8551549
1675870462.8598158	96.9678304
1675870463.0174172	95.8768621
1675870463.160299	96.35915220000001
1675870463.3030345	94.5861352
1675870463.4363086	94.845446
1675870463.5730379	95.44301800000001
1675870463.716773	97.0597875
1675870463.8497694	96.35964
1675870463.9882205	95.6713165
1675870464.143542	96.1889762
1675870464.285888	95.61622240000001
1675870464.431931	97.0381946
1675870464.5630803	97.7754028
1675870464.7065916	95.9123174
1675870464.8305097	96.0447548
1675870464.9791465	96.6260211
1675870465.1255527	95.5933908
1675870465.2669678	97.50758090000001
1675870465.4218364	98.08527000000001
1675870465.561191	97.15016390000001
1675870465.6972275	96.8261078
1675870465.8091252	96.8831709
1675870465.9557877	95.84993899999999
1675870466.096083	96.49443959999999
1675870466.2536943	96.1043303
1675870466.3928692	96.7420687
1675870466.5133114	97.99588609999999
1675870466.6499674	96.6894128
1675870466.7929697	96.1760171
1675870466.9164076	95.6256246
1675870467.0395195	96.44586
1675870467.1621237	96.3460229
1675870467.3011374	96.70748110000001
1675870467.4425974	97.5617539
1675870467.5655255	96.55213760000001
1675870467.7133667	96.5142893
1675870467.8600163	96.6676154
1675870467.9803655	96.155455
1675870468.1035273	96.0862532
1675870468.2262173	96.3667174
1675870468.350703	96.1096778
1675870468.500641	95.9557355
1675870468.638	96.3756566
1675870468.7680762	96.57496660000001
1675870468.9141848	96.6343606
1675870469.0366623	97.6821014
1675870469.1766362	95.5740235
1675870469.2982187	93.76939750000001
1675870469.4217973	95.317191
1675870469.542009	96.2130121
1675870469.6668515	95.7854123
1675870469.808223	96.39039670000001
1675870469.9664507	96.70418020000001
1675870470.1110666	95.40241900000001
1675870470.2529695	96.4302454
1675870470.3911839	97.1490059
1675870470.5323753	97.26942389999999
1675870470.675805	99.0832321
1675870470.8146002	97.9275436
1675870470.976411	94.9621255
1675870471.0962014	96.235679
1675870471.219785	97.8248669
1675870471.331239	96.9850879
1675870471.4551926	97.2383904
1675870471.5951746	98.1751923
1675870471.7367408	96.6072863
1675870471.8733125	96.74305129999999
1675870472.0103135	97.57703
1675870472.1502178	98.05295699999999
1675870472.2875783	97.3455569
1675870472.4271803	97.168955
1675870472.5699606	97.0014589
1675870472.7077653	96.94512750000001
1675870472.8468168	96.6582029
1675870472.9853594	95.49986890000001
1675870473.1237383	95.2196501
1675870473.262761	95.8233549
1675870473.402238	94.9693623
1675870473.5357547	94.79497319999999
1675870473.6812532	96.5580255
1675870473.8040648	96.8851239
1675870473.9302385	96.4720503
1675870474.07109	96.1828091
1675870474.1915393	95.9307969
1675870474.3350065	95.4033007
1675870474.482905	96.9746693
1675870474.6174307	97.3050842
1675870474.7812974	97.25063320000001
1675870474.9146328	96.8375442
1675870475.0405028	94.8501425
1675870475.1782122	95.101907
1675870475.3060915	97.0880905
