Time (s)\Voltage (mV)
1675870036.1982224	96.6905231
1675870036.3217275	97.2023226
1675870036.5012183	98.211291
1675870036.6407967	97.668646
1675870036.762219	96.5540327
1675870036.9254954	97.70435789999999
1675870037.0641372	96.77010460000001
1675870037.1883776	95.8554671
1675870037.3360088	97.5304969
1675870037.4451249	97.6570826
1675870037.5961897	94.98316480000001
1675870037.721028	95.3585942
1675870037.86024	95.433076
1675870037.997513	95.3388599
1675870038.1559386	97.0711204
1675870038.3164778	96.6003917
1675870038.4559095	95.4028051
1675870038.6109881	97.0763249
1675870038.7569857	96.55768239999999
1675870038.8801227	96.7407813
1675870039.0036318	96.76924319999999
1675870039.1269662	96.0761152
1675870039.2590322	94.7300802
1675870039.4036882	96.7622499
1675870039.5268178	97.5465964
1675870039.6858964	97.7646463
1675870039.8110945	97.8980858
1675870039.9435868	96.5915462
1675870040.0976093	92.424177
1675870040.2519908	94.671206
1675870040.408404	96.9763661
1675870040.5478144	98.0427564
1675870040.701451	97.5057503
1675870040.8211768	96.1337491
1675870040.9443882	94.6166237
1675870041.1014555	94.348541
1675870041.2370539	96.5902617
1675870041.403429	97.66144089999999
1675870041.5197678	98.3831759
1675870041.65759	97.3785784
1675870041.8013027	96.0935233
1675870041.940484	97.3921387
1675870042.0492172	97.39098
1675870042.174258	96.4467736
1675870042.332813	96.4419525
1675870042.4620986	97.2433447
1675870042.584497	96.1342793
1675870042.7453766	96.1475061
1675870042.8982131	96.1262624
1675870043.0562253	95.770545
1675870043.198224	96.18255359999999
1675870043.3377998	94.5941279
1675870043.4854774	93.31441960000001
1675870043.64301	95.2019289
1675870043.8040748	95.6907005
1675870043.9392343	96.15352039999999
1675870044.0739176	95.99323869999999
1675870044.2294474	94.0072599
1675870044.3543177	94.3513225
1675870044.5159566	95.5866182
1675870044.660641	96.0365261
1675870044.7820168	96.6829129
1675870044.8998976	95.701125
1675870045.0318825	95.67630050000001
1675870045.1499896	96.0895651
1675870045.283013	96.92941569999999
1675870045.4250743	96.46822739999999
1675870045.5505943	95.5821596
1675870045.6903238	97.8147836
1675870045.848384	96.2226469
1675870045.9876611	94.7228858
1675870046.1221464	96.2022957
1675870046.2629716	96.1632325
1675870046.3825493	96.4961246
1675870046.5182173	96.32619589999999
1675870046.6635706	95.468288
1675870046.8192594	96.3733655
1675870046.9348552	97.16285149999999
1675870047.0772114	97.5981652
1675870047.2171962	97.6279186
1675870047.3761532	97.0829358
1675870047.5170949	94.3282176
1675870047.66508	93.9281052
1675870047.7905006	96.6225423
1675870047.912696	97.31126569999999
1675870048.0551295	97.1643027
1675870048.2092485	97.1665149
1675870048.3652172	93.2068286
1675870048.5024369	92.7891505
1675870048.623741	95.4009786
1675870048.7631326	95.6284457
1675870048.9033406	96.7080272
1675870049.052423	97.1299318
1675870049.1963391	96.4854215
1675870049.3446188	95.667178
1675870049.511922	96.50126709999999
1675870049.6489677	96.0469517
1675870049.784373	95.1610284
1675870049.9292378	96.62629120000001
1675870050.0523102	95.99922980000001
1675870050.1756072	95.605278
1675870050.3341794	95.0000068
1675870050.4920356	96.3135589
1675870050.6234744	97.8456836
1675870050.7682168	96.3764046
1675870050.8918922	95.5099589
1675870051.0360541	95.1985119
1675870051.1570678	96.2424168
1675870051.2821999	96.104343
1675870051.4050927	95.5362795
1675870051.5281582	96.51695790000001
1675870051.6770542	95.453374
1675870051.8282223	94.6072464
1675870051.9913242	95.719771
1675870052.105649	95.5052906
1675870052.2298286	95.1195401
1675870052.3682225	97.6353599
1675870052.5250397	94.2514814
1675870052.6887116	94.8010715
1675870052.8429718	96.2871942
1675870052.9672437	95.43674639999999
1675870053.1279428	96.0630035
1675870053.2863572	94.2387333
1675870053.4091077	94.8074956
1675870053.5315342	95.55427730000001
1675870053.68802	97.17866009999999
1675870053.8482203	95.618477
1675870054.0017745	95.9151819
1675870054.1373365	96.5968261
1675870054.271542	95.0128405
1675870054.4150429	96.1024345
1675870054.575483	95.951646
1675870054.711468	96.1813275
1675870054.8499877	97.29102739999999
1675870054.973493	96.419594
1675870055.0960944	96.22335260000001
1675870055.2277384	97.1950702
1675870055.352744	97.17606889999999
1675870055.4938798	96.5205134
1675870055.6180274	96.58574320000001
1675870055.7419732	96.9061306
1675870055.8663552	96.21107119999999
1675870056.0044415	95.5322837
1675870056.1417527	97.1147159
1675870056.266223	98.1481848
1675870056.4071598	97.43418530000001
1675870056.5226283	96.8555314
1675870056.6469338	96.0389521
1675870056.7844245	94.5835081
1675870056.9213023	94.9674437
1675870057.0782173	96.0370405
1675870057.2209496	96.7283246
1675870057.3637376	96.7700366
1675870057.4840436	95.2360173
1675870057.6205997	94.6569717
1675870057.7582219	95.7016105
1675870057.8923073	96.7178792
1675870058.0529087	96.4667085
1675870058.2170753	96.6707381
1675870058.3778174	95.12624699999999
1675870058.5159142	95.2464858
1675870058.675065	97.00058779999999
1675870058.8369715	96.1131828
1675870058.9605813	96.33499210000001
1675870059.1036053	95.9169627
1675870059.2315207	94.7859915
1675870059.3666427	95.8766368
1675870059.528061	97.05270200000001
1675870059.6576087	96.9098159
1675870059.7792192	96.9564646
1675870059.9219675	97.4894323
1675870060.063546	94.8147399
1675870060.2040343	93.9464179
1675870060.3417704	94.7022557
1675870060.469736	95.6537519
1675870060.5913074	96.7228423
1675870060.7505946	97.4325395
1675870060.8732872	95.5066889
1675870060.9964964	96.03519100000001
1675870061.1445014	98.8017781
1675870061.2712038	97.449286
1675870061.4102707	95.4028507
1675870061.555663	95.9970534
1675870061.7112145	94.47382610000001
1675870061.8494446	95.13771440000001
1675870061.9809518	96.8829266
1675870062.1062634	96.89335860000001
1675870062.2510579	97.8492756
1675870062.375274	98.1743386
1675870062.4990997	97.2765397
1675870062.6243029	94.9518284
1675870062.750374	95.61038049999999
1675870062.8896575	96.889516
1675870063.036314	96.1159798
1675870063.1621413	97.2027947
1675870063.3213196	96.058487
1675870063.4566426	94.5838677
1675870063.5808415	95.331959
1675870063.7396765	96.1592035
1675870063.8706234	97.1158664
1675870063.9973316	98.4400128
1675870064.141659	96.62025200000001
1675870064.2741785	94.6262587
1675870064.4072418	96.25583359999999
1675870064.568217	97.5081379
1675870064.7212176	97.0394961
1675870064.8658135	97.2726934
1675870064.989844	97.490512
1675870065.1137671	95.34936569999999
1675870065.2470138	95.52856299999999
1675870065.3882225	98.06185
1675870065.5306683	95.3837493
1675870065.6735625	96.4259292
1675870065.81217	97.4791593
1675870065.9673007	94.4214793
1675870066.0919843	96.1235126
1675870066.2309108	96.251346
1675870066.3682256	94.96650199999999
1675870066.5021398	96.01595440000001
1675870066.6441736	96.5863313
1675870066.7991703	95.0399304
1675870066.9224968	95.4128989
1675870067.062172	95.97609510000001
1675870067.2051876	97.6437842
1675870067.3382173	98.5536057
1675870067.5044115	96.79141750000001
1675870067.6372533	94.84951869999999
1675870067.7622583	95.287199
1675870067.9246285	96.6362618
1675870068.0576375	97.1055847
1675870068.2041965	97.3149875
1675870068.3524375	96.38382730000001
1675870068.481834	94.9550655
1675870068.6049144	95.03831960000001
1675870068.7425995	96.3072098
1675870068.870674	96.4661246
1675870069.0075972	96.3724119
1675870069.1234047	95.2296214
1675870069.2482173	93.9505602
1675870069.388111	94.3552328
1675870069.5259764	95.71853650000001
1675870069.6846364	95.8717189
1675870069.808675	96.6902072
1675870069.9320393	96.8150979
1675870070.0715456	95.4620718
1675870070.2110553	94.7855564
1675870070.3557966	96.9970245
1675870070.4797502	97.5091062
1675870070.6416726	96.5591474
1675870070.7644963	96.68691
1675870070.8880374	95.56601739999999
1675870071.012619	95.9726269
1675870071.158217	96.56476260000001
1675870071.317184	94.9472792
1675870071.451456	95.580028
1675870071.5947666	96.1141434
1675870071.7341166	94.1534125
1675870071.858218	93.5437241
1675870071.9822402	94.7234725
1675870072.119825	95.635161
1675870072.243061	95.91935980000001
1675870072.367106	97.8561241
1675870072.490434	97.41536570000001
1675870072.6353755	95.5740915
1675870072.76425	94.7838631
1675870072.8923087	96.2044569
1675870073.050964	97.10098550000001
1675870073.1913967	97.2889275
1675870073.3512561	95.7945174
1675870073.508218	94.00833
1675870073.6247675	96.7949813
1675870073.7702298	97.0949253
1675870073.9273524	95.6755454
1675870074.0425558	96.103605
1675870074.1672318	95.3069564
1675870074.3129299	92.94746789999999
1675870074.4371483	94.39085730000001
1675870074.5612433	95.5939003
1675870074.6864014	95.6544765
1675870074.8328402	96.98706410000001
1675870074.9748201	96.1556082
1675870075.130103	93.9108525
1675870075.2851143	96.4480205
1675870075.4180195	97.5188228
1675870075.5798788	96.9740625
1675870075.736655	97.0295484
1675870075.8812132	95.4070087
1675870076.005162	95.0942847
1675870076.1382232	94.60270440000001
1675870076.2723424	94.6444568
1675870076.415356	95.6706377
1675870076.548218	97.503586
1675870076.7115765	94.8619171
1675870076.8476992	94.3707497
1675870077.007002	95.95740649999999
1675870077.1323063	94.755916
1675870077.256943	95.1050486
1675870077.4052064	96.9000634
1675870077.5418825	96.702442
1675870077.6807227	95.0981202
1675870077.8059223	95.0434649
1675870077.9547303	95.7936926
1675870078.1133149	96.39415249999999
1675870078.2877636	96.95113119999999
1675870078.450993	94.3151147
1675870078.5883172	95.13321160000001
1675870078.7882226	96.9034298
1675870078.927017	97.01354149999999
1675870079.0637708	96.5868398
1675870079.206155	96.44227079999999
1675870079.3444235	95.7404082
1675870079.487724	97.0218159
1675870079.6212196	96.7954854
1675870079.7459085	96.17873189999999
1675870079.8692284	98.1641867
1675870080.0083604	97.66418390000001
1675870080.1429708	94.8906783
1675870080.2902129	96.7148451
1675870080.4137185	97.348382
1675870080.5473604	96.8291243
1675870080.680465	97.83363320000001
1675870080.8249185	96.9349028
1675870080.9493299	95.15000060000001
1675870081.0959451	95.57216709999999
1675870081.2299836	95.8065164
1675870081.3817582	95.5253699
1675870081.5117743	96.8830555
1675870081.6492643	96.1356473
1675870081.786797	93.151507
1675870081.9233944	94.1513495
1675870082.060999	94.876664
1675870082.1836226	95.1305499
1675870082.3404164	96.4549858
1675870082.500387	95.6414982
1675870082.6503236	95.1750172
1675870082.7973542	97.3642715
1675870082.9649398	96.6689626
1675870083.0789795	96.48252240000001
1675870083.2040033	96.1457288
1675870083.3395252	97.0399685
1675870083.4754686	96.5004299
1675870083.6368313	96.2073915
1675870083.7978292	96.35810579999999
1675870083.9214602	96.83795119999999
1675870084.06382	97.16162200000001
1675870084.1982255	94.718948
1675870084.3334816	95.48626540000001
1675870084.4575498	97.7275269
1675870084.5935965	97.0476187
1675870084.747354	97.1426716
1675870084.8896008	97.2286512
1675870085.0473356	95.29887959999999
1675870085.1875832	96.21921710000001
1675870085.3421516	97.6077449
1675870085.4982133	96.23316899999999
1675870085.6413393	96.4268089
1675870085.7969377	95.0510549
1675870085.9598763	92.2903856
1675870086.095995	94.72415989999999
1675870086.2366903	97.36786120000001
1675870086.3839319	96.7498185
1675870086.5430758	95.8037982
1675870086.6955686	95.34078960000001
1675870086.835174	94.1386495
1675870086.9782262	96.2049356
1675870087.1126559	96.8608919
1675870087.2724142	97.1245118
1675870087.4208314	96.1578993
1675870087.5672107	94.1968773
1675870087.7044022	95.5982832
1675870087.8328955	97.2534405
1675870088.0011532	95.10553639999999
1675870088.1321585	95.4417713
1675870088.2735796	97.26601910000001
1675870088.433988	95.7126404
1675870088.5972555	96.8796485
1675870088.7366674	96.3198184
1675870088.8675807	95.2011807
1675870089.009931	97.1720729
1675870089.134823	96.16850509999999
1675870089.2672215	95.8167301
1675870089.4325986	96.990879
1675870089.5582252	96.12657700000001
1675870089.691347	96.003135
1675870089.8326259	96.8474974
1675870089.9760263	95.6480957
1675870090.1096778	93.71907879999999
1675870090.271612	95.2878162
1675870090.4080613	95.8737543
1675870090.5631802	96.1599533
1675870090.7066345	96.8109382
1675870090.8398395	95.4025048
1675870091.0037935	93.9142835
1675870091.1279898	95.7892873
1675870091.2866411	95.9340379
1675870091.4267063	95.97414260000001
1675870091.5809352	95.509925
1675870091.725453	93.4767364
1675870091.8721173	94.6198236
1675870092.0006895	96.4533347
1675870092.147803	96.3999257
1675870092.3051348	96.6434971
1675870092.4372585	95.4987639
1675870092.5618625	95.2676054
1675870092.7182214	94.5157648
1675870092.878221	96.6181963
1675870093.0272002	96.9753072
1675870093.1529884	97.7452526
1675870093.2919383	96.4073839
1675870093.4254472	95.8271765
1675870093.558216	96.3537886
1675870093.7192392	95.6838395
1675870093.8793225	96.8993522
1675870094.0160291	98.09268420000001
1675870094.1616518	97.6732746
1675870094.324708	94.48052949999999
1675870094.4578066	97.2594223
1675870094.6178195	96.76158059999999
1675870094.7750885	96.2714766
1675870094.90643	97.01519710000001
1675870095.072777	95.6180271
1675870095.2006407	95.8703175
1675870095.3361042	96.37053780000001
1675870095.492519	95.3254047
1675870095.6510096	96.52190639999999
1675870095.7892246	96.6733505
1675870095.9169114	93.3019944
1675870096.063768	93.6768473
1675870096.2457232	95.3881018
1675870096.4063637	94.817076
1675870096.5406034	95.3296288
1675870096.6673067	95.3203681
1675870096.8270483	94.1922515
1675870096.976965	95.8816692
1675870097.1024568	95.6762822
1675870097.2357917	95.4212309
1675870097.373169	96.2643582
1675870097.500177	96.2957215
1675870097.6387973	95.4036998
1675870097.7950404	95.47346160000001
1675870097.922144	97.0168998
1675870098.0608487	96.3720031
1675870098.1892867	95.7175403
1675870098.3239849	95.7522721
1675870098.482715	93.7019953
1675870098.6205165	94.8582391
1675870098.7540607	95.62018660000001
1675870098.8982213	96.6104283
1675870099.0218928	96.89116200000001
1675870099.1796162	94.8066405
1675870099.323257	92.07599880000001
1675870099.5103698	94.9001609
1675870099.643904	94.50098969999999
1675870099.7992573	95.85796380000001
1675870099.9598777	96.45106890000001
1675870100.096902	95.0971062
1675870100.2253516	95.4970817
1675870100.3641775	95.884647
1675870100.538221	94.4541352
1675870100.6764948	96.8256685
1675870100.831669	95.9626772
1675870100.9764607	94.0540218
1675870101.1103137	95.60120069999999
1675870101.2572587	97.6075745
1675870101.4162908	96.5120127
1675870101.5714438	97.3953502
1675870101.7151742	97.0321071
1675870101.8724265	94.70582230000001
1675870102.0175629	96.84906649999999
1675870102.1631417	97.1521901
1675870102.3062787	96.9618558
1675870102.4449995	96.9320122
1675870102.5919561	95.7296238
1675870102.744691	95.5039432
1675870102.877156	96.1610881
1675870103.0107985	95.95270690000001
1675870103.1528137	96.7035041
1675870103.3100874	96.669742
1675870103.4683433	94.2122252
1675870103.6066492	96.073014
1675870103.747896	95.9880215
1675870103.8878877	96.14181219999999
1675870104.0434513	96.6478776
1675870104.1892312	94.9607051
1675870104.3466163	95.2397351
1675870104.4771018	96.6662114
1675870104.6207547	96.8385344
1675870104.7658541	95.4955578
1675870104.908343	95.3147068
1675870105.042409	94.94499119999999
1675870105.197515	95.3972574
1675870105.3508203	96.76735690000001
1675870105.5095475	97.4585046
1675870105.6471796	97.9636933
1675870105.8013403	95.7924352
1675870105.9564898	93.1926301
1675870106.0815308	94.838363
1675870106.2153547	96.126079
1675870106.3586178	95.8858179
1675870106.5065868	96.43988639999999
1675870106.6322222	96.79918860000001
1675870106.7919178	93.89720919999999
1675870106.9215817	95.49638139999999
1675870107.0455465	97.1027125
1675870107.189238	96.8575998
1675870107.328215	97.9041684
1675870107.4862409	96.7995876
1675870107.6464558	93.6561428
1675870107.7830853	95.3559162
1675870107.9223125	96.8705528
1675870108.0771563	96.7663081
1675870108.2215476	96.4239709
1675870108.353478	94.0880474
1675870108.486641	93.008826
1675870108.6307557	95.6627269
1675870108.7682254	95.6927046
1675870108.9328055	95.79053569999999
1675870109.0744696	96.3806687
1675870109.203957	94.4945515
1675870109.3513384	94.7260158
1675870109.4840686	95.0429218
1675870109.6205153	95.83062220000001
1675870109.7498698	94.93865129999999
1675870109.8899558	96.0491974
1675870110.0279074	94.8167339
1675870110.188221	94.37042269999999
1675870110.3224354	95.4373833
1675870110.4472213	95.25480560000001
1675870110.6055498	96.2491914
1675870110.7636735	96.029889
1675870110.9214964	94.0243086
1675870111.0682263	95.166414
1675870111.2055612	95.7827865
1675870111.3625848	95.40971210000001
1675870111.5167506	97.2831763
1675870111.652632	95.7511668
1675870111.7973785	94.5781571
1675870111.960177	96.5146481
1675870112.095801	96.8904684
1675870112.254233	95.9786015
1675870112.413189	96.9580587
1675870112.558221	96.2507012
1675870112.6954794	95.8531426
1675870112.848217	97.2689867
1675870113.0142155	95.8872845
1675870113.1478002	96.30879230000001
1675870113.2946491	97.1882004
1675870113.451669	95.1329645
1675870113.5914826	94.2248169
1675870113.7280831	95.6364201
1675870113.8842342	95.565802
1675870114.0382175	95.9410869
1675870114.1717007	96.5116987
1675870114.3171864	95.3447168
1675870114.474309	95.0045707
1675870114.6066327	95.9216962
1675870114.7510045	96.53262980000001
1675870114.8892267	96.4973118
1675870115.0482068	94.99287269999999
1675870115.2030692	94.0379546
1675870115.3423347	96.531687
1675870115.4982188	96.801595
1675870115.6291842	97.5475733
1675870115.7664766	96.5182966
1675870115.921878	93.3216398
1675870116.0606692	94.6988654
1675870116.1998875	96.7329733
1675870116.334201	96.6437379
1675870116.4789402	97.0460216
1675870116.6272492	97.4166916
1675870116.7778924	95.59015819999999
1675870116.9244084	95.9502442
1675870117.0764387	96.8743817
1675870117.23023	96.5589653
1675870117.3864799	97.93019819999999
1675870117.5454767	96.7305802
1675870117.6876976	94.7624231
1675870117.8449986	96.8845996
1675870117.9941978	97.0148138
1675870118.12986	97.33041759999999
1675870118.2835653	96.2544756
1675870118.4082258	94.1603577
1675870118.5448706	94.82958950000001
1675870118.6892388	96.8714425
1675870118.8230634	97.865122
1675870118.9842067	97.6617315
1675870119.1375601	97.0174155
1675870119.2624466	95.1435483
1675870119.3865101	94.77733939999999
1675870119.5092525	97.22510650000001
1675870119.652335	97.3364201
1675870119.7951267	97.22929859999999
1675870119.9182146	97.0258632
1675870120.0502486	95.35353789999999
1675870120.2032995	94.69506129999999
1675870120.3572004	95.7275216
1675870120.4967434	94.9680327
1675870120.6421657	97.1453841
1675870120.7899854	96.3148461
1675870120.9248538	94.4672287
1675870121.0616179	95.82131050000001
1675870121.1855803	96.7174754
1675870121.3289661	96.7287971
1675870121.453694	97.34403110000001
1675870121.5963874	97.3173027
1675870121.7201152	95.5302817
1675870121.844507	95.0085272
1675870122.0008864	96.682176
1675870122.160084	97.0104955
1675870122.31396	97.8924325
1675870122.4375105	97.334966
1675870122.5608041	96.9940717
1675870122.6997066	95.7616271
1675870122.8334208	96.6001371
1675870122.9574451	96.55325789999999
1675870123.0806391	96.5111843
1675870123.2222476	97.4784155
1675870123.3737009	95.42743180000001
1675870123.5195928	94.3093443
1675870123.6674	96.7266663
1675870123.780295	96.959837
1675870123.9064791	95.0579986
1675870124.0444355	96.1194388
1675870124.184727	95.85240879999999
1675870124.3245816	94.602631
1675870124.4610918	95.0588305
1675870124.6063735	95.91768929999999
1675870124.764936	96.7012109
1675870124.902385	97.02197029999999
1675870125.0240586	96.3081208
1675870125.165497	95.0208594
1675870125.291423	96.6672293
1675870125.447546	96.836748
1675870125.6038754	96.99303230000001
1675870125.7426395	96.0523202
1675870125.8759334	94.24264579999999
1675870126.0005262	93.3465372
1675870126.1258583	95.2558109
1675870126.2482169	96.0719188
1675870126.372374	96.2934303
1675870126.4958408	96.24789290000001
1675870126.6525192	96.639373
1675870126.8132071	94.4239471
1675870126.941017	95.0277157
1675870127.0782166	96.62346289999999
1675870127.201434	96.0344773
1675870127.344773	96.897502
1675870127.4830225	97.8104629
1675870127.6279924	95.8439378
1675870127.7698174	95.1006207
1675870127.8998637	96.7788878
1675870128.0382204	95.3862967
1675870128.1780396	94.8165843
1675870128.3353977	95.7966591
1675870128.4582243	94.8556917
1675870128.5806437	95.3325533
1675870128.7031612	96.5724643
1675870128.8500698	96.0569846
1675870128.9882228	95.96212480000001
1675870129.152388	95.677664
1675870129.2821436	92.0116753
1675870129.4069889	94.04176240000001
1675870129.5457876	95.8383646
1675870129.6831713	95.5785863
1675870129.8159635	95.9697723
1675870129.961588	95.4306385
1675870130.0851595	92.6560683
1675870130.21047	94.4258458
1675870130.3428745	97.0878047
1675870130.5060725	96.9805659
1675870130.6608446	96.6666694
1675870130.79953	95.8604433
1675870130.956348	93.4783763
1675870131.081349	94.482312
1675870131.225873	96.0426459
1675870131.357633	96.0499165
1675870131.498072	97.2148836
1675870131.6369886	97.7269411
1675870131.7816114	95.3725394
1675870131.9382243	94.8395191
1675870132.0820847	97.6846664
1675870132.2174804	97.7578598
1675870132.3411713	98.2878232
1675870132.4834514	96.01395790000001
1675870132.618773	93.8799638
1675870132.779541	95.57536730000001
1675870132.9392312	96.01441419999999
1675870133.0747705	96.16972209999999
1675870133.2327025	97.8505495
1675870133.376533	96.8474242
1675870133.514227	94.0141767
1675870133.652099	95.7220392
1675870133.8108592	96.8876892
1675870133.9673645	96.6808698
1675870134.12799	96.4214707
1675870134.2802098	93.0913739
1675870134.428881	93.4758399
1675870134.5645142	95.01799299999999
1675870134.7173364	95.80432040000001
1675870134.8711033	96.2097589
1675870135.0273342	95.6942584
1675870135.1860461	95.1557007
1675870135.321302	96.1512057
1675870135.4664545	95.9906892
1675870135.6213999	96.2839637
1675870135.7592332	97.1015343
1675870135.9023964	95.0442451
1675870136.0371308	93.6309896
1675870136.191798	95.895066
1675870136.3505569	96.0451671
1675870136.49568	97.916661
1675870136.6214042	96.5503565
1675870136.754482	95.96394869999999
1675870136.8975277	96.2805447
1675870137.0420349	96.6947126
1675870137.1945965	96.70945590000001
1675870137.316649	97.246913
1675870137.4399831	96.65935189999999
1675870137.583789	93.7964389
1675870137.7224524	94.206608
1675870137.8843157	96.16736049999999
1675870138.0205765	95.5210956
1675870138.1452847	96.4689726
1675870138.2845135	97.00970170000001
1675870138.4382205	94.2776723
1675870138.5821059	94.5711628
1675870138.7382216	97.7807349
1675870138.8540726	97.3303574
1675870138.978218	97.7470718
1675870139.1412225	97.53229350000001
1675870139.270753	96.0625122
1675870139.4166782	96.9866429
1675870139.5402248	96.9583066
1675870139.6871686	95.87169680000001
1675870139.8134263	95.1076092
1675870139.9497433	97.1777404
1675870140.1047187	95.996054
1675870140.2365673	96.0198301
1675870140.3779926	96.7450695
1675870140.5257432	95.4903778
1675870140.6514966	95.20345230000001
1675870140.7943425	95.9848635
1675870140.9273205	94.8475825
1675870141.0866258	94.5734897
1675870141.2693815	96.5924203
1675870141.4075108	97.060039
1675870141.5562315	96.6132148
1675870141.7069933	95.8950169
1675870141.8631885	94.481309
1675870141.9954839	96.0115161
1675870142.1407592	95.6689508
1675870142.2839751	96.0898773
1675870142.4214246	96.4861955
1675870142.5654867	94.24352569999999
1675870142.7182252	93.373206
1675870142.8582258	95.3726027
1675870142.9998112	94.29488699999999
1675870143.133785	94.92438139999999
1675870143.2873054	96.8439132
1675870143.4120865	95.12546400000001
1675870143.5535696	94.696613
1675870143.6930983	96.151886
1675870143.832277	96.7414153
1675870143.9656131	96.5850186
1675870144.1038868	96.08935579999999
1675870144.2570677	93.9793521
1675870144.39822	94.1072028
1675870144.5466366	96.63362409999999
1675870144.6752598	95.7468736
1675870144.8234973	95.9599658
1675870144.946954	96.4123642
1675870145.0927496	94.7212338
1675870145.2306755	94.0239902
1675870145.3897026	97.0170036
1675870145.5495677	96.5605632
1675870145.7113316	96.6294716
1675870145.8536086	94.73126049999999
1675870145.994065	92.5118874
1675870146.1420858	95.9290675
1675870146.2690582	96.46338879999999
1675870146.4142532	97.0628923
1675870146.553477	97.156842
1675870146.6971147	96.5073359
1675870146.8576493	95.05209550000001
1675870147.0105605	96.9171269
1675870147.1548765	95.9724367
1675870147.312793	95.2542572
1675870147.47291	96.2216289
1675870147.6270082	93.5586917
1675870147.7504387	93.70618610000001
1675870147.8742757	96.20183779999999
1675870147.9982169	95.84200299999999
1675870148.1227121	94.9640402
1675870148.2638576	95.9942332
1675870148.4091027	96.38169380000001
1675870148.5350657	96.1281217
1675870148.667404	94.8096759
1675870148.8011153	95.2289313
1675870148.945585	95.5722297
1675870149.0682237	96.5641402
1675870149.2009933	95.066941
1675870149.3163667	93.6619043
1675870149.463575	95.5759197
1675870149.587548	96.0851749
1675870149.7292595	95.8932314
1675870149.8882148	98.1310167
1675870150.0099776	96.4756402
1675870150.142377	94.440572
1675870150.2795718	95.560392
1675870150.424359	97.15729160000001
1675870150.571233	96.3510184
1675870150.7182221	97.2582791
1675870150.8611856	95.8475003
1675870151.0152447	95.5225138
1675870151.1536827	96.9185687
1675870151.3109007	95.1673223
1675870151.4721148	96.0234299
1675870151.6036544	96.4600181
1675870151.7676413	94.3984236
1675870151.9234693	95.2687703
1675870152.0672193	96.23082
1675870152.2114332	95.33216429999999
1675870152.3482168	96.3641846
1675870152.490995	95.7420549
1675870152.6137588	92.6150131
1675870152.7373552	94.1980026
1675870152.8615413	95.9174121
1675870153.0206747	95.95544100000001
1675870153.143969	96.8706823
1675870153.2682192	96.6391598
1675870153.3925612	94.9009453
1675870153.5168445	94.2525689
1675870153.6608677	96.4281277
1675870153.7994206	96.266731
1675870153.943065	95.438762
1675870154.082115	96.3633088
1675870154.2236698	95.9644952
1675870154.3466587	94.2808171
1675870154.5094657	96.3743248
1675870154.672548	97.6731458
1675870154.8025954	97.410178
1675870154.9242537	96.6273851
1675870155.0492296	95.3987551
1675870155.173398	95.6384985
1675870155.3306434	97.9468284
1675870155.4894736	96.6390837
1675870155.6393256	97.5898105
1675870155.7649467	97.09998350000001
1675870155.904975	96.3873339
1675870156.0562677	95.2484364
1675870156.223062	95.9257793
1675870156.3595495	96.3829266
1675870156.500735	97.1345861
1675870156.6239603	95.86581430000001
1675870156.7471995	95.8869722
1675870156.887716	97.7069977
1675870157.047294	97.4642465
1675870157.2058558	96.1660053
1675870157.3646605	96.60607710000001
1675870157.519842	95.5374135
1675870157.6682217	95.1814009
1675870157.811723	96.6830952
1675870157.948215	97.42553769999999
1675870158.0732195	97.4862919
1675870158.2164335	98.0480081
1675870158.3710768	94.809549
1675870158.4936552	94.68035850000001
1675870158.6192672	95.3571014
1675870158.764704	94.9229769
1675870158.9192324	96.03652009999999
1675870159.063642	96.6896621
1675870159.1869533	97.69589959999999
1675870159.3106244	96.6244048
1675870159.4541383	95.1700224
1675870159.5766354	95.6442777
1675870159.7149644	94.4343965
1675870159.8368022	95.325491
1675870159.958223	95.608183
1675870160.082015	93.8111093
1675870160.2156706	93.4726992
1675870160.3598094	95.7239346
1675870160.5081415	96.34978919999999
1675870160.633836	96.2417607
1675870160.7717905	96.507704
1675870160.9193017	94.5048904
1675870161.0607784	93.95779830000001
1675870161.225504	96.4443228
1675870161.380454	95.1433177
1675870161.5236268	96.76437940000001
1675870161.6482377	97.059288
1675870161.7911112	94.2372403
1675870161.9149516	93.9180229
1675870162.0527356	95.02105639999999
1675870162.2082138	94.6031309
1675870162.3514514	96.234015
1675870162.4915035	96.0457483
1675870162.6230495	94.14966349999999
1675870162.7473135	95.3973115
1675870162.8720973	96.18185310000001
1675870162.9964526	96.6902359
1675870163.1299806	96.5853338
1675870163.287404	96.9569511
1675870163.4103072	94.6870435
1675870163.5343378	95.10503200000001
1675870163.6782222	97.0009377
1675870163.8174453	95.97641949999999
1675870163.975315	95.6022489
1675870164.1082132	96.27533030000001
1675870164.2327201	96.5270268
1675870164.3576634	94.5978688
1675870164.5156333	96.12597840000001
1675870164.6509445	96.8582997
1675870164.7736819	98.352069
1675870164.8978405	96.6731228
1675870165.0581257	94.9006682
1675870165.2004716	94.0946131
1675870165.3617833	95.3207694
1675870165.499711	96.1501726
1675870165.6564708	96.24184299999999
1675870165.8100092	95.5283349
1675870165.9529247	93.32336169999999
1675870166.1077087	95.3632817
1675870166.246699	96.47023200000001
1675870166.3753772	95.9343747
1675870166.5309923	96.7392486
1675870166.6682253	96.5676788
1675870166.8238742	95.6235564
1675870166.9875062	97.33957290000001
1675870167.141355	95.7172047
1675870167.2660975	94.7535855
1675870167.4244344	96.9322317
1675870167.5636482	96.2130126
1675870167.6898968	95.5406931
1675870167.851235	96.6253315
1675870167.9857087	96.25729419999999
1675870168.1230335	96.3756502
1675870168.2728596	96.5754539
1675870168.3981993	95.65081529999999
1675870168.5348098	93.8392556
1675870168.6882243	96.7962434
1675870168.831271	95.9465049
1675870168.9940698	95.8785397
1675870169.1528587	95.02980819999999
1675870169.2771072	95.1184841
1675870169.4221883	96.3132536
1675870169.546259	96.1224851
1675870169.6882212	95.7347195
1675870169.8369646	96.3042725
1675870169.967791	95.9216996
1675870170.1135232	94.6684823
1675870170.252814	94.9792247
1675870170.3841329	95.8310267
1675870170.5262022	95.1590963
1675870170.649235	95.5406574
1675870170.7977846	95.39111679999999
1675870170.9363792	95.44913519999999
1675870171.0754502	95.53466150000001
1675870171.2222893	95.3701557
1675870171.3698895	95.23838260000001
1675870171.4919913	96.2897899
1675870171.6406603	96.5440242
1675870171.7872732	94.2752688
1675870171.9082217	93.353982
1675870172.0576947	94.9538167
1675870172.1839337	96.2084188
1675870172.327512	95.677169
1675870172.485318	95.0004235
1675870172.6251147	94.40353529999999
1675870172.7615767	94.7829519
1675870172.8925364	94.8977951
1675870173.0372741	95.97256479999999
1675870173.1769931	96.31602509999999
1675870173.298344	95.61034670000001
1675870173.45744	94.6191299
1675870173.619055	95.526027
1675870173.7653093	96.66827070000001
1675870173.8876936	96.5316508
1675870174.0275273	96.8952534
1675870174.1626713	96.17988989999999
1675870174.3080938	95.6281908
1675870174.4479432	95.9031261
1675870174.5773766	95.2153412
1675870174.7232232	95.3594841
1675870174.8564868	96.69783179999999
1675870174.9913254	95.9674913
1675870175.1171682	95.67507690000001
1675870175.2567017	95.8955469
1675870175.393459	96.8832905
1675870175.5515645	97.49083429999999
1675870175.6916971	96.7136333
1675870175.8200824	93.62457020000001
1675870175.9422266	93.4391521
1675870176.0876691	95.8404621
1675870176.2111402	95.95933550000001
1675870176.3498514	94.5502282
1675870176.4634237	95.52816109999999
1675870176.6092446	95.3455624
1675870176.7306664	94.1834966
1675870176.8672378	94.4973349
1675870177.0248892	95.9670257
1675870177.1780262	95.96703550000001
1675870177.2925408	96.5658153
1675870177.4156568	95.7729167
1675870177.5382378	94.77629499999999
1675870177.6703186	93.6365416
1675870177.8017757	95.38367840000001
1675870177.9147232	95.5149491
1675870178.037646	96.08209219999999
1675870178.1961374	97.699798
1675870178.3182142	96.84148280000001
1675870178.4522858	95.6283692
1675870178.576379	96.412919
1675870178.721751	96.2523602
1675870178.8655953	96.7780132
1675870178.9897568	97.8195438
1675870179.1326213	97.16088119999999
1675870179.2718956	94.6175465
1675870179.424886	96.5007945
1675870179.5673957	98.0659307
1675870179.6982193	96.61355400000001
1675870179.835523	96.6666553
1675870179.9742196	96.95862369999999
1675870180.0948815	95.3053939
1675870180.217957	95.39946309999999
1675870180.3801172	96.58310069999999
1675870180.5372689	96.6797315
1675870180.6969905	97.0506773
1675870180.8307881	96.7509263
1675870180.964922	94.8011901
1675870181.1035337	96.05915730000001
1675870181.2492414	97.8743824
1675870181.3828344	96.8935272
1675870181.5066054	97.0988111
1675870181.6282184	96.4546322
1675870181.7518003	93.498073
1675870181.8752706	94.890112
1675870182.0154629	96.7697928
1675870182.154422	96.82939040000001
1675870182.2943869	96.79651940000001
1675870182.4157982	96.95462500000001
1675870182.538944	95.5402382
1675870182.6618493	94.73528689999999
1675870182.7756755	95.2705677
1675870182.9002595	96.2787015
1675870183.0212312	95.4367155
1675870183.1416075	95.8577734
1675870183.2645335	96.5437745
1675870183.3868258	94.5674892
1675870183.5092325	93.916334
1675870183.6404228	96.4130909
1675870183.7623305	96.85724730000001
1675870183.902113	97.1729819
1675870184.0401237	97.2048872
1675870184.174613	96.9000544
1675870184.2999067	95.79958230000001
1675870184.4335487	96.12765569999999
1675870184.555085	97.2015691
1675870184.6943634	97.0697187
1675870184.818943	97.2679563
1675870184.9561782	96.090408
1675870185.0835059	93.6062715
1675870185.2202234	94.3114289
1675870185.3339846	95.09288000000001
1675870185.4592676	94.0317398
1675870185.6026073	94.0303778
1675870185.747118	96.19378280000001
1675870185.8682165	94.51752789999999
1675870185.9993274	93.38813660000001
1675870186.121593	95.6087547
1675870186.2439537	96.5564324
1675870186.3671975	94.48682170000001
1675870186.491058	94.5424755
1675870186.6470265	95.4275801
1675870186.8060536	92.9690651
1675870186.9446454	94.6053461
1675870187.067917	96.000849
1675870187.1910973	96.43820509999999
1675870187.3256185	96.9634908
1675870187.4619496	96.6278428
1675870187.5837622	95.4402235
1675870187.726089	95.8478481
1675870187.85323	97.236866
1675870188.0098858	96.4029908
1675870188.1482196	97.21220919999999
1675870188.2850409	97.3100711
1675870188.4177382	95.6009523
1675870188.5582225	95.6601768
1675870188.7004726	97.48843760000001
1675870188.857588	96.8835508
1675870188.9782174	97.4908128
1675870189.1016653	97.6888021
1675870189.2255168	95.025825
1675870189.3498495	94.0664056
1675870189.4824224	96.1008179
1675870189.6192381	95.5192068
1675870189.7756345	95.8592119
1675870189.937968	95.98979739999999
1675870190.0605643	94.9667288
1675870190.1838994	95.9736766
1675870190.317369	97.0253748
1675870190.4556572	95.6218898
1675870190.583834	95.7998905
1675870190.726681	97.16848829999999
1675870190.8918433	95.8323365
1675870191.01501	94.28077590000001
1675870191.1624992	96.3302094
1675870191.2872922	97.03310950000001
1675870191.4098587	96.44042569999999
1675870191.5711663	97.1958175
1675870191.7061315	95.0939429
1675870191.8529458	94.6388245
1675870191.9765053	95.9102904
1675870192.099616	96.192021
1675870192.2224889	96.4539341
1675870192.3457823	97.5698225
1675870192.5021904	96.3121106
1675870192.6408617	94.4734194
1675870192.772023	96.52071269999999
1675870192.9136019	96.60587319999999
1675870193.0375187	96.4165513
1675870193.1877072	96.4323021
1675870193.3557434	94.5581164
1675870193.4918811	94.3567079
1675870193.649237	96.4620268
1675870193.7951849	96.33237109999999
1675870193.933709	96.1402083
1675870194.0755582	96.5952579
1675870194.1982212	95.5775603
1675870194.3230503	95.1679281
1675870194.4782224	96.4717151
1675870194.6397722	96.78251490000001
1675870194.7782128	97.1916323
1675870194.9364123	97.5546809
1675870195.06725	95.5601633
1675870195.218218	95.20327
1675870195.3637376	95.94449689999999
1675870195.4942794	93.8675813
1675870195.6369476	94.9162057
1675870195.7618716	96.3458067
1675870195.9104578	93.570402
1675870196.056738	94.4191252
1675870196.2193613	95.28287739999999
1675870196.3427398	95.2131164
1675870196.506297	96.54132999999999
1675870196.6610856	95.9598574
1675870196.802715	93.1247263
1675870196.9441688	95.12746349999999
1675870197.0778193	96.38301790000001
1675870197.2372568	95.86863869999999
1675870197.3587832	96.3408891
1675870197.4920783	95.8202002
1675870197.6153178	94.809695
1675870197.761976	94.9793057
1675870197.897182	95.9553717
1675870198.0554178	96.0585802
1675870198.2119427	96.4721708
1675870198.3368218	95.8319128
1675870198.4807603	94.33713350000001
1675870198.6051137	94.5364316
1675870198.7617075	97.8525042
1675870198.923739	96.7596006
1675870199.0535398	96.7104378
1675870199.1999385	95.59772699999999
1675870199.3248215	93.8738886
1675870199.4482145	94.1853081
1675870199.5944774	94.6075594
1675870199.7171707	95.6233977
1675870199.8395255	95.9596944
1675870200.016624	93.5355435
1675870200.135605	93.26634340000001
1675870200.2674599	95.2516521
1675870200.424518	95.9113866
1675870200.5567145	95.9553422
1675870200.6813097	96.5953818
1675870200.805446	95.9770707
1675870200.955153	93.90090219999999
1675870201.0821126	95.18102859999999
1675870201.2175622	94.9223045
1675870201.35541	95.5502171
1675870201.491889	96.3114005
1675870201.6379015	96.0987667
1675870201.786648	94.7184304
1675870201.9334323	95.84712230000001
1675870202.0756216	97.3956166
1675870202.2002153	97.1247221
1675870202.3334155	97.4180218
1675870202.4782221	97.8759294
1675870202.603414	94.9559118
1675870202.727285	94.29885859999999
1675870202.8507006	96.6767201
1675870202.993906	97.340526
1675870203.1392472	97.23278379999999
1675870203.2732856	94.8656605
1675870203.432222	92.5041948
1675870203.5560663	94.83999299999999
1675870203.6795387	97.69629400000001
1675870203.8037126	97.479106
1675870203.9576914	95.40026379999999
1675870204.120188	95.74023600000001
1675870204.254971	95.948866
1675870204.4123352	95.4266413
1675870204.5331545	95.7739789
1675870204.6701772	95.3986439
1675870204.8082232	94.99243440000001
1675870204.9318242	95.5950697
1675870205.0559587	95.8208147
1675870205.2118008	94.78712440000001
1675870205.3366868	96.2238213
1675870205.481562	94.82380579999999
1675870205.633599	96.37118029999999
1675870205.7777374	96.1246558
1675870205.9018586	94.32025180000001
1675870206.055539	94.618741
1675870206.1999197	95.93296310000001
1675870206.324537	95.53365310000001
1675870206.457498	95.40570939999999
1675870206.6192348	95.48724370000001
1675870206.7623742	93.5408547
1675870206.896399	94.4609569
1675870207.0582228	96.8783114
1675870207.1920092	96.816374
1675870207.3292904	96.3523277
1675870207.48388	95.459985
1675870207.6057134	94.4274417
1675870207.7447767	94.4758282
1675870207.8848054	95.7958
1675870208.0178356	97.5750066
1675870208.1610453	97.9369707
1675870208.2942617	95.7887284
1675870208.4353883	94.6210155
1675870208.5908384	96.1754073
1675870208.7440088	97.72887680000001
1675870208.8873847	97.5790673
1675870209.0251687	98.2142139
1675870209.168218	96.4431015
1675870209.3060608	94.66029809999999
1675870209.4623165	95.1263463
1675870209.5994549	95.92764480000001
1675870209.7362618	97.0530689
1675870209.8620174	97.35137069999999
1675870210.0076208	95.97259989999999
1675870210.164365	93.5443825
1675870210.3235111	96.03265010000001
1675870210.4809804	96.3810247
1675870210.640072	96.08466779999999
1675870210.7844987	96.10165190000001
1675870210.9138315	96.36646760000001
1675870211.0564256	95.8474538
1675870211.188225	95.28542700000001
1675870211.3441863	96.7368388
1675870211.4878342	97.0243235
1675870211.6375265	95.5883113
1675870211.805326	94.3145585
1675870211.9675324	95.3847837
1675870212.1308444	95.7010641
1675870212.258218	95.4106019
1675870212.3809402	95.665076
1675870212.5044675	95.81001590000001
1675870212.6614428	94.0342186
1675870212.8204648	96.59709919999999
1675870212.976726	95.64659
1675870213.135067	96.6483855
1675870213.2923374	96.7893408
1675870213.4171429	96.2263389
1675870213.5631685	94.49048479999999
1675870213.7119944	96.4564394
1675870213.8627927	96.2020854
1675870213.9861255	96.3868757
1675870214.1195955	96.5501883
1675870214.262096	94.883523
1675870214.4011252	94.9245611
1675870214.5392778	96.2407426
1675870214.6817863	95.89527509999999
1675870214.8068352	95.35956780000001
1675870214.92971	95.4617253
1675870215.0526206	94.88472890000001
1675870215.1995375	95.39811900000001
1675870215.325157	96.1745008
1675870215.469757	95.60965829999999
1675870215.5940197	95.65947580000001
1675870215.7402418	96.8337578
1675870215.8982108	96.43592419999999
1675870216.0338962	96.42380890000001
1675870216.175534	96.9412452
1675870216.3138812	95.4067602
1675870216.4575684	96.1014413
1675870216.6163974	94.84135450000001
1675870216.7792497	94.4844476
1675870216.9218261	95.3028527
1675870217.0638425	95.2180386
1675870217.2172275	95.1172689
1675870217.3770726	95.8122691
1675870217.5063994	95.4664993
1675870217.632879	95.5453775
1675870217.787207	95.9609613
1675870217.9408154	96.0565318
1675870218.102102	96.9970527
1675870218.2601116	96.66755979999999
1675870218.4176104	94.49315730000001
1675870218.578222	95.10437230000001
1675870218.7170908	95.5534504
1675870218.877476	96.55587240000001
1675870219.0016844	97.294418
1675870219.1239307	96.4937525
1675870219.248128	94.5831055
1675870219.3720253	95.58394639999999
1675870219.521849	97.1968619
1675870219.6633213	97.02572430000001
1675870219.787578	96.28798719999999
1675870219.9317975	96.33207370000001
1675870220.05294	96.0694321
1675870220.1770198	96.3158349
1675870220.31535	97.0558332
1675870220.458224	97.12468150000001
1675870220.5917053	96.2491208
1675870220.7465868	96.3934627
1675870220.871362	95.7489674
1675870221.0207698	95.19147840000001
1675870221.1582587	95.6817581
1675870221.3162358	96.1296008
1675870221.4400966	96.0931698
1675870221.5780103	97.2231914
1675870221.7325482	94.144403
1675870221.8529062	94.9612264
1675870221.9776118	96.7649069
1675870222.124026	96.42057229999999
1675870222.2447367	94.6224829
1675870222.3677654	96.1282576
1675870222.4909732	96.2909682
1675870222.6037652	94.6949926
1675870222.7282252	94.8509104
1675870222.8523152	96.62426
1675870222.9937692	96.65224930000001
1675870223.1158483	96.6353457
1675870223.238217	98.1207388
1675870223.3728802	96.5692651
1675870223.5334742	94.58388149999999
1675870223.664878	94.9366764
1675870223.811844	94.8106729
1675870223.9349754	93.84520309999999
1675870224.0830307	95.2887356
1675870224.2082174	94.3888056
1675870224.3451843	93.7501773
1675870224.50135	95.2240268
1675870224.625782	95.3505434
1675870224.76544	95.26256719999999
1675870224.9037461	97.26024530000001
1675870225.0376375	95.5874687
1675870225.162084	94.1191851
1675870225.3173065	96.0379351
1675870225.4581375	95.3232807
1675870225.5832164	95.1185234
1675870225.7391427	96.3737526
1675870225.8640935	97.13049629999999
1675870226.0000887	95.3329676
1675870226.138099	94.991075
1675870226.2602444	95.6547608
1675870226.3835106	97.1974132
1675870226.52009	98.17038860000001
1675870226.665106	97.66301800000001
1675870226.7882183	95.84614380000001
1675870226.9126058	95.1222669
1675870227.0563724	95.3715976
1675870227.1981304	96.4075836
1675870227.322722	98.1003145
1675870227.469572	97.0135458
1675870227.5901067	93.7725707
1675870227.748224	95.1857188
1675870227.874262	97.4662069
1675870227.995292	97.11096789999999
1675870228.1182163	96.636384
1675870228.2582245	96.4048265
1675870228.397152	94.3194423
1675870228.5248246	94.449218
1675870228.6694217	95.8284114
1675870228.7935684	94.7240521
1675870228.9143782	95.11686900000001
1675870229.058229	97.1735041
1675870229.1820056	96.0405432
1675870229.344381	94.3296035
1675870229.4682214	95.0590029
1675870229.6078274	94.8361553
1675870229.7619164	93.9734557
1675870229.9060338	95.1511053
1675870230.0278964	94.15793980000001
1675870230.1846423	93.0687067
1675870230.3434346	95.85405589999999
1675870230.4740372	96.8579319
1675870230.6114025	97.17932210000001
1675870230.7479408	96.42417339999999
1675870230.8710473	93.7659511
1675870231.014101	92.7684849
1675870231.1868763	95.7336616
1675870231.3416977	97.61151799999999
1675870231.4662666	97.210903
1675870231.5896924	96.52605849999999
1675870231.7295518	95.0296747
1675870231.867052	95.13569389999999
1675870232.0098455	96.1788435
1675870232.1434062	97.3386797
1675870232.281227	97.94304600000001
1675870232.4206147	97.14719219999999
1675870232.559468	94.76310050000001
1675870232.6961932	95.2912909
1675870232.835489	96.9126196
1675870232.973799	95.9076103
1675870233.1071396	95.4391312
1675870233.2523413	96.58874420000001
1675870233.3851337	95.3998025
1675870233.5267558	94.18194000000001
1675870233.7040424	96.3006301
1675870233.863452	94.3855601
1675870234.0131009	97.200404
1675870234.166219	96.140512
1675870234.3140013	94.7081781
1675870234.4664328	94.9153335
1675870234.5882204	93.97953720000001
1675870234.7444847	94.09042430000001
1675870234.8582375	96.0422142
1675870234.9826274	95.4478527
1675870235.1223376	93.6117622
1675870235.2964804	95.3290927
1675870235.4210792	96.422409
1675870235.5453458	96.3713023
1675870235.6910696	96.6093614
1675870235.8273022	94.6601993
1675870235.9663503	94.0083022
1675870236.121204	96.3368607
1675870236.245993	96.967596
1675870236.3842568	95.68012970000001
1675870236.5306768	96.8167732
1675870236.7277844	96.2228415
