Time (s)\Voltage (mV)
1675871176.0946877	97.7907757
1675871176.2282104	96.863158
1675871176.3738616	97.5393914
1675871176.4958742	96.0186678
1675871176.6354923	94.4671426
1675871176.793743	96.51380160000001
1675871176.9326847	97.4126021
1675871177.0573928	97.0295716
1675871177.2175508	97.3140113
1675871177.3398607	95.446606
1675871177.4754808	93.7766645
1675871177.6343615	95.2687104
1675871177.7704566	95.9440233
1675871177.9213667	95.7339622
1675871178.0594513	96.42985610000001
1675871178.208214	94.9164973
1675871178.3616686	93.79278369999999
1675871178.507532	94.71800830000001
1675871178.6423638	95.405934
1675871178.7625344	95.7652037
1675871178.9007783	96.7425865
1675871179.0564294	95.9044939
1675871179.1782172	95.48511649999999
1675871179.3166034	96.0642758
1675871179.4878669	97.5330036
1675871179.6273685	97.3919744
1675871179.7808347	97.3259426
1675871179.9216821	94.7779607
1675871180.0797982	96.5705949
1675871180.2229156	97.3038842
1675871180.3464339	96.83336720000001
1675871180.485743	97.6305805
1675871180.629547	96.9928122
1675871180.7538683	96.2909296
1675871180.897237	97.7613594
1675871181.020692	98.245425
1675871181.1611412	97.26479239999999
1675871181.2782264	98.4129571
1675871181.404017	97.5295155
1675871181.5459542	94.89966919999999
1675871181.699523	93.6145763
1675871181.8443518	95.9036603
1675871181.9860284	96.5489619
1675871182.123391	95.0395311
1675871182.2418518	95.670721
1675871182.3604512	96.2716141
1675871182.4834652	94.36023990000001
1675871182.6040957	96.4857044
1675871182.7392268	97.6799446
1675871182.9002404	96.9834022
1675871183.048219	97.714515
1675871183.1744242	97.8175441
1675871183.3132951	96.63537260000001
1675871183.4465475	97.1897045
1675871183.5842729	97.3964662
1675871183.7092211	97.3850612
1675871183.8326762	97.9630933
1675871183.9727185	98.04381049999999
1675871184.127826	94.9388859
1675871184.287562	95.94860419999999
1675871184.4276485	99.201715
1675871184.545769	99.2149472
1675871184.663438	98.73439259999999
1675871184.8118477	98.3803014
1675871184.9416373	96.3662628
1675871185.0723784	95.1650567
1675871185.2140758	96.7259472
1675871185.3317156	96.39113739999999
1675871185.451216	96.6600414
1675871185.586783	97.15831530000001
1675871185.730397	95.05402609999999
1675871185.8709154	93.821994
1675871185.987777	95.04120739999999
1675871186.1095998	95.9753369
1675871186.2658682	97.3523265
1675871186.4188545	98.2963733
1675871186.5627332	94.94034029999999
1675871186.7027159	94.2551628
1675871186.8555522	96.7678001
1675871186.9737206	95.83752600000001
1675871187.1308396	95.7859093
1675871187.2682226	96.8227408
1675871187.3910215	96.16619460000001
1675871187.5360467	96.7791437
1675871187.670498	97.04473399999999
1675871187.7924862	97.1890379
1675871187.9160063	97.22145479999999
1675871188.0392315	97.80941899999999
1675871188.1626525	97.38492910000001
1675871188.3057995	97.21142250000001
1675871188.4694715	97.9372834
1675871188.6272008	97.0074888
1675871188.7873404	96.8905764
1675871188.93695	97.7223463
1675871189.0835426	95.7683525
1675871189.220106	94.34895309999999
1675871189.3993425	95.9557923
1675871189.547251	97.66394489999999
1675871189.6728125	98.8740042
1675871189.8123693	98.18165970000001
1675871189.9596527	95.3045392
1675871190.096986	96.2542574
1675871190.2560203	97.6994268
1675871190.417785	97.7564449
1675871190.5379882	98.4618667
1675871190.694482	96.48114509999999
1675871190.8541665	94.4188461
1675871191.0069196	97.19428839999999
1675871191.132426	97.1453157
1675871191.2759714	96.42184110000001
1675871191.4005423	96.7557013
1675871191.5351713	96.3108068
1675871191.6952894	95.4024222
1675871191.8526747	98.1129871
1675871191.9961212	96.20592710000001
1675871192.1418612	95.82520210000001
1675871192.2729971	96.5931156
1675871192.4182248	95.6700806
1675871192.5806859	96.32405609999999
1675871192.6943276	97.84279830000001
1675871192.8155708	96.1855305
1675871192.9405437	95.5340937
1675871193.0973268	96.8127513
1675871193.2555976	95.90519409999999
1675871193.4158602	96.9051178
1675871193.5756927	97.461173
1675871193.7252598	96.7797483
1675871193.877086	97.2739123
1675871194.033732	96.354738
1675871194.1944616	97.0480961
1675871194.3180196	97.85544420000001
1675871194.4748063	97.3224195
1675871194.599825	97.2364512
1675871194.742185	98.6919796
1675871194.8974392	96.6524597
1675871195.0437813	97.47716770000001
1675871195.1827443	97.7331602
1675871195.320597	97.1367583
1675871195.459281	96.5567255
1675871195.5828187	96.9669895
1675871195.7068598	95.7623723
1675871195.8479419	94.2857244
1675871195.99021	95.9505328
1675871196.1361473	95.6209393
1675871196.2623494	95.6309338
1675871196.3842287	96.2079971
1675871196.516121	95.9475353
1675871196.6558912	94.255514
1675871196.8008938	95.9622475
1675871196.9438114	97.69761439999999
1675871197.068046	96.77835660000001
1675871197.1912954	97.6759534
1675871197.3356602	97.467495
1675871197.4561853	95.4703657
1675871197.5861416	96.163866
1675871197.7093556	98.09687050000001
1675871197.8508246	97.5243182
1675871197.9815428	97.3250876
1675871198.1064668	97.3203662
1675871198.2316387	95.7623643
1675871198.3717458	94.9602503
1675871198.5312822	97.4834413
1675871198.6680992	96.237624
1675871198.804768	95.5790808
1675871198.9455256	96.7265727
1675871199.1064067	96.1118368
1675871199.2360892	96.4262922
1675871199.4027267	97.5439855
1675871199.5579698	97.3237803
1675871199.6823242	96.87960989999999
1675871199.8255348	96.7266833
1675871199.9468718	95.7066107
1675871200.0700276	95.0749736
1675871200.203417	95.973484
1675871200.365169	96.0735286
1675871200.493404	97.2933886
1675871200.6568468	96.7042793
1675871200.7810378	95.87567969999999
1675871200.9040966	95.4145498
1675871201.0492816	96.0945322
1675871201.1612804	96.6023349
1675871201.2873635	96.3051574
1675871201.4115138	97.3492007
1675871201.5354574	96.30564749999999
1675871201.6582165	94.97781230000001
1675871201.7819753	95.9981237
1675871201.9064076	96.7422322
1675871202.061116	97.0093596
1675871202.201149	97.70349879999999
1675871202.357389	96.1492222
1675871202.4792356	95.4880612
1675871202.6366088	96.1142935
1675871202.7743654	96.77798059999999
1675871202.916639	96.7151971
1675871203.0448294	96.804097
1675871203.199235	94.4169279
1675871203.3366895	92.9476291
1675871203.4895086	96.0453216
1675871203.6329668	98.0011989
1675871203.7727263	97.6608713
1675871203.9282215	97.3063121
1675871204.0704575	96.1708574
1675871204.2330372	96.3408981
1675871204.371597	97.7525145
1675871204.508218	97.3960446
1675871204.647205	97.8535839
1675871204.7861483	98.4032544
1675871204.9312387	96.6980598
1675871205.0894184	96.0171531
1675871205.2482228	97.1894624
1675871205.364449	98.6710848
1675871205.4921274	98.456987
1675871205.6313782	98.695467
1675871205.787432	95.1678788
1675871205.934619	94.0651136
1675871206.0595884	95.55919979999999
1675871206.183773	96.5514594
1675871206.3315907	96.8586759
1675871206.4673188	96.4592988
1675871206.6228895	94.4606739
1675871206.7821796	95.36677209999999
1675871206.9309402	96.2049746
1675871207.0592191	95.9916666
1675871207.1822774	95.7006045
1675871207.3272161	96.7846794
1675871207.4724813	95.9881098
1675871207.6094003	97.0910628
1675871207.7337942	97.2089478
1675871207.855579	96.9366201
1675871207.978224	96.9815599
1675871208.1021254	97.5041286
1675871208.2265964	96.63285929999999
1675871208.3612845	95.4215761
1675871208.5255377	98.19732959999999
1675871208.6472185	97.3930476
1675871208.7704208	97.5268857
1675871208.9206939	98.98794869999999
1675871209.0578191	97.97718800000001
1675871209.1954556	96.96002700000001
1675871209.3371856	97.48515929999999
1675871209.4753904	96.00399060000001
1675871209.6315596	96.7705029
1675871209.7569017	97.0287956
1675871209.893248	96.77227450000001
1675871210.0474563	95.4926621
1675871210.190514	95.7857172
1675871210.3506415	96.1466376
1675871210.4825008	97.78579330000001
1675871210.628223	95.9089108
1675871210.7629807	93.924888
1675871210.905006	94.3948898
1675871211.0632093	97.04965279999999
1675871211.202079	97.4644265
1675871211.3617504	98.6832967
1675871211.520294	97.5783104
1675871211.657551	96.5076594
1675871211.7882218	97.4132514
1675871211.9274716	96.59858890000001
1675871212.0828202	96.9781323
1675871212.2619846	96.96211120000001
1675871212.391514	96.945896
1675871212.5318704	95.81722330000001
1675871212.6699157	98.6095866
1675871212.8059256	98.6641896
1675871212.9471004	97.6037714
1675871213.0921965	96.8996763
1675871213.2272928	95.28345639999999
1675871213.407721	95.1631127
1675871213.5643747	96.3892472
1675871213.7013824	96.08249219999999
1675871213.8376925	95.6522301
1675871213.9948585	96.39556280000001
1675871214.1360912	95.5202099
1675871214.2745326	96.2792816
1675871214.413759	96.5129942
1675871214.537973	95.63960970000001
1675871214.6621823	96.6301591
1675871214.7982247	97.8628272
1675871214.941376	95.09973959999999
1675871215.0735278	94.88339930000001
1675871215.2099109	97.2024998
1675871215.3353107	96.51228259999999
1675871215.4741416	97.3047209
1675871215.6277215	97.860699
1675871215.769232	95.1236146
1675871215.9093068	94.5157274
1675871216.0342357	96.89937780000001
1675871216.1922593	97.342488
1675871216.3475118	97.5474096
1675871216.490436	97.43676669999999
1675871216.6519828	94.4872559
1675871216.8113945	95.9897868
1675871216.9539855	96.0888093
1675871217.0782173	95.3764812
1675871217.237737	97.130889
1675871217.3938715	95.5085031
1675871217.53751	94.5878421
1675871217.68115	96.0726885
1675871217.826992	96.47654899999999
1675871217.952268	96.868913
1675871218.077489	97.8455807
1675871218.2369497	96.0765802
1675871218.3938239	94.9775789
1675871218.5488744	97.99566429999999
1675871218.6829197	97.8410764
1675871218.8416195	97.7721763
1675871218.9772112	96.9749891
1675871219.1254911	95.5564153
1675871219.2719967	97.1618031
1675871219.4237797	97.5842208
1675871219.568224	97.6298008
1675871219.6929002	97.3535888
1675871219.8482268	97.0381672
1675871220.0093248	95.630937
1675871220.146188	96.9165405
1675871220.284367	97.1191262
1675871220.4246054	96.1708424
1675871220.5624437	96.7035914
1675871220.7035944	95.65521489999999
1675871220.8357787	94.8080722
1675871220.9946396	96.49695410000001
1675871221.1183844	96.7164123
1675871221.2644708	97.0516686
1675871221.402006	97.1836888
1675871221.5470805	94.7273958
1675871221.6716561	94.0530161
1675871221.8277714	95.70119539999999
1675871221.9682214	95.9702499
1675871222.0903034	96.9585482
1675871222.2351944	96.9742191
1675871222.3579917	95.80780429999999
1675871222.4782236	96.4277634
1675871222.6169238	98.2554384
1675871222.7453425	97.8377566
1675871222.8766146	97.22771010000001
1675871223.0368967	97.78567790000001
1675871223.1845112	97.3718468
1675871223.3307717	96.0655122
1675871223.4890218	97.5717316
1675871223.6501174	97.0311612
1675871223.7917569	97.1554422
1675871223.9482212	97.5399898
1675871224.1051934	95.5826097
1675871224.2195594	95.7656064
1675871224.3418841	95.0955601
1675871224.486746	94.78961430000001
1675871224.6345499	96.1153128
1675871224.769286	96.2303617
1675871224.943853	94.13653869999999
1675871225.0769165	96.2366789
1675871225.2367036	96.923006
1675871225.3643007	96.4760589
1675871225.5060494	96.7117163
1675871225.6392307	94.6640206
1675871225.7958183	94.0934027
1675871225.9182231	95.77555059999999
1675871226.0414438	96.19776519999999
1675871226.165629	95.5115396
1675871226.3109024	96.98474
1675871226.4499571	96.7516548
1675871226.6095295	95.466195
1675871226.7404332	96.9489872
1675871226.887581	97.8045468
1675871227.0350482	97.4044736
1675871227.1576521	97.8345148
1675871227.2829719	98.2103296
1675871227.423663	94.683377
1675871227.5792825	93.09140640000001
1675871227.7271712	96.6793675
1675871227.8676348	96.56127120000001
1675871228.001471	95.7102067
1675871228.141249	96.9509116
1675871228.2793086	96.86475399999999
1675871228.420731	97.6994758
1675871228.5538397	97.60179169999999
1675871228.6982155	96.0904617
1675871228.8454561	97.3603657
1675871228.99743	96.4542838
1675871229.1538765	95.1693775
1675871229.269619	97.0662833
1675871229.393019	97.5791419
1675871229.5329182	96.9144806
1675871229.6876569	96.5099806
1675871229.834852	95.94942139999999
1675871229.9782186	94.25493159999999
1675871230.0982175	95.2916962
1675871230.231637	96.45008659999999
1675871230.3717453	95.7639074
1675871230.513112	96.495457
1675871230.6462402	95.7661477
1675871230.770367	95.5628529
1675871230.9162447	96.9699272
1675871231.07107	97.49660239999999
1675871231.2262151	96.5052681
1675871231.3617115	98.0207369
1675871231.4867435	97.1231066
1675871231.6415882	95.8592837
1675871231.7782195	97.2329532
1675871231.9001374	97.64980750000001
1675871232.0256343	97.5766209
1675871232.1686215	98.01031640000001
1675871232.29138	97.43513569999999
1675871232.4304228	94.7367366
1675871232.5551999	94.7158161
1675871232.7014272	97.40948900000001
1675871232.8242981	96.720051
1675871232.9482083	97.4361432
1675871233.0733638	98.8167318
1675871233.2077937	97.0341566
1675871233.34661	95.7077699
1675871233.4822648	97.0320069
1675871233.6422324	96.8986654
1675871233.799694	96.6367358
1675871233.9408743	96.5963158
1675871234.0846922	93.90133940000001
1675871234.2411501	94.2060086
1675871234.3804832	96.2775007
1675871234.521018	96.96855479999999
1675871234.6792288	97.3459548
1675871234.8244777	96.64640870000001
1675871234.9526942	93.4025589
1675871235.0892308	95.07798939999999
1675871235.233106	97.7794672
1675871235.382056	98.31644320000001
1675871235.5337086	97.72378330000001
1675871235.690113	96.6685737
1675871235.8722537	96.3301663
1675871236.002925	97.6032713
1675871236.1298819	96.7287753
1675871236.296321	96.4357206
1675871236.4246976	96.8747142
1675871236.571794	96.0548083
1675871236.732912	95.9094984
1675871236.8768413	97.16438
1675871237.0015676	96.4406479
1675871237.1336546	96.6289634
1675871237.3134856	98.7254253
1675871237.4519322	94.1988857
1675871237.610037	95.8515575
1675871237.7537742	95.4982486
1675871237.8898077	95.89397600000001
1675871238.018222	97.3065198
1675871238.1638625	96.1780851
1675871238.3016665	94.4227975
1675871238.441355	96.3493671
1675871238.6048162	97.1430794
1675871238.7292256	97.115328
1675871238.8544862	97.4908856
1675871238.9982214	97.0729214
1675871239.1324	96.03860259999999
1675871239.2903185	97.5728978
1675871239.4378064	97.2505805
1675871239.5992844	96.96240239999999
1675871239.7238262	98.4690006
1675871239.847882	97.5901103
1675871239.9723494	95.9968988
1675871240.1291368	96.8571062
1675871240.2757754	97.0611107
1675871240.415141	97.0353739
1675871240.5506003	97.04836540000001
1675871240.7129228	95.1690081
1675871240.8440545	96.1709792
1675871240.9921963	97.3805576
1675871241.1312182	96.30284710000001
1675871241.2608285	96.7880362
1675871241.4070406	98.0729246
1675871241.551298	96.457103
1675871241.731477	96.4490249
1675871241.8782144	98.3033366
1675871242.0257437	97.5213497
1675871242.1869469	97.5926214
1675871242.3098407	97.0238624
1675871242.432229	96.0401055
1675871242.5708144	95.9597219
1675871242.7258584	96.6435796
1675871242.8509436	96.4888765
1675871242.9957373	97.2105284
1675871243.1200614	96.90684300000001
1675871243.2449865	96.2119338
1675871243.4010067	95.3125515
1675871243.5626557	96.22699560000001
1675871243.7213924	96.90942700000001
1675871243.8567407	97.4397067
1675871244.0072665	95.9658203
1675871244.1492229	95.3443489
1675871244.2949512	94.89657340000001
1675871244.4544525	97.0654925
1675871244.5902812	97.4868841
1675871244.7269754	97.11068909999999
1675871244.8661213	96.2153488
1675871245.025326	94.7653706
1675871245.1506448	96.2784501
1675871245.2882137	96.0768443
1675871245.4371772	96.60535130000001
1675871245.5893042	96.8122298
1675871245.7532148	94.6925369
1675871245.8963318	95.74794990000001
1675871246.0182157	96.69910850000001
1675871246.1414988	97.0709514
1675871246.264559	98.0594011
1675871246.3882723	99.50173380000001
1675871246.53123	97.3158159
1675871246.6761901	94.93150829999999
1675871246.7998776	95.4768102
1675871246.9237742	96.92581340000001
1675871247.0802977	98.3784382
1675871247.2049785	97.4536839
1675871247.3279428	96.1341859
1675871247.4852593	96.28611400000001
1675871247.627186	97.3578611
1675871247.7515051	97.1903715
1675871247.8915548	95.82422910000001
1675871248.0423381	96.0424378
1675871248.1962419	96.73730619999999
1675871248.3371124	95.2442588
1675871248.492151	96.41568840000001
1675871248.6281407	96.0809472
1675871248.7555306	97.2004105
1675871248.8924055	96.82852190000001
1675871249.030986	93.8442728
1675871249.172339	94.4204864
1675871249.309976	96.1667503
1675871249.465009	95.68106549999999
1675871249.5898397	96.3947535
1675871249.7352796	97.1664611
1675871249.8582218	96.2317922
1675871249.9817615	95.8343792
1675871250.1059325	97.1882244
1675871250.256224	97.4034544
1675871250.3942235	97.9383553
1675871250.5433114	98.4219928
1675871250.669018	97.6936374
1675871250.805681	96.43354799999999
1675871250.9270275	96.5977524
1675871251.0708525	96.7555043
1675871251.2151446	97.1725782
1675871251.3615155	97.74280069999999
1675871251.5158923	96.1503539
1675871251.6589036	94.0021405
1675871251.8077412	95.1822873
1675871251.9334302	96.6296813
1675871252.0733843	97.5890655
1675871252.223898	96.3606083
1675871252.3492126	95.2893959
1675871252.4722197	93.41683330000001
1675871252.6161752	95.4680227
1675871252.7734647	95.9580664
1675871252.9115741	95.4057434
1675871253.054067	97.6015539
1675871253.204383	97.5195837
1675871253.3282237	96.63259359999999
1675871253.4882214	97.20387290000001
1675871253.6267807	95.6762805
1675871253.7857077	97.2602189
1675871253.9393246	96.60717700000001
1675871254.0620787	95.9097825
1675871254.1863534	96.8797606
1675871254.3094563	96.4277925
1675871254.4342651	95.97817409999999
1675871254.5755837	96.90513800000001
1675871254.6952696	98.6599968
1675871254.8350544	96.9368155
1675871254.9608157	93.9376288
1675871255.1374598	95.6923401
1675871255.2794037	97.10006899999999
1675871255.4328427	96.25609970000001
1675871255.5722644	97.5493572
1675871255.708219	96.7488908
1675871255.8682206	96.1535162
1675871255.9970872	96.9040067
1675871256.1277084	97.4027623
1675871256.263324	98.5587456
1675871256.4015162	97.80649939999999
1675871256.555729	96.5327477
1675871256.7003124	97.3052531
1675871256.8238008	99.4636571
1675871256.9561868	98.5243356
1675871257.0993173	97.2092598
1675871257.2606797	99.6937328
1675871257.3969061	96.93268939999999
1675871257.5392761	95.08587960000001
1675871257.6858542	97.0104194
1675871257.8228273	97.5667977
1675871257.9873366	96.4757807
1675871258.1430395	96.2312798
1675871258.2804773	93.90574649999999
1675871258.4402752	94.6853665
1675871258.5796235	96.6897382
1675871258.7172692	97.45876200000001
1675871258.8671744	97.90784260000001
1675871259.0053709	95.6461753
1675871259.1550748	96.26507099999999
1675871259.2831311	97.5458708
1675871259.447979	96.13559369999999
1675871259.590445	95.71345050000001
1675871259.7323265	97.31396720000001
1675871259.8570914	97.96463969999999
1675871260.0059142	97.7657551
1675871260.134151	97.7822829
1675871260.273119	96.39026870000001
1675871260.421362	97.63725099999999
1675871260.548212	98.2789029
1675871260.6920795	95.4363831
1675871260.8298874	94.6323864
1675871260.9919727	97.9361232
1675871261.1348636	98.9661852
1675871261.2682173	97.65944710000001
1675871261.4125612	98.0399796
1675871261.5458963	97.2699823
1675871261.699605	97.43358119999999
1675871261.8376596	98.9214573
1675871261.9746938	97.1319142
1675871262.1182182	97.0462955
1675871262.274511	98.1284211
1675871262.4321902	96.2119273
1675871262.5710135	95.45994639999999
1675871262.701026	95.9721912
1675871262.8279154	95.6793123
1675871262.9660766	95.8643121
1675871263.1104956	96.1408852
1675871263.2436938	95.4665874
1675871263.3819096	95.763363
1675871263.5382226	97.7941026
1675871263.6654804	97.83251279999999
1675871263.804693	97.9782027
1675871263.9492445	97.0388578
1675871264.0835788	97.011484
1675871264.2220778	97.12893340000001
1675871264.360413	96.699844
1675871264.5043635	96.2738228
1675871264.642643	96.9959792
1675871264.7952292	96.4779082
1675871264.9382331	95.044313
1675871265.0955524	96.40808539999999
1675871265.256293	96.09016580000001
1675871265.3977983	97.0909594
1675871265.5362303	98.10383440000001
1675871265.6779876	96.92544509999999
1675871265.8158162	96.2071472
1675871265.976374	97.7844928
1675871266.1128883	97.0274419
1675871266.2437763	97.1837515
1675871266.3903167	97.38629040000001
1675871266.5362537	97.3237977
1675871266.6955748	96.04184529999999
1675871266.8205247	96.4465016
1675871266.9528227	96.7536248
1675871267.1129801	97.7040555
1675871267.250977	97.21915870000001
1675871267.41084	95.97190619999999
1675871267.5547736	95.8912588
1675871267.692228	96.8860255
1675871267.853696	96.7025303
1675871268.0303414	97.5070412
1675871268.169454	97.5396763
1675871268.3122332	96.6582061
1675871268.4464731	97.7371459
1675871268.614361	97.27004609999999
1675871268.7662423	97.1023484
1675871268.903719	97.74502820000001
1675871269.047513	94.4554772
1675871269.1827636	93.3358094
1675871269.3378313	96.1009345
1675871269.4731653	96.6281078
1675871269.6135173	96.8140679
1675871269.7720234	96.9751299
1675871269.897241	95.9413336
1675871270.0572207	96.8843513
1675871270.1921422	97.7089265
1675871270.317557	98.5721762
1675871270.456981	98.5151379
1675871270.6120887	97.50609440000001
1675871270.7414284	95.8492804
1675871270.880266	96.1118952
1675871271.0782323	97.29308859999999
1675871271.2216687	98.2578922
1675871271.3550434	97.2928212
1675871271.509688	96.1621222
1675871271.6692317	95.7637489
1675871271.808219	97.5982635
1675871271.9634736	98.5810635
1675871272.1172223	97.7917961
1675871272.2536395	97.5860597
1675871272.42135	96.6920726
1675871272.577188	97.09778800000001
1675871272.7180595	96.4349984
1675871272.872924	96.9198946
1675871273.0039637	97.79302080000001
1675871273.1638303	97.2911689
1675871273.2918525	95.5923104
1675871273.4182215	97.1819364
1675871273.5570068	96.5643347
1675871273.7120502	95.81091210000001
1675871273.851506	96.93905290000001
1675871274.0089197	97.4976082
1675871274.1738195	97.5620404
1675871274.3218305	96.7437719
1675871274.4803746	96.2170447
1675871274.6171103	97.490151
1675871274.748179	97.96055030000001
1675871274.8743808	97.888372
1675871275.0161815	97.353341
1675871275.1714845	97.6355174
1675871275.297939	96.054772
1675871275.43639	96.73156920000001
1675871275.574791	96.90935139999999
1675871275.7232673	94.8543878
1675871275.8825686	96.4446861
1675871276.0183094	97.4617087
1675871276.164731	97.5107586
1675871276.3029845	98.5851665
1675871276.4369183	97.8920387
1675871276.5618975	96.384058
1675871276.7006052	96.6968361
1675871276.8547182	96.1777026
1675871276.9974172	95.9358841
1675871277.136784	97.2040522
1675871277.2582314	97.6621386
1675871277.3923776	96.0912052
1675871277.5536475	95.6085478
1675871277.7046797	95.5908639
1675871277.848219	95.98249990000001
1675871277.9733074	95.84431509999999
1675871278.0966318	95.21769789999999
1675871278.230188	95.542673
1675871278.3905551	95.72390610000001
1675871278.5701265	96.9113787
1675871278.7082317	96.6193429
1675871278.8682225	97.86265110000001
1675871279.0102825	97.247508
1675871279.1537938	96.3096195
1675871279.2972236	96.8411211
1675871279.4444952	95.9541002
1675871279.5754344	95.6840926
1675871279.742431	97.3164589
1675871279.8952522	96.3953513
1675871280.0331764	95.9645885
1675871280.1719503	97.7389371
1675871280.3052213	96.6350144
1675871280.4462495	96.4480882
1675871280.5882163	98.06506639999999
1675871280.7272491	96.72354680000001
1675871280.864727	96.6677321
1675871281.0133946	98.6565584
1675871281.139258	98.3613512
1675871281.2980518	97.5947968
1675871281.4501107	96.383995
1675871281.5927737	94.3034682
1675871281.7507937	94.6045631
1675871281.8931446	96.0987411
1675871282.0337503	97.3577476
1675871282.1668363	97.1585884
1675871282.3270442	95.63352549999999
1675871282.4809077	95.2048482
1675871282.6254067	96.64405169999999
1675871282.7496905	95.4226376
1675871282.8756793	95.5653915
1675871283.0208871	97.2143486
1675871283.1782277	96.56042500000001
1675871283.3388507	96.16401970000001
1675871283.4930525	97.87264619999999
1675871283.6345742	96.8420388
1675871283.7768972	96.53763579999999
1675871283.9076056	97.527908
1675871284.0295513	96.5069128
1675871284.1548922	95.07745
1675871284.27735	96.40277640000001
1675871284.424166	97.6237256
1675871284.5551734	97.67767049999999
1675871284.6771681	98.325618
1675871284.8172557	98.3867301
1675871284.9512537	95.90334250000001
1675871285.0906582	97.17652890000001
1675871285.2147377	98.5871908
1675871285.3599079	97.660785
1675871285.506038	97.9763534
1675871285.6171093	96.9747257
1675871285.743107	95.5952041
1675871285.9031417	95.9598352
1675871286.0554812	96.72472090000001
1675871286.19445	96.0837193
1675871286.3496518	97.9142408
1675871286.47395	96.68656320000001
1675871286.6119187	93.9696832
1675871286.7672822	96.11756679999999
1675871286.906107	96.402823
1675871287.0775783	96.16722580000001
1675871287.1982243	96.5702205
1675871287.3570175	95.7256539
1675871287.4701495	95.5340576
1675871287.5920637	95.6544479
1675871287.7539744	96.8138286
1675871287.881317	96.35429189999999
1675871288.0041192	96.3994805
1675871288.1641152	96.7365862
1675871288.3041837	95.1835316
1675871288.4613082	95.8368294
1675871288.6128955	97.01637840000001
1675871288.7496557	98.7373099
1675871288.8943574	97.9153394
1675871289.018081	95.5064254
1675871289.1573627	95.0361579
1675871289.2813003	96.1696384
1675871289.4055643	96.92656269999999
1675871289.5278857	97.3400738
1675871289.6748908	97.0028069
1675871289.79611	95.64984159999999
1675871289.9295006	94.1526279
1675871290.052894	94.3669877
1675871290.1856487	96.84811590000001
1675871290.3079994	98.2308893
1675871290.4482179	98.3893562
1675871290.5725048	97.8518559
1675871290.696542	97.1528646
1675871290.8203676	96.4865525
1675871290.9445512	96.9765327
1675871291.1271737	97.8893133
1675871291.260576	97.8048089
1675871291.3816273	96.6665318
1675871291.5049648	96.14065939999999
1675871291.6292307	96.1875697
1675871291.7881112	96.5616442
1675871291.9431129	96.5558251
1675871292.0856586	96.3207089
1675871292.2094448	97.4044762
1675871292.35922	95.685216
1675871292.5121243	95.5326464
1675871292.6690416	95.9657997
1675871292.8117728	96.3150337
1675871292.9321737	97.54422220000001
1675871293.0550497	97.1515188
1675871293.1944401	94.2168123
1675871293.3340218	94.1271709
1675871293.4951057	96.50761150000001
1675871293.6173482	96.4092292
1675871293.75036	96.72380749999999
1675871293.9044197	97.5628535
1675871294.0260932	95.7971806
1675871294.1582236	94.9076385
1675871294.3210402	97.9227795
1675871294.475855	98.2708176
1675871294.5946622	98.2994757
1675871294.7362227	98.3437323
1675871294.8658295	94.98144479999999
1675871294.9876142	95.1089189
1675871295.1121604	96.6176774
1675871295.2555077	97.4118756
1675871295.3767154	96.77865820000001
1675871295.5001612	95.85670379999999
1675871295.6431954	95.70167509999999
1675871295.7863305	94.6545608
1675871295.9367237	96.8163692
1675871296.062336	97.941696
1675871296.1982229	96.3887393
1675871296.3556044	96.6853844
1675871296.4971356	95.5099573
1675871296.6209786	93.2765345
1675871296.7681372	95.8569719
1675871296.91923	96.2449207
1675871297.0621743	96.7240719
1675871297.2132065	97.3692014
1675871297.335321	95.6957375
1675871297.4958153	93.94125609999999
1675871297.653167	96.2386593
1675871297.8073888	98.5320516
1675871297.9470387	97.8550343
1675871298.0875869	97.8775141
1675871298.2182176	95.330351
1675871298.343273	94.02822499999999
1675871298.4820309	96.292748
1675871298.6200264	96.7424989
1675871298.7623763	97.0953283
1675871298.9039726	97.36771230000001
1675871299.0384169	94.9212916
1675871299.1672032	95.4320221
1675871299.3294063	97.31316460000001
1675871299.4692347	96.5338127
1675871299.609342	96.0827437
1675871299.7525632	96.2591568
1675871299.8792317	94.7433654
1675871300.024839	95.8593195
1675871300.1582189	98.36722759999999
1675871300.3110425	96.2354067
1675871300.469714	97.1735194
1675871300.6069171	96.4841569
1675871300.7469003	94.6742267
1675871300.8798418	95.3906632
1675871301.018222	97.6028812
1675871301.169894	95.7888023
1675871301.3126266	97.1125409
1675871301.436661	97.92979820000001
1675871301.593736	95.9355974
1675871301.724431	96.8949744
1675871301.8621366	96.1799119
1675871301.9866524	96.4851642
1675871302.1237526	96.4446649
1675871302.269268	97.1431256
1675871302.3911974	96.78133460000001
1675871302.5353267	96.67178510000001
1675871302.6898146	98.2741432
1675871302.8282242	97.3359065
1675871302.9634604	97.3887437
1675871303.1229434	96.52143439999999
1675871303.2508621	95.3137502
1675871303.406303	95.94419880000001
1675871303.5482235	95.3771969
1675871303.7058182	96.6039597
1675871303.8282206	98.19206460000001
1675871303.966069	97.7850138
1675871304.106128	95.87306330000001
1675871304.2396128	96.3737117
1675871304.4003582	96.0733685
1675871304.5507927	97.1451879
1675871304.69387	98.4290228
1675871304.8333778	98.7066841
1675871304.955766	97.1137109
1675871305.097954	96.2712548
1675871305.2539485	96.27744750000001
1675871305.414975	96.7882197
1675871305.564032	96.2320793
1675871305.7092285	94.6584383
1675871305.8526964	94.45715009999999
1675871305.9766114	96.80341419999999
1675871306.111021	97.1719446
1675871306.2566366	95.9344669
1675871306.3810873	95.81381610000001
1675871306.5057998	95.2594157
1675871306.6282265	95.0791297
1675871306.762086	97.38360309999999
1675871306.9199486	96.3495551
1675871307.0381277	95.58789
1675871307.1757746	96.5792198
1675871307.2976415	97.55797519999999
1675871307.4538412	96.3467143
1675871307.612764	95.3638921
1675871307.7694335	96.67412039999999
1675871307.883914	96.8884862
1675871308.0068278	96.3889622
1675871308.1518707	94.0389534
1675871308.2752962	96.5108643
1675871308.4145184	98.15772559999999
1675871308.550374	96.73068880000001
1675871308.6934035	96.1658748
1675871308.8362362	96.7815533
1675871308.9965887	96.3722903
1675871309.1363747	94.83636130000001
1675871309.2684274	96.1063768
1675871309.4134355	97.0263259
1675871309.5364969	96.7594257
1675871309.6592371	96.2940145
1675871309.8014438	95.83059519999999
1675871309.946331	96.55584259999999
1675871310.0695333	96.7804304
1675871310.1928062	97.6225788
1675871310.3158216	97.6692946
1675871310.438226	96.954623
1675871310.5782259	97.242777
1675871310.7026722	96.9388111
1675871310.8256986	96.4116666
1675871310.9482262	96.9435105
1675871311.0720456	96.3605651
1675871311.214588	95.7028105
1675871311.3382225	96.0732634
1675871311.502427	95.0914596
1675871311.6227973	94.43892410000001
1675871311.7572985	95.92005069999999
1675871311.8827195	96.638846
1675871312.0058427	97.2396967
1675871312.147508	98.79869380000001
1675871312.2682211	98.616334
1675871312.3920443	95.4454587
1675871312.5423145	94.7544442
1675871312.6802058	96.4283011
1675871312.828219	97.068191
1675871312.9547565	97.4076889
1675871313.0937595	97.9803085
1675871313.2363822	96.2983957
1675871313.3944607	96.7028574
1675871313.5538912	97.7138693
1675871313.6882296	97.6030752
1675871313.8299496	97.70153789999999
1675871313.985135	94.8677612
1675871314.1315682	92.7844505
1675871314.2645104	96.1887234
1675871314.4244561	97.4043657
1675871314.547459	96.4743428
1675871314.671527	96.0062977
1675871314.7967567	95.3480417
1675871314.9647398	93.486628
1675871315.1027305	95.7378035
1675871315.246939	96.6113708
1675871315.4116244	96.8124948
1675871315.5431044	97.7499186
1675871315.6775117	96.26492350000001
1675871315.821907	95.7124919
1675871315.9633148	96.14016740000001
1675871316.1064706	96.2306931
1675871316.243547	95.80744030000001
1675871316.3836024	97.2481246
1675871316.5422537	95.2915261
1675871316.704972	95.9071621
1675871316.8423274	96.70004109999999
1675871316.982883	96.07035680000001
1675871317.1282213	96.564017
1675871317.2641492	96.0147474
1675871317.4202404	95.5756698
1675871317.5540085	96.85854739999999
1675871317.6980746	97.26863730000001
1675871317.845898	96.9578356
1675871317.974092	96.94795690000001
1675871318.117108	96.090519
1675871318.249231	96.015578
1675871318.405557	97.1087382
1675871318.5420837	98.10564380000001
1675871318.671531	98.0131733
1675871318.819231	97.9211178
1675871318.9816713	95.5263062
1675871319.14112	94.8959694
1675871319.2782123	96.5940605
1675871319.4231586	95.48334729999999
1675871319.562144	94.0785064
1675871319.709149	95.3165266
1675871319.8559175	95.29489339999999
1675871319.9923859	95.5966884
1675871320.1521049	96.555025
1675871320.2899702	96.3251199
1675871320.4445784	97.51649040000001
1675871320.6028762	97.2429116
1675871320.7564359	93.19647859999999
1675871320.894928	95.2888169
1675871321.0518627	96.77441909999999
1675871321.197868	96.6461587
1675871321.3375823	96.862431
1675871321.4992335	95.6691913
1675871321.633301	94.73696580000001
1675871321.7962916	97.0174486
1675871321.935058	95.79092320000001
1675871322.104095	96.45034580000001
1675871322.2407217	96.444774
1675871322.3737838	96.3980398
1675871322.516459	95.3649765
1675871322.655812	96.4593594
1675871322.7971895	95.9128061
1675871322.9312859	96.9708538
1675871323.0866187	97.4686463
1675871323.2225883	94.0404848
1675871323.3682246	94.38401520000001
1675871323.5245013	96.244573
1675871323.6417701	97.725019
1675871323.79319	98.7728042
1675871323.9507475	95.7677787
1675871324.1115866	92.73860690000001
1675871324.2452233	96.7742645
1675871324.4049973	98.16589959999999
1675871324.54792	96.6219834
1675871324.710325	96.85723279999999
1675871324.8344977	96.4504821
1675871324.972865	96.63699319999999
1675871325.131408	97.0165202
1675871325.275386	97.3040003
1675871325.4350927	97.1492541
1675871325.5745473	97.0395834
1675871325.7112072	95.2627733
1675871325.8458683	95.05097479999999
1675871326.0080717	95.25622879999999
1675871326.1602845	95.5399871
1675871326.3056767	97.6691299
1675871326.4439304	96.6411081
1675871326.6034493	94.2970618
1675871326.740501	96.4017932
1675871326.8975263	96.3893584
1675871327.0334454	95.706273
1675871327.1875575	96.6738225
1675871327.3548386	95.63633
1675871327.5112345	95.8617587
1675871327.6482263	96.6375646
1675871327.781838	96.2257351
1675871327.927659	94.8478646
1675871328.061785	95.96321739999999
1675871328.2222056	96.6391437
1675871328.3823087	95.9793709
1675871328.5271094	96.0716801
1675871328.6723537	96.8481476
1675871328.8052473	97.2353802
1675871328.939386	96.384538
1675871329.078213	95.5515705
1675871329.2338402	97.2029316
1675871329.362158	98.945701
1675871329.5158775	98.8275307
1675871329.652637	97.0644124
1675871329.7782292	95.8603444
1675871329.923336	95.2712241
1675871330.0630858	95.8988989
1675871330.2065167	96.1421134
1675871330.3451319	95.5745957
1675871330.4942973	96.5625576
1675871330.6201365	96.1569971
1675871330.7581275	94.57353020000001
1675871330.9082208	95.4312687
1675871331.0398908	96.0227494
1675871331.1771712	96.2217197
1675871331.3110752	96.83907140000001
1675871331.4454212	95.9275299
1675871331.5838094	94.6789359
1675871331.72547	96.28558199999999
1675871331.8625762	97.7039019
1675871332.022772	97.0626594
1675871332.1799927	97.27255009999999
1675871332.3246489	97.2711982
1675871332.4628592	96.2623016
1675871332.6220977	96.7990564
1675871332.7613895	97.1295942
1675871332.920064	97.1693777
1675871333.080231	96.1146217
1675871333.2106826	96.0770324
1675871333.370674	97.08753180000001
1675871333.5136256	97.8471594
1675871333.6517293	96.39480440000001
1675871333.8009946	96.966356
1675871333.9668572	95.5625491
1675871334.1272585	93.5592748
1675871334.2661197	95.65559499999999
1675871334.4023721	96.31082289999999
1675871334.560769	96.4414908
1675871334.717494	96.79432170000001
1675871334.856572	94.49573749999999
1675871335.0012255	94.45357209999999
1675871335.1404061	96.2658842
1675871335.2989733	96.40530799999999
1675871335.4364452	96.64101749999999
1675871335.5692325	96.692373
1675871335.7250645	96.3214967
1675871335.8782122	95.3004573
1675871336.0159607	96.77359609999999
1675871336.1465397	97.17495480000001
1675871336.2929933	97.7515888
1675871336.4293277	97.1366056
1675871336.5838568	95.97193449999999
1675871336.7482612	96.34408599999999
1675871336.8774424	96.0050507
1675871337.0235813	95.8938002
1675871337.185399	96.5229234
1675871337.3470914	96.31773629999999
1675871337.4823806	96.1159462
1675871337.6237743	97.6246984
1675871337.7811356	96.9385771
1675871337.9410703	97.3857952
1675871338.080126	96.07728209999999
1675871338.2238467	95.7626297
1675871338.3837976	96.7268127
1675871338.536464	96.9308378
1675871338.6982193	96.55168
1675871338.8519087	97.8463962
1675871338.989226	95.8651661
1675871339.1253867	95.019243
1675871339.2837524	96.5176383
1675871339.4415839	96.8363607
1675871339.5828955	97.6489124
1675871339.7446597	98.1427401
1675871339.8801994	95.980065
1675871340.0172753	95.42167040000001
1675871340.1620343	95.1785406
1675871340.3218243	96.7436279
1675871340.4643545	97.2346056
1675871340.588603	97.3031287
1675871340.7229526	95.3049332
1675871340.86506	94.4514048
1675871341.0197244	95.5207019
1675871341.1454518	95.7374016
1675871341.2912495	96.3942827
1675871341.4382176	96.1192737
1675871341.5862696	94.68211629999999
1675871341.7292235	96.13919899999999
1675871341.8535306	96.9930855
1675871342.0042088	96.2883305
1675871342.1373038	96.73048200000001
1675871342.2938364	96.9755164
1675871342.430262	97.323757
1675871342.5760233	97.7867811
1675871342.734674	97.3656347
1675871342.8730965	97.9147472
1675871343.0062344	98.2574463
1675871343.1457238	97.6227384
1675871343.3004165	96.9838019
1675871343.4433477	97.0972536
1675871343.5812433	95.9881769
1675871343.738063	96.1039655
1675871343.8621895	96.80626840000001
1675871344.0076356	94.84182030000001
1675871344.1358137	94.1028814
1675871344.277347	96.3185999
1675871344.414	96.5605351
1675871344.5521626	96.8348349
1675871344.692589	97.27907950000001
1675871344.8307216	96.7662023
1675871344.985794	94.36680059999999
1675871345.13202	95.2109852
1675871345.2704775	96.27237269999999
1675871345.396991	96.4255362
1675871345.5565698	95.8583797
1675871345.6975558	95.9753169
1675871345.8554125	96.9603931
1675871345.9939816	95.4260518
1675871346.1237402	95.8512555
1675871346.2628112	98.5024441
1675871346.4066746	96.6485307
1675871346.5441847	94.6295916
1675871346.6846974	94.0189721
1675871346.8229673	95.6332842
1675871346.97695	97.01160829999999
1675871347.1160705	97.66170559999999
1675871347.2712364	96.64287470000001
1675871347.3947363	96.05288230000001
1675871347.5403507	97.56748619999999
1675871347.6637654	97.4572363
1675871347.8092752	97.4273738
1675871347.9527159	97.39815159999999
1675871348.1092026	95.7993734
1675871348.2418482	94.81184130000001
1675871348.3826182	96.3575646
1675871348.5032108	96.4422386
1675871348.6249087	96.4305598
1675871348.7639682	97.6434146
1675871348.9061275	96.882713
1675871349.062405	96.1327931
1675871349.1742752	96.73425970000001
1675871349.2972062	97.5009439
1675871349.4424653	96.3622656
1675871349.5999994	96.24449779999999
1675871349.7623281	96.05800740000001
1675871349.9172409	94.4781532
1675871350.0427423	95.0653211
1675871350.1656978	95.4570351
1675871350.3145027	95.930274
1675871350.4661448	97.8368002
1675871350.6102319	96.12170239999999
1675871350.7332208	95.3741151
1675871350.8559277	96.2559562
1675871350.9982212	96.1543184
1675871351.1224809	96.16678759999999
1675871351.2443273	96.6057086
1675871351.3672667	96.7128415
1675871351.5146384	94.81577850000001
1675871351.6659958	94.99227490000001
1675871351.821464	97.4526455
1675871351.9662042	97.4317917
1675871352.126129	97.2857623
1675871352.284596	97.3438711
1675871352.4267614	95.691655
1675871352.5506015	95.8727029
1675871352.6871965	97.5501833
1675871352.8341668	98.2281855
1675871352.9774795	97.60810070000001
1675871353.1162784	96.81232700000001
1675871353.2559278	95.3249961
1675871353.3926914	97.1065526
1675871353.5168512	97.2548848
1675871353.6294014	96.0498873
1675871353.7545438	97.71608090000001
1675871353.8932605	97.246478
1675871354.0328631	95.40459279999999
1675871354.1551259	94.95556719999999
1675871354.2954376	97.62612
1675871354.4169102	97.149126
1675871354.5400057	96.7631804
1675871354.6868846	97.26708959999999
1675871354.8055634	95.8440073
1675871354.9436264	95.7029628
1675871355.0871668	97.38655879999999
1675871355.211193	96.7333104
1675871355.3461187	96.27608
1675871355.4678407	96.13438289999999
1675871355.5915313	96.278287
1675871355.749505	94.0682607
1675871355.8845296	95.262805
1675871356.009229	96.5370205
1675871356.1646502	96.9890137
1675871356.297185	97.1191681
1675871356.4374454	97.90554680000001
1675871356.5814717	97.1461512
1675871356.7217665	97.15847980000001
1675871356.8443959	98.8550546
1675871356.9993396	97.2981441
1675871357.1413314	96.64624950000001
1675871357.262602	96.8151548
1675871357.4026313	93.3628782
1675871357.5413444	95.2166376
1675871357.697714	96.58805650000001
1675871357.839655	95.95888149999999
1675871357.9744349	96.0061443
1675871358.0973976	95.2966375
1675871358.2224455	95.3511177
1675871358.3464108	96.28669
1675871358.4942095	95.9929002
1675871358.6356435	95.588899
1675871358.775047	96.53102650000001
1675871358.9232745	95.45525219999999
1675871359.076373	94.1702639
1675871359.2006338	94.41531979999999
1675871359.3246586	96.0900269
1675871359.4493442	96.7561787
1675871359.5722964	96.46357479999999
1675871359.7070453	97.5179488
1675871359.8472025	95.8994098
1675871359.9856632	95.2878427
1675871360.1198597	96.8561778
1675871360.2602832	97.64217090000001
1675871360.3975646	98.270668
1675871360.5317879	96.98420069999999
1675871360.6692195	95.67233429999999
1675871360.805916	95.8140522
1675871360.9646156	97.2409643
1675871361.088223	96.4194169
1675871361.236264	97.0971786
1675871361.3828182	97.1770163
1675871361.5392036	95.7371591
1675871361.703947	95.7445482
1675871361.8414097	95.94280099999999
1675871362.0013268	96.78066439999999
1675871362.1234152	97.251278
1675871362.2705877	95.4490057
1675871362.3914201	95.1235508
1675871362.5018775	95.7291936
1675871362.6258876	97.05725749999999
1675871362.7703173	95.95057299999999
1675871362.9130442	96.2753307
1675871363.0712688	96.8725683
1675871363.2082117	95.21729069999999
1675871363.33728	96.35976559999999
1675871363.4673173	96.86815490000001
1675871363.6047919	97.2433386
1675871363.7482214	96.8014285
1675871363.881875	97.28426950000001
1675871364.0228052	95.1162961
1675871364.178192	96.3933715
1675871364.3457096	96.9653719
1675871364.499733	96.4732506
1675871364.6771524	97.1895924
1675871364.7911747	95.7626457
1675871364.9134402	94.57056279999999
1675871365.053035	94.7648898
1675871365.191147	95.892091
1675871365.340959	96.0265066
1675871365.4792142	96.380921
1675871365.6272204	95.878817
1675871365.780309	95.9998711
1675871365.9122088	96.72219059999999
1675871366.048214	96.6036446
1675871366.1756136	96.75170469999999
1675871366.3195584	97.5704593
1675871366.4653473	95.7049663
1675871366.607312	94.0521555
1675871366.747367	95.0328904
1675871366.8721237	95.8509115
1675871367.02836	95.9881663
1675871367.166455	96.509567
1675871367.3116822	96.6562973
1675871367.451978	96.9317511
1675871367.5909307	97.5112133
1675871367.733349	97.3014535
1675871367.8913302	97.1735965
1675871368.0296671	97.2141877
1675871368.1570497	95.37876080000001
1675871368.2848904	94.3379678
1675871368.4440255	96.8973814
1675871368.6004293	97.0846923
1675871368.743293	97.2254519
1675871368.867027	96.46212919999999
1675871368.9900255	95.1353425
1675871369.1140099	93.5561327
1675871369.2372403	94.3987812
1675871369.3750932	96.0436476
1675871369.5345602	95.8127
1675871369.7134557	96.8760706
1675871369.8582242	93.3303734
1675871370.0168462	94.0126223
1675871370.1728764	96.3901587
1675871370.286061	95.02261250000001
1675871370.433522	95.2684276
1675871370.5573819	96.3984139
1675871370.6805995	94.7183681
1675871370.8254635	94.4866145
1675871370.9598403	96.5537291
1675871371.121162	97.47262180000001
1675871371.254217	98.0973039
1675871371.391575	98.5032782
1675871371.5460644	96.16896440000001
1675871371.6708558	95.9416888
1675871371.8163624	97.42076639999999
1675871371.9408076	96.8682778
1675871372.0646122	97.06962299999999
1675871372.2195318	96.4395878
1675871372.3795247	96.1380124
1675871372.5169418	96.7167397
1675871372.662397	95.6651057
1675871372.8102274	96.47911119999999
1675871372.9564264	97.1564652
1675871373.0923166	95.3531055
1675871373.2552586	93.9215276
1675871373.4143221	95.96344599999999
1675871373.5412264	96.2339128
1675871373.6995778	96.7290165
1675871373.8392305	96.3390108
1675871373.9895356	94.95496320000001
1675871374.1473954	94.91751599999999
1675871374.2782278	96.3135824
1675871374.420177	96.3285374
1675871374.544526	96.8055964
1675871374.6673963	96.2494738
1675871374.8127975	95.67114760000001
1675871374.9229715	94.7059666
1675871375.0472279	95.4639246
1675871375.1870542	96.35119759999999
1675871375.3349266	94.9629845
1675871375.492296	96.01272230000001
1675871375.6349146	95.9309691
1675871375.7959988	95.41503630000001
1675871375.919703	96.4085276
1675871376.0580962	96.0570498
1675871376.1879616	96.0575726
1675871376.3155339	96.6264788
1675871376.4548101	94.49307730000001
1675871376.6107128	94.8039292
1675871376.7324166	96.5762347
1675871376.858221	96.3396205
1675871376.9954593	95.8750931
