Time (s)\Voltage (mV)
1675870964.2314363	94.0251367
1675870964.370538	95.65773750000001
1675870964.5544279	95.23575439999999
1675870964.6948683	97.3148898
1675870964.85371	96.69366120000001
1675870964.9933515	95.1225234
1675870965.127448	95.258336
1675870965.2637217	96.23568829999999
1675870965.3850853	96.1803739
1675870965.5075035	96.81671949999999
1675870965.6324592	98.0030268
1675870965.7630625	97.0506574
1675870965.9024339	94.7688722
1675870966.0514383	97.1868968
1675870966.2192466	97.3400624
1675870966.3560977	96.8754077
1675870966.5145051	96.3242089
1675870966.6682174	93.7619736
1675870966.7864234	94.972503
1675870966.9245129	96.00887850000001
1675870967.0682163	95.8082396
1675870967.2270954	95.5963809
1675870967.3849077	96.2200417
1675870967.5255573	94.97234209999999
1675870967.6438184	94.89331800000001
1675870967.8044767	94.9715432
1675870967.9138577	95.2068296
1675870968.0371761	95.9349167
1675870968.1832883	97.1335504
1675870968.3331802	95.7347143
1675870968.4582195	96.784567
1675870968.5837383	97.3954256
1675870968.7201414	96.60773929999999
1675870968.8803406	96.8277532
1675870969.0256886	97.0725429
1675870969.1501799	95.8396533
1675870969.2954662	95.7331631
1675870969.408213	96.7770233
1675870969.5349414	96.42903199999999
1675870969.655304	96.9479285
1675870969.8167808	97.14455430000001
1675870969.9348114	96.75642669999999
1675870970.044359	95.5000559
1675870970.1651692	96.53773729999999
1675870970.3104773	97.52603429999999
1675870970.4592206	97.28858109999999
1675870970.6055498	97.6097075
1675870970.7222662	94.8202976
1675870970.8444731	92.7271336
1675870970.9669778	94.273645
1675870971.101855	95.3915442
1675870971.2453249	95.6966889
1675870971.4066668	96.5391168
1675870971.5641518	95.55401769999999
1675870971.704948	94.8962105
1675870971.8464937	95.741367
1675870972.0057278	96.8229124
1675870972.1572652	97.1368428
1675870972.2801611	96.89234909999999
1675870972.4245946	95.9705604
1675870972.5540566	95.84496589999999
1675870972.676244	96.8774042
1675870972.818223	97.7047332
1675870972.934466	96.32797029999999
1675870973.0557973	97.2739857
1675870973.1910346	97.841919
1675870973.3382175	95.8017529
1675870973.4962044	95.48955339999999
1675870973.653909	95.85939470000001
1675870973.7918684	96.7681733
1675870973.951113	97.9849349
1675870974.1082237	95.9533537
1675870974.2181916	95.0581083
1675870974.34008	95.5010429
1675870974.4592526	96.14565379999999
1675870974.6001143	95.7599543
1675870974.7204485	96.53445219999999
1675870974.8765142	96.590684
1675870975.0309675	94.7878178
1675870975.1882222	96.60661060000001
1675870975.337585	95.6572659
1675870975.4559994	95.7187977
1675870975.5947247	96.1778128
1675870975.7177489	96.85658769999999
1675870975.873887	96.6111307
1675870976.0244026	96.5356795
1675870976.1461866	97.2326691
1675870976.2638977	97.4704428
1675870976.3867218	98.6859212
1675870976.5105371	97.20382869999999
1675870976.633745	96.0897993
1675870976.7560492	96.0514083
1675870976.8982205	95.4835325
1675870977.0223563	96.0621198
1675870977.170195	96.5063495
1675870977.2913344	96.4188697
1675870977.4524817	95.3513194
1675870977.6127646	96.1522931
1675870977.7500196	96.1905618
1675870977.9103057	96.0163071
1675870978.0649452	96.8961936
1675870978.1862943	96.3188077
1675870978.3092265	94.71038519999999
1675870978.4536457	96.1694917
1675870978.5805385	97.3119863
1675870978.7227616	95.8366088
1675870978.8463314	96.8424804
1675870978.9693222	98.5387039
1675870979.11784	97.0493729
1675870979.2437017	95.56375039999999
1675870979.389987	96.0423677
1675870979.5351853	96.6207808
1675870979.67124	95.6812841
1675870979.8161018	96.7740678
1675870979.9624913	94.582534
1675870980.0895078	94.0338225
1675870980.2275453	96.35611469999999
1675870980.3782167	97.98534020000001
1675870980.5047324	98.9537033
1675870980.6638532	97.4746841
1675870980.8213618	95.1809418
1675870980.9649718	95.7982253
1675870981.1231153	96.0031489
1675870981.261722	95.90436770000001
1675870981.4176817	96.0816536
1675870981.541759	96.67590489999999
1675870981.6865227	95.2600444
1675870981.836219	97.0214474
1675870981.961942	97.4007941
1675870982.099803	96.07205420000001
1675870982.2526069	97.1939128
1675870982.398185	96.64688439999999
1675870982.558223	94.9739694
1675870982.6981823	96.08756860000001
1675870982.854602	96.5869097
1675870982.987103	97.5043622
1675870983.1111746	97.52724579999999
1675870983.272186	95.20088200000001
1675870983.417392	94.5166965
1675870983.5611494	96.4107501
1675870983.7068572	96.582491
1675870983.8637922	95.3254557
1675870984.0076869	97.5810824
1675870984.1330757	96.5600873
1675870984.2817466	95.8271512
1675870984.4173281	96.15508059999999
1675870984.5459507	96.69992069999999
1675870984.6919694	98.33982019999999
1675870984.8493845	97.9132613
1675870984.9812202	95.25710210000001
1675870985.1422064	96.4072084
1675870985.2639258	96.21412930000001
1675870985.3781757	95.6941434
1675870985.5007126	96.7745185
1675870985.6454237	97.0776983
1675870985.7821515	94.9072238
1675870985.9376595	95.58675
1675870986.0903523	97.59865099999999
1675870986.2232866	96.1588561
1675870986.3682222	96.715176
1675870986.4944308	97.33514910000001
1675870986.6182184	95.8199917
1675870986.764808	94.1343326
1675870986.9004326	96.0461296
1675870987.05352	95.2788665
1675870987.2143803	96.70606360000001
1675870987.3501961	96.7382053
1675870987.4899037	95.7394753
1675870987.6229148	96.13949939999999
1675870987.7821827	96.9892933
1675870987.928213	97.4409241
1675870988.0818608	97.5432267
1675870988.2195623	97.5492602
1675870988.3500822	95.4158868
1675870988.4949474	95.4346479
1675870988.6330855	95.8759089
1675870988.7700186	95.0784717
1675870988.9293242	97.19837369999999
1675870989.0570273	97.3916019
1675870989.1871004	96.0301064
1675870989.3474107	95.836579
1675870989.4930215	97.45621270000001
1675870989.6215775	97.1744659
1675870989.7669451	97.2597388
1675870989.8914518	94.9819169
1675870990.013449	93.6257484
1675870990.161517	95.03667370000001
1675870990.2870588	96.1307698
1675870990.4093618	95.9791547
1675870990.5692322	95.602518
1675870990.7094195	96.2663468
1675870990.8682108	94.0946335
1675870991.0463684	95.40715780000001
1675870991.1845152	96.586271
1675870991.3347795	96.6714694
1675870991.477207	96.4454751
1675870991.6004248	94.1528291
1675870991.724389	93.6056955
1675870991.8473918	96.2787559
1675870991.9811537	96.67601909999999
1675870992.1255653	96.0279632
1675870992.268225	98.391402
1675870992.4136052	97.5156958
1675870992.5589075	95.3278719
1675870992.692652	96.5982291
1675870992.8254504	97.3510014
1675870992.969819	97.2169673
1675870993.0933893	97.25767470000001
1675870993.2177608	96.8909391
1675870993.3409698	96.1315182
1675870993.474401	96.5262427
1675870993.6115584	97.6018806
1675870993.7337132	96.8463511
1675870993.8704157	97.28707109999999
1675870993.9841762	96.922128
1675870994.1082258	96.0310641
1675870994.2453115	95.4455176
1675870994.3986468	96.8561899
1675870994.5441208	97.2467009
1675870994.7008653	96.7195769
1675870994.8377764	96.4158014
1675870994.9814422	94.8445522
1675870995.1057503	94.2308749
1675870995.2282171	96.13766940000001
1675870995.3677623	96.9484586
1675870995.5071883	96.8324724
1675870995.6428304	96.8758206
1675870995.7876427	94.27243320000001
1675870995.9122114	93.50941490000001
1675870996.0559924	95.7169687
1675870996.1982207	96.0710922
1675870996.3619375	96.723805
1675870996.5076072	96.6945426
1675870996.6472	95.28797399999999
1675870996.7928622	95.3272152
1675870996.9410944	96.6002819
1675870997.067208	96.7922226
1675870997.1919003	97.4419154
1675870997.3524513	95.6923556
1675870997.494301	95.0651126
1675870997.6308577	95.2259157
1675870997.7580626	94.8373591
1675870997.9113805	94.7513398
1675870998.0671544	97.5590335
1675870998.2038677	96.9194431
1675870998.345837	95.5048907
1675870998.4683044	95.0843246
1675870998.592175	94.241082
1675870998.7161112	96.477437
1675870998.8474677	97.1217515
1675870998.9726818	97.421071
1675870999.132159	96.98169680000001
1675870999.253078	95.11536269999999
1675870999.3909035	96.1772256
1675870999.513726	97.5269514
1675870999.655989	97.3477705
1675870999.7774155	97.4187569
1675870999.8994417	97.0415904
1675871000.0363817	95.3465878
1675871000.2014728	95.5260241
1675871000.322308	95.8797194
1675871000.4392304	96.7254318
1675871000.549441	98.10221080000001
1675871000.6716118	98.1081559
1675871000.7964509	94.9173487
1675871000.9182203	94.35665510000001
1675871001.0416229	95.2393242
1675871001.1851466	96.75378160000001
1675871001.3232584	96.8278736
1675871001.461829	96.35557209999999
1675871001.584945	95.9021913
1675871001.7082226	95.5974257
1675871001.8319297	95.9303877
1675871001.970525	96.7440039
1675871002.0950925	96.3339008
1675871002.218224	97.1607053
1675871002.3582232	97.18120160000001
1675871002.4881938	94.87100249999999
1675871002.6348636	95.0227507
1675871002.757565	96.5019365
1675871002.8977094	97.63031029999999
1675871003.0341074	98.0334941
1675871003.156321	97.73955199999999
1675871003.3002353	95.39280120000001
1675871003.44799	95.83847589999999
1675871003.5582135	98.8039664
1675871003.6841948	98.06162520000001
1675871003.8080714	97.36716
1675871003.9297154	97.1318031
1675871004.0525372	96.62062320000001
1675871004.1965826	95.2642412
1675871004.3247972	95.31497479999999
1675871004.4837804	96.3550523
1675871004.6272082	97.33731499999999
1675871004.7595603	97.33579809999999
1675871004.904769	95.7707421
1675871005.0276635	94.68100779999999
1675871005.1508858	95.016195
1675871005.285912	96.30074809999999
1675871005.4295573	95.8732249
1675871005.585828	95.8783318
1675871005.7023976	95.1473664
1675871005.826681	95.30581459999999
1675871005.9661899	96.2359669
1675871006.1060798	95.66166439999999
1675871006.2382202	96.52172350000001
1675871006.3759346	96.8043158
1675871006.5145786	96.0888397
1675871006.6749997	95.3791762
1675871006.8071058	95.9787924
1675871006.9424937	97.8926789
1675871007.0935302	97.53575620000001
1675871007.2334373	96.79713319999999
1675871007.3556075	96.36833
1675871007.5146549	95.2405292
1675871007.6620333	96.37558879999999
1675871007.8139663	96.8933375
1675871007.9536927	96.6442513
1675871008.107871	98.1538595
1675871008.245898	96.19353029999999
1675871008.388221	94.8297735
1675871008.5219216	95.4353435
1675871008.66535	96.68405720000001
1675871008.7882178	96.5391778
1675871008.911485	96.7261508
1675871009.067314	94.86707460000001
1675871009.2061281	93.46390720000001
1675871009.3608391	95.3825191
1675871009.497529	95.9018898
1675871009.6350243	95.3532942
1675871009.7761295	95.52255
1675871009.9161623	95.0308835
1675871010.0700934	93.3643055
1675871010.211766	93.8846178
1675871010.3682153	94.8897367
1675871010.4826179	95.1220356
1675871010.6302927	95.9639686
1675871010.7731237	96.568849
1675871010.907527	96.79497219999999
1675871011.0311658	96.4974469
1675871011.1682174	97.4790356
1675871011.3238213	97.1070766
1675871011.447277	97.1313323
1675871011.5720327	96.2561017
1675871011.6963294	95.40156800000001
1675871011.8182113	96.3560262
1675871011.9631813	96.6519401
1675871012.0848396	97.07233240000001
1675871012.197209	98.1472732
1675871012.3193011	97.46321719999999
1675871012.4582243	93.8219636
1675871012.5962005	95.3621083
1675871012.7292645	97.273944
1675871012.873989	96.3055221
1675871012.9966633	96.0808301
1675871013.1542861	97.9535901
1675871013.2796779	96.3806702
1675871013.4027865	95.2637886
1675871013.5258305	95.6155564
1675871013.6486733	96.3782566
1675871013.8054025	96.36614829999999
1675871013.974562	97.7846052
1675871014.1017478	95.22591560000001
1675871014.259228	93.8979437
1675871014.412754	96.11094130000001
1675871014.5282183	95.6376341
1675871014.6499896	95.7115746
1675871014.8106477	96.6226219
1675871014.949446	96.36525710000001
1675871015.0822992	96.6610515
1675871015.238226	98.1697836
1675871015.3507783	97.39519539999999
1675871015.47187	97.74211539999999
1675871015.5951798	96.3533005
1675871015.7192702	95.8418197
1675871015.8423862	95.1133049
1675871015.9902005	95.694002
1675871016.1110806	96.9276837
1675871016.2231388	95.9389768
1675871016.3458107	96.7286589
1675871016.4696238	96.17790839999999
1675871016.5928528	94.4947835
1675871016.7174563	92.7707594
1675871016.8641956	95.73083039999999
1675871017.0068014	96.8401973
1675871017.1429543	97.0413336
1675871017.3017588	97.857818
1675871017.424255	95.9199631
1675871017.5608141	93.7553958
1675871017.7151856	96.3802409
1675871017.858215	96.54004889999999
1675871018.0151815	97.5163912
1675871018.1569629	98.15199630000001
1675871018.2948742	94.0792351
1675871018.4482274	95.4676736
1675871018.5869603	96.7332815
1675871018.744174	95.6309439
1675871018.8682172	96.3878675
1675871019.010873	95.672919
1675871019.1479578	93.8558565
1675871019.3072128	94.6913411
1675871019.4324095	95.2045527
1675871019.5896916	96.3419953
1675871019.7148583	97.0514733
1675871019.8738217	96.1061115
1675871020.002746	92.7780614
1675871020.1278903	94.0126878
1675871020.252873	95.4126739
1675871020.4081357	96.29931
1675871020.568224	96.0541727
1675871020.7123525	96.4976141
1675871020.8406515	94.8495367
1675871020.9651322	96.0217236
1675871021.1192284	96.6426038
1675871021.255037	96.272045
1675871021.3771987	97.51655670000001
1675871021.502711	97.5674619
1675871021.6270943	95.8843176
1675871021.7490015	94.6253462
1675871021.872805	95.8266014
1675871022.0202982	97.1095384
1675871022.1647825	96.9042061
1675871022.287946	97.7312979
1675871022.4112244	97.0672561
1675871022.554914	95.8659041
1675871022.6760528	95.8511544
1675871022.7908435	95.889926
1675871022.9113564	96.3187924
1675871023.032028	96.4414455
1675871023.1907613	94.8082799
1675871023.331567	93.4409871
1675871023.4750848	95.46961710000001
1675871023.614712	96.7464561
1675871023.7495928	96.8051423
1675871023.907918	97.2466726
1675871024.0282207	96.247363
1675871024.1622396	95.41731990000001
1675871024.3025885	96.07792880000001
1675871024.430964	96.7944453
1675871024.5869293	95.9174019
1675871024.725683	96.3110081
1675871024.8465192	97.71774900000001
1675871025.0003498	95.74960370000001
1675871025.139429	96.943754
1675871025.2782233	97.4169647
1675871025.4363275	96.9011832
1675871025.579603	97.3238126
1675871025.7074413	96.2267422
1675871025.8357763	94.66654620000001
1675871025.9774246	96.1974422
1675871026.1228118	95.8687955
1675871026.2538402	94.3489488
1675871026.4127593	96.06037069999999
1675871026.5624564	95.7693182
1675871026.6882222	95.36402419999999
1675871026.8248732	96.4534889
1675871026.965473	96.42654
1675871027.0982218	94.9465407
1675871027.2630105	97.1239466
1675871027.3910663	97.5388102
1675871027.5294516	95.8244481
1675871027.6520095	96.0303274
1675871027.7909658	96.9622414
1675871027.945124	98.0022229
1675871028.106168	96.8434336
1675871028.234084	94.8582248
1675871028.3743124	95.49758349999999
1675871028.5196779	97.4383378
1675871028.6429017	96.4498459
1675871028.781242	95.7060221
1675871028.9399393	97.0009761
1675871029.0780015	96.9174132
1675871029.2117128	95.9555928
1675871029.3653562	96.42950359999999
1675871029.5011816	96.0427385
1675871029.62454	95.3848831
1675871029.7689636	95.03474750000001
1675871029.8919756	95.9204719
1675871030.0151145	94.1783219
1675871030.1582205	95.4865144
1675871030.3017879	96.7214307
1675871030.4393246	96.01152259999999
1675871030.5607324	96.3097706
1675871030.6931696	96.60965250000001
1675871030.8364117	95.0734763
1675871030.9596596	94.76835879999999
1675871031.1053767	97.3253384
1675871031.2507548	97.7688598
1675871031.406698	97.7779278
1675871031.5654302	96.7535511
1675871031.6902273	94.6343023
1675871031.8382168	95.5863414
1675871031.9862735	96.75041719999999
1675871032.1372194	97.2747295
1675871032.2952473	97.159415
1675871032.4325142	95.1154588
1675871032.5700178	95.4006736
1675871032.6936197	96.52408329999999
1675871032.8502765	95.6436769
1675871033.0074053	96.01064600000001
1675871033.144473	96.8912524
1675871033.2657032	96.22436970000001
1675871033.4082227	95.5241456
1675871033.5460808	96.0715549
1675871033.6837018	94.92915570000001
1675871033.823443	95.38902709999999
1675871033.9682207	97.3989638
1675871034.1056426	94.6921771
1675871034.2382216	93.50110640000001
1675871034.3808587	96.25382979999999
1675871034.503253	97.04877739999999
1675871034.6570156	97.1305735
1675871034.801413	97.0710813
1675871034.947076	96.24885689999999
1675871035.0739584	96.2021937
1675871035.2146473	97.3719246
1675871035.337894	97.094499
1675871035.4606998	96.4773372
1675871035.6010692	96.9452484
1675871035.7600498	95.3695646
1675871035.895123	96.27195069999999
1675871036.026806	97.3844157
1675871036.1506634	97.7370399
1675871036.2876544	97.1078266
1675871036.425661	96.83110070000001
1675871036.5634248	94.53314409999999
1675871036.6992426	94.7043087
1675871036.8275242	96.4656465
1675871036.982721	95.9457694
1675871037.1198359	96.8774534
1675871037.2741213	96.7497143
1675871037.4372783	95.6984668
1675871037.558013	95.55189360000001
1675871037.681192	96.26909309999999
1675871037.8172264	96.4469685
1675871037.9621515	97.0637367
1675871038.0841298	97.4775775
1675871038.2187917	95.7666661
1675871038.3624804	95.1972667
1675871038.482977	97.10283059999999
1675871038.6059844	96.71350319999999
1675871038.7456107	96.6757438
1675871038.8698947	97.3995894
1675871038.9812453	97.3683071
1675871039.106325	96.383001
1675871039.244805	95.3267914
1675871039.385288	96.4582242
1675871039.5228584	96.45994759999999
1675871039.6619604	97.24894470000001
1675871039.805085	97.66899179999999
1675871039.944595	96.08622310000001
1675871040.082833	95.23247190000001
1675871040.2064965	97.4364174
1675871040.346682	97.4275896
1675871040.4902427	96.5329948
1675871040.6135418	97.2554495
1675871040.7371209	95.8461538
1675871040.8598554	94.2337618
1675871040.982685	94.75019680000001
1675871041.126686	97.0492488
1675871041.2452729	96.68776380000001
1675871041.3881943	97.07095860000001
1675871041.5082386	98.6238251
1675871041.6292286	96.9624203
1675871041.7517605	96.4135738
1675871041.884824	98.0998423
1675871042.027793	97.6025149
1675871042.1511037	98.7643723
1675871042.295439	99.3097458
1675871042.4366226	96.560392
1675871042.572316	96.6758362
1675871042.7134254	96.8929031
1675871042.826588	96.5553682
1675871042.951369	96.2054494
1675871043.0741725	96.2388717
1675871043.1962526	95.26878190000001
1675871043.3200963	95.031271
1675871043.464594	95.98308010000001
1675871043.5920987	97.2285068
1675871043.7513673	96.5218938
1675871043.9066908	96.76296400000001
1675871044.0480824	95.4010045
1675871044.196768	92.72295199999999
1675871044.3491206	95.402788
1675871044.508367	97.1053357
1675871044.6519933	98.37481269999999
1675871044.8168771	98.6818387
1675871044.9405522	97.3571565
1675871045.0733702	96.4500863
1675871045.2128434	97.2237565
1675871045.355846	97.31543669999999
1675871045.493181	98.1933547
1675871045.6371984	97.4968945
1675871045.7617657	95.1260013
1675871045.918096	94.6732264
1675871046.0615132	96.1556295
1675871046.2176917	96.6163291
1675871046.3496406	97.44852499999999
1675871046.487273	98.1568468
1675871046.6372187	94.6460644
1675871046.7630658	95.08395329999999
1675871046.9024086	96.75784580000001
1675871047.0520172	96.71964469999999
1675871047.1774387	96.5714826
1675871047.3380532	96.0185285
1675871047.4652174	93.5785745
1675871047.6103306	94.439607
1675871047.7482214	96.0488931
1675871047.8965607	96.0170794
1675871048.021447	96.0194643
1675871048.1467571	96.3025494
1675871048.2835844	94.06388890000001
1675871048.4373832	95.0176104
1675871048.5824924	96.0453148
1675871048.7258883	94.7892511
1675871048.8702922	96.1769266
1675871049.0070102	96.9176026
1675871049.143796	95.7038668
1675871049.3025289	95.950732
1675871049.4354537	97.11473480000001
1675871049.5702825	95.9431569
1675871049.7361097	95.8114169
1675871049.891146	94.9619629
1675871050.035718	93.6849864
1675871050.183098	96.5679786
1675871050.318159	95.30148519999999
1675871050.453478	95.12363810000001
1675871050.6060934	97.7362208
1675871050.7306805	95.81512690000001
1675871050.869338	96.2883979
1675871051.006397	97.981265
1675871051.1650257	96.3232483
1675871051.3231566	95.8084183
1675871051.4838595	96.4979215
1675871051.6317022	94.86332510000001
1675871051.7582169	94.6104859
1675871051.8970437	95.853504
1675871052.0214453	96.158331
1675871052.1703944	96.8290881
1675871052.3061845	96.589776
1675871052.4634244	95.1611881
1675871052.5962121	95.2763507
1675871052.7508626	96.0034835
1675871052.9105642	95.6858361
1675871053.0559611	96.698824
1675871053.2032845	95.8764183
1675871053.3633938	94.5795062
1675871053.5064933	96.57931409999999
1675871053.6395857	95.6076583
1675871053.778221	95.4567829
1675871053.9209518	96.9187882
1675871054.080626	95.0412555
1675871054.2058218	93.9665909
1675871054.3392746	95.5842267
1675871054.498222	97.36178500000001
1675871054.655618	96.0760368
1675871054.7718198	97.0353369
1675871054.8966541	96.0575639
1675871055.035913	94.8863367
1675871055.190666	97.0348113
1675871055.3122118	96.25793739999999
1675871055.4496841	96.6452909
1675871055.6017005	97.8750547
1675871055.7657685	95.9521597
1675871055.902494	96.26197570000001
1675871056.037718	97.8615019
1675871056.1728806	97.21577
1675871056.3271983	96.1245787
1675871056.4882207	96.7156984
1675871056.617601	95.9591895
1675871056.766949	95.13242869999999
1675871056.9244113	96.83542729999999
1675871057.039404	95.8410891
1675871057.1857774	95.4539891
1675871057.332011	96.1701268
1675871057.48617	94.23595660000001
1675871057.6320233	93.80292060000001
1675871057.7882175	95.9351678
1675871057.9132638	95.9613555
1675871058.0365965	96.2701967
1675871058.160415	96.2439886
1675871058.3057272	94.8074149
1675871058.4476972	93.36465539999999
1675871058.5902283	95.6009893
1675871058.7145994	96.8337683
1675871058.8401268	96.277929
1675871059.0026865	95.3726627
1675871059.1392934	94.5320047
1675871059.2982118	94.98609769999999
1675871059.4366674	95.8903062
1675871059.5728629	95.5011749
1675871059.7096074	96.4569713
1675871059.854465	97.2429284
1675871059.9917893	94.7894722
1675871060.13352	95.4620558
1675871060.2941713	96.7956155
1675871060.4250925	96.50642180000001
1675871060.569551	96.9430961
1675871060.6942546	96.1285903
1675871060.839222	95.3742454
1675871060.9982197	96.9694185
1675871061.137234	97.1997431
1675871061.2701557	97.5731663
1675871061.4163063	97.2833629
1675871061.5754032	95.5984296
1675871061.7354903	95.7436657
1675871061.8582125	96.2239267
1675871062.0031433	95.3066221
1675871062.137546	95.8312895
1675871062.276178	97.6692135
1675871062.4295657	95.71172209999999
1675871062.5500672	96.43596740000001
1675871062.6735575	98.8673764
1675871062.7982266	98.0636052
1675871062.9382186	97.0386764
1675871063.0603492	97.1249565
1675871063.2046733	97.3520355
1675871063.3473337	95.0632662
1675871063.5055332	95.087396
1675871063.6500633	96.9812529
1675871063.7734003	97.3294838
1675871063.91822	97.04472799999999
1675871064.0417595	97.252191
1675871064.1660655	96.221639
1675871064.30337	95.5752597
1675871064.4572766	95.3539376
1675871064.599782	95.8968833
1675871064.73312	96.8792649
1675871064.855212	95.92183510000001
1675871064.9882257	94.7295014
1675871065.1304986	95.37741650000001
1675871065.2708066	96.4659734
1675871065.4043171	96.5662251
1675871065.5650167	97.2988297
1675871065.7192345	96.9687489
1675871065.8424225	94.611399
1675871065.966607	94.6462859
1675871066.113291	95.0817254
1675871066.2407634	95.2482459
1675871066.3557968	97.3366814
1675871066.4805815	96.1468055
1675871066.6205506	95.1546823
1675871066.74367	97.0874567
1675871066.8676946	96.2633273
1675871066.9914613	95.05220779999999
1675871067.1372375	96.1464248
1675871067.2792435	97.67038240000001
1675871067.418224	95.53534069999999
1675871067.5820386	94.86998539999999
1675871067.7042468	96.36085680000001
1675871067.8272724	97.3149847
1675871067.960329	97.9185317
1675871068.121672	97.3084804
1675871068.276935	94.2657719
1675871068.4204621	94.6393865
1675871068.5449395	96.4881549
1675871068.6869116	95.18983929999999
1675871068.810435	95.0049587
1675871068.9471884	95.9741724
1675871069.0849972	94.43094339999999
1675871069.2176356	92.52958579999999
1675871069.3782284	96.5700444
1675871069.5101852	97.08161179999999
1675871069.6520624	96.9293774
1675871069.7852898	97.0782599
1675871069.9213932	94.8767029
1675871070.045991	93.8856195
1675871070.1848855	96.10822850000001
1675871070.3299162	98.0786842
1675871070.4631274	97.3840081
1675871070.6079993	97.2202391
1675871070.7459478	95.9854571
1675871070.879585	94.827828
1675871071.041024	96.79287790000001
1675871071.174275	96.5015617
1675871071.338224	97.2291873
1675871071.474931	97.59961220000001
1675871071.6138477	96.2815838
1675871071.7603495	96.1814484
1675871071.8956997	96.0398892
1675871072.0544393	95.88646770000001
1675871072.2092564	96.4336213
1675871072.3732426	95.1101959
1675871072.5163093	93.4706301
1675871072.659949	95.47406769999999
1675871072.7968638	97.0177423
1675871072.951737	96.3390803
1675871073.0897644	98.2000047
1675871073.2441106	97.0077654
1675871073.3726718	95.84350210000001
1675871073.5116813	96.7281622
1675871073.6506217	97.17500179999999
1675871073.809235	98.1009539
1675871073.9336832	97.1088739
1675871074.0774925	96.2882033
1675871074.236375	95.47353240000001
1675871074.395721	95.67026469999999
1675871074.5322096	95.5052266
1675871074.671475	96.5510651
1675871074.8082213	97.048425
1675871074.9682212	94.1167168
1675871075.1055546	94.6597946
1675871075.2537408	96.18231639999999
1675871075.3921413	95.7143208
1675871075.5171106	95.9953561
1675871075.6734295	95.9484186
1675871075.8382177	93.7999925
1675871075.9704845	94.40786130000001
1675871076.0960267	96.9135492
1675871076.2350519	96.72544099999999
1675871076.3895047	96.4794925
1675871076.5357642	95.5169256
1675871076.6923115	94.3394888
1675871076.8329365	96.57632480000001
1675871076.9940817	98.44070430000001
1675871077.1302211	97.2832695
1675871077.28934	97.1516292
1675871077.417411	94.91997570000001
1675871077.5634606	93.1462958
1675871077.7211924	94.4301252
1675871077.836965	95.69945200000001
1675871077.9837396	97.525188
1675871078.1427634	96.7082988
1675871078.2875686	94.031054
1675871078.4312234	93.7163922
1675871078.5901747	95.9699768
1675871078.7272592	95.5765071
1675871078.88229	97.59905939999999
1675871079.0492551	96.64947529999999
1675871079.2033858	94.0770293
1675871079.3428152	95.8214098
1675871079.4964786	96.25385109999999
1675871079.6233296	96.3757445
1675871079.7694006	96.5737867
1675871079.9169126	95.29830270000001
1675871080.0762434	95.9659714
1675871080.2182226	96.3423702
1675871080.3431063	94.8851542
1675871080.4981983	94.6518595
1675871080.663002	96.7953285
1675871080.7973194	95.2553034
1675871080.9424658	95.87850320000001
1675871081.0964453	97.4957913
1675871081.2214167	95.82884680000001
1675871081.3795953	96.9050563
1675871081.5130477	96.5602101
1675871081.6571026	95.7654364
1675871081.7814765	96.2143253
1675871081.9408448	97.5103437
1675871082.0664468	97.64354329999999
1675871082.1897714	97.07932530000001
1675871082.3132339	97.47050829999999
1675871082.4582222	93.8676299
1675871082.5864344	92.3131412
1675871082.7105966	94.7253198
1675871082.852767	96.8707347
1675871082.9769282	96.5332826
1675871083.0991936	96.2100198
1675871083.2582204	95.42698619999999
1675871083.3825808	94.7083212
1675871083.5231664	95.6198512
1675871083.675978	96.00024040000001
1675871083.8218024	96.63343019999999
1675871083.9716804	97.0242365
1675871084.0970507	95.8469525
1675871084.2604766	95.0118667
1675871084.3912272	95.9131684
1675871084.515695	95.5026352
1675871084.6700296	95.8836776
1675871084.8060513	97.27858570000001
1675871084.9282155	95.96703600000001
1675871085.0730758	95.71534439999999
1675871085.197473	94.9179831
1675871085.3437085	93.91405110000001
1675871085.4861515	95.8566129
1675871085.6258383	96.72811639999999
1675871085.7707684	96.03378
1675871085.9141905	96.2543286
1675871086.0692303	96.5489975
1675871086.2103248	96.36962220000001
1675871086.3356345	96.9503466
1675871086.4582167	96.5518866
1675871086.615314	95.1212704
1675871086.7621567	96.0348798
1675871086.9058983	96.7771202
1675871087.0297606	96.6208339
1675871087.172214	97.4106727
1675871087.2965336	97.56649709999999
1675871087.4424403	95.4814359
1675871087.5654762	96.24149949999999
1675871087.6900244	97.2695975
1675871087.8133535	97.1951529
1675871087.9536855	95.8889679
1675871088.0892334	97.45670989999999
1675871088.2339673	95.91109270000001
1675871088.381395	94.640823
1675871088.518223	96.46517109999999
1675871088.658224	96.1426409
1675871088.796765	95.5314006
1675871088.9330747	95.7167183
1675871089.0882175	96.1137055
1675871089.2112215	96.60515699999999
1675871089.3371532	95.8060478
1675871089.4604437	96.16647490000001
1675871089.6053886	96.45226129999999
1675871089.7402651	96.974872
1675871089.8648887	95.4061318
1675871090.0045102	94.4208907
1675871090.1436632	96.49328460000001
1675871090.2762315	96.4996484
1675871090.4210162	94.89382289999999
1675871090.5440304	96.1599541
1675871090.6682217	97.5282716
1675871090.8033366	96.1294584
1675871090.9463847	95.74967339999999
1675871091.104269	97.50257180000001
1675871091.22008	96.9383567
1675871091.3446743	96.8897728
1675871091.481257	96.4433408
1675871091.6350474	94.8614371
1675871091.756956	94.6293796
1675871091.9011579	96.251245
1675871092.0495937	97.0381202
1675871092.2011602	97.4223933
1675871092.3737743	96.2344991
1675871092.5151925	94.18552480000001
1675871092.6625106	95.7612515
1675871092.7923024	96.47119930000001
1675871092.9523804	96.0863433
1675871093.0763013	96.4889674
1675871093.2243268	95.7127367
1675871093.361839	94.4957871
1675871093.4848459	96.0960768
1675871093.6409662	97.3904374
1675871093.7548814	97.0564626
1675871093.8777742	97.3317715
1675871094.0335906	96.5839878
1675871094.1557658	95.3869272
1675871094.2902277	96.6889033
1675871094.4333851	97.8453869
1675871094.578223	96.0677134
1675871094.738218	96.75717929999999
1675871094.8602264	96.3422164
1675871094.9843795	94.79244589999999
1675871095.140916	95.60193220000001
1675871095.2655685	97.1479384
1675871095.4072623	97.2731848
1675871095.5527642	97.4012865
1675871095.6643777	95.8777322
1675871095.7892156	93.1175197
1675871095.9266	94.358073
1675871096.0680866	97.0794812
1675871096.2068293	97.547966
1675871096.3460464	97.1379942
1675871096.4810894	96.7712805
1675871096.6206627	93.84768
1675871096.7572265	93.9750374
1675871096.9001093	95.9754214
1675871097.0346937	95.7443504
1675871097.1582181	96.3546448
1675871097.282403	97.26391500000001
1675871097.4282217	96.11278519999999
1675871097.5582197	95.49505029999999
1675871097.6809998	96.5910881
1675871097.8258753	96.5791621
1675871097.967205	96.4799517
1675871098.1312177	97.1358691
1675871098.2550151	95.9526139
1675871098.3782213	94.4626635
1675871098.53616	96.3328299
1675871098.6806617	96.9045591
1675871098.8292553	96.81398300000001
1675871098.9539506	96.1287852
1675871099.0913343	95.3185267
1675871099.2364616	95.05537079999999
1675871099.3582275	97.0426917
1675871099.4732313	96.3035222
1675871099.5963504	95.96920809999999
1675871099.7402227	96.695191
1675871099.86359	95.7380258
1675871099.9880784	95.36218439999999
1675871100.1123168	95.2813583
1675871100.2382178	96.5646785
1675871100.3995996	96.920512
1675871100.5294049	97.6071516
1675871100.651295	97.8192832
1675871100.7944195	95.32872239999999
1675871100.9313967	94.03371000000001
1675871101.0721319	96.7609432
1675871101.1958776	96.2984947
1675871101.3357422	96.0113581
1675871101.457198	97.2295223
1675871101.5803072	96.244599
1675871101.720795	95.6740349
1675871101.8587759	96.7849418
1675871101.9808228	96.94802299999999
1675871102.1388762	96.7340039
1675871102.2767558	96.8897143
1675871102.3960054	95.42462929999999
1675871102.5542614	95.1312667
1675871102.6939023	96.69132699999999
1675871102.8380928	97.15034779999999
1675871102.9636214	96.3767051
1675871103.077209	97.8676936
1675871103.2022479	97.01662549999999
1675871103.3412278	94.736744
1675871103.4838169	96.1106811
1675871103.6216726	97.1570489
1675871103.7631447	97.4950595
1675871103.8864522	98.4823014
1675871104.0108154	98.1901314
1675871104.1541147	95.2552938
1675871104.2776117	95.2469594
1675871104.422987	96.8018595
1675871104.5692935	96.3542714
1675871104.7280867	98.5198741
1675871104.8482218	96.3284113
1675871105.005276	93.59810929999999
1675871105.1475449	95.62347729999999
1675871105.2713926	97.62234020000001
1675871105.4146228	97.06836990000001
1675871105.5422733	96.9276125
1675871105.6830134	96.9484751
1675871105.8060308	94.1747719
1675871105.9282217	94.24559439999999
1675871106.052044	95.1545294
1675871106.1757157	94.9503515
1675871106.3184016	95.8652572
1675871106.4416373	96.643876
1675871106.5654688	95.93957470000001
1675871106.7223167	95.711747
1675871106.8582249	95.4182574
1675871107.0018065	95.03488979999999
1675871107.1261694	96.1676507
1675871107.2738383	96.8676885
1675871107.387171	95.42804650000001
1675871107.5121572	94.1348491
1675871107.6478362	94.4985364
1675871107.76773	95.7392292
1675871107.9222353	96.52379830000001
1675871108.0630734	97.69964970000001
1675871108.215644	96.8434012
1675871108.3582103	96.160694
1675871108.4813147	97.7966415
1675871108.6057942	98.796248
1675871108.7525532	97.1954892
1675871108.8968115	96.8718769
1675871109.0361414	95.6998783
1675871109.2163515	94.1962493
1675871109.361306	96.0254161
1675871109.5210667	96.9259941
1675871109.645874	97.20759919999999
1675871109.7704585	97.2585955
1675871109.8936932	95.9678468
1675871110.0501745	95.4276426
1675871110.175141	95.826626
1675871110.3144696	97.2318651
1675871110.4593961	97.44908480000001
1675871110.5739162	97.3337136
1675871110.720313	96.1763512
1675871110.8782244	94.9666207
1675871111.012399	97.3846075
1675871111.1524167	96.6852409
1675871111.2993236	95.684675
1675871111.4572446	96.3573793
1675871111.6131217	93.8024983
1675871111.7382252	93.5671636
1675871111.8776345	96.073169
1675871112.0319755	96.5825344
1675871112.1789243	96.3748187
1675871112.3032756	96.866497
1675871112.452163	93.0858944
1675871112.577604	93.16338959999999
1675871112.7159529	97.1219501
1675871112.8596454	96.8679923
1675871112.9994516	97.5324584
1675871113.1431859	97.3239959
1675871113.267194	95.2989783
1675871113.4078753	95.2064959
1675871113.5700278	96.9417792
1675871113.7054474	96.2975055
1675871113.845259	97.1432054
1675871113.9832118	96.3803436
1675871114.1327949	93.86813989999999
1675871114.2796807	96.4296761
1675871114.4210517	97.66533469999999
1675871114.563358	97.8610567
1675871114.6899312	98.4803608
1675871114.8282251	96.4376593
1675871114.9682171	93.5606858
1675871115.1096394	94.17396579999999
1675871115.24823	95.2456651
1675871115.404197	95.77081279999999
1675871115.5272002	95.5621889
1675871115.6527443	95.93812170000001
1675871115.7860415	95.197352
1675871115.92928	94.9283549
1675871116.092527	96.005055
1675871116.240896	94.7039185
1675871116.3879335	96.127837
1675871116.5305736	94.1973283
1675871116.670231	92.65550209999999
1675871116.8134353	95.0918995
1675871116.9452999	94.7656339
1675871117.0983417	96.0607492
1675871117.2534726	96.0413113
1675871117.3909876	94.7809615
1675871117.5159135	94.884353
1675871117.6726398	96.7137285
1675871117.8165019	96.26707110000001
1675871117.9606633	96.290981
1675871118.1072261	97.83773049999999
1675871118.2439365	95.69150649999999
1675871118.40741	95.7529624
1675871118.5322	97.6342263
1675871118.6707335	96.97904039999999
1675871118.8082314	97.11234990000001
1675871118.9534075	97.0546792
1675871119.0893254	94.8555878
1675871119.2275264	93.3676705
1675871119.381013	97.1076409
1675871119.5274591	97.1017323
1675871119.669311	97.3940116
1675871119.8232298	97.1550237
1675871119.9844832	94.4224242
1675871120.1207364	95.2855532
1675871120.2622113	94.9714096
1675871120.4048862	93.0775235
1675871120.541991	95.39910640000001
1675871120.678066	95.368342
1675871120.8331707	94.71782049999999
1675871120.9827049	95.2543159
1675871121.120127	96.6345072
1675871121.2724197	96.29559090000001
1675871121.4167252	97.26240560000001
1675871121.5418806	96.2215762
1675871121.7009103	95.4674629
1675871121.8612251	97.29538729999999
1675871122.024822	95.92351289999999
1675871122.163157	95.7669932
1675871122.2982225	96.5835332
1675871122.4227235	96.0960788
1675871122.5614412	96.6416474
1675871122.7160928	96.7202157
1675871122.8381453	95.36412449999999
1675871122.9836147	96.9028773
1675871123.122919	97.03178410000001
1675871123.2813272	94.28735089999999
1675871123.4396791	94.8317694
1675871123.5992599	97.25674149999999
1675871123.7359774	96.9924783
1675871123.8795676	97.0405808
1675871124.0468907	96.54237359999999
1675871124.1754644	93.76044429999999
1675871124.3007674	94.0355433
1675871124.4382231	96.3603723
1675871124.574223	96.6171248
1675871124.717298	97.3976952
1675871124.8927076	96.5448699
1675871125.0375981	94.9205572
1675871125.1962738	96.6445116
1675871125.3533297	96.23862430000001
1675871125.51257	97.3437157
1675871125.6362355	97.5173325
1675871125.7604938	95.5840438
1675871125.8982148	95.1937755
1675871126.0405264	97.0938792
1675871126.1968615	96.6664081
1675871126.333386	97.3950554
1675871126.4666057	97.885026
1675871126.5935237	96.1501673
1675871126.7533462	94.30213499999999
1675871126.8825016	95.61575140000001
1675871127.0297077	96.8137044
1675871127.1727066	96.9619987
1675871127.3097494	97.45295680000001
1675871127.4593213	95.3953255
1675871127.5832145	94.09101150000001
1675871127.7200344	96.69763250000001
1675871127.8624902	95.7875337
1675871127.9868324	95.09419510000001
1675871128.1075277	95.7364959
1675871128.2641895	94.63010369999999
1675871128.4016998	95.03491079999999
1675871128.5461671	96.0010042
1675871128.7018776	96.0933201
1675871128.8280559	97.6919792
1675871128.9858196	95.8865054
1675871129.14407	93.9985942
1675871129.268217	96.044628
1675871129.3914285	96.6280479
1675871129.54099	96.06654
1675871129.6637375	95.5474405
1675871129.7848914	95.1984104
1675871129.9235232	94.3376554
1675871130.0649402	95.15096100000001
1675871130.2245524	95.5218655
1675871130.3734002	96.3829015
1675871130.494678	97.25002570000001
1675871130.6275616	97.9367673
1675871130.7672324	95.35802100000001
1675871130.9068093	94.7611473
1675871131.066898	96.36133269999999
1675871131.1924312	97.22098899999999
1675871131.3396804	97.53926
1675871131.4605927	97.2558077
1675871131.6035461	95.7375544
1675871131.7253807	94.3997764
1675871131.8813283	96.1946672
1675871132.0242553	95.7006224
1675871132.1462097	96.2790121
1675871132.2699773	97.1528566
1675871132.3942103	95.43155159999999
1675871132.5512407	94.3251419
1675871132.6921396	96.8845306
1675871132.8471224	96.7700427
1675871132.992403	96.3940238
1675871133.114642	96.7342958
1675871133.2641776	94.1656927
1675871133.4158132	94.2127233
1675871133.5635378	96.4463585
1675871133.6936357	96.3020896
1675871133.817905	96.54608250000001
1675871133.9549422	97.2429754
1675871134.0770288	94.6398252
1675871134.2211962	93.91952269999999
1675871134.3623996	95.32025030000001
1675871134.4868326	96.8119536
1675871134.6110015	96.5125019
1675871134.7543766	97.3466434
1675871134.8946571	95.7418025
1675871135.0333252	93.90024349999999
1675871135.1709673	96.43483140000001
1675871135.2994444	97.2340576
1675871135.444282	96.7378135
1675871135.5674157	97.585161
1675871135.6914563	96.34239120000001
1675871135.8145947	93.96208440000001
1675871135.9637406	95.0824024
1675871136.121551	97.49061909999999
1675871136.249859	96.8804851
1675871136.3865848	96.8845496
1675871136.5455158	96.6618006
1675871136.7032547	95.11416759999999
1675871136.8272443	96.65303510000001
1675871136.9528615	97.3022732
1675871137.0982242	97.1962341
1675871137.23227	96.86255609999999
1675871137.3717916	94.4420748
1675871137.4947093	94.3268358
1675871137.6507676	95.49244010000001
1675871137.8073142	95.57539449999999
1675871137.9456277	96.9219583
1675871138.0825043	97.5394642
1675871138.2202594	96.3627645
1675871138.3755662	95.1538604
1675871138.4961693	97.0797563
1675871138.6202998	96.6824327
1675871138.7435126	95.9958413
1675871138.8877854	97.6321347
1675871139.017864	94.60637630000001
1675871139.1411948	93.28401290000001
1675871139.2792337	96.13353330000001
1675871139.4182138	97.0398618
1675871139.5581555	96.8175375
1675871139.7012665	97.5078476
1675871139.8402905	96.71041360000001
1675871140.0002027	94.8708601
1675871140.1230261	96.30374
1675871140.2648013	97.2213638
1675871140.4233263	96.9010083
1675871140.5623398	97.32854350000001
1675871140.691645	95.5892288
1675871140.8135982	94.08924209999999
1675871140.9372685	93.90185650000001
1675871141.0605698	95.1541818
1675871141.1838071	96.3618953
1675871141.3293264	96.66862760000001
1675871141.4502568	95.77371190000001
1675871141.5636826	95.0586583
1675871141.7093506	95.16610940000001
1675871141.8649209	96.4934377
1675871141.9752038	96.14649979999999
1675871142.097237	95.3578787
1675871142.2197685	95.7686377
1675871142.342916	96.629333
1675871142.464478	94.2304712
1675871142.602551	93.1223575
1675871142.7420578	96.50475510000001
1675871142.9036615	97.8518042
1675871143.0572705	97.73002140000001
1675871143.1935046	96.5806719
1675871143.347434	95.26626370000001
1675871143.5016987	96.2138962
1675871143.6576483	97.0898557
1675871143.8002694	97.2530627
1675871143.9329388	96.32463589999999
1675871144.0723855	95.08743940000001
1675871144.2124119	95.87445749999999
1675871144.3432734	97.3054501
1675871144.504165	95.2017144
1675871144.6504738	94.6292938
1675871144.789221	95.8349785
1675871144.9555497	95.95153400000001
1675871145.0857577	96.1163657
1675871145.2120535	97.2184518
1675871145.3572307	96.5548871
1675871145.5044334	97.1993828
1675871145.6536932	97.35562159999999
1675871145.8116562	94.6910187
1675871145.9716694	96.2205439
1675871146.1072226	96.443479
1675871146.245019	96.9572532
1675871146.3814874	97.7494991
1675871146.5243871	94.7908211
1675871146.6631956	93.0724786
1675871146.821038	95.01125370000001
1675871146.952375	95.38127970000001
1675871147.0755668	95.6354758
1675871147.236704	97.0917489
1675871147.3633697	96.0516182
1675871147.4906461	94.88731189999999
1675871147.6506295	95.507289
1675871147.7882175	96.2891396
1675871147.9382145	95.9698501
1675871148.0782216	96.1027172
1675871148.2018967	95.2008277
1675871148.3257608	95.1338874
1675871148.4482183	96.0354804
1675871148.6074922	96.2559226
1675871148.7523034	96.8725655
1675871148.8865702	96.8340924
1675871149.0115013	96.5372366
1675871149.1582181	94.6708986
1675871149.2981186	94.62007059999999
1675871149.4362159	97.2697309
1675871149.5753508	97.0237439
1675871149.713962	96.8722341
1675871149.852745	95.90569690000001
1675871150.012815	94.7193917
1675871150.1423144	96.9145008
1675871150.2771668	96.6301069
1675871150.423154	97.09459989999999
1675871150.579196	96.1961553
1675871150.7254243	93.8277516
1675871150.8597991	92.5531611
1675871150.9837344	95.7207412
1675871151.1171384	97.25663499999999
1675871151.2560446	96.8068982
1675871151.3911915	95.9184513
1675871151.5481746	95.4701697
1675871151.6855984	93.44963940000001
1675871151.8127146	95.9280496
1675871151.974726	96.7588612
1675871152.112674	96.6809906
1675871152.2930157	97.74159
1675871152.4426172	96.0841423
1675871152.573956	96.4555582
1675871152.7121508	97.7499299
1675871152.8515286	97.1519572
1675871152.9864252	97.1544543
1675871153.1277828	96.8953293
1675871153.2662256	93.56857579999999
1675871153.394558	93.4834214
1675871153.5182247	95.2383196
1675871153.6832974	96.0217112
1675871153.8049593	95.8966188
1675871153.928706	96.4402567
1675871154.0577664	95.0236822
1675871154.1952279	94.5942006
1675871154.3347125	96.2148816
1675871154.4727452	96.2432315
1675871154.611046	96.4621353
1675871154.7905343	97.97158490000001
1675871154.9267697	94.54429590000001
1675871155.0643241	92.9667084
1675871155.1882188	95.2828384
1675871155.3140094	96.6781198
1675871155.458221	97.3639436
1675871155.5820637	96.7393032
1675871155.7297227	95.8211801
1675871155.8884308	93.9522972
1675871156.0314887	95.6164687
1675871156.1692317	96.13864769999999
1675871156.3292575	96.8169881
1675871156.4609675	96.2103844
1675871156.5816412	95.2477135
1675871156.7427466	95.83171610000001
1675871156.87117	96.9753121
1675871157.018218	97.0637213
1675871157.1746569	96.9343752
1675871157.2906234	96.6315415
1675871157.4149425	94.6443798
1675871157.561355	94.0889168
1675871157.704543	95.35418680000001
1675871157.8248801	94.8571344
1675871157.938215	95.4555323
1675871158.0616348	95.73258630000001
1675871158.1871371	95.8257705
1675871158.3427181	94.2778887
1675871158.4763625	96.00075939999999
1675871158.5993297	96.21386849999999
1675871158.7227523	96.93301910000001
1675871158.844655	98.0157325
1675871158.9682693	96.47381180000001
1675871159.0932572	94.6323703
1675871159.2355337	95.4620592
1675871159.3590508	95.817554
1675871159.4969914	96.26815769999999
1675871159.6319568	98.17132670000001
1675871159.7749856	96.3826988
1675871159.899526	94.788127
1675871160.0432038	94.9932994
1675871160.1674793	96.55061330000001
1675871160.2926714	97.5080773
1675871160.4392323	95.8309551
1675871160.558218	95.9513458
1675871160.6817	95.6061337
1675871160.828226	95.4212636
1675871160.9705746	96.48701799999999
1675871161.0951407	97.9852463
1675871161.2405205	96.7621017
1675871161.3672075	96.2541175
1675871161.5285208	96.5558311
1675871161.6903596	95.6101036
1675871161.828221	96.47741629999999
1675871161.968225	96.6384419
1675871162.1229672	96.1466316
1675871162.2672544	97.284698
1675871162.4152937	96.7283734
1675871162.5620363	94.7697277
1675871162.7040777	97.36760819999999
1675871162.8599324	97.0256446
1675871162.9989526	96.5520517
1675871163.154942	95.0444666
1675871163.293258	94.283856
1675871163.4333558	95.86531719999999
1675871163.5664394	96.1961791
1675871163.709778	96.46752690000001
1675871163.8576717	97.3888086
1675871163.9792187	97.41930690000001
1675871164.1213448	94.70111170000001
1675871164.2437832	94.9594337
1675871164.401324	96.4684809
1675871164.603282	96.05692020000001
