Time (s)\Voltage (mV)
1675872555.8064454	21.1097235
1675872555.9453714	31.3367513
1675872556.100336	35.5229947
1675872556.2317517	37.7032544
1675872556.3941278	31.8270576
1675872556.5226252	22.9184505
1675872556.6708617	23.5205679
1675872556.7932227	29.3297439
1675872556.9320827	29.945845
1675872557.0592532	29.2401252
1675872557.2003112	32.9397865
1675872557.346248	17.025918599999997
1675872557.5007205	26.7606702
1675872557.6370702	38.5557005
1675872557.7763002	35.665287
1675872557.8999715	34.6352953
1675872558.0353582	36.7722675
1675872558.1969774	26.9386099
1675872558.3292346	29.291973499999997
1675872558.484263	33.9216192
1675872558.619624	27.8665904
1675872558.7663488	33.3068873
1675872558.9217398	29.202226200000002
1675872559.0620992	20.0407576
1675872559.1853156	26.2889746
1675872559.3182173	30.0591875
1675872559.4554944	28.5382379
1675872559.5725694	33.650963399999995
1675872559.7116146	34.066274299999996
1675872559.865149	21.8720613
1675872560.0142431	26.0487782
1675872560.1361687	31.648417399999996
1675872560.284907	30.496579
1675872560.4359627	34.0308681
1675872560.5924132	29.410561
1675872560.7057533	20.7856916
1675872560.8267236	23.749768200000002
1675872560.9868362	30.320221500000002
1675872561.1165738	30.8646898
1675872561.2436502	35.8402841
1675872561.400984	32.5574766
1675872561.5363588	20.568835
1675872561.6582122	26.6153815
1675872561.779227	36.8830617
1675872561.9236598	29.8334611
1675872562.0628576	32.6350127
1675872562.1966481	33.8631971
1675872562.3182237	23.8143373
1675872562.4602587	26.4589527
1675872562.58161	28.539741099999997
1675872562.7022557	26.3774066
1675872562.8104234	25.676614
1675872562.9348023	29.5131914
1675872563.0544004	29.6348159
1675872563.1719778	23.556315599999998
1675872563.328223	26.055727599999997
1675872563.4693973	29.913227099999997
1675872563.6282246	27.839330200000003
1675872563.7504041	31.9730312
1675872563.8592415	32.897791000000005
1675872564.0035641	25.222564900000002
1675872564.1619978	27.644040099999998
1675872564.306023	36.041047999999996
1675872564.430003	33.581383100000004
1675872564.587019	29.205137999999998
1675872564.7182207	32.0814428
1675872564.8382177	28.5790267
1675872564.984117	28.0926121
1675872565.1382198	33.5374865
1675872565.2592561	32.9497978
1675872565.406336	38.2970965
1675872565.5355513	38.6180386
1675872565.6573026	27.119913
1675872565.783131	20.6044999
1675872565.9071937	27.995654
1675872566.0526972	29.619049800000003
1675872566.1817422	35.0962919
1675872566.3035045	38.0460438
1675872566.4459038	29.7435544
1675872566.5652711	28.6556665
1675872566.6852646	32.8074283
1675872566.8145776	27.5001083
1675872566.9599946	22.7889622
1675872567.1173282	31.0969066
1675872567.255891	31.9215865
1675872567.392711	27.9747152
1675872567.5471067	27.953865
1675872567.6852562	23.40523
1675872567.8228872	24.828505099999997
1675872567.9552662	32.8320862
1675872568.0998871	29.931035599999998
1675872568.2397475	21.8381955
1675872568.3766372	30.7843212
1675872568.5360005	32.0600874
1675872568.6715086	27.0538435
1675872568.817199	32.9158941
1675872568.9731205	26.0481028
1675872569.1136866	21.1585714
1675872569.2573388	30.990021
1675872569.39747	29.144474900000002
1675872569.555697	31.0347891
1675872569.709166	32.8189364
1675872569.8517523	26.5482497
1675872569.973587	24.2939696
1675872570.116967	33.1829709
1675872570.253113	34.4168943
1675872570.3925571	28.3455306
1675872570.5406604	24.72798
1675872570.7069461	15.7172283
1675872570.8273728	19.952181
1675872570.95006	33.325466999999996
1675872571.0747418	34.7952468
1675872571.233336	29.121354
1675872571.388219	30.72461
1675872571.5511875	23.3047904
1675872571.6949108	31.0049943
1675872571.8172035	32.5137379
1675872571.9630675	29.1106212
1675872572.1061368	30.6027174
1675872572.2632897	28.6552689
1675872572.405893	22.280091
1675872572.561697	23.4643178
1675872572.7073846	23.3618019
1675872572.8299716	29.4220503
1675872572.9531784	34.9829699
1675872573.0756323	27.6535594
1675872573.2242246	18.4865376
1675872573.362547	25.4176757
1675872573.5092332	34.5932228
1675872573.6625762	33.5530447
1675872573.8194673	37.859041500000004
1675872573.9306014	30.9641501
1675872574.0510635	24.4578284
1675872574.1936626	29.191391099999997
1675872574.3108141	29.7143606
1675872574.4514616	26.8493164
1675872574.5607035	35.313415
1675872574.6858659	40.6698855
1675872574.850684	31.359811299999997
1675872574.9731758	32.0217941
1675872575.1225476	34.0496818
1675872575.2670457	23.2425197
1675872575.411416	30.573248300000003
1675872575.538229	35.484331100000006
1675872575.6734931	26.567208500000003
1675872575.8132617	27.598261700000002
1675872575.9669783	31.5906072
1675872576.106272	25.2760699
1675872576.2474284	29.7731114
1675872576.379878	30.6642133
1675872576.504364	21.1611474
1675872576.659723	21.6508358
1675872576.8080275	28.9439257
1675872576.9456913	29.7194748
1675872577.068226	32.8970149
1675872577.2124717	29.4552301
1675872577.3562663	20.799323
1675872577.5171337	20.8367347
1675872577.6761827	26.1927832
1675872577.798218	23.8254489
1675872577.9469082	29.2153922
1675872578.0978482	26.812740599999998
1675872578.2437663	22.367190400000002
1675872578.3741825	27.462270099999998
1675872578.4975548	24.3832779
1675872578.6345866	22.9424441
1675872578.7858176	31.750137
1675872578.928221	29.9185558
1675872579.0521474	22.4567318
1675872579.1750805	33.2274806
1675872579.3205934	41.334168999999996
1675872579.4805706	30.6096499
1675872579.6242304	29.503507799999998
1675872579.7573595	25.769555699999998
1675872579.9189136	20.549237899999998
1675872580.0465722	28.0380998
1675872580.1811419	31.530215799999997
1675872580.3194215	33.4983343
1675872580.4671853	37.767317
1675872580.628565	25.0076369
1675872580.7743886	23.336621299999997
1675872580.9106386	35.1634977
1675872581.056352	28.8785051
1675872581.2099767	29.9490628
1675872581.354142	37.2694877
1675872581.5004723	28.732489
1675872581.6422467	22.5369602
1675872581.7782195	29.834723399999998
1675872581.920782	24.833894200000003
1675872582.0582414	28.7588427
1675872582.2207272	34.5738279
1675872582.3544505	23.092583100000002
1675872582.4932194	24.8155655
1675872582.6510456	33.402971099999995
1675872582.8098657	28.0465926
1675872582.937512	32.560555300000004
1675872583.0811107	29.300597
1675872583.2192345	22.339069199999997
1675872583.344361	27.6214754
1675872583.5006375	28.9395164
1675872583.6439433	30.8752074
1675872583.7992368	34.6419012
1675872583.9373643	26.243597
1675872584.0830724	19.3553785
1675872584.2302222	26.829986100000003
1675872584.3982213	31.438819
1675872584.553063	29.714109999999998
1675872584.694081	34.506870600000006
1675872584.846042	29.8234183
1675872584.992835	28.2247656
1675872585.1384022	31.758342699999996
1675872585.2738466	30.379356100000003
1675872585.3978097	30.5502205
1675872585.5344617	34.5766329
1675872585.6883378	20.9877038
1675872585.8108296	21.154871
1675872585.9464178	26.318848
1675872586.0677626	30.4580235
1675872586.2131824	33.3012956
1675872586.3465142	32.8524404
1675872586.498217	22.586471600000003
1675872586.6530414	22.688407899999998
1675872586.7913642	30.3842493
1675872586.9258153	32.3912276
1675872587.0629272	36.7206037
1675872587.205105	35.140222200000004
1675872587.3282218	25.5209591
1675872587.453214	25.875222100000002
1675872587.6182175	35.4052436
1675872587.754458	30.2949938
1675872587.9082212	34.5186278
1675872588.0713375	33.181693900000006
1675872588.2257879	27.365437699999998
1675872588.3475113	28.542231599999997
1675872588.471506	31.755683700000002
1675872588.5944242	29.9043843
1675872588.7192757	33.909997999999995
1675872588.8758018	40.8455068
1675872589.0144057	30.254434399999997
1675872589.1599107	24.77615
1675872589.2718186	31.3502607
1675872589.3965256	37.1005902
1675872589.534858	36.738308999999994
1675872589.6744697	31.775716199999998
1675872589.813007	23.872079
1675872589.9366348	20.8021715
1675872590.059244	23.339377000000002
1675872590.1835814	26.8743681
1675872590.3263144	34.2987759
1675872590.44744	41.5560124
1675872590.5612965	34.2843125
1675872590.7076783	20.400992
1675872590.850486	27.134393900000003
1675872590.9808483	26.6487604
1675872591.1033437	25.0724895
1675872591.2476127	27.3372751
1675872591.3959255	28.4981954
1675872591.5207329	24.6374266
1675872591.6556406	23.1449074
1675872591.7931185	32.0681114
1675872591.9148421	33.2848454
1675872592.0261786	32.4667636
1675872592.15112	36.7733576
1675872592.273718	28.118377
1675872592.3937201	20.3413485
1675872592.5378861	22.0470485
1675872592.668218	27.9478312
1675872592.7915146	30.713273700000002
1675872592.9349499	33.616937899999996
1675872593.0815635	26.8801311
1675872593.2033353	25.713548499999998
1675872593.3167899	26.0498987
1675872593.4638393	31.390806200000004
1675872593.5877063	30.559568900000002
1675872593.7105174	32.5215481
1675872593.8327298	38.1212067
1675872593.9556186	22.4966175
1675872594.0903487	15.068541600000001
1675872594.2499828	33.906563299999995
1675872594.3692265	30.6784084
1675872594.5029936	25.7928603
1675872594.6467235	31.634156500000003
1675872594.7776651	25.1398309
1675872594.933973	22.6957569
1675872595.075228	30.7061516
1675872595.2281375	25.3680996
1675872595.37284	28.947561699999998
1675872595.4964833	34.7491257
1675872595.6512246	26.4530194
1675872595.8133326	23.7538803
1675872595.940225	27.6295454
1675872596.0644832	28.1795866
1675872596.1875553	33.1988202
1675872596.331621	39.0899544
1675872596.455262	25.358921199999997
1675872596.5782204	23.8812178
1675872596.7167318	31.5091484
1675872596.838222	27.9182971
1675872596.9623516	27.982089000000002
1675872597.1046205	32.3700242
1675872597.2254283	31.597351500000002
1675872597.349496	19.9326848
1675872597.4824011	22.3561348
1675872597.6431425	35.433617399999996
1675872597.7766793	32.0357123
1675872597.9003658	31.601206899999998
1675872598.060092	25.302851399999998
1675872598.187377	16.8589657
1675872598.315284	19.3944794
1675872598.4733708	28.9424788
1675872598.6448698	24.850523199999998
1675872598.7812035	31.866734100000002
1675872598.925177	30.6179874
1675872599.0852642	20.9365459
1675872599.2055411	32.274695300000005
1675872599.349435	30.569623
1675872599.4717975	26.8336161
1675872599.6168685	35.187882599999995
1675872599.772541	28.8213355
1675872599.9329293	21.9317783
1675872600.0561047	33.0050156
1675872600.1882243	35.0058308
1675872600.3482265	29.6982345
1675872600.4942725	36.1929835
1675872600.635586	28.3089462
1675872600.7774696	23.7933161
1675872600.925039	31.441994299999998
1675872601.0709841	30.3985604
1675872601.2138288	32.6595134
1675872601.3392074	29.7180579
1675872601.4641838	21.7529913
1675872601.577286	23.0313128
1675872601.7237666	36.6471217
1675872601.865653	30.988619500000002
1675872601.9882152	25.9124718
1675872602.1132517	38.043248
1675872602.225419	34.3286861
1675872602.349521	26.4216929
1675872602.4882212	24.7109047
1675872602.640204	29.0298178
1675872602.7666283	24.1654831
1675872602.9052603	29.2805204
1675872603.0436673	33.7554172
1675872603.1879947	17.6611314
1675872603.3472426	24.2972292
1675872603.5039704	31.7661236
1675872603.6270993	33.0031099
1675872603.7660742	37.7602153
1675872603.8857794	35.292717
1675872604.0195673	23.766643000000002
1675872604.1604164	17.8523115
1675872604.2976005	31.063107
1675872604.4304228	30.6039525
1675872604.5554442	28.4534856
1675872604.7023947	28.5516653
1675872604.834316	22.251768000000002
1675872604.9724853	23.8704718
1675872605.1160994	23.9578794
1675872605.241102	26.3295336
1675872605.3942795	27.9973859
1675872605.540259	31.753530199999997
1675872605.6636832	23.2428101
1675872605.786075	17.7317249
1675872605.9454515	34.7526418
1675872606.0708673	39.6257114
1675872606.1949203	35.6609102
1675872606.3182178	39.914320599999996
1675872606.4592867	29.1635775
1675872606.5823388	20.148301099999998
1675872606.7204423	26.865153199999998
1675872606.8482234	27.9975727
1675872606.9696736	25.3564268
1675872607.0922787	30.7740384
1675872607.2329547	29.6786106
1675872607.37327	22.413707000000002
1675872607.5168114	24.715642499999998
1675872607.6498735	27.3761968
1675872607.8094108	34.3327086
1675872607.940655	41.9699502
1675872608.0644214	34.8604031
1675872608.2082224	24.53183
1675872608.3325114	26.837066999999998
1675872608.4887455	33.9994229
1675872608.6500933	32.894813600000006
1675872608.7759054	40.0349921
1675872608.896249	33.782549
1675872609.0568645	24.7658397
1675872609.204462	32.635801
1675872609.3509765	32.777320399999994
1675872609.473397	31.0894387
1675872609.6161525	38.3383593
1675872609.7552724	32.7120559
1675872609.8942003	24.954970199999998
1675872610.0178711	27.482966899999997
1675872610.174442	27.8727064
1675872610.310762	29.1542484
1675872610.451572	35.659176200000005
1675872610.5844717	29.2657544
1675872610.728218	19.777264
1675872610.8756704	34.0519799
1675872611.0100667	37.0133808
1675872611.147379	33.4024631
1675872611.2705123	36.2576863
1675872611.3946705	34.4206566
1675872611.517696	24.833155700000002
1675872611.6502643	26.4077223
1675872611.7731981	35.9960436
1675872611.8958912	36.9984568
1675872612.033068	38.295560800000004
1675872612.152643	36.362581
1675872612.3120458	22.613722499999998
1675872612.433849	17.0303798
1675872612.5726192	25.7708229
1675872612.706278	29.5303531
1675872612.8496602	30.4812417
1675872612.997387	38.2769514
1675872613.1229084	32.4094602
1675872613.2465677	28.826881200000003
1675872613.3678725	33.4346943
1675872613.5082204	36.5261192
1675872613.638225	36.639372
1675872613.7616365	37.5704224
1675872613.8839161	30.7403856
1675872614.0393996	18.853994
1675872614.1745458	26.4956934
1675872614.3182178	31.8187159
1675872614.467328	24.473745299999997
1675872614.593575	29.707739800000002
1675872614.7329493	29.3817709
1675872614.8564706	22.2187724
1675872614.978224	25.8690324
1675872615.1012619	34.6482371
1675872615.2339706	28.6348091
1675872615.3756063	27.0878601
1675872615.5020468	33.5812348
1675872615.6455712	27.2844515
1675872615.7882133	26.5916286
1675872615.9115272	34.7320013
1675872616.0494328	36.5252524
1675872616.1851566	32.940487499999996
1675872616.3067257	31.3747436
1675872616.4475508	22.407238
1675872616.584165	21.8512963
1675872616.7083347	31.387821900000002
1675872616.8530436	33.5704926
1675872616.9928393	32.5592088
1675872617.1358116	34.915772
1675872617.2721593	29.9613604
1675872617.4167657	28.9801165
1675872617.539018	32.4640147
1675872617.680783	28.3837119
1675872617.803003	25.737933899999998
1675872617.944624	32.309827399999996
1675872618.0823488	26.7918895
1675872618.2382252	19.6952738
1675872618.3960948	32.496404
1675872618.5382264	32.1550016
1675872618.6718948	27.8956387
1675872618.8141556	35.7164049
1675872618.9493327	29.4294629
1675872619.0909364	23.191654999999997
1675872619.249799	29.5312957
1675872619.387617	34.5965847
1675872619.509885	31.3399866
1675872619.6521895	33.8601072
1675872619.7641268	25.465363
1675872619.889722	23.9565329
1675872620.0296686	29.5201991
1675872620.1733057	28.623348
1675872620.3075082	30.8115812
1675872620.4492223	34.415275
1675872620.571231	28.620566
1675872620.6958654	24.988309
1675872620.849277	31.937049000000002
1675872620.9882154	29.2319967
1675872621.1084268	27.3926321
1675872621.2473087	32.983680199999995
1675872621.4093428	30.5731661
1675872621.552645	20.605823400000002
1675872621.665093	25.214847499999998
1675872621.7893827	23.8425229
1675872621.9104931	26.894557499999998
1675872622.0330126	26.6193703
1675872622.1552994	29.046927
1675872622.2775946	22.6657841
1675872622.4022558	17.9992792
1675872622.5572078	31.5636377
1675872622.7018113	33.3749451
1675872622.823422	31.810247899999997
1675872622.9467714	37.3770118
1675872623.081168	27.8406866
1675872623.2245133	23.170300599999997
1675872623.3468843	33.0553051
1675872623.5036635	35.4865827
1675872623.6482255	33.5216297
1675872623.796105	39.274548
1675872623.9214466	33.1887607
1675872624.0606837	21.2684399
1675872624.200299	24.2387224
1675872624.318217	26.003906999999998
1675872624.4304736	27.8403547
1675872624.5517156	29.851344500000003
1675872624.673831	34.3887618
1675872624.8282187	20.529517300000002
1675872624.965959	22.553804
1675872625.1045227	30.3631277
1675872625.2282138	28.811050899999998
1675872625.3518019	25.2008827
1675872625.475546	33.4711337
1675872625.600229	33.1431774
1675872625.7121394	27.797302900000002
1675872625.8637228	28.3192757
1675872626.0035355	31.3899969
1675872626.133651	33.7155239
1675872626.2551625	37.062161599999996
1675872626.4139402	30.0054281
1675872626.5330977	20.295676200000003
1675872626.6552992	21.4227197
1675872626.7653773	31.9641279
1675872626.890112	25.2511272
1675872627.0122082	25.2563071
1675872627.130628	32.3835403
1675872627.251886	32.7159218
1675872627.3906188	27.2383832
1675872627.5257652	34.6572272
1675872627.6502259	33.6571565
1675872627.7731502	29.7242137
1675872627.8964694	31.3059091
1675872628.053081	35.048575899999996
1675872628.1946726	30.0885865
1675872628.3382254	32.4664893
1675872628.467278	30.9717554
1675872628.5882223	31.5116941
1675872628.7482238	38.8944114
1675872628.9009953	31.2031576
1675872629.0616198	26.040897899999997
1675872629.1793158	37.0065587
1675872629.2890456	32.7819815
1675872629.4105632	27.557476899999997
1675872629.5311913	26.6846949
1675872629.6672149	30.6315739
1675872629.820406	20.5322945
1675872629.9567277	20.0307579
1675872630.1105614	34.264471300000004
1675872630.2530112	27.114409700000003
1675872630.3760386	30.180253
1675872630.4982233	38.9565114
1675872630.6211379	32.286906900000005
1675872630.7516418	22.006187100000002
1675872630.8773806	29.9427983
1675872631.0159044	31.0317931
1675872631.158218	31.984183800000004
1675872631.2797453	35.6399226
1675872631.4212277	30.2617973
1675872631.5629091	27.0361826
1675872631.7017107	37.047003600000004
1675872631.8424053	31.212563499999998
1675872631.9650283	31.7388201
1675872632.0872002	39.240336799999994
1675872632.2099946	36.725990700000004
1675872632.3537745	23.9083999
1675872632.5345807	33.7862347
1675872632.6670265	34.6138676
1675872632.7947264	30.7568974
1675872632.9340355	32.8286698
1675872633.071259	26.2844907
1675872633.2045114	20.6266062
1675872633.3435805	24.842357
1675872633.4809964	31.053968
1675872633.6131318	34.9944412
1675872633.7519426	38.7898702
1675872633.879905	34.067615
1675872634.0157783	23.215898
1675872634.1516452	20.7824287
1675872634.290432	28.0497647
1675872634.410985	26.5565775
1675872634.5676816	29.8998992
1675872634.710264	31.7315642
1675872634.8464394	28.009383200000002
1675872634.9880638	26.1608069
1675872635.1274726	30.4150914
1675872635.2588682	28.533137699999997
1675872635.4025075	31.4351794
1675872635.5666256	23.928046000000002
1675872635.7016025	20.3927638
1675872635.8643858	27.4878266
1675872635.990434	26.035804900000002
1675872636.1120698	26.6665419
1675872636.2512608	29.2382401
1675872636.3930016	27.8997085
1675872636.5302255	19.268276399999998
1675872636.6732216	24.5997374
1675872636.7959259	26.8593368
1675872636.9198742	21.6399648
1675872637.0671673	31.317256600000004
1675872637.1922686	33.7122782
1675872637.316799	27.022813
1675872637.476899	20.4338505
1675872637.6152515	29.6068236
1675872637.7750382	28.3592184
1675872637.9053166	35.0047857
1675872638.0272567	35.8675961
1675872638.1657674	26.2231337
1675872638.2870116	21.3586815
1675872638.407748	24.4486666
1675872638.5305402	26.9040381
1675872638.655933	28.8176467
1675872638.7975225	33.315489500000005
1675872638.9284158	29.2705713
1675872639.050712	21.1752378
1675872639.190202	24.707314500000003
1675872639.310347	28.226390600000002
1675872639.453223	24.153405799999998
1675872639.6094177	33.106044600000004
1675872639.750241	32.9018332
1675872639.895645	24.187060900000002
1675872640.026817	26.6132886
1675872640.172918	28.078803699999998
1675872640.3307714	28.9982871
1675872640.4904242	37.8686949
1675872640.628222	20.173132900000002
1675872640.7668924	19.5234377
1675872640.9051492	25.285944399999998
1675872641.0451818	25.0707875
1675872641.2041423	34.9864385
1675872641.347944	35.3769975
1675872641.490192	20.9428134
1675872641.6332693	17.0894911
1675872641.779847	27.2994325
1675872641.9003568	30.777152299999997
1675872642.0332465	31.709730800000003
1675872642.1692271	31.639950799999998
1675872642.3070729	19.734976200000002
1675872642.440821	18.113670799999998
1675872642.579883	28.7570661
1675872642.7172792	27.0718083
1675872642.8515563	23.4823178
1675872643.020233	31.828141999999996
1675872643.154421	21.899769699999997
1675872643.2804718	18.355604099999997
1675872643.4254744	28.224951
1675872643.5474327	30.7577716
1675872643.6924844	28.6122155
1675872643.8322742	36.5415356
1675872643.9645443	26.8922488
1675872644.0862143	15.1778026
1675872644.2103398	24.128597000000003
1675872644.3430429	30.5280598
1675872644.5031552	31.546127
1675872644.6327217	36.5882991
1675872644.782293	28.56623
1675872644.9198515	20.6205934
1675872645.0493195	30.0752049
1675872645.176019	32.666095399999996
1675872645.3146737	30.1287322
1675872645.4514549	30.416326
1675872645.610484	22.8796774
1675872645.7716813	22.4714269
1675872645.9023294	32.1769034
1675872646.0662925	28.0015951
1675872646.2028916	31.520631299999998
1675872646.3413048	38.456867300000006
1675872646.465651	32.326373399999994
1675872646.5994878	29.240820199999998
1675872646.7140725	40.8500132
1675872646.8374646	35.4254575
1675872646.976207	31.5300038
1675872647.1041143	38.326867299999996
1675872647.2258308	30.796929300000002
1675872647.3492224	22.0321874
1675872647.4986286	26.43752
1675872647.634593	30.9089912
1675872647.7622154	31.206388099999998
1675872647.9082305	33.737708
1675872648.0639303	32.5679832
1675872648.2236826	20.506547100000002
1675872648.3482175	34.9105511
1675872648.4733853	35.3376049
1675872648.628218	30.86185
1675872648.7658315	35.3704278
1675872648.8973293	28.6108287
1675872649.029161	21.9683357
1675872649.1528716	25.218438900000002
1675872649.2766795	29.261942400000002
1675872649.3994489	31.2066417
1675872649.521447	31.4118267
1675872649.6460357	36.793166600000006
1675872649.7801802	28.7691479
1675872649.9172378	23.2565287
1675872650.0570216	33.2620231
1675872650.1909933	31.807421299999998
1675872650.3485625	28.517025
1675872650.4763436	34.041473
1675872650.6257064	21.9589569
1675872650.765896	18.1120619
1675872650.8960583	31.772455700000002
1675872651.0278552	32.851753599999995
1675872651.1657188	31.0122021
1675872651.3028429	38.9806955
1675872651.441681	30.423348
1675872651.5807333	28.282945
1675872651.714685	32.9667373
1675872651.8487983	26.6691735
1675872651.9867017	25.858094
1675872652.143492	35.2596463
1675872652.2867641	31.569251
1675872652.4426491	23.993007
1675872652.5800521	29.996987400000002
1675872652.724737	29.3794827
1675872652.8855562	25.8782298
1675872653.0235896	32.462466
1675872653.1470945	27.4773727
1675872653.2717936	18.5034681
1675872653.395537	26.413905
1675872653.5520682	36.4501239
1675872653.704296	35.03832
1675872653.8643787	34.641793400000005
1675872653.996776	17.7482106
1675872654.1553357	19.2925705
1675872654.3126936	29.5075971
1675872654.4698453	30.1317384
1675872654.6092365	31.8999166
1675872654.7425773	30.6801751
1675872654.8802354	20.6906173
1675872655.0362668	24.8057506
1675872655.1765423	21.3763479
1675872655.3326602	25.594173299999998
1675872655.4658754	34.9681819
1675872655.602276	27.3773013
1675872655.738991	22.1434249
1675872655.923924	31.3131788
1675872656.0869596	28.9035193
1675872656.225681	28.7655074
1675872656.380081	33.324435
1675872656.5182228	24.6727288
1675872656.6553595	28.857628300000002
1675872656.7899368	34.4519815
1675872656.9139786	30.5762712
1675872657.0564992	31.2387218
1675872657.2109723	28.6744136
1675872657.3479514	19.659638100000002
1675872657.4907706	25.2600439
1675872657.6237636	34.0766565
1675872657.7682176	34.953628
1675872657.892298	36.1600588
1675872658.0297852	34.3467315
1675872658.1882257	23.3079634
1675872658.3246577	31.261365700000002
1675872658.4836156	29.0839072
1675872658.607797	28.738488999999998
1675872658.754836	34.438499
1675872658.8811042	32.8799827
1675872659.01629	27.8556293
1675872659.1500282	32.391021
1675872659.3034713	34.4929279
1675872659.4630451	28.5003054
1675872659.5943668	36.8290157
1675872659.7161596	35.2458502
1675872659.8523407	24.153620399999998
1675872660.0081472	27.810404100000003
1675872660.1382172	30.3401146
1675872660.276352	28.7679562
1675872660.3998878	30.1696841
1675872660.5242069	34.3021178
1675872660.647622	22.6848013
1675872660.7895207	21.0318121
1675872660.9333923	30.0916383
1675872661.074546	30.705073
1675872661.2149694	32.7896687
1675872661.3523202	38.3427147
1675872661.5026016	25.9297943
1675872661.627793	21.501375
1675872661.7680516	29.7544042
1675872661.9154227	25.816936
1675872662.0581698	32.3144372
1675872662.1968997	40.680312
1675872662.319457	24.5743927
1675872662.4582243	20.3808009
1675872662.5903795	31.953019899999997
1675872662.7129169	24.0527792
1675872662.8349853	23.0185778
1675872662.9571497	31.682384100000004
1675872663.0960026	27.4056363
1675872663.2365472	18.8562104
1675872663.3956509	31.4808257
1675872663.5341084	32.5349733
1675872663.672225	33.3291841
1675872663.8128963	42.9227008
1675872663.9721985	29.406134899999998
1675872664.0955217	22.1177067
1675872664.218223	27.8185905
1675872664.3403955	30.6537944
1675872664.4630961	29.8711546
1675872664.5972605	27.9288318
1675872664.7354193	30.1108363
1675872664.8638287	29.9222265
1675872665.0012283	32.0675351
1675872665.1373556	36.9895254
1675872665.276719	33.066435
1675872665.41447	36.6816118
1675872665.5499475	32.5789385
1675872665.6890733	17.0402845
1675872665.8198493	17.023750800000002
1675872665.9622283	24.3633962
1675872666.084431	33.631908
1675872666.230353	41.276079
1675872666.363151	36.6948838
1675872666.5088792	23.8653656
1675872666.669705	28.1553767
1675872666.7808232	31.6754167
1675872666.9498763	32.184872500000004
1675872667.0851169	35.6019413
1675872667.2314155	33.0191076
1675872667.3872573	25.2338871
1675872667.5212197	28.3630903
1675872667.6592262	32.7624053
1675872667.813285	30.8406591
1675872667.944441	35.8598323
1675872668.081922	28.91673
1675872668.2051456	23.5405673
1675872668.350958	28.299632799999998
1675872668.4845836	25.9066911
1675872668.644237	22.2244203
1675872668.8041701	31.2281228
1675872668.9282286	32.1727031
1675872669.0526774	26.4854779
1675872669.1771913	24.9547202
1675872669.330896	26.7645003
1675872669.4517624	28.6640994
1675872669.5750532	28.922816899999997
1675872669.7229521	24.8441045
1675872669.8473048	24.270831100000002
1675872670.0100477	26.719756800000003
1675872670.143199	28.1109352
1675872670.267257	29.8543151
1675872670.4032516	34.377699
1675872670.5306122	32.1571145
1675872670.670222	20.1206576
1675872670.813871	23.8366202
1675872670.971459	28.9328462
1675872671.103722	28.8308823
1675872671.2577157	29.3003328
1675872671.379655	30.731471199999998
1675872671.5127056	26.7033611
1675872671.6558187	27.0459399
1675872671.794368	34.47248
1675872671.9339845	32.7625409
1675872672.072407	33.4145598
1675872672.1916237	31.7325931
1675872672.3154716	28.2293053
1675872672.4558342	24.7465783
1675872672.5782268	28.330071200000003
1675872672.7151241	29.4707318
1675872672.8512597	33.25263090000001
1675872672.9882686	31.2145967
1675872673.1286223	22.9998629
1675872673.2493386	18.694457099999997
1675872673.371418	25.5459694
1675872673.4939585	31.5522722
1675872673.6182208	33.512410200000005
1675872673.7562387	34.461574600000006
1675872673.895981	28.719095499999998
1675872674.0367918	22.9504425
1675872674.195473	29.0784398
1675872674.3332856	32.7482938
1675872674.4566114	31.0262099
1675872674.6154027	36.9274378
1675872674.7523448	30.0335509
1675872674.8870108	19.5160662
1675872675.0258772	28.4414894
1675872675.1600306	29.066465
1675872675.3170998	26.226707299999998
1675872675.452207	35.1049606
1675872675.5804904	28.4995246
1675872675.7379868	22.7292468
1675872675.880695	36.9455245
1675872676.0033836	32.7113379
1675872676.128223	27.1638145
1675872676.240698	30.766613500000002
1675872676.3649664	32.0396568
1675872676.4859862	22.5501509
1675872676.6276567	21.0751607
1675872676.7711778	35.486445499999995
1675872676.8844001	34.2361689
1675872677.0352309	28.416710000000002
1675872677.1932518	27.951399
1675872677.330422	19.419786000000002
1675872677.454855	23.349000200000003
1675872677.5782208	31.277720600000002
1675872677.7182262	22.4907279
1675872677.839357	22.965141000000003
1675872677.9714034	29.5714859
1675872678.0957956	29.2190755
1675872678.252217	22.2429906
1675872678.384013	28.652219
1675872678.505641	29.0426508
1675872678.6305797	26.962398
1675872678.75333	38.416745600000006
1675872678.8943245	31.304620200000002
1675872679.0532146	22.8353689
1675872679.172588	31.373789
1675872679.294998	34.730031600000004
1675872679.4182177	33.3435639
1675872679.5771172	37.283587600000004
1675872679.7204182	35.2191623
1675872679.8523276	23.538559300000003
1675872679.998218	31.5382663
1675872680.1234171	32.778182799999996
1675872680.2682238	29.9941354
1675872680.4265263	41.935732099999996
1675872680.5623403	34.6094402
1675872680.6937914	24.8397696
1675872680.840164	28.9700548
1675872680.9632504	32.7648724
1675872681.0860517	32.153291
1675872681.210189	33.7460088
1675872681.332821	34.2587107
1675872681.470666	23.6230487
1675872681.5919757	23.177349900000003
1675872681.715549	36.0946352
1675872681.8390985	35.4637301
1675872681.961034	30.0478444
1675872682.1182232	35.6814075
1675872682.258224	28.9369589
1675872682.3854527	20.4362344
1675872682.5412323	33.2234671
1675872682.6772618	33.653829699999996
1675872682.81455	30.345938999999998
1675872682.948213	37.9240086
1675872683.085221	34.1767323
1675872683.2129667	26.0633348
1675872683.3668683	29.3429556
1675872683.5281892	30.6325555
1675872683.648218	32.4427342
1675872683.7815762	41.9911513
1675872683.9033244	43.4423181
1675872684.0581434	25.1004587
1675872684.2201989	28.446645699999998
1675872684.365985	28.7932908
1675872684.486629	27.0120042
1675872684.611014	30.0953606
1675872684.7233286	27.2759005
1675872684.871392	24.493731800000003
1675872684.9924643	25.5433735
1675872685.129716	28.5532087
1675872685.2638748	23.992577800000003
1675872685.4232366	30.269225300000002
1675872685.5542305	34.2053245
1675872685.676537	27.4119461
1675872685.8122747	22.5630341
1675872685.965129	28.564967399999997
1675872686.1132276	32.062548500000005
1675872686.2360482	35.6765822
1675872686.381828	36.25505
1675872686.5004978	28.0760146
1675872686.6142106	20.099448799999998
1675872686.7391775	29.3201723
1675872686.8631208	26.8550197
1675872686.9871686	29.535253599999997
1675872687.1273832	37.8859716
1675872687.2482183	32.0231618
1675872687.3893204	24.0872317
1675872687.5248675	25.1451626
1675872687.677443	24.8804669
1675872687.8200326	28.8559634
1675872687.9431918	36.2115719
1675872688.0657072	29.518495299999998
1675872688.187936	18.824477299999998
1675872688.3106325	16.361504999999998
1675872688.4432075	22.6933003
1675872688.5652044	28.6056373
1675872688.6873987	31.557452200000004
1675872688.8097682	32.8460933
1675872688.932071	20.818506099999997
1675872689.0550327	18.8697584
1675872689.178233	26.820106499999998
1675872689.3030572	28.0824375
1675872689.4253151	29.7130542
1675872689.5454226	33.2584261
1675872689.7059247	29.407927
1675872689.865346	21.2543403
1675872690.0079513	31.718440700000002
1675872690.131691	33.5525422
1675872690.2672129	33.1010824
1675872690.4297585	37.9463607
1675872690.5607896	31.8127739
1675872690.6739542	17.4138078
1675872690.795866	18.6752207
1675872690.932001	30.535030000000003
1675872691.0770638	32.287088399999995
1675872691.199559	34.9927867
1675872691.3581836	38.1789108
1675872691.5123043	22.4812635
1675872691.6322136	22.7175483
1675872691.754122	30.4796809
1675872691.8966482	33.2040798
1675872692.0551	39.304243099999994
1675872692.192899	36.999738
1675872692.3309581	20.311417799999997
1675872692.4631603	20.1094279
1675872692.6018665	23.397128900000002
1675872692.7557263	32.09406439999999
1675872692.8763492	37.2443392
1675872693.0166337	38.914661599999995
1675872693.1542242	26.6882839
1675872693.2872503	25.9948441
1675872693.4260662	34.6030332
1675872693.5627027	33.009967100000004
1675872693.6954854	31.9334437
1675872693.8200116	38.476807
1675872693.9376187	30.4414083
1675872694.0782218	21.111929500000002
1675872694.1973321	28.5540003
1675872694.3322165	30.2958763
1675872694.455111	31.280228299999997
1675872694.5774164	33.275702599999995
1675872694.699235	36.4904109
1675872694.8392365	31.072217700000003
1675872694.9608247	30.7367404
1675872695.073716	35.1448533
1675872695.195248	32.6108378
1675872695.355428	37.066661200000006
1675872695.508222	37.8865517
1675872695.6315	25.058775500000003
1675872695.7696033	22.0470056
1675872695.8909822	29.7660679
1675872696.015349	31.4491094
1675872696.1273432	29.2248386
1675872696.2517111	29.3490119
1675872696.3750312	29.906661300000003
1675872696.494501	23.3944549
1675872696.6168725	22.6659195
1675872696.7567441	32.360063600000004
1675872696.9156442	28.4146633
1675872697.071862	31.988058299999995
1675872697.1821764	32.2345236
1675872697.3071342	25.704450899999998
1675872697.4313004	19.7115058
1675872697.5746636	26.684347600000002
1675872697.6971729	26.960616400000003
1675872697.819379	31.512995600000004
1675872697.9766052	43.5840881
1675872698.1340067	26.278275899999997
1675872698.2573512	22.3294213
1675872698.3780363	28.7802838
1675872698.5213556	26.2237434
1675872698.6601386	31.9699862
1675872698.7974215	36.1909607
1675872698.9359992	25.2921232
1675872699.0582218	18.027267300000002
1675872699.1796458	22.9664593
1675872699.3359034	28.8985974
1675872699.4565282	27.6908205
1675872699.578222	34.1305495
1675872699.701123	32.0945093
1675872699.845476	23.229254599999997
1675872699.968225	24.5016581
1675872700.1128056	29.3212262
1675872700.2533147	32.9233592
1675872700.4135551	39.0658615
1675872700.5571582	33.2655076
1675872700.7145693	25.6600942
1675872700.8746586	32.4216458
1675872701.0039268	30.5856851
1675872701.1510372	30.2195721
1675872701.2730267	34.7133605
1675872701.4192302	24.0853474
1675872701.5653965	23.6888088
1675872701.7084258	36.1347809
1675872701.8468328	33.8213079
1675872701.966109	31.754063300000002
1675872702.0862553	36.1454784
1675872702.2096033	29.8946523
1675872702.3542383	19.889088700000002
1675872702.5070164	29.148217300000002
1675872702.6282182	30.3274516
1675872702.7845576	27.5875951
1675872702.9164765	34.129916599999994
1675872703.0544229	26.740686999999998
1675872703.1769884	23.3493516
1675872703.2993114	25.8937621
1675872703.4340363	32.391456999999996
1675872703.5782177	25.8097954
1675872703.6997893	22.0347303
1675872703.8220773	27.0247053
1675872703.9637713	19.292908800000003
1675872704.0839908	21.675800499999998
1675872704.2249787	31.008416099999998
1675872704.377995	33.0873344
1675872704.4992316	30.7061532
1675872704.620331	31.1794501
1675872704.7601907	20.2477152
1675872704.9030433	18.352487800000002
1675872705.0447204	26.8700288
1675872705.1908464	30.0741297
1675872705.330893	30.4865645
1675872705.4897852	34.6105792
1675872705.6102216	24.8452754
1675872705.7325745	21.2893132
1675872705.8549836	23.4788187
1675872705.9874976	26.903677599999998
1675872706.127225	29.8799096
1675872706.2652838	34.7992877
1675872706.3878899	26.5727011
1675872706.5114226	20.6862262
1675872706.6540813	29.6131809
1675872706.793119	30.800852600000002
1675872706.9454496	29.3215332
1675872707.0887444	37.2421777
1675872707.2122743	31.1188762
1675872707.3529375	17.963192499999998
1675872707.4943976	24.4288345
1675872707.6175237	29.7143532
1675872707.7571623	32.085512900000005
1675872707.9164598	38.547454
1675872708.0769606	27.392037300000002
1675872708.2199318	21.3352428
1675872708.3425808	23.129556400000002
1675872708.4660072	25.7446462
1675872708.5898514	26.1074562
1675872708.7323477	31.5112906
1675872708.842731	33.0208459
1675872708.9671926	25.9037105
1675872709.1256077	19.127383000000002
1675872709.2451634	26.1477679
1675872709.3683567	26.7506085
1675872709.4781518	26.5580411
1675872709.6025732	29.5569245
1675872709.7634423	23.851438700000003
1675872709.8949785	23.214239000000003
1675872710.0175085	31.1831067
1675872710.1545694	29.8149794
1675872710.30799	26.0530057
1675872710.4714894	29.6928348
1675872710.6267085	16.390762900000002
1675872710.7674444	18.3814065
1675872710.9216967	29.7261132
1675872711.0435658	30.4426337
1675872711.1873527	27.6912153
1675872711.3082237	32.4397992
1675872711.4288354	21.867513799999998
1675872711.5675392	21.954346
1675872711.7099154	35.1445818
1675872711.8511138	31.826280999999998
1675872712.0031447	27.9458643
1675872712.1239762	33.307305199999995
1675872712.2462034	27.387241799999998
1675872712.385198	24.5127247
1675872712.5172834	29.5084652
1675872712.640337	26.5380073
1675872712.7638228	29.802297799999998
1675872712.9066272	33.031294599999995
1675872713.0346425	28.9532105
1675872713.1793103	19.653001
1675872713.3143284	19.0392226
1675872713.4571187	29.023958999999998
1675872713.6369486	25.678205900000002
1675872713.778222	32.4002737
1675872713.8916717	28.2058573
1675872714.0164924	25.4701436
1675872714.1569889	25.6343214
1675872714.304711	27.0101748
1675872714.4628978	33.8465082
1675872714.5806208	37.412620600000004
1675872714.718226	34.3745627
1675872714.856851	25.092595499999998
1675872714.9810011	24.1225199
1675872715.1014354	26.0888953
1675872715.2453563	32.9765526
1675872715.380937	38.2887597
1675872715.505377	35.8691404
1675872715.6278317	24.1067893
1675872715.771451	16.738226500000003
1675872715.9110456	27.9516396
1675872716.05281	29.1370162
1675872716.1765552	32.4960314
1675872716.2982178	37.4600184
1675872716.4458277	28.5781752
1675872716.5882218	25.8045534
1675872716.7099962	33.8078977
1675872716.828224	32.029974
1675872716.9508984	29.1172952
1675872717.0735238	34.124116900000004
1675872717.2178829	25.760888700000002
1675872717.3592842	18.4206934
1675872717.5016913	31.5312633
1675872717.6471484	33.7841234
1675872717.788224	31.0609098
1675872717.9114914	36.4922265
1675872718.0541632	34.144811
1675872718.2082572	21.0033873
1675872718.3282254	28.9430128
1675872718.451246	30.5071035
1675872718.5959003	30.3508374
1675872718.7342198	35.7417294
1675872718.8765476	31.8212743
1675872718.997908	24.5078223
1675872719.1182184	21.8959061
1675872719.2352958	28.7590555
1675872719.37039	32.2289205
1675872719.4896836	34.037351799999996
1675872719.6282313	36.671478
1675872719.7682216	31.6718656
1675872719.9272044	28.090593000000002
1675872720.0822544	33.1050971
1675872720.2038643	30.0699705
1675872720.3250163	29.022099700000002
1675872720.4851773	33.526803
1675872720.6051857	31.4046183
1675872720.7169793	27.789715100000002
1675872720.8382268	34.712164099999995
1675872720.9979458	29.2032365
1675872721.150269	29.4834376
1675872721.2892306	35.0601257
1675872721.4098585	28.8408679
1675872721.5310009	24.0618026
1675872721.6518917	29.707803000000002
1675872721.813383	33.1516782
1675872721.9290733	32.236508300000004
1675872722.0505376	34.6642832
1675872722.1728203	38.191690799999996
1675872722.296259	33.914472
1675872722.407188	26.8067315
1675872722.5314586	31.393137699999997
1675872722.6534524	28.8200126
1675872722.7963917	29.669584999999998
1675872722.957695	36.4952656
1675872723.0954533	27.69538
1675872723.2435002	23.1965877
1675872723.3682203	28.128388
1675872723.5267394	25.117332400000002
1675872723.679233	25.1570579
1675872723.7982275	33.9458057
1675872723.9309952	27.8785521
1675872724.049347	19.3834093
1675872724.1716764	23.1641971
1675872724.2802277	29.0660622
1675872724.4052444	27.7814375
1675872724.5250192	27.0992614
1675872724.6482236	31.262431700000004
1675872724.7882144	21.8255713
1675872724.9092693	24.6473076
1675872725.0577784	36.3870171
1675872725.1929748	28.9000886
1675872725.3322504	30.337320300000002
1675872725.4731975	42.2142037
1675872725.5975661	34.9282704
1675872725.7210073	27.0015238
1675872725.865888	33.9323754
1675872725.9936028	30.362917
1675872726.1126673	29.615137
1675872726.2717445	37.0587592
1675872726.409922	29.7526154
1675872726.5460413	23.0373569
1675872726.6823244	28.3468576
1675872726.8309488	31.2535132
1675872726.9766405	30.9075454
1675872727.0975068	34.2703169
1675872727.2467215	27.7621086
1675872727.3722339	21.3232532
1675872727.4960935	27.5150274
1675872727.6172764	27.5192914
1675872727.758218	26.645887
1675872727.8917406	32.106247999999994
1675872728.015868	30.3108722
1675872728.1562722	18.6398195
1675872728.2770143	19.5953445
1675872728.4192853	30.121307
1675872728.5782168	27.749556899999998
1675872728.7225373	31.0324013
1675872728.8706324	34.186005200000004
1675872728.9937396	24.6169699
1675872729.1351244	21.4934534
1675872729.2974155	28.242729
1675872729.4192362	31.9537144
1675872729.5556195	36.3617941
1675872729.6968234	32.5911805
1675872729.8382208	23.616243700000002
1675872729.993216	28.5307648
1675872730.134625	28.760727499999998
1675872730.2736912	29.1620012
1675872730.4252257	36.7297355
1675872730.5482237	32.1924201
1675872730.6914678	25.411454399999997
1675872730.838182	30.7390303
1675872730.9601398	31.9066943
1675872731.0706315	27.9801602
1675872731.192125	26.4982422
1675872731.3137665	36.537628000000005
1675872731.457079	30.9289701
1675872731.5779219	26.407706
1675872731.7340662	37.4971163
1675872731.8936036	34.8056086
1675872732.0315588	40.4122462
1675872732.173599	36.4565513
1675872732.296262	25.943155100000002
1675872732.4524038	29.4953318
1675872732.6133263	33.1766207
1675872732.7673817	27.58095
1675872732.8882158	34.0291609
1675872733.0117023	33.1218862
1675872733.1582346	23.901014500000002
1675872733.2861736	25.616811199999997
1675872733.4267566	30.557566899999998
1675872733.5494452	34.952701000000005
1675872733.705424	36.4717418
1675872733.8166175	35.5971376
1675872733.959232	25.6941589
1675872734.0782218	19.4618116
1675872734.2012196	30.9418727
1675872734.3235633	27.8017487
1675872734.4632907	28.6925304
1675872734.5829575	31.236725900000003
1675872734.7050164	28.5054378
1675872734.860712	16.6114995
1675872734.9987047	23.4296367
1675872735.1377907	26.5695146
1675872735.2782207	31.7835488
1675872735.4030368	42.3385788
1675872735.5477092	37.8868173
1675872735.6864479	20.6826182
1675872735.8664489	30.4328626
1675872735.9898863	31.201459500000002
1675872736.1122298	31.740966099999998
1675872736.2527916	38.47498
1675872736.3919365	29.5980779
1675872736.513537	19.052559
1675872736.6368072	23.145599999999998
1675872736.759456	30.564905
1675872736.8963716	27.3789664
1675872737.0554075	28.4056685
1675872737.1783311	29.466955900000002
1675872737.325758	21.4618478
1675872737.4482164	22.0956956
1675872737.571377	32.8340593
1675872737.7153163	34.3877763
1675872737.8376043	35.0622966
1675872737.9944444	36.4018495
1675872738.1382213	29.3371836
1675872738.261202	26.207266699999998
1675872738.3839953	29.4016397
1675872738.506433	26.328238600000002
1675872738.648216	27.714042000000003
1675872738.7720418	32.5008922
1675872738.9132934	27.8387666
1675872739.0350568	27.8581643
1675872739.1729198	32.9015852
1675872739.3351552	27.768365
1675872739.4782207	29.5092039
1675872739.6166875	36.817417
1675872739.7717714	29.7825128
1675872739.9204237	23.3305674
1675872740.0802293	29.8794189
1675872740.2324772	25.224430700000003
1675872740.3542328	30.7828452
1675872740.4763768	31.9836462
1675872740.599251	17.2917741
1675872740.7231853	16.7614122
1675872740.8760824	26.3005805
1675872741.033957	26.0057488
1675872741.1716037	28.6270645
1675872741.3079715	35.178057800000005
1675872741.4630916	25.878253100000002
1675872741.6045344	25.1305566
1675872741.7382255	30.850275399999997
1675872741.8570073	27.405013200000003
1675872741.9803736	30.852374700000002
1675872742.1240568	36.9269793
1675872742.246797	30.8681819
1675872742.3692434	24.7528757
1675872742.5138385	24.5251333
1675872742.633937	32.2040944
1675872742.7475784	33.7606387
1675872742.8682811	35.1537994
1675872742.994131	37.5153911
1675872743.1164188	24.3508817
1675872743.2403612	16.6189395
1675872743.3879387	30.3614494
1675872743.5131273	31.1022916
1675872743.6508949	32.249236100000005
1675872743.7741003	37.085839
1675872743.9162395	28.595938500000003
1675872744.075492	26.989260899999998
1675872744.2329874	35.2155486
1675872744.3516252	35.3949421
1675872744.5122502	27.9674263
1675872744.6407573	29.8917486
1675872744.763502	25.736523000000002
1675872744.90822	28.4017175
1675872745.0320528	35.6818702
1675872745.1555645	30.1899833
1675872745.3108642	28.5197227
1675872745.4535604	36.930049600000004
1675872745.6094074	21.023805699999997
1675872745.7534707	17.910756199999998
1675872745.9003894	29.752378
1675872746.025713	30.1972599
1675872746.1611078	27.6839224
1675872746.314784	30.0053297
1675872746.4618118	21.9926237
1675872746.6179562	20.7394199
1675872746.728023	25.3452447
1675872746.850194	33.5475907
1675872746.9937332	30.0173908
1675872747.1399343	33.037099399999995
1675872747.2905867	25.622121300000003
1675872747.4349747	24.7433627
1675872747.5706701	32.1559986
1675872747.6933672	33.4062074
1675872747.837131	32.5106276
1675872747.9598281	34.853273800000004
1675872748.0831373	26.2935559
1675872748.2055998	23.0153879
1675872748.3398085	33.5713237
1675872748.4823046	32.1417961
1675872748.6296527	33.355414
1675872748.7919457	40.5784716
1675872748.9106915	28.7338137
1675872749.0502422	20.254293999999998
1675872749.1901622	29.341450599999998
1675872749.3279605	29.1787523
1675872749.4510047	33.9908467
1675872749.5732858	39.55569
1675872749.727517	29.471884199999998
1675872749.887972	22.1226731
1675872750.0107653	28.3138826
1675872750.1237857	28.7876853
1675872750.2449448	28.4292679
1675872750.3846025	32.4365191
1675872750.5416396	27.1449193
1675872750.724378	13.5430331
1675872750.8520353	27.3260227
1675872750.9871838	29.1791725
1675872751.1303847	27.345463300000002
1675872751.283918	30.5765197
1675872751.4283204	23.823144300000003
1675872751.5678957	22.9647534
1675872751.7013025	30.410012100000003
1675872751.8375678	28.405469
1675872751.9923282	34.1477505
1675872752.1382139	32.9866266
1675872752.282534	22.2183591
1675872752.4126177	22.5002581
1675872752.5362654	28.0444311
1675872752.6731968	23.6042498
1675872752.8117824	24.1535021
1675872752.9674294	35.542913600000006
1675872753.1026566	26.3095073
1675872753.235039	19.86549
1675872753.359229	29.2601988
1675872753.5054655	30.685273499999997
1675872753.6523669	28.0515424
1675872753.8203208	26.049605699999997
1675872753.9547455	20.249565
1675872754.0672479	21.045759599999997
1675872754.188223	27.9598842
1675872754.332541	25.5231281
1675872754.4554355	27.9320358
1675872754.5792866	32.353143
1675872754.702705	26.3908125
1675872754.8615327	22.3100291
1675872755.0175247	34.5700753
1675872755.130983	32.8220134
1675872755.2538345	29.9748208
1675872755.3901818	30.3071111
1675872755.534244	25.949224100000002
1675872755.6771643	23.8659345
1675872755.8150702	31.8343394
1675872755.9572222	30.2220664
1675872756.0955424	26.732559900000002
1675872756.2365854	36.1232775
1675872756.3698938	33.7566586
1675872756.5182226	21.6009335
1675872756.656229	29.5819552
1675872756.8032045	29.2284265
1675872756.9292321	29.779471500000003
1675872757.0730126	36.2732487
1675872757.2213128	29.1148325
1675872757.3499563	23.6121883
1675872757.514328	32.595852
1675872757.6509337	33.5096133
1675872757.7906039	31.321127099999998
1675872757.9320192	34.3300421
1675872758.0717862	24.262562000000003
1675872758.214318	18.2539603
1675872758.3708334	27.923076599999998
1675872758.4859085	29.9882965
1675872758.611079	29.1041924
1675872758.7712543	35.8838523
1675872758.9036443	28.9225089
1675872759.0518618	23.3824591
1675872759.1747868	29.868165299999998
1675872759.3216565	31.912143900000004
1675872759.4467707	29.0379575
1675872759.611869	34.023231700000004
1675872759.7424781	28.7113226
1675872759.8678925	23.466786600000002
1675872760.031748	26.3980069
1675872760.165278	26.570714499999998
1675872760.2909703	30.1695118
1675872760.4507778	33.034538600000005
1675872760.5824754	23.311974499999998
1675872760.728226	20.1448132
1675872760.853355	27.3814697
1675872760.9982266	22.426978100000003
1675872761.1332736	23.5795441
1675872761.2756422	33.667669
1675872761.419506	17.622580499999998
1675872761.5617816	19.9040853
1675872761.6857276	31.964615799999997
1675872761.8068502	28.821505300000002
1675872761.9303918	25.5141085
1675872762.0772598	33.649542999999994
1675872762.2238975	28.6083979
1675872762.360256	21.6147375
1675872762.4906836	24.1693851
1675872762.6164045	27.8199351
1675872762.7602713	32.6798054
1675872762.90688	33.9517807
1675872763.074508	24.1911207
1675872763.2199128	21.2514842
1675872763.3628252	30.878142800000003
1675872763.487837	28.4733284
1675872763.6420946	28.2701291
1675872763.7997742	37.142528600000006
1675872763.926361	28.149927
1675872764.0803537	25.0444326
1675872764.239379	30.5912445
1675872764.3676474	25.912845100000002
1675872764.515151	29.4711879
1675872764.6548326	32.308050800000004
1675872764.7849753	20.8551464
1675872764.9266913	23.4388839
1675872765.0743883	34.910192800000004
1675872765.2017503	33.363880800000004
1675872765.3372724	29.3792828
1675872765.472816	31.6607873
1675872765.616682	25.6738159
1675872765.7539356	24.1624895
1675872765.8916523	33.1378579
1675872766.0393012	31.427810700000002
1675872766.1849697	35.008303
1675872766.3282218	34.4406928
1675872766.4516356	24.4405286
1675872766.5782251	22.9150741
1675872766.7155752	35.8256988
1675872766.8663814	32.2912313
1675872767.012562	37.0778401
1675872767.1473293	39.4047517
1675872767.2778509	25.6075268
1675872767.4425278	26.0236786
1675872767.5738707	35.580823900000006
1675872767.7307653	29.4565385
1675872767.8682141	33.151901499999994
1675872768.009909	34.1470333
1675872768.1478229	21.2013238
1675872768.3048625	28.1956017
1675872768.4303916	26.807259600000002
1675872768.567193	26.1539699
1675872768.7235544	39.9377884
1675872768.8643067	32.5842112
1675872769.0210063	25.7102077
1675872769.181297	29.4650949
1675872769.3199837	27.400297000000002
1675872769.4384232	22.4868306
1675872769.5818026	32.619071299999995
1675872769.7224073	27.7186208
1675872769.8444846	17.2232275
1675872769.9671109	25.481462699999998
1675872770.1070883	29.4969307
1675872770.2415829	31.9678011
1675872770.3869715	39.2401234
1675872770.511645	38.122104300000004
1675872770.6563747	24.5042782
1675872770.7789972	21.9834348
1675872770.9257932	33.2361554
1675872771.0561633	35.7237469
1675872771.2192845	38.1336473
1675872771.3552358	30.319797400000002
1675872771.493694	20.0198875
1675872771.6160812	24.814191100000002
1675872771.7393892	32.510975800000004
1675872771.860745	31.773251000000002
1675872772.0030475	31.4837261
1675872772.1147945	33.180873299999995
1675872772.2407987	22.694113299999998
1675872772.4046795	14.626086599999999
1675872772.5282125	26.1950728
1675872772.6619723	27.3650109
1675872772.7982185	25.6573913
1675872772.9532712	31.5153169
1675872773.0851636	27.4947487
1675872773.2234504	20.4239257
1675872773.3718312	28.9999583
1675872773.5039139	31.931651999999996
1675872773.6628237	32.8036115
1675872773.7917821	33.672152
1675872773.9443884	29.0519919
1675872774.0692205	24.2551611
1675872774.1933293	26.6921382
1675872774.3165684	29.1219701
1675872774.4382176	34.3248537
1675872774.5718348	40.808987900000005
1675872774.7117686	30.5858718
