Time (s)\Voltage (mV)
1675872340.7504535	13.4714541
1675872340.8929265	17.299837200000002
1675872341.0661232	14.388477199999999
1675872341.2129366	19.5827469
1675872341.3292983	21.1987219
1675872341.4607115	17.2732324
1675872341.6221604	14.7224889
1675872341.7663195	24.8799592
1675872341.8865755	24.4353978
1675872342.0084178	21.2656453
1675872342.1497684	23.292924499999998
1675872342.2714148	15.3877896
1675872342.4295337	13.1272829
1675872342.5456817	17.0979618
1675872342.6682162	16.955399
1675872342.8067088	15.3475698
1675872342.946291	25.500563800000002
1675872343.0708807	25.4220223
1675872343.2282183	16.9187756
1675872343.34559	21.981611700000002
1675872343.4831629	23.3953088
1675872343.5926335	16.724019600000002
1675872343.7175179	20.5758053
1675872343.8382144	16.642686100000002
1675872343.9601357	14.3366217
1675872344.1025264	11.781233199999999
1675872344.2624779	14.7639355
1675872344.3994663	18.4893083
1675872344.5573337	19.5197061
1675872344.6963363	19.346300199999998
1675872344.85013	15.5752736
1675872345.0123227	17.9713141
1675872345.1660028	19.600504
1675872345.2861052	18.733768299999998
1675872345.407357	22.7664747
1675872345.5294254	22.003335200000002
1675872345.6519	16.1039334
1675872345.7748213	11.824248299999999
1675872345.927372	7.507703810000001
1675872346.088129	11.7607981
1675872346.2460542	21.352103099999997
1675872346.3876045	18.587734
1675872346.5105236	13.6834227
1675872346.6437366	17.8566782
1675872346.7802994	19.5236249
1675872346.9349153	15.8151682
1675872347.057913	17.744220000000002
1675872347.201396	15.892354099999999
1675872347.3482168	15.521870700000001
1675872347.5076663	16.239795
1675872347.6440876	12.0143079
1675872347.7795784	14.1284492
1675872347.9255152	17.673252
1675872348.0640457	12.1513574
1675872348.2243795	12.4961013
1675872348.383761	17.700709200000002
1675872348.5279255	15.491615300000001
1675872348.6662943	13.2399598
1675872348.8154972	14.9253313
1675872348.977128	10.6146317
1675872349.0982172	13.253124999999999
1675872349.2375839	16.7280777
1675872349.3573534	15.7928393
1675872349.5118558	13.5597774
1675872349.6644008	13.2471548
1675872349.78492	9.43774685
1675872349.9072225	6.97724763
1675872350.0668662	18.9180161
1675872350.1879742	24.4607236
1675872350.3433006	22.177494
1675872350.500641	19.8354823
1675872350.6232128	17.0890268
1675872350.7476919	12.3525261
1675872350.8703158	15.2770066
1675872350.9933956	16.4613535
1675872351.1472185	17.926350099999997
1675872351.3082178	16.6235624
1675872351.467182	13.9035492
1675872351.6098478	17.924166
1675872351.7440119	21.2162873
1675872351.866095	19.8166021
1675872352.0102296	18.5091175
1675872352.157211	20.4674148
1675872352.2928135	15.5697214
1675872352.4535503	12.9646668
1675872352.5812268	19.694503700000002
1675872352.717868	18.3159274
1675872352.85615	18.6816863
1675872353.0094295	15.3202522
1675872353.1347568	14.393092300000001
1675872353.279513	16.0855138
1675872353.4282205	19.3450746
1675872353.5963337	19.7878133
1675872353.750784	22.5879164
1675872353.9145002	13.051941
1675872354.0731666	13.6981082
1675872354.2109406	18.2576487
1675872354.3644729	14.493665100000001
1675872354.5266702	12.2989441
1675872354.6800961	16.594521
1675872354.8344522	8.325178880000001
1675872354.977058	15.7485219
1675872355.1148424	20.5076479
1675872355.272583	16.0955531
1675872355.404473	21.575309599999997
1675872355.562133	18.8772291
1675872355.7154756	12.2699847
1675872355.8534899	16.142821599999998
1675872356.0072694	19.939013
1675872356.1739056	18.8198094
1675872356.303078	17.116282
1675872356.432192	10.3310595
1675872356.5728347	8.79763446
1675872356.7108333	19.7720809
1675872356.8445966	19.9600911
1675872357.0035236	17.9158599
1675872357.1582232	21.0881082
1675872357.2971742	13.3971725
1675872357.4517217	12.235835400000001
1675872357.6182141	18.3090287
1675872357.752366	18.3375733
1675872357.8819702	16.5151867
1675872358.0216992	14.7698637
1675872358.1766093	8.439507540000001
1675872358.305473	10.795010699999999
1675872358.4606054	11.4266756
1675872358.6122003	16.1725409
1675872358.7664013	20.212043700000002
1675872358.9246783	17.4695976
1675872359.0807443	9.93515729
1675872359.2404823	17.8905395
1675872359.3780797	16.310172599999998
1675872359.520766	18.2600799
1675872359.6773858	20.1661793
1675872359.8072596	13.508205400000001
1675872359.9358075	11.6479242
1675872360.0889657	16.5920803
1675872360.2226605	20.860626800000002
1675872360.368792	23.391238299999998
1675872360.526505	19.2631551
1675872360.6845288	10.259973299999999
1675872360.8329318	10.5138351
1675872360.983751	13.3815953
1675872361.1403823	12.669696100000001
1675872361.2761993	16.216072299999997
1675872361.4154348	19.1160511
1675872361.5772882	14.6512191
1675872361.7220936	18.1795815
1675872361.868945	24.1447186
1675872361.9977396	22.0805754
1675872362.1575656	22.4784502
1675872362.3092217	12.813051799999998
1675872362.4482207	17.2897869
1675872362.6025548	19.040463099999997
1675872362.7619052	12.3346513
1675872362.8905637	18.3988293
1675872363.0185409	15.7663925
1675872363.1572266	13.1644945
1675872363.313456	15.8581168
1675872363.452569	15.758903000000002
1675872363.6193793	18.6318578
1675872363.7772818	20.8692247
1675872363.9352913	12.7840023
1675872364.1004083	9.447206309999999
1675872364.2367458	14.5190791
1675872364.3957746	15.1799377
1675872364.532655	20.205542100000002
1675872364.6982198	18.068565200000002
1675872364.8375397	12.1172651
1675872364.9662895	15.487505299999999
1675872365.0948172	13.1026502
1675872365.2702377	12.3882131
1675872365.4015634	21.2882009
1675872365.5404353	17.058714600000002
1675872365.6981175	14.844667000000001
1675872365.8744977	15.9725197
1675872366.006451	14.6178071
1675872366.1664407	20.8012966
1675872366.3035884	25.2061071
1675872366.443308	18.2211061
1675872366.5819187	13.3635521
1675872366.7407577	17.2682086
1675872366.87767	15.4701589
1675872367.0137115	17.6200861
1675872367.1812296	16.964264
1675872367.3396072	12.0952614
1675872367.499447	17.129931000000003
1675872367.6330206	17.6920169
1675872367.7636523	16.1285791
1675872367.9025342	17.574097000000002
1675872368.0581145	16.3607428
1675872368.1882148	14.358546200000001
1675872368.3270686	16.9484422
1675872368.464075	19.406932700000002
1675872368.6229587	15.2771931
1675872368.7618113	21.3047021
1675872368.8915153	19.727643999999998
1675872369.0392275	14.7387974
1675872369.177451	15.3757193
1675872369.3407476	15.385783400000001
1675872369.5063748	16.807932599999997
1675872369.6644607	21.282603899999998
1675872369.8082175	13.6875699
1675872369.967202	10.5246701
1675872370.1051817	20.207011899999998
1675872370.2596414	19.5063703
1675872370.403097	21.175090899999997
1675872370.5506628	12.8649644
1675872370.6782167	9.560622030000001
1675872370.8182142	13.197802999999999
1675872370.9564228	16.270766499999997
1675872371.0933852	16.9870151
1675872371.258059	18.4845678
1675872371.41567	16.5774854
1675872371.568221	16.022183700000003
1675872371.7023609	15.7702911
1675872371.8680558	14.8072667
1675872371.9976788	16.5950722
1675872372.134688	21.696186100000002
1675872372.273294	15.917080900000002
1675872372.418728	15.275557800000001
1675872372.583917	20.9990295
1675872372.722775	17.1434258
1675872372.851845	17.022209399999998
1675872372.9802778	17.4317652
1675872373.1198006	11.2450429
1675872373.2728112	11.6876891
1675872373.4407554	22.8800074
1675872373.579926	25.4221587
1675872373.7148914	21.9892134
1675872373.859259	24.5407902
1675872374.00305	14.063769
1675872374.1375196	10.847786999999999
1675872374.2953603	17.8197037
1675872374.4332778	14.7773474
1675872374.57635	17.836249799999997
1675872374.7240164	13.2252916
1675872374.8940427	13.8317726
1675872375.048224	20.8925102
1675872375.190572	18.393929699999997
1675872375.346897	20.4344567
1675872375.4720123	23.2594265
1675872375.6159651	16.406196
1675872375.7630517	10.473491300000001
1675872375.8882213	14.8240194
1675872376.0273182	20.3204607
1675872376.1756687	20.3197358
1675872376.3244562	19.6841749
1675872376.4662285	10.1606293
1675872376.6072116	11.1237475
1675872376.7392273	20.4811187
1675872376.8971682	19.1156351
1675872377.055869	19.5969496
1675872377.2157884	19.105232400000002
1675872377.377854	14.7323293
1675872377.5367079	14.1733882
1675872377.693157	10.0286931
1675872377.847051	16.8749168
1675872377.9947095	21.3828138
1675872378.1343987	17.2910834
1675872378.28646	11.8467238
1675872378.4245667	13.3503972
1675872378.5892136	18.628666499999998
1675872378.7439601	20.1958346
1675872378.878223	18.9494888
1675872379.0197113	10.62062
1675872379.1755884	13.2911662
1675872379.3355904	19.0325306
1675872379.4836094	21.044589
1675872379.614053	22.3641764
1675872379.7524202	17.4256888
1675872379.9004111	13.780945299999999
1675872380.030785	19.1817034
1675872380.1694314	17.3845207
1675872380.309557	13.3682842
1675872380.466336	17.8398701
1675872380.6316342	9.31885256
1675872380.7679157	10.4773813
1675872380.907406	16.473002
1675872381.0632064	16.1027306
1675872381.2244606	22.525170099999997
1675872381.3535006	18.6338713
1675872381.4892237	11.5191923
1675872381.631601	7.09217957
1675872381.7767267	18.5733839
1675872381.9346359	19.4507681
1675872382.096725	22.602838100000003
1675872382.2334237	18.3878232
1675872382.380188	12.5027229
1675872382.5342474	22.31165
1675872382.6970987	20.28042
1675872382.8257065	20.796456000000003
1675872382.9555967	21.5705623
1675872383.0982218	14.1560652
1675872383.2506437	17.0880921
1675872383.3792262	23.6917329
1675872383.5364416	22.1683921
1675872383.665369	16.490695199999998
1675872383.8306901	17.4329556
1675872383.9676468	9.1044819
1675872384.1038032	12.218736900000001
1675872384.2600296	19.4246017
1675872384.4182148	16.2594447
1675872384.5759196	18.535589799999997
1675872384.7192657	19.2630954
1675872384.8869817	10.260965
1675872385.024597	15.1950205
1675872385.1825564	14.429196899999999
1675872385.338218	12.1710455
1675872385.503889	15.624219
1675872385.6621246	12.2351726
1675872385.8203945	12.7268389
1675872385.97974	16.559145899999997
1675872386.1340709	21.105388400000002
1675872386.2616105	25.320926800000002
1675872386.400632	19.250516400000002
1675872386.5433745	8.602195680000001
1675872386.6982236	10.1892174
1675872386.8430429	17.4159043
1675872386.9772146	21.5459761
1675872387.1210003	24.965111099999998
1675872387.268225	21.117895800000003
1675872387.4045782	14.7342576
1675872387.5350897	15.263367800000001
1675872387.6955564	14.5288218
1675872387.8292382	13.5079612
1675872387.9581716	16.7460965
1675872388.10221	13.0815769
1675872388.2501662	12.1723309
1675872388.4024382	16.211921800000002
1675872388.5411546	16.4899233
1675872388.6935804	19.2304763
1675872388.8532622	18.4569612
1675872389.0153952	14.525092599999999
1675872389.154588	19.3795942
1675872389.3128843	21.7050477
1675872389.472209	20.2318955
1675872389.6092474	21.779345499999998
1675872389.7689536	16.972852399999997
1675872389.9301975	13.9458229
1675872390.06848	15.002417000000001
1675872390.2133658	15.2821542
1675872390.3496916	13.6200495
1675872390.5070167	14.1101874
1675872390.6648316	13.6997078
1675872390.821398	20.1003997
1675872390.9808424	19.6591278
1675872391.119566	16.470043899999997
1675872391.2829292	22.221874
1675872391.4168508	14.9997203
1675872391.55241	11.041383
1675872391.699342	11.0999063
1675872391.8551273	15.623773400000001
1675872391.9869716	17.9570896
1675872392.125404	22.796328000000003
1675872392.2802355	13.129962599999999
1675872392.4252687	12.1113829
1675872392.5772064	18.5339976
1675872392.7079678	15.1510876
1675872392.8682127	9.73424142
1675872392.9970253	16.5140444
1675872393.143875	14.7179185
1675872393.307429	15.0710713
1675872393.4405384	19.8508733
1675872393.578219	22.700166099999997
1675872393.7323823	21.889164700000002
1675872393.8871558	21.1994598
1675872394.0217838	13.189064400000001
1675872394.1650627	17.6143803
1675872394.320416	19.8782788
1675872394.4649487	18.9066196
1675872394.6200774	24.525783
1675872394.7593186	15.8371514
1675872394.9180768	14.7337194
1675872395.0955982	14.8356143
1675872395.2502089	12.155973000000001
1675872395.3932536	21.1359369
1675872395.5490315	19.1342621
1675872395.7078106	9.661873559999998
1675872395.8466678	11.9686576
1675872395.9840477	13.0654606
1675872396.122756	17.2533424
1675872396.270609	22.7821233
1675872396.4217095	16.8381183
1675872396.5605938	12.9940608
1675872396.6896064	15.9522304
1675872396.8582187	16.853453599999998
1675872396.9956906	13.026806700000002
1675872397.154619	16.0268223
1675872397.298221	15.100506
1675872397.4326477	10.405805299999999
1675872397.5935862	13.1362054
1675872397.7530901	16.577585799999998
1675872397.8926847	24.6377652
1675872398.0382144	25.9646175
1675872398.1958218	18.6643854
1675872398.340475	17.4376698
1675872398.4995065	15.876856700000001
1675872398.638225	20.6352852
1675872398.7937593	23.9857264
1675872398.9546402	18.320916999999998
1675872399.0922089	8.78937346
1675872399.2565818	16.7425153
1675872399.3911388	18.697741899999997
1675872399.5372283	15.660173799999999
1675872399.6774142	15.7982472
1675872399.807068	12.4406902
1675872399.9742713	12.9898671
1675872400.131861	15.2769051
1675872400.2920227	17.4748033
1675872400.4256053	21.820987
1675872400.573207	23.877738400000002
1675872400.711308	17.2092927
1675872400.862426	18.321062199999997
1675872400.998217	19.2057473
1675872401.1522396	18.417796600000003
1675872401.2910798	20.6556326
1675872401.444865	9.280357140000001
1675872401.5860233	5.99241603
1675872401.7459514	16.7177869
1675872401.8812156	21.8114698
1675872402.058214	25.1550629
1675872402.2043643	21.764294900000003
1675872402.363274	14.166003
1675872402.5211544	15.7037787
1675872402.6768308	18.8090561
1675872402.839222	20.7361645
1675872403.0159657	19.7872849
1675872403.152867	14.2938025
1675872403.2822497	14.907193399999999
1675872403.4282181	16.5034888
1675872403.5682209	14.9585297
1675872403.7282166	20.348052799999998
1675872403.8882122	16.4682185
1675872404.0233507	12.0488012
1675872404.1622198	11.5927331
1675872404.3143384	16.4679332
1675872404.4809363	18.3561488
1675872404.6182241	23.66684
1675872404.7769716	15.341991799999999
1675872404.9148202	9.20244984
1675872405.092552	12.8468074
1675872405.2367043	10.370028
1675872405.4188871	17.1780448
1675872405.5838041	14.5012118
1675872405.7426498	13.8256084
1675872405.9020588	15.799275500000002
1675872406.0602257	15.803700399999999
1675872406.2187393	20.1674208
1675872406.35527	20.037002
1675872406.514687	10.9291763
1675872406.6540976	15.639222299999998
1675872406.815797	18.1048572
1675872406.9551442	17.6401727
1675872407.1244595	21.9093929
1675872407.263136	15.135332499999999
1675872407.411939	14.3434832
1675872407.5567627	17.839515
1675872407.736171	12.3359314
1675872407.8740752	16.026226599999998
1675872408.0148365	14.845457399999999
1675872408.1518624	12.689858899999999
1675872408.3173814	13.9609417
1675872408.4532967	18.9299499
1675872408.595524	20.189097699999998
1675872408.7520728	18.7801363
1675872408.9299927	13.6093214
1675872409.0582128	13.517237399999999
1675872409.1944497	15.907638599999999
1675872409.3532329	18.6829294
1675872409.533698	19.809440300000002
1675872409.674758	18.685021199999998
1675872409.8369374	12.971598
1675872410.0173216	14.9236453
1675872410.1567836	15.3213677
1675872410.305737	12.1749063
1675872410.4732177	18.358468600000002
1675872410.6106105	15.2535869
1675872410.7695444	14.137676599999999
1675872410.921016	21.0019512
1675872411.0632925	22.6008833
1675872411.224768	20.4362602
1675872411.3590367	14.7222515
1675872411.5281684	9.248215109999999
1675872411.6722164	13.7955317
1675872411.8294039	14.3652199
1675872411.964346	12.6882592
1675872412.112527	19.476220700000002
1675872412.2912512	16.362193
1675872412.4522898	15.1797189
1675872412.6154277	17.0210363
1675872412.7650208	15.9496456
1675872412.9107454	20.9350132
1675872413.0524905	17.5191389
1675872413.1872692	15.5099812
1675872413.3518522	21.6713405
1675872413.5064073	18.809298599999998
1675872413.6450253	14.6786341
1675872413.7997584	20.1559821
1675872413.9505885	13.1724653
1675872414.0851345	10.8365785
1675872414.219933	15.1801087
1675872414.3610494	10.3120716
1675872414.5261993	13.011157
1675872414.6652963	16.457282
1675872414.8326294	13.3238249
1675872414.9956799	14.7253
1675872415.1368384	14.729317
1675872415.2681315	15.445435400000001
1675872415.4127536	19.2008886
1675872415.5758016	12.8075405
1675872415.7102325	9.18757994
1675872415.876224	14.3931109
1675872416.01359	12.6755816
1675872416.1775444	21.5764077
1675872416.3119032	24.6927305
1675872416.4582222	15.7643004
1675872416.6229558	9.11012633
1675872416.758225	16.301969999999997
1675872416.927201	13.883477899999999
1675872417.079234	21.5230348
1675872417.23707	17.9803369
1675872417.3974917	9.7073409
1675872417.577507	22.3344218
1675872417.7357967	21.7578293
1675872417.8682206	20.5831892
1675872418.0372753	18.2005253
1675872418.1667225	13.7831311
1675872418.3131866	12.4339229
1675872418.4695182	15.6539115
1675872418.6277854	17.307606699999997
1675872418.7759516	21.468643200000002
1675872418.9228969	14.681563599999999
1675872419.08031	11.6370717
1675872419.239359	16.2248667
1675872419.3936198	14.2820264
1675872419.5392385	17.6536001
1675872419.6961374	16.9783533
1675872419.8372626	13.351579000000001
1675872419.9970973	14.4265307
1675872420.156359	14.8594409
1675872420.2943292	14.6376058
1675872420.446624	16.0644052
1675872420.6075397	15.299684399999999
1675872420.770291	13.409708799999999
1675872420.9101112	21.8074552
1675872421.040242	16.4896592
1675872421.1670227	15.7348174
1675872421.32726	24.8149659
1675872421.4895794	14.4526893
1675872421.6329253	13.8926898
1675872421.78822	17.9545628
1675872421.9421115	18.7692467
1675872422.0763552	22.442593600000002
1675872422.2413366	13.533885000000001
1675872422.4009597	10.6924549
1675872422.566609	11.5389861
1675872422.7010329	12.1182655
1675872422.8643246	15.4186728
1675872423.0182254	16.120714500000002
1675872423.157519	16.5244873
1675872423.3157105	18.5041808
1675872423.4780223	17.269143800000002
1675872423.6325219	16.4754615
1675872423.7768483	17.8162931
1675872423.9162538	16.5405111
1675872424.053712	11.8592923
1675872424.2156515	12.385178999999999
1675872424.344587	12.4319063
1675872424.5102758	10.385703600000001
1675872424.6475837	19.420982900000002
1675872424.812149	14.8711696
1675872424.9505906	15.1090909
1675872425.1106188	18.164020100000002
1675872425.2682276	16.9498198
1675872425.427235	23.3887494
1675872425.5850902	10.6532906
1675872425.721269	10.0140507
1675872425.8792775	13.1992805
1675872426.0360615	11.1363044
1675872426.1971178	20.931317800000002
1675872426.358191	19.537516500000002
1675872426.5334911	5.28894384
1675872426.673519	15.684789899999998
1675872426.8107657	15.962924
1675872426.9699442	17.232176
1675872427.1088173	21.6327733
1675872427.238213	13.3275727
1675872427.3842204	10.9628998
1675872427.5237818	17.1978736
1675872427.6771986	20.0795347
1675872427.8370452	15.0247461
1675872428.0009255	13.9281707
1675872428.1404917	12.3050498
1675872428.2928195	11.2621878
1675872428.4314077	12.729955100000002
1675872428.5693364	19.071076700000003
1675872428.7282271	25.768101599999998
1675872428.865807	22.3110376
1675872429.002844	10.2900093
1675872429.1406157	8.763744840000001
1675872429.2844615	16.1743874
1675872429.4162211	14.8713481
1675872429.5392973	13.751468899999999
1675872429.6833398	19.740752399999998
1675872429.837836	15.5032132
1675872429.9757242	13.090892700000001
1675872430.1294405	13.3878504
1675872430.2525277	15.0548485
1675872430.377382	17.9084987
1675872430.5162444	14.3614587
1675872430.6592371	12.7622438
1675872430.7971048	11.4742526
1675872430.9406707	13.169536
1675872431.094315	11.661388800000001
1675872431.2172194	17.8511617
1675872431.350353	16.7787371
1675872431.4951527	11.8418476
1675872431.607821	9.26408246
1675872431.7582257	15.7382204
1675872431.9158292	19.052354
1675872432.0579495	17.6227061
1675872432.2161674	18.8263128
1675872432.3493178	12.212264800000002
1675872432.5099056	8.553201829999999
1675872432.640393	9.337912809999999
1675872432.7881827	10.8449863
1675872432.910815	13.272869499999999
1675872433.0333126	16.3839106
1675872433.1567228	10.1129035
1675872433.2973688	10.494093600000001
1675872433.4206364	17.349557700000002
1675872433.5452635	15.3330555
1675872433.6680758	14.3598645
1675872433.79191	15.9998781
1675872433.9382174	14.0430658
1675872434.0901124	10.865558799999999
1675872434.2259603	11.7455079
1675872434.3620522	15.8752399
1675872434.5080416	16.714229600000003
1675872434.6550946	15.0854833
1675872434.7831826	9.34239345
1675872434.9110231	11.4164158
1675872435.034261	16.6006322
1675872435.1548727	10.0407
1675872435.2782166	12.7801181
1675872435.4012132	17.977178
1675872435.545065	16.7269824
1675872435.6752374	11.0806128
1675872435.7978742	12.979473800000001
1675872435.9222236	17.9129513
1675872436.0449634	15.5628182
1675872436.1896062	14.376093
1675872436.323232	20.220617
1675872436.4682183	16.1546022
1675872436.6082373	15.492582200000001
1675872436.7306304	21.2756255
1675872436.8672519	22.0432682
1675872437.028234	17.338558099999997
1675872437.1827433	14.890747
1675872437.3024328	13.9340487
1675872437.4460099	14.860946
1675872437.5758927	17.1194829
1675872437.7213905	14.5545917
1675872437.8764997	16.488
1675872437.9927113	18.5987102
1675872438.1394877	17.126552699999998
1675872438.2828453	17.948202
1675872438.4041903	23.350116
1675872438.5292792	22.138894999999998
1675872438.642593	19.4566825
1675872438.7880404	19.9993616
1675872438.9282165	13.8202034
1675872439.1113408	12.227417399999998
1675872439.2337117	20.085579799999998
1675872439.3738317	18.141851600000003
1675872439.5322466	18.254924
1675872439.6882153	20.2853648
1675872439.810417	15.7546304
1675872439.9351804	16.2608593
1675872440.0582335	23.2343
1675872440.1820033	19.5477384
1675872440.3246105	18.100648600000003
1675872440.445763	18.695774200000002
1675872440.5581682	14.564798999999999
1675872440.6804335	8.993292369999999
1675872440.8051085	11.766394100000001
1675872440.9493282	16.1097399
1675872441.0705287	13.2063603
1675872441.1930995	14.1354409
1675872441.325713	13.9711283
1675872441.4864182	12.4698164
1675872441.6153715	16.298236300000003
1675872441.76143	20.9950939
1675872441.8847373	18.7496998
1675872442.0059965	16.0470826
1675872442.149267	21.8058998
1675872442.2882216	20.2086664
1675872442.433812	14.1179204
1675872442.5882232	21.5565232
1675872442.7498157	17.966236600000002
1675872442.8761408	16.8739195
1675872443.0136516	17.114396199999998
1675872443.1533177	16.986548
1675872443.2763753	19.123844899999998
1675872443.3981824	21.348188699999998
1675872443.5546203	20.5310812
1675872443.714339	19.972032000000002
1675872443.879655	19.520940099999997
1675872444.0373845	14.6299428
1675872444.1747437	18.147155
1675872444.3114738	15.8135186
1675872444.4647944	12.7194127
1675872444.6307268	18.0176194
1675872444.7622466	19.069575200000003
1675872444.9093306	18.9366463
1675872445.0663042	21.3808343
1675872445.198212	17.3325592
1675872445.3359401	16.8125524
1675872445.46793	23.998511399999998
1675872445.6277883	18.7951762
1675872445.7761168	9.72563091
1675872445.9048753	14.6044562
1675872446.0433164	18.628061000000002
1675872446.1877847	19.128312599999997
1675872446.3512003	19.6306903
1675872446.5069685	10.5001132
1675872446.6392329	12.8460975
1675872446.777125	17.137639999999998
1675872446.9136415	13.8410007
1675872447.0571053	15.5323488
1675872447.1957524	16.9195238
1675872447.3325725	7.91816767
1675872447.495946	14.080175800000001
1675872447.644263	16.313273
1675872447.7870696	17.5177964
1675872447.9630716	23.266574799999997
1675872448.1074684	14.4625862
1675872448.2465343	11.456020500000001
1675872448.4112828	11.9899418
1675872448.5720768	14.4966052
1675872448.706833	15.0910861
1675872448.8747208	19.2350861
1675872449.0059986	15.730756500000002
1675872449.1655452	13.966614400000001
1675872449.2948132	17.8914731
1675872449.442305	19.153675
1675872449.598222	17.6316921
1675872449.73275	14.4629714
1675872449.8923824	11.3531372
1675872450.0516322	19.2302634
1675872450.2131615	20.0622681
1675872450.3729796	19.7869461
1675872450.510602	15.8443649
1675872450.6729612	10.482386600000002
1675872450.8110833	14.813986700000001
1675872450.9756699	17.0467157
1675872451.1138904	19.4067139
1675872451.2510736	23.1083902
1675872451.3867083	16.9278386
1675872451.5259655	6.72908157
1675872451.6802802	10.535716
1675872451.8228147	14.348346099999999
1675872451.9699018	15.7255333
1675872452.1268177	19.2514563
1675872452.2856734	15.0367196
1675872452.4419982	10.5611228
1675872452.615086	17.776076
1675872452.7761068	19.3683375
1675872452.9130461	20.1244297
1675872453.0735645	14.1364634
1675872453.2017446	10.9796511
1675872453.3498275	16.7843642
1675872453.4837341	20.835352299999997
1675872453.619294	16.924972
1675872453.7465057	16.4943649
1675872453.91122	15.4806376
1675872454.0400789	13.9184672
1675872454.167899	13.7080724
1675872454.3067884	14.2202103
1675872454.4613276	16.2856324
1675872454.5882258	13.939541499999999
1675872454.7543378	8.73396389
1675872454.907819	10.2564479
1675872455.0459516	16.755007499999998
1675872455.2048025	14.9240589
1675872455.3687885	17.1818
1675872455.5245879	16.617448800000002
1675872455.6623204	12.7544659
1675872455.8148947	11.2572914
1675872455.9750717	16.5664037
1675872456.1282206	16.046246399999998
1675872456.2668319	22.4264775
1675872456.4259627	18.3380446
1675872456.563813	15.0982688
1675872456.7171466	16.9881017
1675872456.842955	13.602376
1675872457.0031977	11.134130399999998
1675872457.1319168	18.2371883
1675872457.298214	10.1287567
1675872457.4544618	15.7847965
1675872457.5940113	17.2916133
1675872457.7360663	15.864852700000002
1675872457.8950288	16.0076255
1675872458.0518522	17.597379
1675872458.2095277	11.8615415
1675872458.3623245	13.0706582
1675872458.5141346	11.043341999999999
1675872458.6537156	11.579964700000001
1675872458.8058143	17.1179007
1675872458.9435704	15.253677999999999
1675872459.0972865	10.5873824
1675872459.2593312	16.1992867
1675872459.3882174	14.9140853
1675872459.5556636	15.3432547
1675872459.7159784	8.15513172
1675872459.8562799	10.440984299999998
1675872459.9937851	18.332117200000003
1675872460.1501272	12.8409333
1675872460.326861	13.4482426
1675872460.4669917	18.4476528
1675872460.6206796	13.2276788
1675872460.7823844	14.0509702
1675872460.937695	23.8069355
1675872461.0768445	19.410259
1675872461.2138908	16.1751537
1675872461.3729506	16.1256592
1675872461.51173	9.75843826
1675872461.6433115	14.6349523
1675872461.7880318	19.6637157
1675872461.922298	19.1123924
1675872462.0808065	19.788115299999998
1675872462.218213	12.4835831
1675872462.3566632	9.59022077
1675872462.5152225	14.2809469
1675872462.6582248	17.733257499999997
1675872462.8174715	14.50009
1675872462.9748855	20.5431168
1675872463.107083	13.5165519
1675872463.2447479	12.2037467
1675872463.3818002	16.2978914
1675872463.5413144	14.928573400000001
1675872463.6938066	16.3069728
1675872463.8322983	21.4428296
1675872463.97431	12.2802115
1675872464.129987	8.71565643
1675872464.268217	15.410606699999999
1675872464.4231405	19.4433805
1675872464.5837247	19.909937799999998
1675872464.7409096	15.886245100000002
1675872464.9012475	14.2258845
1675872465.038909	14.588739
1675872465.1774902	12.0006533
1675872465.3178883	16.191535
1675872465.456226	18.413467999999998
1675872465.5962355	13.6230517
1675872465.749622	13.2017209
1675872465.896064	20.1289919
1675872466.0542896	20.221759499999997
1675872466.2128496	20.8384045
1675872466.3502007	19.6099982
1675872466.5088413	13.275113099999999
1675872466.6657348	14.503695800000001
1675872466.8252068	17.4156522
1675872466.9718764	16.1665041
1675872467.1409023	19.4397766
1675872467.2779865	12.7286539
1675872467.4368384	9.739059600000001
1675872467.590258	17.6267719
1675872467.7369332	19.2744536
1675872467.8765078	19.8795874
1675872468.0408964	18.5838314
1675872468.1840458	14.2994822
1675872468.3235621	14.430067
1675872468.458226	13.9043024
1675872468.6142454	17.775980699999998
1675872468.7732532	18.2438645
1675872468.9296396	15.4017875
1675872469.0892339	10.877415
1675872469.2682345	20.345327
1675872469.4012346	25.1113736
1675872469.5562263	19.2626399
1675872469.7371693	15.823138600000002
1675872469.8957455	8.013133999999999
1675872470.0506814	17.6145191
1675872470.193894	17.8760093
1675872470.332354	15.3684198
1675872470.4896827	24.3686911
1675872470.6501122	15.3808109
1675872470.7836728	12.1185197
1675872470.9436738	14.371142599999999
1675872471.1072068	9.61160253
1675872471.2442286	13.3947019
1675872471.39923	15.518368200000001
1675872471.5599768	13.3668023
1675872471.6941059	21.059288499999997
1675872471.8367343	21.242457299999998
1675872471.9917884	20.6483456
1675872472.1504521	23.4069524
1675872472.2899842	12.754701800000001
1675872472.4503427	9.54200962
1675872472.6071045	17.4145825
1675872472.7423863	22.292749399999998
1675872472.8808486	21.6195937
1675872473.017843	18.647606
1675872473.1803234	10.5337357
1675872473.3339052	19.1885499
1675872473.4975395	17.9550641
1675872473.6541367	17.569050400000002
1675872473.7933679	21.204553699999998
1675872473.969746	17.3329124
1675872474.1138244	10.831751
1675872474.2740054	14.9369622
1675872474.412448	16.5113835
1675872474.5503554	16.908155599999997
1675872474.6848226	15.472402899999999
1675872474.8442407	8.798195680000001
1675872474.996417	13.8108088
1675872475.1603281	15.2381157
1675872475.298222	17.5237094
1675872475.4578269	23.96988
1675872475.5868573	14.0934124
1675872475.7560182	16.6385858
1675872475.9108212	21.7183441
1675872476.066126	23.0777326
1675872476.2199247	19.2952386
1675872476.3582275	14.081378699999998
1675872476.514222	13.62735
1675872476.6731236	16.6488484
1675872476.8346226	15.814565199999999
1675872476.9731848	14.349681799999999
1675872477.1355464	18.3678334
1675872477.2757053	13.970682499999999
1675872477.4311366	8.683246610000001
1675872477.567724	9.11506123
1675872477.7322738	14.3236703
1675872477.8678102	19.1342121
1675872478.033922	17.349630599999998
1675872478.1882203	10.3059569
1675872478.3482218	11.6190317
1675872478.5082228	16.8841288
1675872478.6465166	18.7753133
1675872478.8103662	17.7829753
1675872478.9492269	12.6020765
1675872479.1046143	11.5990017
1675872479.2734	17.998908099999998
1675872479.4139638	16.4522488
1675872479.5497553	18.475510800000002
1675872479.707157	18.817771699999998
1675872479.8637435	13.1081799
1675872480.0042677	20.5441865
1675872480.1564405	21.584454
1675872480.3252656	13.4571141
1675872480.471069	19.0389236
1675872480.6349096	19.5799344
1675872480.815315	18.5681291
1675872480.9782205	22.8078016
1675872481.116752	15.6882502
1675872481.2956564	22.3096967
1675872481.435137	16.6989084
1675872481.612845	13.5306158
1675872481.7667778	18.1560859
1675872481.908225	14.9475406
1675872482.0893323	15.8600799
1675872482.2287645	16.107108500000002
1675872482.3699107	15.2317653
1675872482.5151842	19.1949714
1675872482.6743033	16.1452636
1675872482.8543684	14.8465951
1675872483.0004387	23.207430000000002
1675872483.1512654	17.47543
1675872483.291293	17.4963893
1675872483.4460773	17.8839587
1675872483.5992298	18.401469300000002
1675872483.759893	22.5192202
1675872483.8981564	19.0769287
1675872484.0344863	14.445423400000001
1675872484.1840613	18.673397299999998
1675872484.3230603	22.836691700000003
1675872484.500572	20.2472008
1675872484.6372285	24.9680665
1675872484.7722182	16.0820286
1675872484.9171126	11.029380999999999
1675872485.064633	15.633569300000001
1675872485.2169533	16.6385623
1675872485.3552566	18.1823061
1675872485.508224	23.918314900000002
1675872485.6683428	12.0993374
1675872485.8269868	15.1057406
1675872485.9644938	14.3801763
1675872486.1450095	15.1282163
1675872486.2834642	20.2081248
1675872486.4421682	12.2912536
1675872486.59995	12.7564627
1675872486.7634203	20.9208008
1675872486.9025688	17.9884375
1675872487.0618088	16.9249808
1675872487.2197583	19.6461984
1675872487.3821473	16.1255217
1675872487.5197344	18.356033399999998
1675872487.6782222	18.8192381
1675872487.8431103	18.769818899999997
1675872487.9782236	21.6463267
1675872488.1323962	13.087247
1675872488.2879329	10.202112
1675872488.439457	18.9966386
1675872488.5982192	16.470610999999998
1675872488.7378116	19.9474367
1675872488.8761213	16.0982085
1675872489.0220475	12.7927509
1675872489.178606	19.1719736
1675872489.3228586	14.646064
1675872489.4857445	17.1432205
1675872489.6446884	19.5351142
1675872489.8006458	11.7316833
1675872489.945977	11.3094397
1675872490.1269567	19.461434999999998
1675872490.2651234	19.874405000000003
1675872490.4048676	21.1325239
1675872490.5632944	16.1815667
1675872490.7255661	14.7218483
1675872490.8843527	20.1641326
1675872491.0377805	22.1895031
1675872491.2014954	21.0385468
1675872491.362172	19.4361551
1675872491.5017123	9.10360313
1675872491.6595922	13.3733327
1675872491.8011873	10.977347700000001
1675872491.9572275	8.30153946
1675872492.0905046	16.0577262
1675872492.2589438	10.3114214
1675872492.420579	10.511485200000001
1675872492.574341	21.731793
1675872492.7282212	16.109396099999998
1675872492.906415	21.2376135
1675872493.0595171	13.8792653
1675872493.2071357	10.5183263
1675872493.3466387	14.261504799999999
1675872493.4760897	17.0938172
1675872493.6057687	16.180387099999997
1675872493.7654686	18.870199099999997
1675872493.9174507	15.2051479
1675872494.083156	10.6326436
1675872494.2267003	17.6045071
1675872494.3648865	17.795428700000002
1675872494.5128303	18.568460299999998
1675872494.6882215	16.9812744
1675872494.8271804	11.6669806
1675872494.9858208	14.052312500000001
1675872495.1405468	16.9256422
1675872495.2833283	13.6106831
1675872495.440268	15.3948882
1675872495.5759604	15.621239000000001
1675872495.721364	10.9871212
1675872495.8782635	17.7347964
1675872496.0176618	16.563405699999997
1675872496.1726239	17.8967484
1675872496.3074076	20.6167675
1675872496.445165	18.650146799999998
1675872496.5955422	13.8717993
1675872496.7245572	18.577784100000002
1675872496.8832846	15.735848699999998
1675872497.0116477	20.289571600000002
1675872497.1815162	15.8870835
1675872497.3413033	12.9859169
1675872497.517898	18.2742574
1675872497.6775804	16.5860842
1675872497.8254707	13.6416931
1675872497.9731805	19.1543098
1675872498.1155748	18.943778000000002
1675872498.27825	16.612152899999998
1675872498.417651	17.3429646
1675872498.57217	17.8390756
1675872498.717002	18.8858383
1675872498.8656058	20.3910802
1675872499.0107434	13.622667700000001
1675872499.1633477	13.4672825
1675872499.3219445	21.0396287
1675872499.4702446	19.363556300000003
1675872499.6016414	17.856258699999998
1675872499.7405457	12.7100875
1675872499.8950357	10.4148224
1675872500.0404053	15.1248842
1675872500.2144327	20.3452619
1675872500.3914893	18.8873546
1675872500.5515082	22.4188419
1675872500.707223	12.3815374
1675872500.852718	15.6444133
1675872500.9982252	19.8959112
1675872501.1617692	22.585601899999997
1675872501.301566	22.8880696
1675872501.4413993	16.9008409
1675872501.5764792	14.215750100000001
1675872501.7157137	17.717161700000002
1675872501.869867	20.347700699999997
1675872502.0351481	19.4987048
1675872502.1900253	19.504437
1675872502.3293502	19.1840173
1675872502.4839892	19.4918391
1675872502.6235487	15.7513401
1675872502.7669	16.1968268
1675872502.945981	19.9747157
1675872503.0821085	14.6790571
1675872503.240237	6.576614419999999
1675872503.389221	19.9130734
1675872503.519386	17.4989235
1675872503.657494	14.936546400000001
1675872503.7957852	20.3872401
1675872503.9338245	17.7198217
1675872504.0979013	15.811044100000002
1675872504.2406592	23.2167221
1675872504.40442	15.4765277
1675872504.5416992	14.6359926
1675872504.699779	18.3392681
1675872504.8535528	12.0756139
1675872504.9982185	13.999526
1675872505.136777	13.4073872
1675872505.3005178	13.7108738
1675872505.439044	13.527382399999999
1675872505.576246	15.0521216
1675872505.7115214	9.98669748
1675872505.8576071	11.8705236
1675872506.011926	12.4520963
1675872506.1660264	16.1553264
1675872506.32496	18.9320394
1675872506.4682233	13.2627661
1675872506.616306	9.01552266
1675872506.780122	20.391432599999998
1675872506.912297	19.6951593
1675872507.0506127	14.3908384
1675872507.1899843	15.896667100000002
1675872507.3302422	9.97246498
1675872507.490386	17.799705200000002
1675872507.629751	18.077499
1675872507.7927134	18.6201464
1675872507.9507577	18.2082167
1675872508.1147516	9.0229122
1675872508.2576182	9.06173201
1675872508.385888	14.6314436
1675872508.532102	13.4233756
1675872508.688216	19.2946074
1675872508.8460462	22.2962432
1675872509.0005512	9.34707348
1675872509.1631737	11.628029399999999
1675872509.3212757	10.060095200000001
1675872509.4592342	13.5255588
1675872509.602396	25.7026608
1675872509.7363424	19.7137746
1675872509.8964636	19.0614857
1675872510.0255017	18.396673
1675872510.1692317	13.7841329
1675872510.3274665	14.259822
1675872510.4867928	17.1222228
1675872510.6414304	10.763042
1675872510.7826345	12.431236700000001
1675872510.9378393	22.222610600000003
1675872511.0968332	15.1521979
1675872511.2357428	18.6396557
1675872511.3992317	13.7066935
1675872511.5565913	10.245703800000001
1675872511.7209516	15.1685188
1675872511.859873	13.9966065
1675872512.0249412	14.567347499999999
1675872512.1636698	13.6066406
1675872512.328217	6.07504156
1675872512.487569	9.453319689999999
1675872512.6521575	15.5091406
1675872512.7927392	15.964951000000001
1675872512.9436595	20.2927742
1675872513.0874665	18.511941699999998
1675872513.2498555	14.0866766
1675872513.3936403	15.8545979
1675872513.5404088	13.036843
1675872513.7043118	18.5170826
1675872513.844154	18.8463988
1675872513.9731314	14.4703622
1675872514.1211593	17.5261283
1675872514.261127	21.1130465
1675872514.4254184	18.252042900000003
1675872514.5636995	16.9708476
1675872514.744132	17.1629976
1675872514.8834188	15.4126396
1675872515.0138652	16.7558687
1675872515.1651697	14.3518827
1675872515.3045335	12.6361185
1675872515.4673507	14.8744926
1675872515.6271448	7.85559215
1675872515.7654471	9.2506242
1675872515.903545	17.2125824
1675872516.0523875	16.439794099999997
1675872516.2030363	20.5102707
1675872516.359224	24.7135141
1675872516.4925857	17.1187766
1675872516.646838	12.996351899999999
1675872516.8057833	15.5745412
1675872516.961904	16.554834099999997
1675872517.119754	22.109113999999998
1675872517.2692297	15.9768317
1675872517.4156902	17.007143
1675872517.5808818	20.0001439
1675872517.7422948	16.3317915
1675872517.9002016	19.832102
1675872518.0626316	16.4677095
1675872518.2330356	13.764255799999999
1675872518.3957214	18.804278600000004
1675872518.530275	17.1760841
1675872518.6947682	18.203972
1675872518.850004	19.3349148
1675872519.0055566	11.2704817
1675872519.1399727	13.818907
1675872519.3004715	20.0488029
1675872519.4545612	17.094422799999997
1675872519.6175377	15.635165699999998
1675872519.7460897	12.5423092
1675872519.913592	11.0611406
1675872520.0901728	18.1917607
1675872520.248402	19.3358077
1675872520.4121895	19.0211919
1675872520.5672984	16.0871764
1675872520.69793	16.573517199999998
1675872520.8562326	15.5425428
1675872521.0102236	19.567997300000002
1675872521.164106	17.000820400000002
1675872521.3053398	19.8218083
1675872521.4823532	18.0082478
1675872521.6422093	15.815012900000001
1675872521.7934976	19.2301354
1675872521.9395728	19.4927258
1675872522.080323	23.6006305
1675872522.2102292	18.924784600000002
1675872522.3813543	14.4008326
1675872522.5213025	17.8664027
1675872522.680306	14.716823999999999
1675872522.8364446	15.136997
1675872522.972376	18.9369531
1675872523.1108909	17.402139899999998
1675872523.25822	12.6417034
1675872523.4330604	15.0940578
1675872523.5700035	13.9105993
1675872523.729227	13.6223138
1675872523.8663568	12.3159267
1675872524.0139196	7.77319859
1675872524.172818	11.5713919
1675872524.327224	10.5248654
1675872524.465886	14.1290634
1675872524.6242683	19.399838499999998
1675872524.78554	19.243617099999998
1675872524.9646826	15.7443533
1675872525.112856	20.2244282
1675872525.2440243	18.6444331
1675872525.3828387	19.2467705
1675872525.5318108	19.7441911
1675872525.683402	12.6336578
1675872525.8396928	11.4964572
1675872525.9971125	13.6930868
1675872526.1446075	18.3645493
1675872526.2914746	21.755121799999998
1675872526.4562666	22.1310975
1675872526.592284	18.6548847
1675872526.7651007	18.4743647
1675872526.911152	17.4842177
1675872527.071429	17.637525800000002
1675872527.2351892	20.0023345
1675872527.3732219	7.631338449999999
1675872527.537173	10.6086676
1675872527.676812	12.6055213
1675872527.8379753	13.1695827
1675872527.9760046	19.327754499999998
1675872528.1371164	15.621224
1675872528.2764676	11.3986241
1675872528.4322276	16.3543044
1675872528.5989647	16.7121149
1675872528.7601295	19.7968942
1675872528.8993342	19.952903300000003
1675872529.0416665	17.4524949
1675872529.2008991	18.6318662
1675872529.3353124	18.7278387
1675872529.488829	18.1320785
1675872529.627677	18.6158387
1675872529.7649517	12.479511500000001
1675872529.9246454	14.278679
1675872530.0623617	23.448096000000003
1675872530.2203212	21.2939497
1675872530.3803637	18.800980799999998
1675872530.5171268	21.122701
1675872530.655457	13.160499000000002
1675872530.8093061	8.92216446
1675872530.9745896	15.6535951
1675872531.1541483	14.3581641
1675872531.2927184	18.094169
1675872531.4514244	17.7115225
1675872531.5937762	14.1414357
1675872531.7498226	13.0797309
1675872531.9159987	12.092114899999999
1675872532.0534527	14.672755
1675872532.2114236	18.2662727
1675872532.3698955	9.53170398
1675872532.508221	12.515359
1675872532.6460857	12.622606099999999
1675872532.8107753	17.9327921
1675872532.9499228	18.8360838
1675872533.0867617	13.7814253
1675872533.2461514	10.1870186
1675872533.4039695	19.584468899999997
1675872533.5643175	20.6371253
1675872533.7240589	18.1236589
1675872533.8834155	22.3871896
1675872534.0457678	11.9864446
1675872534.2004728	19.2006347
1675872534.3466032	19.888788599999998
1675872534.4856534	14.284748800000001
1675872534.638222	15.8514713
1675872534.7982206	13.6632496
1675872534.9630656	15.1887288
1675872535.1192617	22.1295288
1675872535.2782233	20.0019532
1675872535.4348087	24.5929176
1675872535.5845165	20.190687
1675872535.725734	11.157488
1675872535.8782213	21.76735
1675872536.0249755	20.0185755
1675872536.1582174	17.1239921
1675872536.3174834	20.3750624
1675872536.4682171	12.1321937
1675872536.618221	7.250427589999999
1675872536.7655826	11.2585672
1675872536.9254708	16.520433599999997
1675872537.0782237	23.5139815
1675872537.2122028	14.16034
1675872537.3503342	3.48462782
1675872537.494235	13.3500979
1675872537.6316211	20.549069199999998
1675872537.7692368	23.2389452
1675872537.9161403	20.492040699999997
1675872538.0439305	17.357431199999997
1675872538.2029817	11.8652349
1675872538.3442903	19.8375929
1675872538.5024343	21.136901400000003
1675872538.641613	20.8899564
1675872538.7752485	21.9688351
1675872538.896914	18.8235528
1675872539.0371346	10.337334
1675872539.1942918	13.054860600000001
1675872539.3155265	16.9690333
1675872539.4399152	16.0855322
1675872539.5623448	16.7468577
1675872539.7097988	19.4709726
1675872539.8401182	15.9637131
1675872539.98282	15.0809016
1675872540.1204715	17.128043700000003
1675872540.2481778	20.380159
1675872540.4070964	18.9606589
1675872540.5298533	17.0018419
1675872540.6747599	11.027793299999999
1675872540.8011441	10.2269766
1675872540.9234967	13.450128900000001
1675872541.0682213	17.4055083
1675872541.223179	21.8353298
1675872541.36721	22.201988200000002
1675872541.5272157	17.570048800000002
1675872541.6658332	19.718770399999997
1675872541.8030236	22.6454564
1675872541.9518802	17.9463227
1675872542.0782285	19.0387765
1675872542.2154915	19.1053949
1675872542.3549905	15.2303323
1675872542.4956765	16.3022941
