Time (s)\Voltage (mV)
1675872119.25843	34.616741399999995
1675872119.3990018	28.272983
1675872119.5499148	29.756687099999997
1675872119.689974	32.964760000000005
1675872119.813018	26.459977
1675872119.940791	29.0209417
1675872120.0863757	38.1418895
1675872120.2048562	36.483182500000005
1675872120.3258178	34.2874455
1675872120.4502044	33.9350956
1675872120.572648	23.928824000000002
1675872120.714684	22.903621400000002
1675872120.8537333	32.5924961
1675872120.9902232	31.5147277
1675872121.1252844	28.7417321
1675872121.2643986	30.5477479
1675872121.4204087	22.014766299999998
1675872121.5433066	20.9111508
1675872121.686101	26.07615
1675872121.8061113	25.602802599999997
1675872121.9467106	28.4856327
1675872122.0906608	36.2365068
1675872122.2365983	29.185677300000002
1675872122.3578212	17.6524839
1675872122.4917936	22.0646214
1675872122.6341803	29.109292200000002
1675872122.7737858	32.530727600000006
1675872122.889252	37.0452291
1675872123.0304694	32.9447604
1675872123.1905525	26.5501041
1675872123.319506	31.4272304
1675872123.4403305	32.459832
1675872123.5646925	34.6484287
1675872123.70726	32.4539556
1675872123.8434842	33.0878107
1675872123.9756293	27.339902199999997
1675872124.1178675	31.4817844
1675872124.2382166	37.518369400000005
1675872124.3970816	31.9048439
1675872124.5419524	34.0999256
1675872124.6831937	38.3035529
1675872124.843424	28.625769700000003
1675872124.9805067	30.235241600000002
1675872125.1372004	31.2284177
1675872125.2934422	30.3341521
1675872125.4522727	38.8472896
1675872125.586532	22.5739612
1675872125.7107735	18.9142257
1675872125.8218024	32.7399737
1675872125.946355	30.827621699999998
1675872126.1039832	29.116687799999998
1675872126.2215822	35.6561194
1675872126.3429837	32.3039477
1675872126.451912	23.959396599999998
1675872126.5765164	26.4883328
1675872126.7152276	33.300232300000005
1675872126.8623931	28.3994584
1675872126.9839556	27.1371806
1675872127.125107	36.140371099999996
1675872127.2438314	33.094056699999996
1675872127.4007819	23.048141599999997
1675872127.5131943	31.3001418
1675872127.6584666	29.4568755
1675872127.7979856	30.296232699999997
1675872127.9182153	34.9809014
1675872128.066196	28.2473503
1675872128.2254906	19.5450544
1675872128.3444016	26.1622379
1675872128.4772224	25.0263526
1675872128.5992205	31.384044299999996
1675872128.7417974	38.4528581
1675872128.8647668	35.804116900000004
1675872129.0061567	29.5327965
1675872129.1318793	27.8714324
1675872129.2762303	31.273483300000002
1675872129.399886	33.399705600000004
1675872129.5249262	33.459967899999995
1675872129.6642416	32.794949599999995
1675872129.8099115	27.9111064
1675872129.9324887	29.439233299999998
1675872130.0645752	34.4085555
1675872130.200546	29.520872999999998
1675872130.362834	27.803774999999998
1675872130.4830515	31.497979400000002
1675872130.6233904	28.4014709
1675872130.783694	24.753784099999997
1675872130.9123235	30.9915263
1675872131.0582225	29.5787097
1675872131.1966782	31.038770600000003
1675872131.3132234	35.2510822
1675872131.4506843	27.345760100000003
1675872131.6095011	23.137556900000003
1675872131.7737973	32.9028584
1675872131.8911827	28.777819
1675872132.0296426	27.469890600000003
1675872132.1820853	28.9344993
1675872132.3412192	24.4061723
1675872132.4800477	32.204368099999996
1675872132.6379714	38.5753224
1675872132.7938654	33.6245965
1675872132.9382186	35.5690005
1675872133.0612607	36.9758379
1675872133.182248	26.914751300000002
1675872133.3162525	23.779461700000002
1675872133.4582236	30.3561058
1675872133.5941114	27.4228673
1675872133.7496603	30.016191300000003
1675872133.9058242	29.2635534
1675872134.0158007	25.6717349
1675872134.1608512	25.5712485
1675872134.3172529	27.5862462
1675872134.4573343	30.0787522
1675872134.5782166	36.5785031
1675872134.7393188	30.959242200000002
1675872134.8792233	21.3344168
1675872135.000002	27.300694800000002
1675872135.1236434	29.0978629
1675872135.2718627	32.6831634
1675872135.4231365	34.8568259
1675872135.5838432	31.7360079
1675872135.7426775	28.8410108
1675872135.8603964	35.1330156
1675872135.9815474	32.1864442
1675872136.102669	30.0547233
1675872136.2433834	31.2208076
1675872136.364852	28.7590627
1675872136.487476	29.1887013
1675872136.60959	29.067128800000003
1675872136.7318187	36.3345901
1675872136.8746934	30.0011458
1675872136.9865634	28.2744654
1675872137.1112814	35.383764
1675872137.2323153	31.0630195
1675872137.3499076	25.9624187
1675872137.4719877	26.6888216
1675872137.6189852	33.2254553
1675872137.7563381	28.6170628
1675872137.8953032	29.5159774
1675872138.016033	33.621904199999996
1675872138.1356802	26.4366818
1675872138.2729604	23.733221
1675872138.392214	31.8931042
1675872138.5307722	30.36233
1675872138.648223	27.343638
1675872138.7701643	31.1646669
1675872138.9250658	28.9242943
1675872139.042324	24.731901099999998
1675872139.1855383	29.7041695
1675872139.3146815	23.658176
1675872139.4606428	29.7162113
1675872139.5828245	39.6443255
1675872139.7226236	27.2674133
1675872139.8410156	19.5192987
1675872139.9538326	25.2482108
1675872140.0741107	32.3826464
1675872140.2339334	33.0499067
1675872140.3851676	33.4781628
1675872140.527166	33.2555132
1675872140.6640801	27.4670479
1675872140.822155	26.5351545
1675872140.9744868	34.8316713
1675872141.0943086	32.0873977
1675872141.2165055	32.1598203
1675872141.3382244	34.3770162
1675872141.4613678	32.68185089999999
1675872141.5840898	23.9004284
1675872141.7226584	26.909852
1675872141.8830764	28.909169799999997
1675872142.0182722	29.4852102
1675872142.1771438	31.2872707
1675872142.3164413	30.5291587
1675872142.4669526	29.1045342
1675872142.6103745	31.9688089
1675872142.7325811	29.0049832
1675872142.8725095	27.6138272
1675872143.0153086	30.2206411
1675872143.1540165	27.2792564
1675872143.3065674	28.9100433
1675872143.4661276	29.9644226
1675872143.6301165	29.6520501
1675872143.7882211	36.4419819
1675872143.948217	27.0614085
1675872144.0896826	28.1140666
1675872144.2272723	33.6544188
1675872144.3869684	28.7213244
1675872144.5402389	30.9961317
1675872144.7002642	31.7359713
1675872144.8599687	20.9230782
1675872145.0167058	26.9288845
1675872145.1531403	29.313836
1675872145.2927017	28.326081
1675872145.427237	33.1890887
1675872145.5614629	31.0858642
1675872145.704707	19.0074646
1675872145.859832	20.0328779
1675872146.0039725	23.2062109
1675872146.1265633	27.190416799999998
1675872146.2492464	33.967053400000005
1675872146.4045498	28.2766635
1675872146.5430021	21.6461755
1675872146.7014837	27.530225299999998
1675872146.843292	25.7828069
1675872146.9655895	25.2353474
1675872147.1082125	32.5470059
1675872147.2411702	26.772921200000003
1675872147.4007711	16.7557431
1675872147.5597095	27.622462600000002
1675872147.6771276	30.9020204
1675872147.7982326	35.1562408
1675872147.9199245	37.8525219
1675872148.0557797	27.555307000000003
1675872148.1748075	24.458969800000002
1675872148.2991948	22.974895200000002
1675872148.4215782	25.5305487
1675872148.544066	26.0798478
1675872148.6665583	25.4388766
1675872148.8092303	34.1289716
1675872148.9504695	25.877852400000002
1675872149.1112251	28.0364483
1675872149.2492404	37.2262886
1675872149.388221	31.278066
1675872149.511306	28.0917387
1675872149.6555743	34.1806425
1675872149.7677596	23.8882108
1675872149.8925445	21.242112600000002
1675872150.056705	33.1633315
1675872150.1790977	31.5238398
1675872150.3136475	29.8739916
1675872150.4547668	36.0987212
1675872150.5939116	28.6027234
1675872150.7273047	21.9617429
1675872150.8730102	34.2800442
1675872151.0213943	33.8640704
1675872151.1465256	30.2359533
1675872151.2687664	36.519361100000005
1675872151.3882213	28.8275736
1675872151.5114167	22.9859997
1675872151.6332238	25.412742499999997
1675872151.757136	33.7749915
1675872151.8972547	31.7769216
1675872152.0182235	28.8732389
1675872152.1432366	33.457312699999996
1675872152.286524	29.281781199999998
1675872152.440878	22.0635528
1675872152.5814443	32.7407161
1675872152.702997	34.9601269
1675872152.8407757	32.3213618
1675872152.9813344	36.2389302
1675872153.1030042	28.446196399999998
1675872153.2265363	26.2793262
1675872153.3702207	32.3773771
1675872153.529493	26.7596453
1675872153.6713104	26.8659062
1675872153.7937775	35.465437
1675872153.9261518	33.0346749
1675872154.0509338	29.213592300000002
1675872154.2075038	34.4318247
1675872154.3672132	31.927904
1675872154.490537	27.851093300000002
1675872154.6331437	37.0266063
1675872154.7601879	35.8245502
1675872154.8713448	29.977973000000002
1675872154.9965599	32.1022523
1675872155.117487	36.3804344
1675872155.2568257	33.1193185
1675872155.3939376	30.5874877
1675872155.538215	31.2832654
1675872155.6605127	25.2459558
1675872155.8067372	27.231439400000003
1675872155.9272592	38.3829661
1675872156.059793	40.103927
1675872156.2183712	33.036853300000004
1675872156.3473272	31.055051300000002
1675872156.4944067	22.9014027
1675872156.6502163	23.019859699999998
1675872156.7919967	28.557849400000002
1675872156.9141538	33.1610066
1675872157.037496	31.720498
1675872157.1613562	34.6820774
1675872157.3054988	32.5441727
1675872157.4164393	28.2760951
1675872157.5422325	25.808701199999998
1675872157.6998441	28.622879100000002
1675872157.8295176	34.0969039
1675872157.9509594	36.662853600000005
1675872158.0751758	30.3814288
1675872158.197547	25.2816209
1675872158.3198195	23.1909852
1675872158.443581	27.1090867
1675872158.588221	30.1880275
1675872158.7013955	34.1104417
1675872158.8270824	41.4001571
1675872158.965514	25.2692208
1675872159.113136	27.609158500000003
1675872159.2586343	32.6282158
1675872159.394849	28.2210036
1675872159.5240908	32.3332028
1675872159.6717238	34.6919302
1675872159.8302162	25.9634206
1675872159.9446194	23.737145
1675872160.0726364	31.560869800000003
1675872160.2098646	33.675446900000004
1675872160.3289547	28.9814378
1675872160.4502246	31.2343109
1675872160.5872414	28.1683592
1675872160.7282224	27.6699677
1675872160.85187	35.0291755
1675872160.999937	33.7216419
1675872161.1495476	34.232509
1675872161.2914681	41.0185531
1675872161.4136584	33.000810800000004
1675872161.546749	23.9630787
1675872161.6882184	26.8621744
1675872161.8107152	34.8627603
1675872161.9410799	39.8792063
1675872162.0775368	37.7211068
1675872162.2220836	30.349170500000003
1675872162.344345	23.515376
1675872162.4669428	23.98837
1675872162.5905674	31.437463899999997
1675872162.7011366	30.435638599999997
1675872162.8471744	30.1796371
1675872163.0049226	33.4796142
1675872163.1169097	27.0620707
1675872163.2422817	26.2502034
1675872163.3782148	31.9912802
1675872163.5308552	27.988920399999998
1675872163.6739576	28.601512
1675872163.79676	32.008517399999995
1675872163.9334233	28.8053536
1675872164.0748136	22.905773800000002
1675872164.2136018	26.6377496
1675872164.361414	27.0417028
1675872164.522437	26.3148979
1675872164.6802287	33.5021527
1675872164.8202739	20.1959998
1675872164.9753504	25.584360699999998
1675872165.0950341	33.2986316
1675872165.23923	34.425223800000005
1675872165.3629029	37.711318399999996
1675872165.517947	33.6842521
1675872165.6571834	23.4566272
1675872165.8143148	32.2722363
1675872165.9777765	32.7154909
1675872166.1079097	30.0141772
1675872166.2672806	36.292726099999996
1675872166.4159873	26.8774269
1675872166.541615	22.8704302
1675872166.680751	32.4367843
1675872166.8139107	31.822401700000004
1675872166.953914	30.394844300000003
1675872167.078884	39.0990487
1675872167.2005737	33.1011512
1675872167.344981	25.5348858
1675872167.4980981	28.393087
1675872167.6430173	33.2472757
1675872167.7665749	32.0159828
1675872167.8878336	30.9016351
1675872168.0103874	30.7087514
1675872168.1222537	23.0116094
1675872168.2478106	18.3796794
1675872168.3718581	23.9296267
1675872168.515282	25.6929465
1675872168.6382263	26.9282143
1675872168.760971	34.0246036
1675872168.9176722	28.854288
1675872169.0402193	22.1756098
1675872169.1643827	26.626659699999998
1675872169.287662	30.2065211
1675872169.4267972	27.013188399999997
1675872169.548029	26.9952063
1675872169.6882286	33.556861299999994
1675872169.8082242	26.8105729
1675872169.946439	22.659471800000002
1675872170.0596857	28.9163165
1675872170.2062283	28.1792533
1675872170.348214	28.367637000000002
1675872170.5032096	32.9375626
1675872170.6209092	22.514051600000002
1675872170.7430894	25.0573234
1675872170.8656952	28.359948699999997
1675872171.0124538	28.5557853
1675872171.1259546	30.3070505
1675872171.2506723	32.6998192
1675872171.3741734	30.6272166
1675872171.5193274	20.875052
1675872171.6416686	20.421523899999997
1675872171.764281	28.4148971
1675872171.88923	33.5948155
1675872172.0313401	33.193686
1675872172.1529794	35.1151705
1675872172.2752135	28.2833697
1675872172.4110892	22.2924986
1675872172.5682213	31.0462471
1675872172.7299104	27.444526
1675872172.871646	25.8139977
1675872173.0166807	29.1439067
1675872173.1612322	21.9596132
1675872173.3181171	27.1275225
1675872173.4907637	28.4772988
1675872173.6124878	27.841846999999998
1675872173.7453506	32.687805
1675872173.868258	37.389936899999995
1675872174.001904	27.909404499999997
1675872174.1380458	22.781619699999997
1675872174.2926009	30.5004669
1675872174.4337604	31.783195600000003
1675872174.5569594	35.9301628
1675872174.6772187	38.560827399999994
1675872174.8003953	32.3168248
1675872174.9226534	21.3784964
1675872175.0641317	26.178194700000002
1675872175.1862178	25.859173499999997
1675872175.3082213	27.532843
1675872175.4307764	32.2326173
1675872175.5532775	28.7971205
1675872175.6939993	22.539305499999998
1675872175.8172407	27.2205695
1675872175.9613864	33.2328705
1675872176.1011503	31.974583100000004
1675872176.2262762	32.997690500000004
1675872176.3582225	32.4336988
1675872176.5024588	25.4072776
1675872176.6581016	26.9861801
1675872176.7832174	27.9364554
1675872176.928313	23.5940889
1675872177.050766	28.494350700000002
1675872177.1731834	35.2161168
1675872177.2956622	29.7699488
1675872177.4182227	22.670652999999998
1675872177.577452	22.7463631
1675872177.731276	23.4331012
1675872177.8513658	35.13753
1675872177.9743037	36.6840011
1675872178.1213784	24.7788037
1675872178.2755396	23.207246899999998
1675872178.3997877	30.8924811
1675872178.543317	25.983779900000002
1675872178.6972032	30.1905384
1675872178.8329005	36.533709099999996
1675872178.9892292	28.2890801
1675872179.111245	28.1052693
1675872179.2542124	35.7660202
1675872179.4011858	34.9382514
1675872179.538212	30.1774107
1675872179.6609974	32.086494
1675872179.781426	24.9146745
1675872179.9044316	27.1311842
1675872180.0505855	35.490185000000004
1675872180.1717	30.712046
1675872180.3278532	30.152880399999997
1675872180.483003	38.630643
1675872180.6247733	25.924451
1675872180.7729003	24.3341894
1675872180.9242702	36.8520107
1675872181.083724	33.447021299999996
1675872181.2407596	36.2984808
1675872181.399672	30.3422989
1675872181.5554738	22.233591
1675872181.6974761	25.2674401
1675872181.8309143	28.0050127
1675872181.9694767	30.380536499999998
1675872182.0892303	35.9417368
1675872182.225437	30.969381000000002
1675872182.3372047	22.9839223
1675872182.458218	23.8063614
1675872182.6195881	32.682647
1675872182.748218	33.5553852
1675872182.8943844	36.1511585
1675872183.017201	36.7773994
1675872183.1575053	27.1132558
1675872183.291758	27.1405745
1675872183.4315357	35.4023216
1675872183.5543067	32.769448
1675872183.7082198	32.933626600000004
1675872183.8314846	37.54233
1675872183.9794488	24.9180331
1675872184.1093605	17.6819577
1675872184.2472441	32.045264499999995
1675872184.3680098	29.0960792
1675872184.4902296	27.0641188
1675872184.6282263	36.28188110000001
1675872184.7873206	28.9006214
1675872184.928645	24.3127452
1675872185.0834277	35.3405039
1675872185.2044625	35.0354872
1675872185.3371425	35.818038800000004
1675872185.4711976	37.195553499999995
1675872185.6178007	31.348654099999997
1675872185.7571638	25.9911831
1675872185.8858151	31.680709500000003
1675872186.007183	31.135516799999998
1675872186.1472392	32.0056741
1675872186.288971	37.9596938
1675872186.4272046	30.471964099999997
1675872186.548227	24.1543282
1675872186.6716986	31.806317
1675872186.793679	31.087486300000002
1675872186.9165783	26.9304752
1675872187.0380135	23.7227672
1675872187.175381	30.431012199999998
1675872187.3443727	27.6495343
1675872187.4882278	25.4978542
1675872187.6246355	30.6507816
1675872187.7582247	32.7457166
1675872187.8790944	35.479389499999996
1675872188.0199378	36.8449382
1675872188.1382241	27.8608177
1675872188.2821403	28.1541792
1675872188.4235623	36.722896
1675872188.5422363	34.5945942
1675872188.656171	27.596243400000002
1675872188.7775443	33.2533613
1675872188.9162788	28.5776803
1675872189.0355492	17.767731700000002
1675872189.1747124	22.5639277
1675872189.285429	27.6243808
1675872189.4111598	26.7777046
1675872189.5335407	33.1059641
1675872189.6728003	37.673412000000006
1675872189.793001	31.518757299999997
1675872189.913847	29.4961145
1675872190.0348904	29.932847
1675872190.1457808	30.0179788
1675872190.2709863	33.3264784
1675872190.4087126	34.183718199999994
1675872190.5489383	34.370817800000005
1675872190.6871285	19.0540889
1675872190.8067932	18.5223019
1675872190.9244165	27.066763899999998
1675872191.0465446	24.7264986
1675872191.193554	28.4944068
1675872191.3222406	34.614737899999994
1675872191.442609	28.652700900000003
1675872191.5814397	24.5502043
1675872191.7384052	33.6293796
1675872191.8812015	35.1292878
1675872192.018238	37.973445
1675872192.1551573	37.5692195
1675872192.2982368	28.750142999999998
1675872192.4477742	21.8776165
1675872192.5931065	27.5208516
1675872192.71014	25.0263932
1675872192.8528202	24.6382714
1675872192.993038	33.380192900000004
1675872193.111221	24.9271386
1675872193.2554297	19.9321267
1675872193.394912	31.8863896
1675872193.530804	31.648783100000003
1675872193.6694987	32.2542913
1675872193.808221	37.440704399999994
1675872193.920819	25.2564262
1675872194.045518	20.005998
1675872194.1657867	21.9322302
1675872194.2893183	31.567049299999997
1675872194.410773	30.2001517
1675872194.5477862	27.4893145
1675872194.7066758	28.852141
1675872194.8627236	27.098745899999997
1675872194.9996822	24.1402047
1675872195.1178117	26.5366716
1675872195.2381806	30.4133172
1675872195.3917217	32.806349
1675872195.5310557	32.1030774
1675872195.6471758	26.060295399999998
1675872195.7682197	25.531833300000002
1675872195.9134202	28.3176845
1675872196.056191	27.0552952
1675872196.1961036	33.165942900000005
1675872196.326381	33.9136647
1675872196.4619553	26.600842699999998
1675872196.6052547	24.3117659
1675872196.7467399	29.5162343
1675872196.9060845	25.6611652
1675872197.026484	26.5585698
1675872197.1472147	33.9842136
1675872197.2881799	19.6396521
1675872197.4304068	19.175425699999998
1675872197.5749207	33.086047799999996
1675872197.7036707	30.7279612
1675872197.846424	30.393884
1675872198.004477	34.4742427
1675872198.1695213	24.6822753
1675872198.3177733	29.009606100000003
1675872198.4610636	29.074085999999998
1675872198.6258047	24.7247576
1675872198.7618804	36.4256591
1675872198.9012601	28.396571299999998
1675872199.055357	19.0482613
1675872199.1942832	28.7636624
1675872199.331709	32.0688179
1675872199.4661248	32.0171739
1675872199.6342726	42.4254657
1675872199.754612	34.464308
1675872199.8782227	28.1780532
1675872200.0375683	36.228797899999996
1675872200.1940699	34.184704
1675872200.3151493	31.859256900000002
1675872200.4544628	33.339844
1675872200.6068852	22.4748397
1675872200.7544703	21.0657805
1675872200.8933887	27.5229967
1675872201.0143197	30.4568099
1675872201.146718	31.3108317
1675872201.3079772	34.561515
1675872201.437086	25.8347362
1675872201.5607803	24.552027
1675872201.7045763	34.591931800000005
1675872201.8270383	32.6924953
1675872201.9661703	28.8108173
1675872202.0792232	34.3109466
1675872202.2004776	31.757568799999998
1675872202.3417807	18.8446298
1675872202.4816594	25.4283586
1675872202.6064594	33.540259500000005
1675872202.7192276	23.9511833
1675872202.8460915	21.7320373
1675872202.989034	30.8110552
1675872203.1335576	15.6185858
1675872203.2927606	20.6865314
1675872203.415059	31.9285307
1675872203.561094	29.8001809
1675872203.6881483	29.5829129
1675872203.848157	30.5565137
1675872203.9912176	14.010057100000001
1675872204.1282177	19.3254167
1675872204.2666137	29.0611367
1675872204.413651	30.6192346
1675872204.5714898	33.2017299
1675872204.7295601	26.1920669
1675872204.8415463	20.2122399
1675872204.9670234	24.373004
1675872205.105412	31.388346400000003
1675872205.2533796	30.59096
1675872205.4027054	30.712017
1675872205.5604632	26.128760099999997
1675872205.6715581	22.289708700000002
1675872205.7961116	27.969686099999997
1675872205.9208782	34.9845893
1675872206.0604484	33.7924511
1675872206.1968372	30.9122512
1675872206.3374236	36.691987000000005
1675872206.4938774	24.1109425
1675872206.6367676	27.5758415
1675872206.7782233	33.410016
1675872206.9196723	29.9869458
1675872207.0524917	37.6668017
1675872207.205768	37.0702973
1675872207.3410034	23.821176100000002
1675872207.4879327	28.851075899999998
1675872207.6330426	34.898437900000005
1675872207.7656763	33.617254200000005
1675872207.8882215	34.8834711
1675872208.0324352	36.8239266
1675872208.1747887	27.282367500000003
1675872208.3348138	29.819635899999998
1675872208.4682202	34.607240499999996
1675872208.5992255	31.5737065
1675872208.7235577	38.8903223
1675872208.8672843	35.099491900000004
1675872209.0236769	19.450655599999997
1675872209.1482134	23.5712101
1675872209.285271	30.2027543
1675872209.4102821	30.840300300000003
1675872209.5341334	33.305835
1675872209.6572323	31.3120713
1675872209.803699	25.1582812
1675872209.9463613	29.1791049
1675872210.1013935	34.4631605
1675872210.2221105	29.5264008
1675872210.345458	28.2062265
1675872210.4682143	38.7999028
1675872210.5910199	30.9778969
1675872210.7337594	26.321061
1675872210.8582234	32.1772865
1675872210.9963152	27.0067736
1675872211.1347792	27.4170776
1675872211.2930088	34.037937
1675872211.449546	26.649023099999997
1675872211.566738	23.6848142
1675872211.701011	34.542233800000005
1675872211.8257873	28.2592827
1675872211.9730358	20.478990200000002
1675872212.1219761	31.2422549
1675872212.2586598	26.750136899999998
1675872212.3949027	24.5416575
1675872212.5402863	31.738547
1675872212.7045662	36.6396188
1675872212.846381	30.2146622
1675872212.9834738	31.6396329
1675872213.128227	26.541644100000003
1675872213.273391	21.4064411
1675872213.4169729	29.3639465
1675872213.5735106	26.624063399999997
1675872213.7094588	30.0101619
1675872213.8367004	33.0580714
1675872213.9936962	23.6902526
1675872214.162308	35.3972001
1675872214.2911968	31.516188299999996
1675872214.4345503	29.2321531
1675872214.571451	32.3798239
1675872214.6993396	31.268932899999996
1675872214.8267686	24.6408682
1675872214.9657495	23.298403
1675872215.1027987	35.7217956
1675872215.2366557	37.7719566
1675872215.3758945	35.1874194
1675872215.5019734	33.428505099999995
1675872215.6231878	25.101318300000003
1675872215.746963	15.7285175
1675872215.8795888	23.1679927
1675872216.0396302	28.7871322
1675872216.1939344	29.3902612
1675872216.3180943	30.7962585
1675872216.4419315	23.834066099999998
1675872216.5976562	23.0276256
1675872216.7414918	29.5257723
1675872216.8894248	26.920669500000002
1675872217.0445306	29.5250608
1675872217.182677	30.9339933
1675872217.3459413	27.6450629
1675872217.500897	27.7489587
1675872217.636693	27.855480500000002
1675872217.7819612	30.6847225
1675872217.9263046	37.5890172
1675872218.0791092	28.6182338
1675872218.2221985	20.8955451
1675872218.3792343	29.9485509
1675872218.5157824	27.3078334
1675872218.6515777	29.1656593
1675872218.8101323	33.5265464
1675872218.9678798	21.7382448
1675872219.1029172	20.9109127
1675872219.2470064	29.2776642
1675872219.371896	27.6841812
1675872219.5253153	29.3186086
1675872219.6493778	35.1255133
1675872219.8064048	27.4844885
1675872219.965886	27.0261281
1675872220.1145642	29.4617506
1675872220.238841	27.2725936
1675872220.3833404	34.3998886
1675872220.5221806	37.696716900000006
1675872220.6603594	27.964973699999998
1675872220.798222	28.3325813
1675872220.9502316	33.9815651
1675872221.0959644	31.1228564
1675872221.2377677	33.2605366
1675872221.360603	33.1487231
1675872221.4935129	23.330218400000003
1675872221.6529	24.6918205
1675872221.7808278	26.0527474
1675872221.926981	35.0456849
1675872222.0520778	39.8912456
1675872222.2047467	34.0220232
1675872222.3302534	25.4919771
1675872222.4682224	20.8094705
1675872222.6143794	31.788613700000003
1675872222.7558422	33.5629687
1675872222.8940952	32.2515394
1675872223.0411973	30.8067567
1675872223.1682262	24.1045537
1675872223.2921784	22.201597900000003
1675872223.433876	30.915524
1675872223.5792823	30.600806000000002
1675872223.7073326	34.3383532
1675872223.8755188	30.7647983
1675872224.0282261	19.8202179
1675872224.1950564	32.5156911
1675872224.375808	29.9929985
1675872224.5213926	28.2917609
1675872224.6812882	30.3890269
1675872224.8567278	24.1260804
1675872225.0169969	31.201466399999997
1675872225.1966734	25.886809600000003
1675872225.3446894	28.8205835
1675872225.4969902	33.3214549
1675872225.6521072	22.3927921
1675872225.8325188	25.5065452
1675872226.0114164	30.892358299999998
1675872226.1885126	33.289296500000006
1675872226.3492322	35.5969772
1675872226.527621	26.9896122
1675872226.6914496	32.4458558
1675872226.8299172	28.9561056
1675872226.969454	29.5800198
1675872227.1103616	30.3427247
1675872227.2547405	27.5460358
1675872227.3882177	28.072624
1675872227.5211499	36.884268999999996
1675872227.662085	35.9128404
1675872227.8136244	35.546394199999995
1675872227.961262	38.702726299999995
1675872228.1055064	27.4676975
1675872228.2334766	23.676329199999998
1675872228.3811185	34.979387100000004
1675872228.5200315	32.629499100000004
1675872228.6516395	30.250106799999998
1675872228.7939317	31.095803500000002
1675872228.92747	28.1579269
1675872229.0812755	25.153228600000002
1675872229.2409315	28.5718835
1675872229.3749065	27.4875595
1675872229.5123944	31.8037902
1675872229.6603498	36.7679251
1675872229.785333	24.8386127
1675872229.9220862	17.669178000000002
1675872230.078212	27.8865289
1675872230.223979	26.0530671
1675872230.3811507	30.2124671
1675872230.4962428	34.5970953
1675872230.621508	31.2704559
1675872230.7594943	27.5258844
1675872230.9140742	34.6020815
1675872231.077643	34.2192189
1675872231.2006817	31.8786941
1675872231.3244433	33.6477889
1675872231.4821138	23.4513161
1675872231.6413634	25.190102
1675872231.755983	31.624513
1675872231.902597	31.6643753
1675872232.043466	27.4057278
1675872232.17689	31.3339303
1675872232.3017259	26.481795499999997
1675872232.4401643	22.759428500000002
1675872232.584501	30.3738233
1675872232.717177	28.490440999999997
1675872232.877603	33.706522500000005
1675872233.009947	37.1442722
1675872233.1350505	31.5159889
1675872233.2729595	32.143290900000004
1675872233.427585	31.5861441
1675872233.5731142	30.853748
1675872233.6982143	31.9222942
1675872233.847014	30.298496800000002
1675872233.9974127	26.0177014
1675872234.1523209	30.450463600000003
1675872234.297937	28.121277600000003
1675872234.4400957	29.787958699999997
1675872234.5611982	33.6618938
1675872234.685212	34.9313967
1675872234.8417053	28.1528262
1675872234.9840658	32.436234
1675872235.1065977	34.173981
1675872235.2654748	28.2152112
1675872235.4061017	33.8782376
1675872235.52778	35.932472600000004
1675872235.6863945	26.3394031
1675872235.8313932	27.3085252
1675872235.9819822	28.967831699999998
1675872236.1214974	31.331360500000002
1675872236.2762809	39.849742899999995
1675872236.4375584	31.195983100000003
1675872236.5652213	25.3563315
1675872236.6854224	30.0673565
1675872236.7982204	33.009271
1675872236.9438493	29.9551602
1675872237.0659313	36.4801322
1675872237.190006	36.1419931
1675872237.3139274	28.844516300000002
1675872237.437553	25.3377226
1675872237.5699487	30.6500676
1675872237.7102528	26.409200300000002
1675872237.8380828	29.311263099999998
1675872237.992922	37.8976372
1675872238.1312666	27.3867003
1675872238.2717853	25.5038989
1675872238.4295738	36.483790199999994
1675872238.5531158	33.0711286
1675872238.6989336	33.1973823
1675872238.846027	34.444817
1675872239.0024996	19.450221199999998
1675872239.1151986	20.908352299999997
1675872239.2427857	28.7698723
1675872239.4026618	29.0523637
1675872239.5566337	37.5565113
1675872239.6761084	31.552708
1675872239.7982247	20.774283800000003
1675872239.9215147	19.7672819
1675872240.067393	35.6609008
1675872240.1919258	32.7756773
1675872240.3137918	26.6694825
1675872240.4510338	29.2367314
1675872240.5851831	25.8099005
1675872240.7482245	24.958661600000003
1675872240.8820982	29.3285354
1675872241.0037487	24.9817221
1675872241.1436837	22.5726575
1675872241.3040068	33.5225265
1675872241.4585948	26.45139
1675872241.579284	21.4998379
1675872241.7013917	32.0106268
1675872241.8482237	32.263376
1675872241.9704454	28.451961299999997
1675872242.0834866	33.2098063
1675872242.2292495	26.330560600000002
1675872242.3520083	20.2009796
1675872242.4745266	21.1540562
1675872242.5978386	28.048325
1675872242.7207644	33.9119643
1675872242.8538043	30.7186138
1675872243.015843	29.8192601
1675872243.1346972	21.782644899999998
1675872243.267182	16.5868391
1675872243.428221	28.1887592
1675872243.5806234	28.8996417
1675872243.7016146	32.7404188
1675872243.8243775	37.6043956
1675872243.946749	32.56445
1675872244.094301	26.8151554
1675872244.2370436	31.0831151
1675872244.3593705	26.0447566
1675872244.4817212	26.208959800000002
1675872244.6051402	33.092408400000004
1675872244.7519772	28.394361399999998
1675872244.8933685	26.6275839
1675872245.0382109	32.7795362
1675872245.1782248	29.0474979
1675872245.3192763	27.3282005
1675872245.4417703	32.117419600000005
1675872245.5637617	30.534616099999997
1675872245.6861806	22.4033449
1675872245.809876	27.5191161
1675872245.9332619	35.6903219
1675872246.0915601	32.8731582
1675872246.2353384	32.0486194
1675872246.3554382	31.7114832
1675872246.4866862	23.4436942
1675872246.6248207	23.1592003
1675872246.7508078	35.1403983
1675872246.891142	35.6661831
1675872247.0351152	33.1033212
1675872247.1575642	34.0758779
1675872247.3136432	19.6558827
1675872247.4273794	17.955050699999997
1675872247.5472074	27.585101
1675872247.6697717	28.141914800000002
1675872247.7916286	26.7755896
1675872247.9297314	36.1692911
1675872248.0582178	31.474691800000002
1675872248.204493	22.5436245
1675872248.3475692	26.2167126
1675872248.504704	26.338959
1675872248.648978	26.8532437
1675872248.7726028	32.6610344
1675872248.9111347	26.8466545
1675872249.0538878	23.9988656
1675872249.1770036	29.6490767
1675872249.301255	27.401199599999998
1675872249.4443748	24.9497805
1675872249.5580945	32.6082611
1675872249.7043736	35.6553222
1675872249.8463233	25.1498819
1675872249.9998488	27.536838300000003
1675872250.139408	31.007492000000003
1675872250.2766623	26.1903388
1675872250.4203775	31.401534
1675872250.5620923	31.2227925
1675872250.699481	24.3241717
1675872250.8399327	27.791562499999998
1675872250.9624243	28.933764099999998
1675872251.0850234	29.5094205
1675872251.207502	32.5977313
1675872251.331797	34.236733
1675872251.4727874	25.546038399999997
1675872251.6165113	27.96963
1675872251.7593312	34.5882483
1675872251.8882153	30.9358488
1675872252.0118706	34.9672183
1675872252.1547413	37.9043403
1675872252.308743	19.3368098
1675872252.4574602	19.753496900000002
1675872252.5800803	28.8207529
1675872252.7017336	24.6660618
1675872252.8224554	21.565978100000002
1675872252.9453685	26.5271772
1675872253.0675561	24.2437649
1675872253.2071903	19.542549400000002
1675872253.3635404	26.618926899999998
1675872253.4954355	30.6332426
1675872253.6568656	27.0251689
1675872253.785829	35.8437523
1675872253.9071987	26.5126561
1675872254.0482197	21.5312578
1675872254.1882143	30.0010732
1675872254.3299665	33.5164407
1675872254.4900742	28.2364762
1675872254.6063888	32.0291254
1675872254.744888	27.9149727
1675872254.865695	22.8711809
1675872255.0058172	27.3234454
1675872255.1434786	26.894344699999998
1675872255.282916	24.479835299999998
1675872255.404088	29.029528
1675872255.5264845	32.7174499
1675872255.6700401	28.9695899
1675872255.8149128	31.9683608
1675872255.9368834	38.7266608
1675872256.0559442	38.8204384
1675872256.177801	34.7061779
1675872256.324006	38.0418516
1675872256.4819498	23.4453265
1675872256.633993	22.748310800000002
1675872256.7732708	34.5949481
1675872256.9328194	32.897651700000004
1675872257.0707526	34.9452132
1675872257.2105527	32.8138871
1675872257.358345	21.6290979
1675872257.4835615	28.2217497
1675872257.6061778	34.2666481
1675872257.7495787	30.8858188
1675872257.8904386	33.0932369
1675872258.0000083	32.439447599999994
1675872258.1242282	25.2065793
1675872258.2628565	21.215529800000002
1675872258.4104695	31.5073059
1675872258.5782208	28.8812379
1675872258.7177794	33.2206357
1675872258.8777657	36.8262342
1675872259.0329888	22.9798131
1675872259.151756	31.551133100000005
1675872259.2932842	34.6749194
1675872259.4475656	30.5779384
1675872259.5933604	35.732881
1675872259.7507124	26.0039687
1675872259.887955	19.7039249
1675872260.0310621	29.7783098
1675872260.17023	32.1585154
1675872260.3051248	28.5551481
1675872260.463499	35.1861556
1675872260.6206539	30.5087935
1675872260.7674942	27.3127936
1675872260.8967285	28.6007274
1675872261.017894	27.7862908
1675872261.1608005	33.2695846
1675872261.3068984	37.8459721
1675872261.4664	27.9940055
1675872261.5851521	23.544273099999998
1675872261.7062945	32.5279721
1675872261.8282206	29.4048349
1675872261.9513729	26.7977579
1675872262.0741687	27.5060063
1675872262.2128038	28.237589800000002
1675872262.3351197	26.4222945
1675872262.4573143	27.5411671
1675872262.6007624	34.03821550000001
1675872262.7572198	35.9713683
1675872262.8748195	36.161882
1675872263.0145717	34.0991312
1675872263.1527686	24.058977799999997
1675872263.29548	24.4063993
1675872263.4374454	30.0739053
1675872263.5742667	28.2413497
1675872263.7131658	31.1027185
1675872263.8549778	32.9773212
1675872263.9935846	26.5891668
1675872264.1366959	27.5857058
1675872264.2580514	32.39976
1675872264.3820753	29.2775669
1675872264.5179398	29.7409231
1675872264.6588407	33.2733249
1675872264.8006804	22.7359918
1675872264.918056	22.2347932
1675872265.0518062	31.4983285
1675872265.213418	27.551096899999997
1675872265.342155	27.5670992
1675872265.4709692	34.608489399999996
1675872265.6356156	26.3925607
1675872265.7649455	26.5140339
1675872265.895026	33.1316428
1675872266.0347102	31.5271399
1675872266.1877491	28.2945447
1675872266.351233	33.8370904
1675872266.4882178	26.3034818
1675872266.6478367	27.9972374
1675872266.7920732	32.5947003
1675872266.9582136	32.387735799999994
1675872267.0965543	37.0323391
1675872267.2255044	27.8630544
1675872267.3717475	19.8765377
1675872267.5108962	27.7802242
1675872267.6626468	31.5316262
1675872267.8244433	29.798644799999998
1675872267.961271	33.4654619
1675872268.1263573	24.7284134
1675872268.2838962	24.6380513
1675872268.4230435	28.907584900000003
1675872268.5600915	27.777393099999998
1675872268.7178252	29.0695762
1675872268.8912294	31.798285099999998
1675872269.035322	19.7068841
1675872269.1912322	28.9421014
1675872269.367813	24.1094565
1675872269.5001314	25.454674100000002
1675872269.6382122	36.0055628
1675872269.7937622	25.0724904
1675872269.9701223	25.669388599999998
1675872270.116158	33.3232447
1675872270.275836	36.8435103
1675872270.434618	36.8542802
1675872270.5713518	29.7318476
1675872270.736774	25.0936299
1675872270.874924	30.767282
1675872271.0340724	35.5738261
1675872271.1926095	31.1965657
1675872271.3443656	31.777058699999998
1675872271.51238	21.7072398
1675872271.6703348	25.023576
1675872271.8234901	27.4652618
1675872271.983504	23.644378099999997
1675872272.132441	35.9882753
1675872272.262768	27.2203613
1675872272.4009402	22.019400700000002
1675872272.54731	29.4565912
1675872272.6973026	26.203519500000002
1675872272.832196	26.115169899999998
1675872272.9657252	31.3018138
1675872273.1280398	21.2205889
1675872273.2850387	22.9237593
1675872273.425699	27.6645596
1675872273.5631268	24.6637143
1675872273.7216132	28.6300934
1675872273.8682125	33.423503000000004
1675872274.0457766	24.1989844
1675872274.1868145	24.797890900000002
1675872274.3243346	30.6299432
1675872274.4623466	32.356533
1675872274.611223	38.6888613
1675872274.7617042	30.2818504
1675872274.9011476	21.4758377
1675872275.05959	30.6824029
1675872275.197167	27.5421237
1675872275.3515396	28.1550758
1675872275.495979	34.9957536
1675872275.6428921	22.2468082
1675872275.7919316	26.4922987
1675872275.9498582	33.0868063
1675872276.108231	31.857167399999998
1675872276.2457805	34.8429918
1675872276.3793683	26.934609799999997
1675872276.5343833	24.024473399999998
1675872276.6703663	29.062934799999997
1675872276.8115745	28.453684199999998
1675872276.9582222	31.077731800000002
1675872277.1225348	36.4960769
1675872277.261076	28.8624857
1675872277.399282	26.834089799999997
1675872277.5582247	31.0943386
1675872277.7021682	30.006696199999997
1675872277.8615582	32.5421399
1675872278.0009265	29.710117500000003
1675872278.129936	19.032854099999998
1675872278.2998493	23.554796
1675872278.4539633	31.286361499999998
1675872278.5933833	32.4320316
1675872278.747104	38.2527659
1675872278.8872252	35.492479100000004
1675872279.051295	19.6917523
1675872279.1873133	21.623794200000003
1675872279.3517678	26.8698814
1675872279.4854977	29.2433995
1675872279.629362	36.613618200000005
1675872279.7765894	24.9419991
1675872279.9231231	23.8383814
1675872280.081514	32.4888251
1675872280.2458746	28.8223391
1675872280.4019413	32.140381000000005
1675872280.5407958	31.658102399999997
1675872280.7171888	21.9027499
1675872280.8592432	30.9207608
1675872280.9967668	30.1935758
1675872281.1558738	26.6172097
1675872281.3127503	34.8999746
1675872281.4737585	26.809054200000002
1675872281.6122234	27.992642200000002
1675872281.7716162	33.629266300000005
1675872281.929672	31.0401324
1675872282.0882196	31.6920825
1675872282.2434683	25.2881014
1675872282.4049065	22.1542404
1675872282.5427904	30.531017000000002
1675872282.6982222	33.3107099
1675872282.8432884	32.178784799999995
1675872283.0035062	36.7720594
1675872283.1421216	27.9526833
1675872283.293619	25.7846008
1675872283.4534621	29.373199999999997
1675872283.6123052	25.046600700000003
1675872283.7516923	30.687035299999998
1675872283.8811657	28.0259224
1675872284.029344	21.7759021
1675872284.1856484	32.0561551
1675872284.3182218	30.5877338
1675872284.4572785	28.630801599999998
1675872284.6096475	35.0370544
1675872284.786431	26.8379749
1675872284.9472222	27.6493742
1675872285.0861385	31.330697400000002
1675872285.2301404	28.1840057
1675872285.3891013	34.604841
1675872285.5182238	30.738751299999997
1675872285.6549604	24.977344
1675872285.8154027	25.8812827
1675872285.9503753	28.0826097
1675872286.1163244	25.8971273
1675872286.2769787	33.3417087
1675872286.4164507	30.2153439
1675872286.553923	24.974609299999997
1675872286.712732	30.2431017
1675872286.8592453	31.4462549
1675872286.9882143	32.6683997
1675872287.1245399	33.2746054
1675872287.2969372	24.887637
1675872287.4302325	24.1624748
1675872287.5697222	30.1831763
1675872287.724176	30.2332713
1675872287.8773527	31.9189549
1675872288.033223	35.362936
1675872288.1941614	28.809541
1675872288.331236	32.9289288
1675872288.4969633	29.5079878
1675872288.6315324	33.194685
1675872288.774246	38.361103299999996
1675872288.9309988	29.3449341
1675872289.0762415	18.720006
1675872289.2154415	30.734517
1675872289.3532617	27.9988586
1675872289.5170186	24.36684
1675872289.6566975	30.099934700000002
1675872289.8200157	24.0249325
1675872289.975875	23.6065542
1675872290.135115	27.314655600000002
1675872290.2872248	32.8182505
1675872290.4373093	33.8070618
1675872290.5955176	26.3522942
1675872290.7324412	21.1103191
1675872290.9013407	34.121607499999996
1675872291.0318167	33.5397746
1675872291.1762156	31.289268600000003
1675872291.3534887	32.3879212
1675872291.4895883	28.1132342
1675872291.6464546	31.0906187
1675872291.789582	30.4874939
1675872291.9382162	24.2533067
1675872292.0690515	32.585047700000004
1675872292.2289703	32.221009
1675872292.3582253	20.1702201
1675872292.4945996	25.8800701
1675872292.652877	25.294147
1675872292.8060246	24.2890697
1675872292.9439507	35.5179749
1675872293.098218	30.9325262
1675872293.2528763	23.8772784
1675872293.4082189	32.951488700000006
1675872293.5485263	30.9914542
1675872293.7174373	34.352057800000004
1675872293.8558664	34.4492211
1675872294.0078511	20.863737399999998
1675872294.1377335	25.6258512
1675872294.2759275	36.2566607
1675872294.4558923	34.7176218
1675872294.5943134	40.3842418
1675872294.732391	33.0329273
1675872294.8923602	19.474556399999997
1675872295.0131197	27.2397792
1675872295.1570737	28.9128935
1675872295.2904704	29.348775600000003
1675872295.4500716	37.4191377
1675872295.6082256	25.1814623
1675872295.732148	14.6829478
1675872295.863875	23.904674800000002
1675872296.001694	30.163076699999998
1675872296.156483	31.955247999999997
1675872296.2929566	37.9526917
1675872296.417793	30.5022956
1675872296.5621023	25.203191999999998
1675872296.6857316	23.6330138
1675872296.832826	23.411149700000003
1675872296.966777	28.8367221
1675872297.1257129	40.0434952
1675872297.2844737	26.8912449
1675872297.4313145	16.996644500000002
1675872297.5619316	25.950500899999998
1675872297.7032852	28.657208
1675872297.8271477	30.4597655
1675872297.9741578	38.7297219
1675872298.098235	33.0486456
1675872298.236911	24.8513935
1675872298.386527	32.7787406
1675872298.552308	29.2585586
1675872298.7067413	34.3050632
1675872298.8446689	38.548857
1675872298.9723	26.2686193
1675872299.1266246	23.082590800000002
1675872299.2872877	28.7106839
1675872299.4205203	27.2483847
1675872299.5448716	29.4951
1675872299.681505	32.238866800000004
1675872299.8341446	24.2121579
1675872299.9596615	29.5797973
1675872300.0974743	37.6372511
1675872300.2328737	34.6316771
1675872300.3904245	33.3516086
1675872300.5262933	32.6693792
1675872300.6533878	22.0357985
1675872300.800963	24.9977703
1675872300.9573507	32.8585968
1675872301.1028914	33.186698799999995
1675872301.2629645	34.7279469
1675872301.400813	27.4288815
1675872301.5382183	21.728420500000002
1675872301.6825724	25.9963419
1675872301.8250816	26.158746999999998
1675872301.9608748	25.2213295
1675872302.114624	33.0561387
1675872302.240062	26.224642900000003
1675872302.383362	20.6846784
1675872302.5149043	23.4432926
1675872302.6639986	28.272009599999997
1675872302.8015366	28.923327
1675872302.9482195	36.4460205
1675872303.073766	26.5603015
1675872303.2122693	26.1223155
1675872303.3646476	34.5641032
1675872303.4882126	33.2058121
1675872303.6247845	31.955769500000002
1675872303.7782238	34.644162800000004
1675872303.921243	29.5556908
1675872304.077808	27.6268388
1675872304.237221	31.527097499999996
1675872304.3743267	27.8778535
1675872304.508222	28.931401400000002
1675872304.6525085	36.7389
1675872304.8046331	25.9569908
1675872304.9282186	22.5396729
1675872305.065629	30.1195916
1675872305.2005036	25.3861087
1675872305.335327	31.778084999999997
1675872305.494598	37.8278952
1675872305.6551898	24.2236536
1675872305.7918246	23.4861268
1675872305.9282217	34.954862500000004
1675872306.06083	32.068486
1675872306.2228708	35.9064263
1675872306.3826876	28.5383617
1675872306.5182261	21.6329301
1675872306.6499302	27.833545
1675872306.7749436	32.7979105
1675872306.9298825	30.7478346
1675872307.0932221	36.5787889
1675872307.2351804	28.7301873
1675872307.37544	20.7310525
1675872307.5321383	26.183330599999998
1675872307.686926	30.7508286
1675872307.811003	31.150745399999998
1675872307.9482179	35.2398629
1675872308.085714	24.706226800000003
1675872308.220331	16.7898363
1675872308.36328	27.2037659
1675872308.511228	24.6760887
1675872308.6355968	25.593501500000002
1675872308.7925375	30.6340553
1675872308.9224534	22.771621200000002
1675872309.0702267	15.605636500000001
1675872309.1955295	22.7167405
1675872309.3273175	25.211971300000002
1675872309.4829948	26.9788695
1675872309.6174166	30.447981499999997
1675872309.7511587	26.0814515
1675872309.875733	24.553642800000002
1675872310.014244	28.2589047
1675872310.1543694	25.3662628
1675872310.3123097	25.7821196
1675872310.4693534	33.5761829
1675872310.5828826	27.9420241
1675872310.7300615	26.3505642
1675872310.863671	31.717244700000002
1675872310.9982185	25.7661612
1675872311.1441257	28.2014334
1675872311.2909777	35.9830612
1675872311.4253364	27.370652
1675872311.555709	21.4442554
1675872311.7159388	27.268899100000002
1675872311.8465693	25.6786879
1675872311.993169	28.8050072
1675872312.1166635	32.6063063
1675872312.249414	31.3258864
1675872312.390993	23.5592357
1675872312.5340414	26.5240419
1675872312.6792362	26.175072800000002
1675872312.8140736	26.3811671
1675872312.9540055	32.891868099999996
1675872313.0765815	24.781069600000002
1675872313.2156763	20.1904295
1675872313.359656	28.2103858
1675872313.4947436	31.1324511
1675872313.625845	31.5521982
1675872313.8069007	38.9745572
1675872313.9371011	29.636814
1675872314.061857	18.8323726
1675872314.206134	29.4313966
1675872314.3436966	31.3502622
1675872314.5008821	30.860502
1675872314.6363366	33.2515452
1675872314.7668061	26.2133081
1675872314.9080837	25.564257
1675872315.0646195	33.4110388
1675872315.2246404	25.121788900000002
1675872315.348229	30.717336000000003
1675872315.4720216	35.2144027
1675872315.6266997	18.171526800000002
1675872315.7861514	20.791761400000002
1675872315.9476333	23.8883778
1675872316.0705311	31.898839900000002
1675872316.194189	35.3149145
1675872316.3424037	30.913310699999997
1675872316.501613	24.6571621
1675872316.6554646	27.602361700000003
1675872316.8181138	32.119975000000004
1675872316.9723415	30.5372686
1675872317.1320794	35.8722639
1675872317.2682126	22.967395500000002
1675872317.3927708	17.163007099999998
1675872317.5312302	24.1652677
1675872317.6857748	28.9585909
1675872317.8271902	29.883124000000002
1675872317.9840453	36.9230096
1675872318.1257575	27.7933846
1675872318.261376	22.421643000000003
1675872318.4198184	28.4494577
1675872318.557113	26.213419799999997
1675872318.7057753	32.2194291
1675872318.852413	27.337765
1675872319.010721	21.2249183
1675872319.143993	28.0202448
1675872319.3050265	27.3615216
1675872319.4374373	25.3351014
1675872319.5927627	38.2260006
1675872319.7166874	34.535586200000004
1675872319.8500276	26.1853411
1675872319.988219	27.448597200000002
1675872320.1445532	24.7116855
1675872320.271652	25.5566859
1675872320.411124	32.9166144
1675872320.5459275	29.1950572
1675872320.682913	19.818147200000002
1675872320.8198047	25.7954453
1675872321.0068061	31.211986099999997
1675872321.146747	33.110262299999995
1675872321.3018942	39.4167307
1675872321.4569757	24.6255208
