Time (s)\Voltage (mV)
1675873020.7750356	29.390532399999998
1675873020.894507	28.938281699999997
1675873021.0335917	23.020870499999997
1675873021.170379	33.430107799999995
1675873021.2919972	39.9938767
1675873021.4157708	31.450700400000002
1675873021.5503294	24.6587931
1675873021.6897368	31.657149500000003
1675873021.8316793	26.765579300000002
1675873021.9909244	31.4847313
1675873022.1151783	36.0600807
1675873022.2636778	21.4236806
1675873022.3936152	23.5654258
1675873022.5524254	33.162046600000004
1675873022.6804564	26.387046599999998
1675873022.8261395	28.775535299999998
1675873022.9816804	36.308442500000005
1675873023.1263554	28.8886628
1675873023.2870142	36.1317996
1675873023.4252326	35.125211900000004
1675873023.585408	28.467045
1675873023.7373505	37.6263472
1675873023.880417	25.0348723
1675873024.0038557	22.2233572
1675873024.157166	32.2703609
1675873024.297778	31.447561
1675873024.433197	29.1196498
1675873024.5684137	33.9073967
1675873024.7256918	30.7438255
1675873024.8747463	22.9856959
1675873024.994948	32.688417900000005
1675873025.1136835	31.866408999999997
1675873025.2361817	31.527952499999998
1675873025.3582175	38.257600000000004
1675873025.5035405	32.26736270000001
1675873025.625724	23.087608799999998
1675873025.746783	23.553061399999997
1675873025.868426	32.440702
1675873025.9911182	32.291038699999994
1675873026.1127894	30.0029103
1675873026.2619195	32.0213255
1675873026.386813	26.2031172
1675873026.524422	30.2645454
1675873026.6562908	45.1651586
1675873026.7943335	35.387942800000005
1675873026.9127822	31.2460245
1675873027.0339062	40.16871209999999
1675873027.1570177	36.196841
1675873027.2979734	25.355415100000002
1675873027.41727	25.5160508
1675873027.5305426	32.4764911
1675873027.6521697	28.453881600000003
1675873027.8133469	30.4588623
1675873027.9309275	35.4110651
1675873028.0541694	25.1328034
1675873028.1922617	24.4603184
1675873028.3382232	39.7937375
1675873028.4771876	32.2094776
1675873028.5892653	24.4213452
1675873028.7146583	33.0295068
1675873028.8560107	30.071820499999998
1675873028.9981537	19.888572
1675873029.1566222	28.241914100000002
1675873029.2941675	28.7956792
1675873029.4270113	27.8489281
1675873029.5476434	32.7998173
1675873029.706915	28.1526318
1675873029.8407104	24.8774014
1675873029.9671998	33.093317400000004
1675873030.1272116	38.8826591
1675873030.2563248	32.8795652
1675873030.4034321	36.3335075
1675873030.5496604	26.2464379
1675873030.6664417	20.011247100000002
1675873030.7881618	27.3042154
1675873030.9310186	28.6284439
1675873031.053418	26.7704071
1675873031.1755297	32.9518011
1675873031.2975717	36.933195100000006
1675873031.4374757	23.3364255
1675873031.5802097	23.0644533
1675873031.7364364	38.8054126
1675873031.895114	30.841314
1675873032.0156617	33.1732935
1675873032.1523259	26.444103600000002
1675873032.277406	19.028090000000002
1675873032.417415	21.1016721
1675873032.5656054	31.4233606
1675873032.7114797	36.1008189
1675873032.8226736	41.7156376
1675873032.9679718	37.8929095
1675873033.126095	26.1266884
1675873033.270884	26.3877434
1675873033.3933997	33.3946694
1675873033.515476	33.4607921
1675873033.659262	34.65265960000001
1675873033.8206441	28.3922864
1675873033.978225	19.520328
1675873034.1400435	30.434368600000003
1675873034.2962065	28.441873
1675873034.4169276	21.9174748
1675873034.5405145	31.728322199999997
1675873034.6633372	28.731964700000002
1675873034.7860336	25.0873897
1675873034.9082172	27.3871967
1675873035.0658543	27.879752399999997
1675873035.2276876	27.9314167
1675873035.384827	35.111128300000004
1675873035.505791	29.835473299999997
1675873035.6614778	26.5956496
1675873035.821407	36.6709157
1675873035.9533916	38.1166207
1675873036.1101277	31.7481383
1675873036.2482264	31.604565699999995
1675873036.379327	21.3094097
1675873036.5037825	23.6604368
1675873036.6642857	32.926871500000004
1675873036.7943301	29.472780699999998
1675873036.9180098	33.2295605
1675873037.077273	33.026445100000004
1675873037.208224	22.335239100000003
1675873037.3330946	19.599771500000003
1675873037.4702218	31.830008399999997
1675873037.6245506	30.7541767
1675873037.767883	26.2161339
1675873037.9068286	31.978852500000002
1675873038.059263	18.890785899999997
1675873038.221366	28.048500699999998
1675873038.3796015	40.0301348
1675873038.5198061	30.8955463
1675873038.64773	29.9695492
1675873038.7748895	37.1106641
1675873038.934061	22.7175288
1675873039.0878778	24.3197463
1675873039.2325284	20.5258044
1675873039.3726795	23.0087967
1675873039.4929802	32.62438
1675873039.6404786	31.5529299
1675873039.778202	21.6558633
1675873039.9264119	31.4637777
1675873040.0519273	30.9441877
1675873040.1764705	30.4962606
1675873040.3195806	35.5922236
1675873040.4535823	35.1723266
1675873040.6131976	23.9852094
1675873040.7588713	33.1161308
1675873040.907838	32.1730795
1675873041.0440423	28.7521531
1675873041.1949503	35.2035467
1675873041.3174963	29.6098319
1675873041.4411087	22.814279
1675873041.5854006	26.5831704
1675873041.7061572	32.7080237
1675873041.8472445	26.7805827
1675873041.9908667	32.229930599999996
1675873042.130254	36.0013706
1675873042.2723439	23.2856088
1675873042.4272814	28.5416568
1675873042.5606287	31.826039299999998
1675873042.700656	28.724023000000003
1675873042.8402212	29.8922058
1675873042.974442	27.163090099999998
1675873043.1396534	25.3707959
1675873043.2972987	26.020387200000002
1675873043.4202309	26.5919454
1675873043.5441382	27.6711759
1675873043.6882174	29.700747999999997
1675873043.816266	29.812640599999998
1675873043.9577358	25.964627800000002
1675873044.0810997	29.261117
1675873044.2033257	37.1181537
1675873044.3494468	32.438408
1675873044.4666567	27.7753502
1675873044.5786862	26.223713
1675873044.7003639	23.686722800000002
1675873044.8416567	21.6510361
1675873044.9952865	34.2257708
1675873045.1368814	34.513703299999996
1675873045.2840786	35.49086
1675873045.4203632	38.0051219
1675873045.5415118	29.294855799999997
1675873045.6633964	24.762369
1675873045.8057826	38.329783
1675873045.9603636	37.222303499999995
1675873046.0996962	34.9393879
1675873046.2428734	39.5078429
1675873046.3676074	31.766812800000004
1675873046.4805665	29.9296205
1675873046.6267183	33.3091286
1675873046.7672129	32.883273599999995
1675873046.8854492	31.764464800000002
1675873047.0070505	35.0048228
1675873047.165499	31.457909899999997
1675873047.3169975	19.1373736
1675873047.4592342	24.3040505
1675873047.5824034	30.9747204
1675873047.7303898	30.4456305
1675873047.8557274	34.111052599999994
1675873047.991275	30.9519699
1675873048.148218	19.1475553
1675873048.2907028	27.0575504
1675873048.4482212	29.354588099999997
1675873048.5608556	29.677687000000002
1675873048.683836	33.7372042
1675873048.8230689	28.884661700000002
1675873048.9664652	25.361287
1675873049.0892358	30.2587611
1675873049.2008297	33.772944800000005
1675873049.325637	31.792886499999998
1675873049.4671934	29.3436813
1675873049.6151664	34.9298328
1675873049.7402928	26.3276538
1675873049.8618667	23.447400000000002
1675873049.9818597	27.5664792
1675873050.1247442	25.9112808
1675873050.2469268	28.4985599
1675873050.3802342	32.557451699999994
1675873050.504317	32.7546498
1675873050.6470766	22.720530999999998
1675873050.7693248	21.2020145
1675873050.8918204	28.6550764
1675873051.0292547	25.8388624
1675873051.1521616	30.727664500000003
1675873051.2982218	30.3653148
1675873051.4173212	20.0471993
1675873051.539895	27.4698845
1675873051.6623065	35.731860499999996
1675873051.8015301	33.4613161
1675873051.9579	34.650729399999996
1675873052.1164129	38.3270915
1675873052.2382157	25.1701204
1675873052.360997	20.4732479
1675873052.4851074	31.1987158
1675873052.607216	31.484072100000002
1675873052.757052	32.4909214
1675873052.9166825	37.9819429
1675873053.095722	25.3568468
1675873053.234632	29.9877344
1675873053.3732457	34.470977399999995
1675873053.4973626	32.6930888
1675873053.6182208	31.0003991
1675873053.7408319	35.2701773
1675873053.8964195	24.590357100000002
1675873054.0382257	19.3041319
1675873054.1792593	35.088124
1675873054.2995286	33.6744566
1675873054.4239898	30.9420976
1675873054.5672483	38.5362012
1675873054.7234886	24.5569157
1675873054.8730583	16.5268416
1675873054.9968274	27.0997438
1675873055.1154583	21.172062099999998
1675873055.2583113	18.9829003
1675873055.3855712	29.3557612
1675873055.5058787	30.4823256
1675873055.6182203	25.6551309
1675873055.7406323	28.4497152
1675873055.8648174	32.9165164
1675873056.0072896	30.827229300000003
1675873056.1482303	35.5447801
1675873056.2917073	38.5470059
1675873056.4135256	28.9350731
1675873056.5356739	26.1816361
1675873056.6592352	35.6669779
1675873056.7829478	34.1502979
1675873056.938213	28.789187599999998
1675873057.0768197	33.3018577
1675873057.2312512	21.3675467
1675873057.370775	20.9900571
1675873057.4925365	33.7176925
1675873057.6131616	29.040350699999998
1675873057.7356584	27.6123996
1675873057.8717024	34.4946946
1675873058.01457	26.4901726
1675873058.1353073	17.941110400000003
1675873058.2569532	21.6589827
1675873058.379455	24.761990599999997
1675873058.511941	24.880592
1675873058.6570742	29.5301091
1675873058.778919	27.7010551
1675873058.9020793	22.3223075
1675873059.0233843	19.9689339
1675873059.1470728	27.0115376
1675873059.2705293	26.406932899999997
1675873059.3876195	30.4126163
1675873059.5243816	35.0715708
1675873059.6661296	23.1050543
1675873059.8255267	17.031645299999997
1675873059.9722297	26.6631557
1675873060.1022592	30.1069685
1675873060.247929	30.180427199999997
1675873060.3708336	29.9534396
1675873060.4935322	27.843672
1675873060.6366417	21.322898
1675873060.748924	29.6780856
1675873060.8746712	33.5886929
1675873060.997382	27.1882331
1675873061.1160223	30.8818626
1675873061.2578847	32.4102058
1675873061.376697	25.871466400000003
1675873061.4998798	21.192542500000002
1675873061.6782215	27.858061600000003
1675873061.799228	27.1704249
1675873061.9477568	28.3165236
1675873062.0682373	36.4714696
1675873062.2275422	32.274929199999995
1675873062.3844354	21.8722064
1675873062.538214	26.156881600000002
1675873062.6771982	23.9736933
1675873062.7982228	28.973523
1675873062.921973	36.777032299999995
1675873063.0667484	28.0894929
1675873063.2053187	23.106685799999997
1675873063.3272235	30.9958031
1675873063.445613	31.996751900000003
1675873063.6046321	30.5511373
1675873063.7132666	37.2455231
1675873063.8425343	32.5644955
1675873063.9617956	22.5869522
1675873064.082934	28.4647022
1675873064.2033017	36.9549874
1675873064.3405144	30.6488646
1675873064.464775	30.9834143
1675873064.6058931	38.10270310000001
1675873064.7445521	24.5401967
1675873064.882401	24.105274400000003
1675873064.9921083	34.8696119
1675873065.1165984	30.793919
1675873065.2769191	31.3133866
1675873065.406098	35.385148300000004
1675873065.5272422	27.4886827
1675873065.6682205	22.395032200000003
1675873065.785678	25.9077196
1675873065.906669	29.137998200000002
1675873066.0603726	25.705677
1675873066.2049608	33.8843809
1675873066.3482208	24.712236400000002
1675873066.5079143	16.023962700000002
1675873066.645198	31.4591738
1675873066.7826054	28.2458776
1675873066.9222255	23.732453500000002
1675873067.0594168	37.7848605
1675873067.1831868	33.2732655
1675873067.2942953	28.5362027
1675873067.4193769	34.373594
1675873067.5417037	36.155510199999995
1675873067.6828916	30.5266424
1675873067.8275747	34.062081799999994
1675873067.9663978	38.315877300000004
1675873068.1235194	28.9952468
1675873068.2809625	31.297127700000004
1675873068.436595	34.100976700000004
1675873068.5682223	29.6848564
1675873068.7076368	34.7550829
1675873068.8292472	33.84199
1675873068.969598	26.0805015
1675873069.087099	30.1395425
1675873069.208548	34.7800009
1675873069.3471835	31.404201399999998
1675873069.5016284	32.4670551
1675873069.6562026	31.372383199999998
1675873069.7907848	23.1750134
1675873069.9125392	26.7233429
1675873070.0564022	35.450384199999995
1675873070.198221	32.987148600000005
1675873070.3182173	33.6291314
1675873070.4305658	32.6560729
1675873070.5537226	28.420370000000002
1675873070.6766963	26.5405968
1675873070.7991762	28.2516991
1675873070.9205172	29.582714900000003
1675873071.058045	33.7875559
1675873071.1920812	37.5106219
1675873071.314369	35.7897933
1675873071.4566882	22.4367506
1675873071.6105788	31.4148566
1675873071.7501233	30.732326800000003
1675873071.888222	29.2011995
1675873072.026783	34.5976451
1675873072.1482213	34.3048457
1675873072.2712848	22.521070899999998
1675873072.427132	26.389675
1675873072.542078	33.215285099999996
1675873072.687844	30.2888457
1675873072.8443837	30.413268100000003
1675873072.9548109	32.6750327
1675873073.0796988	23.4601259
1675873073.2224703	23.9888899
1675873073.3592393	36.808023500000004
1675873073.4847724	36.5559393
1675873073.641707	33.2727347
1675873073.7968469	31.1616998
1675873073.9427917	25.2666145
1675873074.0648603	23.186768100000002
1675873074.1858885	32.3944208
1675873074.3082206	32.2391932
1675873074.4310913	31.732591400000004
1675873074.5556002	38.105716300000005
1675873074.6669996	31.080270600000002
1675873074.791375	24.427105
1675873074.930397	32.0164305
1675873075.079017	30.525527899999997
1675873075.2046607	31.282733299999997
1675873075.3451443	31.6832405
1675873075.4672582	30.1510706
1675873075.5899525	17.8825583
1675873075.7126567	19.3285362
1675873075.8468606	38.822760800000005
1675873075.9880161	32.073227599999996
1675873076.1250727	26.322602399999997
1675873076.2598407	32.4997611
1675873076.3816233	24.677868
1675873076.5040123	22.6184221
1675873076.6266143	33.8029024
1675873076.748221	32.7413243
1675873076.8934655	27.3905949
1675873077.0322094	32.6815354
1675873077.1709707	25.2721399
1675873077.2931857	17.065596999999997
1675873077.4468606	26.2530942
1675873077.607269	27.8475297
1675873077.7460394	25.862005099999998
1675873077.8682215	30.992272800000002
1675873078.0280943	26.4399038
1675873078.1665022	23.3884017
1675873078.3260257	30.6446735
1675873078.4552517	29.4224405
1675873078.5768232	28.7247254
1675873078.6973534	35.333908900000004
1675873078.8201416	34.4561995
1675873078.9605362	24.2155496
1675873079.0808508	27.502459100000003
1675873079.216794	32.779444
1675873079.3547127	29.7909879
1675873079.5030491	40.397730700000004
1675873079.6289952	33.338503700000004
1675873079.7674096	19.2334864
1675873079.8912222	24.5723649
1675873080.036279	32.799585300000004
1675873080.1727548	26.921170099999998
1675873080.3327413	35.243365
1675873080.4770088	26.540768
1675873080.6130333	19.0512293
1675873080.768214	23.2050751
1675873080.8922315	27.3375494
1675873081.0358756	26.592304300000002
1675873081.157302	31.3815529
1675873081.2819726	35.3522259
1675873081.4222214	21.664716600000002
1675873081.544511	21.6706255
1675873081.667058	28.6535401
1675873081.789764	26.9293381
1675873081.9122667	25.8737776
1675873082.0345929	32.8051724
1675873082.1582239	28.9092654
1675873082.293009	22.7309868
1675873082.4350464	30.8449005
1675873082.591306	31.3485312
1675873082.707367	25.850945
1675873082.8308985	32.341223199999995
1675873082.9670892	30.8903004
1675873083.1213622	19.3171179
1675873083.265893	28.2819985
1675873083.4141996	32.5776052
1675873083.5716014	31.7508666
1675873083.7158303	35.7490209
1675873083.8378415	31.1397432
1675873083.9724705	21.4117687
1675873084.1147382	30.2010938
1675873084.2542605	31.951885300000004
1675873084.4153636	31.7159059
1675873084.556609	39.383374700000005
1675873084.6928914	33.602189900000006
1675873084.8354855	31.4421411
1675873084.9582136	35.9497035
1675873085.081002	34.400908199999996
1675873085.2030628	30.0386516
1675873085.3421164	37.0014849
1675873085.4545019	38.1629235
1675873085.5804355	30.089378399999998
1675873085.7409203	27.7994844
1675873085.8700101	34.8667084
1675873086.0169945	27.1418005
1675873086.1395652	27.9277652
1675873086.2620888	30.7207743
1675873086.4027963	21.2136567
1675873086.5133004	20.261226999999998
1675873086.637988	28.3652205
1675873086.7773533	29.7930958
1675873086.9233882	30.0311701
1675873087.0690029	40.031864899999995
1675873087.186215	33.4187739
1675873087.3306391	21.707266100000002
1675873087.4682176	28.3823473
1675873087.6313205	30.1131842
1675873087.7604585	28.4523164
1675873087.9073043	36.866229600000004
1675873088.0302074	31.0434408
1675873088.1729326	26.8450739
1675873088.3123555	31.5644624
1675873088.4503117	33.3445737
1675873088.574257	31.1576906
1675873088.71381	33.4134137
1675873088.85359	30.4829268
1675873088.9982214	25.224687999999997
1675873089.153072	32.984782599999996
1675873089.3123116	27.3569946
1675873089.4473188	33.9426887
1675873089.5729613	43.1789688
1675873089.6928477	33.1670204
1675873089.8313923	24.639618
1675873089.9848897	34.201124300000004
1675873090.1267776	34.2704426
1675873090.25469	29.838845799999998
1675873090.407553	38.1209498
1675873090.5311296	31.390990200000005
1675873090.6532967	19.0349711
1675873090.7982156	27.1431333
1675873090.954322	34.0826957
1675873091.0992312	29.170866
1675873091.2569532	33.4784234
1675873091.3782244	30.142375700000002
1675873091.5007713	26.6254177
1675873091.6228557	30.6755275
1675873091.74432	35.909702100000004
1675873091.8647327	34.9300108
1675873091.9851382	31.5496271
1675873092.1233006	34.973914
1675873092.2830837	20.740800399999998
1675873092.4037642	20.829858400000003
1675873092.560107	29.0833635
1675873092.682507	27.522149900000002
1675873092.8261647	30.4656101
1675873092.967925	30.2429523
1675873093.0919688	23.4146782
1675873093.2130988	23.682334100000002
1675873093.33549	28.9905046
1675873093.457891	32.5977099
1675873093.5921419	35.3049235
1675873093.748221	36.039221500000004
1675873093.88513	20.4430528
1675873094.0076559	20.6490276
1675873094.1172225	32.303530099999996
1675873094.2430522	33.261268099999995
1675873094.3821194	31.7907502
1675873094.5044854	38.7110003
1675873094.6263716	41.3948482
1675873094.7502103	34.8918327
1675873094.886441	29.867381599999998
1675873095.026448	35.5985993
1675873095.1470551	36.2747998
1675873095.288306	37.2962645
1675873095.425178	41.0264246
1675873095.5731885	31.6369742
1675873095.695015	22.9767592
1675873095.8296382	29.7326147
1675873095.9517138	31.927692
1675873096.0935836	29.709448
1675873096.2354739	34.666633600000004
1675873096.3570316	32.006118
1675873096.4951541	30.3505383
1675873096.6527953	31.9751215
1675873096.8111203	32.579192899999995
1675873096.9510658	30.546388399999998
1675873097.0815008	33.3771058
1675873097.2270255	25.7295775
1675873097.3492382	26.2441226
1675873097.4948375	33.632607
1675873097.6325357	31.624105800000002
1675873097.7717283	32.3238027
1675873097.8945262	36.3427191
1675873098.0559053	29.5856572
1675873098.1803026	30.8754997
1675873098.31898	36.157675700000006
1675873098.473607	32.201716499999996
1675873098.6382122	28.7438337
1675873098.7675965	33.9808237
1675873098.9131322	26.735062099999997
1675873099.0539105	27.1598596
1675873099.1836452	39.9822842
1675873099.3282366	35.021545100000004
1675873099.4644399	32.7309581
1675873099.619258	34.679786
1675873099.7394996	24.645125800000002
1675873099.8648143	19.2275781
1675873100.0046496	30.6128471
1675873100.1428685	31.621150399999998
1675873100.278086	29.313837499999998
1675873100.4345827	39.7943482
1675873100.5957956	32.616573
1675873100.7182214	30.1892809
1675873100.8582218	32.4011385
1675873100.9803102	32.7405573
1675873101.1025534	33.889642800000004
1675873101.2250853	36.537507
1675873101.347616	34.4244561
1675873101.469235	30.0127752
1675873101.5922651	33.6013502
1675873101.7282221	35.6854158
1675873101.8701718	33.772194999999996
1675873102.0130472	39.1941104
1675873102.142452	32.9157718
1675873102.2639987	25.8403084
1675873102.385889	27.397000000000002
1675873102.5082142	35.2303158
1675873102.6308265	29.117277899999998
1675873102.7541997	27.6118066
1675873102.8766599	30.7037148
1675873103.0182242	25.847990000000003
1675873103.1404898	19.5295214
1675873103.2649202	25.092137
1675873103.3866193	39.6447358
1675873103.5098681	34.2597734
1675873103.6534133	31.343553099999998
1675873103.7725933	30.5221639
1675873103.884352	18.2875752
1675873104.0300627	17.8511495
1675873104.1735086	28.9858328
1675873104.2925377	29.088770399999998
1675873104.4510474	32.3755224
1675873104.5904493	36.502855700000005
1675873104.7207723	23.7522808
1675873104.8420625	17.465309299999998
1675873104.9865577	25.1807789
1675873105.1265876	24.1047792
1675873105.2458518	26.574271399999997
1675873105.3573802	31.4891937
1675873105.4782217	27.785260700000002
1675873105.6031058	23.9105323
1675873105.7257185	25.209243100000002
1675873105.8643298	29.3426299
1675873105.9982271	21.219862799999998
1675873106.1169415	22.9521166
1675873106.2582173	35.9575258
1675873106.3963249	29.2842247
1675873106.5334287	25.0399078
1675873106.656319	28.3014891
1675873106.778154	27.4458761
1675873106.9012907	28.1576174
1675873107.0237458	34.0507465
1675873107.146174	34.386060199999996
1675873107.270631	20.5572813
1675873107.3966625	19.735324799999997
1675873107.5182211	24.9286201
1675873107.6570768	23.908876999999997
1675873107.798214	28.994870499999998
1675873107.9558005	39.4450525
1675873108.0988967	25.602830100000002
1675873108.2222626	25.394369
1675873108.3311224	36.5846004
1675873108.4569519	36.256365200000005
1675873108.5779734	31.871466
1675873108.6952748	36.40608
1675873108.8172123	33.168287
1675873108.939741	25.5584303
1675873109.0808473	29.5567314
1675873109.2180643	35.1423242
1675873109.3729172	34.6397926
1675873109.5322673	33.498481
1675873109.6756997	27.6101946
1675873109.8046901	25.401138800000002
1675873109.9482212	28.5548655
1675873110.089263	29.0173234
1675873110.248069	30.008623200000002
1675873110.3696244	38.986423300000006
1675873110.4918447	34.1558605
1675873110.614444	23.7814779
1675873110.738442	21.9284582
1675873110.8608038	32.1536938
1675873110.9964895	30.0020277
1675873111.1170108	32.120809799999996
1675873111.2380898	35.4200254
1675873111.3615913	27.4377087
1675873111.4843757	23.7925417
1675873111.6303174	29.136290499999998
1675873111.742341	30.128782100000002
1675873111.865796	26.8030566
1675873112.005004	30.8305093
1675873112.142505	35.6179417
1675873112.2749531	21.3149641
1675873112.412869	18.454974
1675873112.5653737	25.6839972
1675873112.7322538	27.205547199999998
1675873112.885958	32.3879096
1675873113.0082164	34.239651099999996
1675873113.129843	29.073637400000003
1675873113.2523303	26.574792400000003
1675873113.374691	35.439577899999996
1675873113.4971206	36.2456696
1675873113.636374	33.670499
1675873113.7553074	34.8568863
1675873113.8949142	26.632507999999998
1675873114.0367827	22.3759654
1675873114.1774106	31.458766300000004
1675873114.3376098	27.7413647
1675873114.4667375	30.3608704
1675873114.612048	30.6230439
1675873114.733595	20.1475959
1675873114.8816078	20.7093567
1675873115.032113	35.764991099999996
1675873115.1561134	29.9056548
1675873115.2892349	25.2154367
1675873115.4142115	34.1464274
1675873115.526478	30.469459599999997
1675873115.6508663	24.256097
1675873115.7705545	26.152750700000002
1675873115.9123785	33.302231600000006
1675873116.0499177	29.8829739
1675873116.1896381	35.9152755
1675873116.3280346	32.5742197
1675873116.481555	21.726543099999997
1675873116.6033983	28.1187166
1675873116.7427993	26.771359099999998
1675873116.888235	30.112893500000002
1675873117.02779	38.9004289
1675873117.167504	24.3723021
1675873117.312198	19.9637978
1675873117.4527693	27.0226587
1675873117.5753608	24.2510207
1675873117.723772	25.6040042
1675873117.849977	34.0250789
1675873117.9932535	37.2166416
1675873118.1287396	33.7571271
1675873118.267209	35.1066794
1675873118.3906317	36.3475051
1675873118.5011213	30.1284417
1675873118.625343	34.894385
1675873118.7854073	39.3602859
1675873118.915065	20.5009722
1675873119.035506	19.1799488
1675873119.1744022	32.7240027
1675873119.3282452	24.7522676
1675873119.471207	30.260388499999998
1675873119.5935683	31.4504227
1675873119.7158725	20.5804875
1675873119.837611	19.8781361
1675873119.960229	32.3383512
1675873120.0934477	34.142978
1675873120.238134	32.8976056
1675873120.3632157	38.0145884
1675873120.4864926	35.4057484
1675873120.60966	22.6851028
1675873120.742272	22.473944799999998
1675873120.8844566	36.340048
1675873121.0374677	37.6842379
1675873121.158004	36.783677700000005
1675873121.3182273	32.192331599999996
1675873121.4719214	20.4275449
1675873121.6141214	31.4116512
1675873121.7750013	30.3817058
1675873121.916172	28.0708032
1675873122.038218	37.1084563
1675873122.161393	32.760434499999995
1675873122.316448	26.2745452
1675873122.439427	33.7099961
1675873122.5958445	33.633132599999996
1675873122.7555811	24.9810668
1675873122.8948603	34.5496622
1675873123.036759	31.4992294
1675873123.160368	25.8408345
1675873123.284065	31.046894599999998
1675873123.4270399	34.6785719
1675873123.545397	28.547730100000003
1675873123.6780932	33.2565864
1675873123.8382201	36.233248599999996
1675873123.968215	30.216982
1675873124.1133435	32.962240099999995
1675873124.256547	30.761017799999998
1675873124.3854437	27.2273578
1675873124.5315447	34.4055188
1675873124.6878161	27.151888999999997
1675873124.8451183	18.2581132
1675873125.0225637	34.57036
1675873125.1623628	29.3607827
1675873125.2849648	26.619693100000003
1675873125.4272692	36.8539608
1675873125.5700703	26.8238089
1675873125.6943328	23.8656595
1675873125.8168013	35.846952699999996
1675873125.974074	35.1456909
1675873126.1339118	33.1224164
1675873126.268272	36.5155068
1675873126.389818	30.4444674
1675873126.510618	28.2751756
1675873126.6324577	30.1811035
1675873126.755251	32.0208759
1675873126.8940353	26.90191
1675873127.053437	35.992629
1675873127.2121964	31.0707192
1675873127.374838	20.6760023
1675873127.5295339	30.679924
1675873127.6991844	27.6657826
1675873127.8392482	30.884104100000002
1675873127.9510758	34.0826361
1675873128.1022518	28.6462813
1675873128.2255588	26.164464
1675873128.3482208	29.7825293
1675873128.4924319	32.9179085
1675873128.6155646	36.88767
1675873128.7415626	36.976304600000006
1675873128.8846161	28.2979762
1675873129.0276313	18.818233600000003
1675873129.1657717	29.8845065
1675873129.304494	30.0520545
1675873129.426766	31.311528900000003
1675873129.5482223	33.5585646
1675873129.6792202	23.8353994
1675873129.803502	20.5818594
1675873129.9421554	26.9392581
1675873130.0898705	26.9248036
1675873130.2153823	25.3123455
1675873130.3536966	36.0282709
1675873130.5027335	26.1431023
1675873130.6563685	19.1181856
1675873130.814924	24.7457796
1675873130.954933	21.6266392
1675873131.098218	26.7290988
1675873131.2402534	34.175573
1675873131.400174	28.3697965
1675873131.5197778	20.0760897
1675873131.6629148	22.394014100000003
1675873131.77498	24.2720199
1675873131.9005764	26.1198136
1675873132.0382228	36.6348554
1675873132.162366	31.3760599
1675873132.306734	20.3769655
1675873132.420559	23.9611852
1675873132.5956273	29.5881561
1675873132.7376301	28.3139623
1675873132.8811874	31.404256399999998
1675873133.0247166	28.047241600000003
1675873133.1459444	21.8993213
1675873133.2682211	28.0665754
1675873133.4014156	29.6702722
1675873133.5457532	26.8486212
1675873133.6925693	33.079508100000005
1675873133.8382244	30.0936025
1675873133.9608219	21.572344899999997
1675873134.0833156	21.8971126
1675873134.2241342	29.305944
1675873134.3356805	30.8536341
1675873134.4602547	29.726042500000002
1675873134.5982265	37.9011347
1675873134.7482498	24.2777737
1675873134.8738124	21.0985764
1675873135.0308166	30.749562599999997
1675873135.1602294	27.694081999999998
1675873135.3058374	28.428861
1675873135.4525254	33.234729300000005
1675873135.579951	22.0171145
1675873135.7378194	21.7086833
1675873135.8982196	32.140244900000006
1675873136.0782206	26.664907200000002
1675873136.1982172	34.723707
1675873136.331748	28.0961505
1675873136.4764285	19.1708168
1675873136.624406	27.3759378
1675873136.7702718	31.3138179
1675873136.932019	34.2925788
1675873137.0678458	40.273410500000004
1675873137.2072387	30.2636545
1675873137.3653216	24.5843707
1675873137.489277	29.0520107
1675873137.611707	29.3877596
1675873137.7364454	28.9615944
1675873137.8582141	35.8957373
1675873137.981396	35.1951686
1675873138.1182208	27.5662578
1675873138.2612748	28.871811899999997
1675873138.417633	27.4885932
1675873138.558115	29.5997781
1675873138.698972	35.446900400000004
1675873138.8210652	27.272501300000002
1675873138.944219	19.8308523
1675873139.0765793	25.9914773
1675873139.2008579	34.250873299999995
1675873139.3222985	33.5182759
1675873139.4782257	28.6419831
1675873139.5910356	29.962877499999998
1675873139.7127244	21.664229600000002
1675873139.8500154	19.4742696
1675873139.9892979	37.5722224
1675873140.1529965	35.8527513
1675873140.2768497	34.214145
1675873140.3982267	41.419832
1675873140.522764	37.4259253
1675873140.6462262	30.0519263
1675873140.778227	29.158201299999998
1675873140.9204922	31.4663497
1675873141.0603726	29.1065091
1675873141.1978254	35.207058800000006
1675873141.3210807	33.6456892
1675873141.478224	22.331080699999998
1675873141.6167572	28.1541138
1675873141.777715	26.171922300000002
1675873141.9078789	27.0016309
1675873142.0291348	31.723039500000002
1675873142.1726966	29.463819700000002
1675873142.2953103	24.474049800000003
1675873142.4402866	22.9892854
1675873142.5628958	26.871174800000002
1675873142.6851964	28.4953371
1675873142.8282225	29.1963568
1675873142.9645462	31.967551099999998
1675873143.0968173	23.1743751
1675873143.2513752	30.051753899999998
1675873143.3860962	35.946462499999996
1675873143.5323486	30.9999389
1675873143.6878796	34.374338900000005
1675873143.8002012	27.794833800000003
1675873143.920719	17.8326201
1675873144.0445244	19.9694523
1675873144.1882188	33.9044539
1675873144.310526	33.146661
1675873144.432714	32.047354299999995
1675873144.5548782	33.2949549
1675873144.693938	22.975350799999998
1675873144.817283	18.0704926
1675873144.9410105	23.954627499999997
1675873145.0649884	28.3576958
1675873145.2096255	29.6977257
1675873145.3654637	35.918040999999995
1675873145.4859257	28.3900695
1675873145.6082203	21.6144971
1675873145.7323508	26.3647215
1675873145.8578503	30.1957491
1675873145.9813707	30.1163655
1675873146.1007073	30.5878141
1675873146.2230403	36.8446651
1675873146.3659766	29.7723997
1675873146.5242574	21.8078674
1675873146.682995	31.602260200000003
1675873146.822765	29.8315233
1675873146.945301	23.8704337
1675873147.0876677	31.6067575
1675873147.2175379	21.1346694
1675873147.3402832	14.7020777
1675873147.4833496	24.6295473
1675873147.6157944	28.098395500000002
1675873147.7730284	33.7732179
1675873147.9303164	38.7491265
1675873148.0882235	28.8824593
1675873148.2415752	28.141204400000003
1675873148.3672082	30.8221966
1675873148.5272236	31.5708862
1675873148.6563218	35.2002384
1675873148.7835789	34.2485305
1675873148.9381087	22.7267812
1675873149.0730357	30.972076899999998
1675873149.2182262	38.7841263
1675873149.3597043	32.1274011
1675873149.5167127	33.4843991
1675873149.6750848	29.3840893
1675873149.8134527	20.6118926
1675873149.9716313	35.4749986
1675873150.1344967	29.157910299999998
1675873150.3054187	30.185898700000003
1675873150.4526744	38.8140853
1675873150.6053045	26.3372781
1675873150.7210271	20.6079197
1675873150.8456402	30.206423400000002
1675873150.9839578	31.9328245
1675873151.1378698	36.1124957
1675873151.2624466	34.363715000000006
1675873151.417581	23.6160334
1675873151.5415208	29.4507486
1675873151.6910346	39.3232824
1675873151.8251631	30.4213538
1675873151.9473486	28.8695686
1675873152.068221	34.289732099999995
1675873152.1929603	24.269252
1675873152.33515	18.8260451
1675873152.4796622	26.5186003
1675873152.6230385	31.013914
1675873152.7578127	31.6289056
1675873152.9177163	34.763755200000006
1675873153.051456	23.2598218
1675873153.1764216	19.0727871
1675873153.316944	30.1117739
1675873153.4710925	25.6558419
1675873153.6127818	25.8586531
1675873153.7372708	30.7314687
1675873153.885789	21.590642600000002
1675873154.0520918	20.8075729
1675873154.2084215	30.9225451
1675873154.333008	32.9584075
1675873154.4951046	38.1719345
1675873154.6290658	32.3836821
1675873154.767929	22.024813899999998
1675873154.902293	23.3811446
1675873155.0392969	33.5708896
1675873155.1982217	27.7807314
1675873155.334754	34.385098400000004
1675873155.4592226	31.684206899999996
1675873155.5970404	25.4069782
1675873155.751639	27.9152897
1675873155.8955855	31.255807400000002
1675873156.0392265	27.364945000000002
1675873156.1712325	37.314492300000005
1675873156.296267	35.5949556
1675873156.4562163	23.662755399999998
1675873156.587914	28.8154499
1675873156.711551	27.8386562
1675873156.8517592	27.242825500000002
1675873156.9732244	32.9588091
1675873157.1176019	34.7937666
1675873157.2524576	22.1726176
1675873157.3908186	15.3022674
1675873157.5504415	31.476346799999998
1675873157.7090085	35.745334500000006
1675873157.8372715	37.9532332
1675873157.9852602	31.3926468
1675873158.109837	23.263834300000003
1675873158.2341092	21.7315865
1675873158.3902717	32.7854308
1675873158.5312927	24.510783800000002
1675873158.6751184	28.2918353
1675873158.8242865	29.427085599999998
1675873158.960793	26.2251783
1675873159.107021	35.7700886
1675873159.2412865	37.1834896
1675873159.3999605	34.900420000000004
1675873159.558024	41.467013099999996
1675873159.700226	28.533960099999998
1675873159.8340037	23.9285033
1675873159.9654975	34.1814789
1675873160.0897408	33.351774799999994
1675873160.213817	30.949733600000002
1675873160.3606675	34.3092744
1675873160.4982247	29.586837000000003
1675873160.636436	25.6799443
1675873160.7843313	26.8992214
1675873160.9097857	26.8838744
1675873161.0482244	31.936198700000002
1675873161.1952322	37.0171023
1675873161.3747041	23.9234111
1675873161.5328064	20.2072919
1675873161.7107325	33.4969739
1675873161.8917232	29.4759233
1675873162.0707688	34.9628017
1675873162.250679	20.793606
1675873162.4076612	28.336204600000002
1675873162.5715885	31.6443572
1675873162.695365	28.1960081
1675873162.827968	22.540214499999998
1675873162.9604995	27.2526544
1675873163.1204443	19.3728024
1675873163.2721655	21.9890261
1675873163.4099677	27.2520964
1675873163.5500982	29.6582616
1675873163.7097557	40.3344673
1675873163.8509212	34.5007431
1675873163.9842784	22.6410484
1675873164.1310143	24.495690399999997
1675873164.2547443	25.8689616
1675873164.3979926	31.6657245
1675873164.538227	36.1075687
1675873164.6957238	25.158175
1675873164.8533826	22.5976636
1675873165.0002115	27.962406299999998
1675873165.1318061	25.120960500000002
1675873165.2782223	24.1834379
1675873165.4246404	28.1040456
1675873165.5546355	21.0183911
1675873165.701563	24.130564800000002
1675873165.8560133	37.048318900000005
1675873165.9721766	31.0626921
1675873166.1178117	27.6311997
1675873166.2428963	34.1398102
1675873166.3895843	25.6564738
1675873166.5146134	19.4736434
1675873166.6528375	31.9141328
1675873166.800506	32.7278367
1675873166.9257748	26.748637
1675873167.066899	27.761781900000003
1675873167.2056565	24.0268392
1675873167.345395	21.910227300000003
1675873167.4832416	33.5296037
1675873167.6067932	31.8968168
1675873167.7307274	31.8118919
1675873167.8833385	39.8532587
1675873168.0075881	28.6253804
1675873168.132352	22.5816164
1675873168.2771654	35.0768518
1675873168.4210577	30.5748723
1675873168.5593858	21.1362983
1675873168.6830595	30.953809
1675873168.8235126	28.845111199999998
1675873168.9822314	20.0350493
1675873169.1398554	36.0101444
1675873169.2631161	33.8178082
1675873169.4006462	29.3688182
1675873169.5221114	35.999010999999996
1675873169.6439395	36.418659399999996
1675873169.7808583	21.8137068
1675873169.9110541	19.1147914
1675873170.048044	33.2341251
1675873170.1806786	28.8058479
1675873170.3382187	35.2960086
1675873170.4626634	35.641183399999996
1675873170.5849795	26.4017808
1675873170.731627	24.4733224
1675873170.8554728	33.8369984
1675873170.9812772	32.7470649
1675873171.118224	31.320444900000002
1675873171.2572196	33.3020787
1675873171.398832	25.5788287
1675873171.537215	20.4734379
1675873171.658223	28.258866
1675873171.7828457	28.8267811
1675873171.926154	28.6781651
1675873172.0478005	31.3147633
1675873172.1728306	28.2929249
1675873172.3047628	23.2922182
1675873172.4657452	37.9692334
1675873172.6109862	33.6020277
1675873172.732935	31.8221453
1675873172.8962345	37.033151100000005
1675873173.0399518	31.0245804
1675873173.1638076	26.590759
1675873173.2878816	29.160908900000003
1675873173.4118907	32.973789599999996
1675873173.569814	30.5658477
1675873173.6928113	37.039585100000004
1675873173.841447	25.682916199999998
1675873173.9682226	21.9289382
1675873174.1067915	27.037991
1675873174.2513669	30.5343841
1675873174.3926442	31.4174822
1675873174.516814	32.380561099999994
1675873174.6374643	34.8386641
1675873174.7821527	22.8938883
1675873174.9108086	28.3376418
1675873175.0563307	31.479038199999998
1675873175.1813061	33.240518099999996
1675873175.3134897	39.9681907
1675873175.4724107	33.1101845
1675873175.596367	22.2194771
1675873175.7182117	22.1911359
1675873175.841195	32.2997571
1675873175.9639952	30.9387354
1675873176.102426	28.5786365
1675873176.2379544	38.3901368
1675873176.3950958	23.0334913
1675873176.56405	27.423647499999998
1675873176.7037485	36.7073015
1675873176.8476753	33.5741326
1675873176.984165	33.1968673
1675873177.1372507	34.2596211
1675873177.2758892	20.2999679
1675873177.3962984	21.2308807
1675873177.5180874	29.3227929
1675873177.6408777	30.9155306
1675873177.773307	29.9037516
1675873177.9349203	36.9599085
1675873178.0566983	27.009667800000003
1675873178.1881337	22.9743378
1675873178.3319035	31.072860000000002
1675873178.4792352	28.7810676
1675873178.6041555	30.114461799999997
1675873178.7628818	34.522760899999994
1675873178.9183378	22.5174351
1675873179.0540538	15.102747200000001
1675873179.1909916	15.1785558
1675873179.3143504	25.7740002
1675873179.4342935	33.3963803
1675873179.5572588	38.477638199999994
1675873179.679849	25.7811292
1675873179.8029723	20.3774867
1675873179.9277506	24.4024563
1675873180.0842202	30.6405365
1675873180.2232454	31.521307999999998
1675873180.3774183	38.9690439
1675873180.520515	30.8306115
1675873180.665094	24.611140600000002
1675873180.7949288	32.371385000000004
1675873180.9578042	29.7393024
1675873181.1119606	34.3770979
1675873181.2550557	41.0938881
1675873181.3940368	25.7100832
1675873181.5504215	21.954069999999998
1675873181.691804	34.629919799999996
1675873181.8355813	33.8748294
1675873181.9772024	34.3514809
1675873182.117274	35.8706835
1675873182.2482176	21.0157688
1675873182.3724153	22.268444
1675873182.5098834	27.2623998
1675873182.649405	31.714425300000002
1675873182.7821426	36.9832172
1675873182.9429042	34.7881382
1675873183.0730307	22.081116599999998
1675873183.21469	25.2720199
1675873183.3376522	34.944684599999995
1675873183.4859762	34.7005575
1675873183.6109226	32.754786100000004
1675873183.7521362	37.3581303
1675873183.8747122	26.4815237
1675873184.0382195	24.2243488
1675873184.1806667	32.7447824
1675873184.3182237	29.9195973
1675873184.4558272	30.4971734
1675873184.5810797	34.2876571
1675873184.738222	22.417553100000003
1675873184.8977332	23.963772000000002
1675873185.0217903	30.228750299999998
1675873185.159861	29.891941799999998
1675873185.3216734	33.0355628
1675873185.4587252	35.117196400000005
1675873185.5871904	23.8818375
1675873185.7134054	20.8920681
1675873185.8571436	35.346660699999994
1675873185.9818354	35.1620324
1675873186.138218	29.063550099999997
1675873186.2782109	33.560454400000005
1675873186.4366937	25.2405041
1675873186.5989985	30.0052462
1675873186.7540834	31.343350700000002
1675873186.8782232	31.336972900000003
1675873187.0006394	34.2627337
1675873187.1444921	34.1924868
1675873187.27489	29.055655400000003
1675873187.3994613	29.4899515
1675873187.564526	30.0525677
1675873187.69922	27.8731166
1675873187.8235774	33.1059879
1675873187.9847708	36.5908762
1675873188.112575	28.078975999999997
1675873188.2593672	29.7524756
1675873188.4047086	29.8291197
1675873188.5376017	29.3409743
1675873188.6609504	37.1442932
1675873188.8219192	31.143037200000002
1675873188.9751093	20.361827700000003
1675873189.0976057	32.1033161
1675873189.2212603	36.8311254
1675873189.3679364	29.9859937
1675873189.5070915	34.541138499999995
1675873189.6297805	33.8317682
1675873189.7512388	25.150681000000002
1675873189.8756013	20.500650200000003
1675873189.998212	31.359470700000003
1675873190.145593	29.5817144
1675873190.2693274	27.943538099999998
1675873190.3982213	36.0974869
1675873190.5627484	27.3002316
1675873190.7034698	21.3387023
1675873190.8294673	28.285992699999998
1675873190.9677317	23.5482363
1675873191.1253016	32.0795888
1675873191.2876692	39.0537592
1675873191.411452	29.6193423
1675873191.5344367	24.4327464
1675873191.691517	32.5756416
1675873191.8314323	34.4985981
1675873191.9817035	37.4650592
1675873192.105511	35.5608424
1675873192.2640338	17.8868636
1675873192.395342	18.8254656
1675873192.541621	34.1257962
1675873192.6656623	29.1464632
1675873192.8070464	31.2396717
1675873192.9481113	35.5135079
1675873193.0730572	26.4537223
1675873193.2215767	24.49587
1675873193.3668988	31.265244499999998
1675873193.5235808	28.932909900000002
1675873193.6813614	39.279968399999994
1675873193.819874	28.9587127
1675873193.956771	20.4288982
1675873194.0974905	26.1713952
1675873194.2216425	29.9361028
1675873194.3448668	26.4540825
1675873194.4664145	30.562921
1675873194.5995708	33.32768
1675873194.7446907	25.653181099999998
1675873194.8682153	22.1336
1675873195.0317907	29.936442099999997
1675873195.191694	30.3685317
1675873195.3182254	32.3051897
1675873195.4635594	35.2431133
1675873195.587524	27.712277399999998
1675873195.7464268	20.871322300000003
1675873195.9062278	26.7244778
1675873196.0410235	28.6382346
1675873196.1757624	38.3828753
1675873196.2997077	34.446683
1675873196.444149	24.0793511
1675873196.5879288	28.0573124
1675873196.727263	30.2270258
1675873196.8920364	33.6030126
1675873197.0335588	36.970978699999996
1675873197.1526098	29.18279
1675873197.2762973	22.7914032
1675873197.398223	20.3177181
1675873197.5210419	27.2119635
1675873197.6439865	27.496732400000003
1675873197.7880476	32.0584925
1675873197.9103792	39.3853696
1675873198.0782175	26.7753037
1675873198.2339485	26.1561398
1675873198.3882267	34.7889495
1675873198.5225558	32.452543399999996
1675873198.6682274	34.7101117
1675873198.8146002	32.6565224
1675873198.9456348	25.882861600000002
1675873199.0671704	28.963531
1675873199.2054322	33.692039
1675873199.3441627	29.8973383
1675873199.5016768	39.2673874
1675873199.6412265	37.8601757
1675873199.796584	23.900498900000002
1675873199.915315	23.050497
1675873200.038947	29.451542399999997
1675873200.1617565	30.4317408
1675873200.305358	32.1069812
1675873200.4460707	38.9090863
1675873200.5882206	26.094307399999998
1675873200.710574	24.052641100000002
1675873200.8682065	34.8623365
1675873201.0068417	28.4272788
1675873201.142524	33.005164199999996
1675873201.2782254	39.2331451
1675873201.423569	23.4990048
1675873201.5458608	24.0818805
1675873201.6852956	32.9403962
1675873201.826449	34.515778499999996
1675873201.9494474	34.613274700000005
1675873202.0970755	34.678840199999996
1675873202.2492409	25.612716600000002
1675873202.3938463	22.647343600000003
1675873202.5252194	30.3025067
1675873202.6480584	30.4738879
1675873202.771929	31.1381379
1675873202.9156504	35.227285099999996
1675873203.0941916	25.890044500000002
1675873203.2342327	24.1884599
1675873203.363028	34.7368818
1675873203.5115592	30.9126305
1675873203.6682127	33.9090772
1675873203.8037739	36.3265757
1675873203.9455376	28.386727699999998
1675873204.066988	25.5795886
1675873204.209646	34.195507899999996
1675873204.327155	31.6216696
1675873204.4478154	27.7061817
1675873204.571106	36.9001319
1675873204.6937413	29.9694382
1675873204.8162215	25.561779
1675873204.9382207	30.1872902
1675873205.0936887	31.550917400000003
1675873205.2143397	31.9166381
1675873205.3566244	35.5015807
1675873205.4782133	31.601803800000003
1675873205.6029854	23.180992800000002
1675873205.7612681	24.097349
1675873205.9154403	28.4877839
1675873206.0780206	32.0929671
1675873206.2007515	37.0594156
1675873206.3232515	31.2091988
1675873206.464889	24.010888899999998
1675873206.587105	26.2092014
1675873206.7238355	30.1282376
1675873206.8446345	28.9273619
1675873206.9803033	36.0855519
1675873207.1007965	39.135268700000005
1675873207.244212	28.4530249
1675873207.3682246	26.054010700000003
1675873207.5259695	32.911841499999994
1675873207.6857622	29.4748174
1675873207.8133833	29.7135589
1675873207.9724088	31.5541627
1675873208.094243	28.1183178
1675873208.2382283	29.1704349
1675873208.3793378	32.061739800000005
1675873208.5032492	24.1891815
1675873208.6615727	22.351325799999998
1675873208.8051062	30.1119724
1675873208.9287918	21.9562043
1675873209.051964	21.8262906
1675873209.1982791	28.9415001
1675873209.3328855	28.6535064
1675873209.4534693	31.217453799999998
1675873209.5964806	34.1455537
1675873209.7430868	27.2754213
1675873209.863183	22.0324743
1675873209.9770126	27.472001
1675873210.1130643	32.488279500000004
1675873210.2502308	30.6892034
1675873210.398214	30.8474718
1675873210.5519235	20.7535836
1675873210.713216	19.2866629
1675873210.8482182	27.003670399999997
1675873210.9880302	31.8815536
1675873211.1275876	33.8519118
1675873211.2868805	33.0135134
1675873211.4416425	22.5811412
1675873211.576232	23.1862761
1675873211.735259	35.030729900000004
1675873211.8693898	35.4246745
1675873211.9976218	36.7838543
1675873212.135326	37.1527532
1675873212.273246	21.891658
1675873212.4210274	25.6040986
1675873212.5655198	35.8016059
1675873212.71278	26.7086258
1675873212.8438764	29.9485475
1675873212.9820905	35.5605588
1675873213.1312442	25.248828099999997
1675873213.283103	33.0371043
1675873213.4426622	34.3493914
1675873213.5811284	29.7283061
1675873213.7403898	38.6562462
1675873213.8782213	29.085124399999998
1675873214.0171776	20.1211837
1675873214.1666172	27.0058718
1675873214.3114479	27.7115299
1675873214.4542947	31.395907100000002
1675873214.607184	39.5913215
1675873214.75342	24.905217699999998
1675873214.8931563	24.7587494
1675873215.0524228	35.3206223
1675873215.189783	32.442238599999996
1675873215.3241627	37.081857400000004
1675873215.5017605	34.9222876
1675873215.6649234	19.5701965
1675873215.8118453	28.368583700000002
1675873215.9763281	31.8554072
1675873216.1157365	34.2486729
1675873216.277465	37.7216306
1675873216.4148216	24.1083019
1675873216.570459	25.1878734
1675873216.7301295	31.0546295
1675873216.8811808	33.9951229
1675873217.0478458	30.3765819
1675873217.2095656	22.897003299999998
1675873217.3682146	22.886337100000002
1675873217.52695	30.1600873
1675873217.6637533	32.0819424
1675873217.822765	34.8291243
1675873217.977988	32.1379738
1675873218.1382174	21.5270961
1675873218.2771604	27.544710300000002
1675873218.4356363	27.6669238
1675873218.6007905	25.643784
1675873218.7579732	34.3799045
1675873218.912288	23.3809557
1675873219.0425122	24.3230705
1675873219.180513	35.9864526
1675873219.3364732	26.554114
1675873219.497519	32.562750199999996
1675873219.6670382	32.6536835
1675873219.8264396	23.4688696
1675873219.959219	29.3205695
1675873220.1046703	31.013413699999997
1675873220.241524	29.342293299999998
1675873220.422766	41.7657538
1675873220.5618746	31.7880729
1675873220.699269	24.9611245
1675873220.8382146	36.806269199999996
1675873220.9767966	32.992401300000004
1675873221.1141458	31.816117900000002
1675873221.2527075	39.5251768
1675873221.3749719	26.4466118
1675873221.518225	18.8917116
