Time (s)\Voltage (mV)
1675873454.5175552	35.5039989
1675873454.6562548	21.618539900000002
1675873454.8198333	25.127752
1675873454.9597335	33.4735636
1675873455.092335	28.3874137
1675873455.2602193	33.0593103
1675873455.3982944	33.2978732
1675873455.55733	26.6887443
1675873455.6825078	30.155035
1675873455.820495	33.6536282
1675873455.957214	31.8428599
1675873456.0897965	31.1090312
1675873456.227303	34.7307751
1675873456.363667	26.9655672
1675873456.5244975	26.9919478
1675873456.6819997	35.6840926
1675873456.8246224	31.590214
1675873456.9472256	34.238303099999996
1675873457.0906928	30.4219378
1675873457.2329636	25.77402
1675873457.3858662	29.8919007
1675873457.5282135	27.858928799999997
1675873457.6512675	31.1454266
1675873457.776164	42.1510635
1675873457.9101582	37.514894299999995
1675873458.0706131	26.1126644
1675873458.2259047	33.5807937
1675873458.36743	30.6426974
1675873458.5082216	28.228844900000002
1675873458.6410198	35.367750199999996
1675873458.765922	31.2300231
1675873458.905748	22.1448049
1675873459.0591888	27.8574595
1675873459.2012837	27.8833829
1675873459.3630438	31.971330899999998
1675873459.5222027	42.6608817
1675873459.6651616	27.297796299999998
1675873459.7989419	22.4148904
1675873459.9378245	31.147412499999998
1675873460.0759087	28.8137871
1675873460.2357764	33.163769099999996
1675873460.393093	31.285184799999996
1675873460.5082374	24.9269553
1675873460.6339805	20.1356015
1675873460.752231	30.1465734
1675873460.8725955	31.666854
1675873461.0135243	36.013361700000004
1675873461.14222	44.8539622
1675873461.288005	27.3834733
1675873461.411588	18.4361819
1675873461.5541143	30.0726919
1675873461.6920393	33.8067863
1675873461.8358881	28.3012442
1675873461.9837725	31.951734000000002
1675873462.1348107	26.7606177
1675873462.2913702	22.3805193
1675873462.4060342	30.256218299999997
1675873462.530229	28.7256568
1675873462.6904364	30.3378508
1675873462.8229003	38.6535609
1675873462.9441447	28.429097100000003
1675873463.087424	22.9638523
1675873463.2093785	29.2467111
1675873463.3733385	25.658368
1675873463.5270188	34.206550299999996
1675873463.6630607	38.1886089
1675873463.8069255	29.143267899999998
1675873463.9233763	19.9352132
1675873464.0431635	26.2453134
1675873464.163415	29.0402269
1675873464.286262	27.4625394
1675873464.4223914	35.2707939
1675873464.5425751	34.0036081
1675873464.6979048	29.5590982
1675873464.8454583	29.4705354
1675873464.9900868	34.2060414
1675873465.111502	29.2881816
1675873465.2317595	26.240501199999997
1675873465.386638	24.8306313
1675873465.5043855	17.136228199999998
1675873465.6604066	30.585163700000003
1675873465.818214	32.5188156
1675873465.9412014	31.692272
1675873466.0625684	30.4100272
1675873466.185935	31.868227200000003
1675873466.3082209	24.479785600000003
1675873466.452111	14.2739445
1675873466.5968096	28.874027100000003
1675873466.7511475	28.7774769
1675873466.8870249	29.6031138
1675873467.0274591	36.5629237
1675873467.1601427	24.1286077
1675873467.2982187	24.4225899
1675873467.453176	35.471722400000004
1675873467.6162374	28.0514312
1675873467.738218	27.1880291
1675873467.8759964	31.2181347
1675873467.9994287	24.3984731
1675873468.1382215	22.9856178
1675873468.296845	26.3367605
1675873468.4582183	25.3859444
1675873468.5892382	27.500922199999998
1675873468.749232	27.3965423
1675873468.8991466	21.329535800000002
1675873469.049197	29.994269
1675873469.1733878	31.966820700000003
1675873469.3194127	33.856405800000005
1675873469.4539974	38.4579355
1675873469.6137826	26.2087866
1675873469.7731364	21.0355876
1675873469.9110007	32.550915200000006
1675873470.0419714	29.8913087
1675873470.2017205	26.7972893
1675873470.3482137	34.6538586
1675873470.4753208	29.135568
1675873470.6350963	19.5693972
1675873470.793257	29.4377315
1675873470.9317484	27.7974596
1675873471.09396	32.011717100000006
1675873471.2321246	31.2646616
1675873471.3682227	24.4708171
1675873471.5282223	30.7437614
1675873471.6851234	32.640975000000005
1675873471.83064	29.7292543
1675873471.9995131	38.1910843
1675873472.1482148	30.793764000000003
1675873472.3011694	30.124672
1675873472.4464083	31.800079100000005
1675873472.5903492	22.4305069
1675873472.7219944	25.474166999999998
1675873472.837606	31.8469901
1675873472.9634402	26.2784945
1675873473.1022587	19.8460608
1675873473.2417006	34.20966
1675873473.4014494	34.8833641
1675873473.5607338	35.7839544
1675873473.7194061	40.193204599999994
1675873473.8716493	23.394563100000003
1675873474.0029736	25.9815328
1675873474.1476862	38.801611
1675873474.2729886	40.6309273
1675873474.4208724	34.6715302
1675873474.585126	28.9666781
1675873474.7217305	23.7786018
1675873474.8582668	30.2281644
1675873475.0231473	29.3897048
1675873475.1771026	29.1145085
1675873475.3013227	37.600804000000004
1675873475.4259262	31.6316409
1675873475.5582209	23.1538119
1675873475.6915407	27.4708114
1675873475.8338118	25.2517254
1675873475.9667554	31.470904799999996
1675873476.124354	38.128272700000004
1675873476.2613266	29.8480964
1675873476.3971086	17.917025900000002
1675873476.522565	21.6863182
1675873476.6599298	24.7358695
1675873476.8130562	21.4376463
1675873476.9762762	31.2136367
1675873477.114155	25.3505334
1675873477.2492669	20.4152117
1675873477.3930066	24.6185549
1675873477.5332193	25.039168099999998
1675873477.6712353	36.213827800000004
1675873477.8277247	34.598777
1675873477.961644	26.1572666
1675873478.1218758	25.7276867
1675873478.3222907	28.6162345
1675873478.4537404	28.6218541
1675873478.583224	34.1099328
1675873478.7292318	32.098405500000005
1675873478.8699086	28.1732662
1675873479.0070777	32.6878053
1675873479.1668909	32.8584893
1675873479.2956543	32.8285341
1675873479.419815	33.089171799999995
1675873479.5566819	34.905730000000005
1675873479.7093377	26.1857294
1675873479.8513691	28.1314013
1675873479.9902587	32.4449427
1675873480.1193845	30.6065958
1675873480.2467318	35.1149193
1675873480.3862443	38.5247273
1675873480.538227	26.9476428
1675873480.6700475	25.9849695
1675873480.8120077	32.5532227
1675873480.9355476	36.5454072
1675873481.0679421	34.730054
1675873481.2269413	30.8239788
1675873481.3736253	26.0626496
1675873481.5256205	27.4207533
1675873481.6844127	27.8862609
1675873481.8296788	28.715016
1675873481.9532275	34.6567761
1675873482.0983968	29.3462208
1675873482.2292945	17.8477703
1675873482.3901947	25.3320391
1675873482.5348108	31.022015699999997
1675873482.6582148	30.6190574
1675873482.7812865	30.218044
1675873482.9192348	21.7670381
1675873483.0602295	17.8784159
1675873483.193384	28.9730174
1675873483.3545072	27.0582491
1675873483.482273	29.254545999999998
1675873483.6269956	38.344706300000006
1675873483.7646527	31.714637499999995
1675873483.8991375	22.225030999999998
1675873484.0335116	25.197166499999998
1675873484.1974149	27.8717106
1675873484.3501763	28.6004171
1675873484.5117724	36.198247599999995
1675873484.6474764	29.8886929
1675873484.8120553	23.0918752
1675873484.9345427	34.039984000000004
1675873485.0728693	37.0824601
1675873485.1962967	35.5639814
1675873485.318222	39.684144999999994
1675873485.442611	32.0838082
1675873485.5897715	22.6302494
1675873485.7276387	28.965958
1675873485.8686395	25.3370071
1675873486.0058405	29.6653095
1675873486.1293418	36.315411899999994
1675873486.2882237	26.3793342
1675873486.443741	26.5811273
1675873486.56758	33.4867669
1675873486.6926062	26.3458057
1675873486.831673	32.08838
1675873486.9752164	41.772955100000004
1675873487.1101577	29.8576586
1675873487.2440164	22.3517478
1675873487.3793306	27.6065563
1675873487.520312	29.8562672
1675873487.665203	30.8517634
1675873487.819256	37.3054586
1675873487.9792197	22.7810336
1675873488.10541	23.897319
1675873488.2472222	34.891750200000004
1675873488.3879917	30.8564166
1675873488.5365396	32.282174499999996
1675873488.6826293	33.1588298
1675873488.8182247	23.8099491
1675873488.949632	27.310579099999998
1675873489.0712295	31.8507501
1675873489.2105753	27.377475500000003
1675873489.3467717	32.162701600000005
1675873489.4901407	38.2721528
1675873489.6282136	24.300797
1675873489.7813678	21.3100859
1675873489.9120874	29.28246
1675873490.050373	26.17702
1675873490.1882174	32.687844399999996
1675873490.3474026	37.313126100000005
1675873490.4706295	26.4344698
1675873490.616906	23.3483798
1675873490.7532487	37.171412000000004
1675873490.8893306	37.2531609
1675873491.0427191	32.9198863
1675873491.18522	32.197728100000006
1675873491.3246503	27.2976828
1675873491.4527326	25.757832800000003
1675873491.5901437	31.9968454
1675873491.7147932	29.4895744
1675873491.8601775	29.9922195
1675873492.0058386	34.649051899999996
1675873492.1392183	23.8692505
1675873492.274514	19.8074424
1675873492.412513	29.094207
1675873492.5482597	33.4589978
1675873492.670717	36.1150294
1675873492.7940328	42.505893199999996
1675873492.9256105	33.757888
1675873493.0833862	23.9199899
1675873493.2076807	31.87037
1675873493.330229	29.0160902
1675873493.4536843	27.1786136
1675873493.6070395	40.206536799999995
1675873493.7666128	27.2212351
1675873493.9048448	19.5278025
1675873494.0618868	29.0229656
1675873494.189586	32.0257233
1675873494.3157365	29.610866100000003
1675873494.4537296	33.9924099
1675873494.610029	23.0364344
1675873494.754797	19.8922303
1675873494.8772883	21.9793105
1675873494.9998755	21.373273299999997
1675873495.1445327	28.811965500000003
1675873495.302882	35.8475674
1675873495.457195	26.192619699999998
1675873495.5779278	26.4845812
1675873495.7004907	29.448557
1675873495.8415139	26.033670299999997
1675873495.9719074	27.0127507
1675873496.1169186	42.192752
1675873496.2380064	33.771934900000005
1675873496.3768628	19.9253781
1675873496.5055587	26.8724238
1675873496.6302276	29.3108332
1675873496.7672348	31.916142199999996
1675873496.9225008	37.7652781
1675873497.0609672	32.3170705
1675873497.1984658	21.9724518
1675873497.3282368	27.7527741
1675873497.4905682	33.8323419
1675873497.64518	28.2310203
1675873497.7682128	30.9370369
1675873497.8906908	26.556343
1675873498.0271335	17.2744679
1675873498.1782215	22.0076466
1675873498.3376443	25.023075799999997
1675873498.4756455	29.975121
1675873498.5982177	34.7967191
1675873498.7182214	29.175091300000002
1675873498.8409305	20.578206299999998
1675873498.9624639	24.809646
1675873499.108586	35.3999119
1675873499.2682214	32.0994363
1675873499.410521	37.6893804
1675873499.5426517	33.8733306
1675873499.6851926	16.5780696
1675873499.8392324	29.0523468
1675873499.9810417	29.2776393
1675873500.1060004	27.4254778
1675873500.2282217	32.867106299999996
1675873500.3511956	35.1324109
1675873500.4737644	25.3407914
1675873500.5965722	21.709772400000002
1675873500.7538803	32.541801500000005
1675873500.8712785	32.7143645
1675873500.9937627	30.3407646
1675873501.1163578	37.8019782
1675873501.2409568	35.4640704
1675873501.3972533	31.3422707
1675873501.531219	33.6603995
1675873501.6682174	29.186089
1675873501.8064942	23.8562573
1675873501.9506347	32.477484600000004
1675873502.1107917	18.690684100000002
1675873502.232245	17.617219600000002
1675873502.355424	27.8280709
1675873502.4798827	31.6862677
1675873502.60231	28.3330053
1675873502.7594922	32.804743800000004
1675873502.9082217	31.1420242
1675873503.037193	26.5045015
1675873503.1582253	33.9847957
1675873503.2811532	33.966308600000005
1675873503.4035447	30.2559434
1675873503.5260427	28.7131058
1675873503.6480272	30.3394075
1675873503.7935283	22.1492948
1675873503.926918	19.5204389
1675873504.0680664	29.3445438
1675873504.2055924	24.497136400000002
1675873504.3280795	26.261826
1675873504.4511147	31.3087474
1675873504.5764856	26.6241506
1675873504.698262	22.639038600000003
1675873504.8426332	32.0993165
1675873504.9718041	30.0424566
1675873505.09365	28.827573400000002
1675873505.2383716	31.7618956
1675873505.3867595	28.125221999999997
1675873505.5369313	19.8459803
1675873505.676931	23.479456900000002
1675873505.8292327	25.9280226
1675873505.9745593	28.6721361
1675873506.099248	34.5297945
1675873506.2217162	31.713907499999998
1675873506.354097	24.0388864
1675873506.4776804	25.359750100000003
1675873506.6244683	31.3192725
1675873506.7842789	27.5490617
1675873506.9221327	32.5900408
1675873507.0605402	26.0023663
1675873507.193461	25.0985929
1675873507.337109	30.3187421
1675873507.4882174	28.969645
1675873507.6130824	31.0979348
1675873507.7582285	35.694121
1675873507.8808336	30.4646908
1675873508.038216	19.665621
1675873508.1982257	34.264216700000006
1675873508.3182216	32.7216582
1675873508.4554925	29.998361000000003
1675873508.5970445	35.7659434
1675873508.718222	30.7721405
1675873508.8633873	19.553327999999997
1675873508.975552	23.848673599999998
1675873509.1019766	33.047293599999996
1675873509.2612333	32.292099300000004
1675873509.3899076	33.668689699999995
1675873509.5115805	34.0316238
1675873509.6346793	26.5942845
1675873509.774185	23.025442899999998
1675873509.9282205	34.2806323
1675873510.0679214	31.720327299999997
1675873510.1874018	30.4120218
1675873510.3412182	31.0309406
1675873510.4850328	23.338629100000002
1675873510.6312203	23.2955404
1675873510.7557933	30.0500004
1675873510.8909152	31.930611400000004
1675873511.019324	34.947181
1675873511.1737866	44.814624900000005
1675873511.297156	34.5656232
1675873511.4349015	30.3165352
1675873511.565231	38.078567299999996
1675873511.6801984	32.3264012
1675873511.826757	32.796850600000006
1675873511.9720023	37.5488954
1675873512.1232293	21.085776199999998
1675873512.2672966	19.782740399999998
1675873512.410724	33.697205600000004
1675873512.534047	32.3174523
1675873512.6761162	26.6388787
1675873512.7993193	32.9856304
1675873512.9431958	26.247795500000002
1675873513.0860078	22.6134524
1675873513.2103643	29.995437600000002
1675873513.3297992	34.3940386
1675873513.4855351	39.0918824
1675873513.6176188	34.2848956
1675873513.7538207	26.4654291
1675873513.9081082	22.7198723
1675873514.0451248	31.1641689
1675873514.2001987	29.191308799999998
1675873514.3244762	25.7776177
1675873514.468223	30.9557348
1675873514.601647	27.4895192
1675873514.73445	18.0666801
1675873514.8947616	31.0735575
1675873515.0150821	29.3282232
1675873515.14719	26.6300439
1675873515.2716694	34.3372684
1675873515.4292896	19.9281027
1675873515.5611303	18.1123807
1675873515.7153351	30.4861996
1675873515.8677475	30.1374917
1675873516.0292225	35.1810335
1675873516.164893	42.4571253
1675873516.308214	24.895335
1675873516.4448588	21.4878948
1675873516.587794	32.6531251
1675873516.7263355	31.585867500000003
1675873516.8499587	32.7729886
1675873516.9747694	38.3047458
1675873517.1153865	27.705354200000002
1675873517.2401502	26.7420907
1675873517.383903	33.8835827
1675873517.5065172	27.2031779
1675873517.629986	27.372074100000003
1675873517.75233	31.5331124
1675873517.8892334	29.4634493
1675873518.013355	25.5600536
1675873518.13626	22.1154645
1675873518.2582245	28.0807618
1675873518.3812044	28.0216353
1675873518.5278983	30.8012142
1675873518.6517498	36.719252700000006
1675873518.794349	24.5111399
1675873518.9192326	23.597589499999998
1675873519.0674548	32.6674963
1675873519.1964679	31.1795837
1675873519.3323226	32.3358434
1675873519.4854777	34.6477007
1675873519.6082246	27.2139104
1675873519.753833	20.1329165
1675873519.9050062	31.800705999999998
1675873520.031226	31.561667100000005
1675873520.1682208	30.163050000000002
1675873520.3046062	38.1045707
1675873520.4434536	26.4105499
1675873520.581227	22.9178619
1675873520.705835	32.6464032
1675873520.8299744	35.478201299999995
1675873520.9544466	32.5439061
1675873521.0979981	35.0081249
1675873521.2359865	30.3831021
1675873521.3722038	18.6171309
1675873521.5311735	29.251936
1675873521.663002	31.025016700000002
1675873521.7983575	33.561265299999995
1675873521.9441116	42.9249779
1675873522.081151	35.7762544
1675873522.2108629	23.761698000000003
1675873522.334398	30.647489999999998
1675873522.4805396	31.338828200000002
1675873522.626856	30.7718684
1675873522.773657	33.945901899999996
1675873522.9105177	25.964357600000003
1675873523.0309327	24.994541700000003
1675873523.1630945	31.491324000000002
1675873523.2878997	32.7051539
1675873523.4199753	26.7316332
1675873523.551384	34.236744
1675873523.6918352	35.7125243
1675873523.853216	24.7131417
1675873524.0113096	27.1325309
1675873524.1698213	28.8431751
1675873524.328214	30.5940543
1675873524.4850402	37.101532
1675873524.6088138	28.2034095
1675873524.7473176	20.0192842
1675873524.9020398	31.198975100000002
1675873525.065088	31.4576815
1675873525.1998284	36.388603700000004
1675873525.358221	34.6270287
1675873525.4962773	18.8033331
1675873525.6457498	23.8053022
1675873525.768901	36.135772599999996
1675873525.9137871	38.2834945
1675873526.0374625	36.6576843
1675873526.200138	24.6870616
1675873526.323776	14.3178496
1675873526.458217	23.7545947
1675873526.5911944	31.3638122
1675873526.753992	29.6475655
1675873526.8909173	33.6162698
1675873527.050806	30.3838745
1675873527.1882107	25.2119287
1675873527.3472712	28.1146735
1675873527.5082	32.4796576
1675873527.6448493	30.5484618
1675873527.784357	34.139617900000005
1675873527.9215739	27.923493
1675873528.057772	24.2177443
1675873528.2149363	30.5689098
1675873528.371473	24.4234737
1675873528.5164738	22.3965918
1675873528.6523173	27.866436099999998
1675873528.780223	18.8512007
1675873528.941042	18.419377
1675873529.0701897	31.082448799999998
1675873529.2131498	29.3811447
1675873529.3500528	31.206957
1675873529.48613	34.944446400000004
1675873529.6135	24.6696873
1675873529.7529917	24.2411636
1675873529.8892255	36.98014
1675873530.0230744	32.4988582
1675873530.161303	28.2727991
1675873530.3169188	40.107972499999995
1675873530.443144	31.482156800000002
1675873530.567683	31.2433905
1675873530.7282236	35.7268746
1675873530.886907	28.840005700000003
1675873531.0402102	27.5055835
1675873531.1722727	32.2362486
1675873531.3312325	21.5959277
1675873531.4693162	27.1499707
1675873531.607991	36.1362336
1675873531.7565713	30.8773567
1675873531.8876352	35.2568682
1675873532.0257998	33.010221300000005
1675873532.172333	23.7734447
1675873532.3092394	30.3460856
1675873532.4844882	36.512066000000004
1675873532.6192164	30.176905100000003
1675873532.757956	38.1450415
1675873532.894191	29.5836952
1675873533.0301445	22.306688
1675873533.1691823	25.0326645
1675873533.310253	23.1742535
1675873533.4460225	31.0158616
1675873533.6023676	34.8239787
1675873533.738223	29.066826300000002
1675873533.883008	20.4822933
1675873534.0400677	34.2592743
1675873534.1821659	29.492772300000002
1675873534.330443	29.7158487
1675873534.4643905	40.4356965
1675873534.5892713	31.4006681
1675873534.7524097	22.7529876
1675873534.8824735	33.9059114
1675873535.0456417	27.3779532
1675873535.200219	28.8981902
1675873535.3395784	34.9684684
1675873535.4768782	24.169734899999998
1675873535.6118417	20.6053185
1675873535.7492237	30.0735607
1675873535.8928077	33.5728466
1675873536.0302243	30.0048402
1675873536.1674967	34.025112500000006
1675873536.3037324	21.0721681
1675873536.4378824	19.9226824
1675873536.577	33.8649906
1675873536.7218883	35.9509529
1675873536.8796237	41.2240772
1675873537.0366635	37.9385771
1675873537.1962233	24.6232179
1675873537.3444724	35.084780099999996
1675873537.5131354	29.0472711
1675873537.66773	27.7775442
1675873537.8048754	37.8039812
1675873537.9431105	25.3151863
1675873538.101145	24.2154639
1675873538.3201056	30.4954417
1675873538.4761152	29.077954
1675873538.6566353	37.8194565
1675873538.8371823	23.3538606
1675873538.9943244	26.9297467
1675873539.1634362	32.2352438
1675873539.336864	29.9485107
1675873539.5059736	39.208236899999996
1675873539.6862304	27.4684616
1675873539.8448732	27.5254191
1675873540.020239	29.6649397
1675873540.1982994	41.254476
1675873540.3769712	33.5559116
1675873540.556942	17.9607634
1675873540.712113	25.7062331
1675873540.8716316	27.409391000000003
1675873541.052214	28.353293
1675873541.2009513	30.6258742
1675873541.3269434	25.1255834
1675873541.4660544	26.1588503
1675873541.6135695	29.6693433
1675873541.7446065	29.7469179
1675873541.886555	32.0894129
1675873542.0300825	28.859198199999998
1675873542.189594	23.1780932
1675873542.3274	26.1378482
1675873542.4566526	26.943591400000003
1675873542.5918555	28.355452699999997
1675873542.729223	28.020546600000003
1675873542.8778744	23.6704196
1675873543.0057063	22.7280556
1675873543.1471927	23.9174952
1675873543.2947443	28.1899786
1675873543.4290805	31.3219975
1675873543.5738919	31.323477500000003
1675873543.721031	30.4501148
1675873543.8629186	23.0620734
1675873544.0008988	24.031309099999998
1675873544.1462746	24.463476099999998
1675873544.282467	31.13025
1675873544.420815	37.5527749
1675873544.5582204	27.120745000000003
1675873544.6960397	22.3752844
1675873544.834546	30.860395999999998
1675873544.9823012	32.326674399999995
1675873545.1123586	32.849135000000004
1675873545.251094	36.351556200000005
1675873545.3743153	34.4560761
1675873545.4982166	25.4789104
1675873545.6325228	27.516656
1675873545.7720244	36.7000632
1675873545.9075067	34.839086800000004
1675873546.042104	37.2869283
1675873546.1701252	39.529563599999996
1675873546.29351	28.025164099999998
1675873546.449564	17.9892977
1675873546.5813818	20.4749813
1675873546.7182858	24.8402248
1675873546.854967	36.7325886
1675873546.98931	32.3184189
1675873547.1324568	25.0694339
1675873547.2770474	21.5305163
1675873547.4154825	29.7975155
1675873547.5523317	30.4291398
1675873547.6911235	34.2114289
1675873547.833034	37.1809089
1675873547.9719832	25.498935
1675873548.095026	22.526361299999998
1675873548.2290804	33.3471062
1675873548.362417	35.4376816
1675873548.5010314	32.3239734
1675873548.6372144	37.531705200000005
1675873548.7961454	25.162361800000003
1675873548.9382212	24.7241288
1675873549.0727928	32.4158227
1675873549.2105892	32.4281461
1675873549.3481514	30.6520449
1675873549.5068889	30.456853
1675873549.6305444	17.6381464
1675873549.7528539	14.5120398
1675873549.8766174	27.7860029
1675873550.017223	32.383736500000005
1675873550.141698	32.8712375
1675873550.2858188	38.4102474
1675873550.4337828	26.1611874
1675873550.55842	19.8700636
1675873550.698213	26.5539669
1675873550.8223565	27.635968100000003
1675873550.979231	31.058707599999998
1675873551.1222172	37.4317827
1675873551.266898	23.702112
1675873551.4083667	21.685864
1675873551.5474787	31.7762912
1675873551.6713233	31.4182289
1675873551.7944381	34.0713636
1675873551.917133	40.908236200000005
1675873552.0592818	32.8661908
1675873552.2021873	23.5796912
1675873552.3247023	26.1486343
1675873552.481965	21.3624276
1675873552.6181402	23.436473699999997
1675873552.7532387	38.999869399999994
1675873552.8808837	37.996312499999995
1675873553.0258317	24.975378199999998
1675873553.1482213	22.2203206
1675873553.273105	28.0958236
1675873553.420956	32.7643901
1675873553.54587	34.978676799999995
1675873553.7106574	25.565161999999997
1675873553.8504477	19.6689315
1675873553.9925678	30.049485599999997
1675873554.1483002	31.126165099999998
1675873554.2662404	27.1632095
1675873554.3883476	27.657753
1675873554.5500286	23.752276199999997
1675873554.6800354	20.896905
1675873554.8028114	30.1587757
1675873554.9478285	35.5797032
1675873555.0968163	32.379136599999995
1675873555.2219658	37.716418600000004
1675873555.3472383	40.408585699999996
1675873555.485923	29.696591
1675873555.6210337	28.4517691
1675873555.7808337	27.7093886
1675873555.9346118	23.9273545
1675873556.0763164	33.1490454
1675873556.199399	30.5767822
1675873556.3235762	17.7935161
1675873556.4471822	22.241779100000002
1675873556.5708754	29.2184262
1675873556.7119908	26.5342504
1675873556.8483891	31.677055699999997
1675873556.9866889	37.0683875
1675873557.119235	25.3020943
1675873557.2793317	22.6037999
1675873557.4070787	37.6295133
1675873557.5430775	31.464543300000003
1675873557.6824424	26.3124047
1675873557.8282247	28.7772237
1675873557.9482286	24.9734657
1675873558.0870743	23.4277357
1675873558.2282238	35.261908
1675873558.382632	31.1491011
1675873558.522957	31.353154699999997
1675873558.66136	31.0988946
1675873558.7943013	23.134400799999998
1675873558.937207	23.6217285
1675873559.0823016	30.926748800000002
1675873559.2251031	31.533897800000002
1675873559.3629727	34.9890991
1675873559.507485	29.744826200000002
1675873559.6644654	22.819815300000002
1675873559.8046718	27.9724181
1675873559.9317162	34.52507249999999
1675873560.0733485	36.130655999999995
1675873560.2096028	37.1402613
1675873560.3826797	32.5155279
1675873560.5019324	21.3368243
1675873560.6443248	22.6710025
1675873560.774001	34.3267114
1675873560.9201396	36.31720850000001
1675873561.0434575	37.7328763
1675873561.1872082	35.5293252
1675873561.3223593	28.1277767
1675873561.4610505	28.6844609
1675873561.6053963	33.848508200000005
1675873561.7338479	30.0085984
1675873561.8771644	32.204385699999996
1675873562.000591	35.118583699999995
1675873562.1238275	26.1743496
1675873562.2471497	17.4872874
1675873562.4035215	28.9330706
1675873562.5637877	27.9796401
1675873562.6849477	30.4801183
1675873562.8175578	33.4859572
1675873562.9582028	24.4402196
1675873563.0966501	26.2955574
1675873563.2465093	36.6668101
1675873563.3705215	32.7010729
1675873563.492911	30.1987303
1675873563.6162565	34.6146254
1675873563.7622967	27.876784299999997
1675873563.8898234	25.907699
1675873564.0345483	26.0891815
1675873564.1665146	26.668175299999998
1675873564.3215635	28.962915
1675873564.4822752	39.4359804
1675873564.6128101	26.1344112
1675873564.7560785	20.772272
1675873564.8793275	27.5457413
1675873565.0218837	26.5137277
1675873565.1657379	32.2437554
1675873565.3248878	39.8389865
1675873565.4442158	26.291282900000002
1675873565.5782216	24.0644551
1675873565.7243817	32.249057
1675873565.8712223	29.295421299999997
1675873566.0191755	29.5281989
1675873566.154363	35.6585227
1675873566.2833111	23.560485
1675873566.4074898	20.2242187
1675873566.5512254	30.9018595
1675873566.674965	31.3892571
1675873566.8076737	31.252175
1675873566.9501529	37.3412506
1675873567.0882032	21.6755204
1675873567.2330153	18.9455623
1675873567.3713799	31.753498400000005
1675873567.5158432	28.0613528
1675873567.6375346	29.8436314
1675873567.7602274	32.2954676
1675873567.896089	26.2713093
1675873568.0364573	18.6072035
1675873568.1903815	29.453891900000002
1675873568.3137164	27.879498700000003
1675873568.4373846	32.91652199999999
1675873568.5601933	32.9765694
1675873568.6827638	32.4345521
1675873568.8228173	20.8664148
1675873568.9575336	24.6960397
1675873569.0819778	34.174823700000005
1675873569.2304587	28.8717366
1675873569.3842065	36.092272799999996
1675873569.5072248	42.240916500000004
1675873569.6300256	20.8686966
1675873569.7523875	18.3914601
1675873569.8914776	39.2292461
1675873570.0295556	34.1124079
1675873570.1524777	32.3958281
1675873570.2722745	36.4790897
1675873570.3946607	32.9959669
1675873570.51697	24.878410600000002
1675873570.639862	26.157092400000003
1675873570.7803466	27.535509
1675873570.9031923	24.1995625
1675873571.047261	29.1590456
1675873571.1698399	34.6275946
1675873571.2935765	32.9853216
1675873571.433346	26.9250766
1675873571.5759795	25.8400459
1675873571.718005	24.3161439
1675873571.871401	29.6307086
1675873571.991944	38.516021499999994
1675873572.1345756	28.3131106
1675873572.2545693	22.4030741
1675873572.3868098	32.7600889
1675873572.5471842	31.2162814
1675873572.6660242	28.8361559
1675873572.7903948	34.611038900000004
1675873572.9001431	31.0483618
1675873573.0254521	24.3275922
1675873573.1641257	19.3595922
1675873573.3077307	21.097436300000002
1675873573.427029	28.0265052
1675873573.5668008	34.2251824
1675873573.6882257	40.5715134
1675873573.8114011	26.8706751
1675873573.9339912	27.2267723
1675873574.0563834	30.059228
1675873574.1782243	29.4491979
1675873574.3171353	26.983720299999998
1675873574.4564486	31.070456999999998
1675873574.611594	21.9585073
1675873574.7360682	20.7920312
1675873574.8767498	30.208026
1675873575.0110857	30.3282908
1675873575.154297	33.4289079
1675873575.292393	39.0233154
1675873575.436209	24.9588608
1675873575.5572367	19.1833724
1675873575.7172232	33.6217394
1675873575.8404498	35.7855294
1675873575.963002	36.6816965
1675873576.0982277	43.3362879
1675873576.240649	33.4627702
1675873576.3867438	29.358174599999998
1675873576.541248	35.571136
1675873576.6619973	31.442933999999997
1675873576.7835832	33.5762646
1675873576.9066062	43.1822269
1675873577.029651	43.318993299999995
1675873577.1518712	29.6696704
1675873577.275077	27.501745800000002
1675873577.414752	39.615231200000004
1675873577.537318	37.071369700000005
1675873577.659605	30.4349866
1675873577.7823505	37.8886544
1675873577.9193203	29.240984
1675873578.029793	21.6988844
1675873578.151243	27.4644131
1675873578.2905276	35.9424548
1675873578.4333935	32.693676499999995
1675873578.5670571	33.070032499999996
1675873578.7060478	32.627154
1675873578.843197	21.414494400000002
1675873578.9769356	25.8333025
1675873579.1295228	31.2397252
1675873579.2810426	28.1123731
1675873579.4199755	36.3582114
1675873579.5413156	34.1478224
1675873579.6635883	22.0272589
1675873579.7878826	22.577417
1675873579.9282246	33.3619705
1675873580.066085	31.3798213
1675873580.2056751	31.887317499999998
1675873580.3282228	34.4229666
1675873580.4906137	27.5544622
1675873580.620859	26.1396292
1675873580.7605894	32.6356239
1675873580.898232	33.3139516
1675873581.0216343	36.3631935
1675873581.1755185	37.4827041
1675873581.3198295	20.714614
1675873581.4620624	20.6758874
1675873581.575374	37.444376500000004
1675873581.7007422	36.8457884
1675873581.8397274	35.071795699999996
1675873581.963258	39.4082304
1675873582.1200097	26.955371999999997
1675873582.2782183	17.7051847
1675873582.4007342	27.9200273
1675873582.5403283	28.9642755
1675873582.6813376	29.3439859
1675873582.818223	32.139940300000006
1675873582.9559102	22.0426155
1675873583.1149826	20.050736699999998
1675873583.2478554	34.0028743
1675873583.3692267	36.001201699999996
1675873583.5298398	32.4637442
1675873583.6582143	32.6926411
1675873583.8039117	22.3941573
1675873583.9271538	19.223586899999997
1675873584.074324	29.9276459
1675873584.199518	33.1502543
1675873584.3378663	34.5002211
1675873584.461713	39.368426400000004
1675873584.6016648	30.0027348
1675873584.7372239	21.6014314
1675873584.859788	26.8726658
1675873585.0050833	29.3155747
1675873585.1351554	34.4392736
1675873585.280929	37.350059300000005
1675873585.4037201	27.3632542
1675873585.539971	22.3865616
1675873585.663944	26.882003299999997
1675873585.776294	26.4231484
1675873585.920449	29.549557800000002
1675873586.060872	34.1238715
1675873586.197322	32.681214600000004
1675873586.3400097	27.729694499999997
1675873586.4625077	26.3573939
1675873586.5944126	31.1166214
1675873586.7347262	30.767395699999998
1675873586.8752143	35.2813042
1675873586.9969869	36.5304147
1675873587.1668375	24.356084600000003
1675873587.2905266	27.175234699999997
1675873587.4139578	30.5907733
1675873587.536362	28.7533424
1675873587.6775885	35.319064
1675873587.8039005	41.7963606
1675873587.9282162	28.0738671
1675873588.0906813	23.3249756
1675873588.244465	35.1116689
1675873588.3667233	31.3829527
1675873588.4892197	30.117330000000003
1675873588.611672	33.5987981
1675873588.7343717	33.111502
1675873588.8582208	29.782552199999998
1675873588.9959714	24.513692600000002
1675873589.118227	22.543419200000002
1675873589.2622035	22.4502947
1675873589.3846772	31.829990199999997
1675873589.5080369	32.5855803
1675873589.6304235	21.3750718
1675873589.7658908	22.841072
1675873589.9072554	32.061775
1675873590.06202	27.1587043
1675873590.2228963	30.1264501
1675873590.375654	37.6136618
1675873590.4980896	26.349521
1675873590.6546342	29.8227096
1675873590.790048	29.0636598
1675873590.911793	28.877445
1675873591.0342755	34.4032136
1675873591.1946182	37.9471794
1675873591.3526535	21.287978499999998
1675873591.4951143	25.8533307
1675873591.628222	29.878163999999998
1675873591.76823	35.5738512
1675873591.9250839	42.370185
1675873592.0457869	33.3336628
1675873592.188352	26.2647892
1675873592.3364298	28.8083338
1675873592.480992	24.6348703
1675873592.619732	29.0710071
1675873592.7668993	36.2333954
1675873592.9509413	22.1525177
1675873593.10822	24.0014048
1675873593.2650526	35.0598174
1675873593.4248564	27.7498283
1675873593.572088	28.994295
1675873593.7346797	22.972011000000002
1675873593.8893206	17.6064258
1675873594.027424	28.5783755
1675873594.1655104	26.041540700000002
1675873594.3223207	26.9394486
1675873594.4802	40.7776623
1675873594.6162148	29.739258500000002
1675873594.7557774	19.848229500000002
1675873594.8934643	29.8997147
1675873595.0509315	29.619772400000002
1675873595.2053468	34.310947500000005
1675873595.3267074	36.4589965
1675873595.4498115	26.5423927
1675873595.5910685	27.2481148
1675873595.7122064	35.5486346
1675873595.8349082	30.9209919
1675873595.958595	27.5859245
1675873596.0818667	32.6582925
1675873596.2238429	26.7815787
1675873596.346439	18.6829679
1675873596.4699595	24.0801372
1675873596.6102922	35.7878756
1675873596.7561073	33.0967542
1675873596.876934	33.9803286
1675873597.0202215	42.1658472
1675873597.176498	24.2336619
1675873597.3161492	22.8730714
1675873597.4743733	30.5093754
1675873597.6326196	30.2862085
1675873597.7616663	26.035752499999997
1675873597.9070828	24.4449776
1675873598.0285256	23.4286891
1675873598.1517568	29.5329374
1675873598.308091	30.1529367
1675873598.4471502	31.8495612
1675873598.5871594	40.9559561
1675873598.7196085	35.7291399
1675873598.8784351	27.243291799999998
1675873599.0133476	30.0786224
1675873599.1363273	27.770624599999998
1675873599.2782233	28.6545598
1675873599.4018102	35.7722827
1675873599.5253947	36.432456699999996
1675873599.6480665	19.5010763
1675873599.7809122	16.702506999999997
1675873599.9204357	33.3737212
1675873600.058221	29.8735439
1675873600.1918867	32.4301361
1675873600.333083	38.8639473
1675873600.4605489	26.0931411
1675873600.582062	18.7902447
1675873600.704566	33.8711688
1675873600.8369014	39.3622029
1675873600.9735825	37.0872202
1675873601.1145492	36.179871600000006
1675873601.2473838	25.1985534
1675873601.4011836	22.660236899999997
1675873601.5376198	33.923054699999994
1675873601.6597269	27.9786663
1675873601.7827382	32.9752419
1675873601.9417171	39.4164237
1675873602.0996857	26.3419544
1675873602.2514853	17.340972400000002
1675873602.409236	31.1896732
1675873602.5545006	32.6035944
1675873602.7107081	32.174644699999995
1675873602.850045	36.233616500000004
1675873602.9799223	25.0181274
1675873603.1010034	23.9830272
1675873603.24024	35.7276538
1675873603.3782136	36.7873031
1675873603.5108976	37.518855699999996
1675873603.6641858	41.585169
1675873603.8174982	24.010624800000002
1675873603.938041	23.2647098
1675873604.0605407	23.993590299999997
1675873604.2003834	28.0161221
1675873604.3382215	36.4214467
1675873604.4978187	38.473198700000005
1675873604.675377	23.841133600000003
1675873604.813012	26.8861017
1675873604.972348	32.336092099999995
1675873605.127366	30.2909598
1675873605.2865326	37.3300287
1675873605.409236	24.5006987
1675873605.5337067	19.4704263
1675873605.6718311	30.227079
1675873605.7914329	32.6029222
1675873605.914419	30.0278337
1675873606.0369194	35.2128839
1675873606.1593273	43.1802372
1675873606.282105	30.0837681
1675873606.430236	19.9227433
1675873606.5734222	29.237346000000002
1675873606.696331	31.207598400000002
1675873606.8182216	33.8723576
1675873606.957708	43.730368899999995
1675873607.0907233	35.8869063
1675873607.2300656	23.5864085
1675873607.3637712	28.0401341
1675873607.5204027	28.0362352
1675873607.6573827	29.7903315
1675873607.7879834	32.2420033
1675873607.9308755	22.249489699999998
1675873608.0756485	18.6503624
1675873608.2031574	30.9775938
1675873608.3426547	32.808098
1675873608.4792204	36.2411536
1675873608.6032972	39.5515541
1675873608.7439601	25.5962298
1675873608.8776152	18.610106000000002
1675873609.0181036	33.2197816
1675873609.2191772	31.5998705
1675873609.3558698	33.8446217
1675873609.5162663	33.8831241
1675873609.6511457	26.7300752
1675873609.7917242	26.2103887
1675873609.927095	34.452985
1675873610.1002402	26.511824100000002
1675873610.240993	35.7919167
1675873610.396182	32.7076873
1675873610.53247	24.718070700000002
1675873610.6742568	33.1557278
1675873610.807942	29.2665704
1675873610.9327652	28.3621718
1675873611.0882204	34.4509271
1675873611.2314115	28.6449494
1675873611.368221	22.058720899999997
1675873611.5095508	26.875988399999997
1675873611.6468341	31.7337246
1675873611.7835617	30.4324162
1675873611.9354799	37.812416199999994
1675873612.0976732	29.7044793
1675873612.220031	21.7165378
1675873612.3424482	25.538003800000002
1675873612.4982185	28.911998099999998
1675873612.6410546	32.066593999999995
1675873612.7791655	37.0107868
1675873612.9215395	25.1544284
1675873613.0439374	20.8776286
1675873613.2005782	30.5036853
1675873613.342911	31.0548507
1675873613.4673877	32.0921084
1675873613.6005957	35.4590705
1675873613.7402003	24.5689421
1675873613.8818386	15.947238700000002
1675873614.01754	32.1476025
1675873614.1521173	32.5517009
1675873614.294506	28.466068600000003
1675873614.4413724	33.563533899999996
1675873614.6045644	25.6182509
1675873614.746769	24.066773100000002
1675873614.8829405	33.950186
1675873615.0098095	28.7318402
1675873615.1544764	30.0149078
1675873615.2930276	39.7417293
1675873615.4495409	24.8180478
1675873615.5927625	24.3143226
1675873615.730711	32.0088154
1675873615.8721652	30.361414
1675873616.006544	35.0135459
1675873616.1418862	39.836929700000006
1675873616.2671382	31.6569036
1675873616.4057405	25.1531029
1675873616.5626361	34.7781575
1675873616.6882179	35.691403099999995
1675873616.8270495	34.8208982
1675873616.981968	35.0998987
1675873617.1082263	28.6671902
1675873617.2540786	20.5735907
1675873617.3923223	32.2401829
1675873617.5559971	29.276805
1675873617.6942024	27.512429
1675873617.822804	33.808065
1675873617.9682271	24.2809218
1675873618.0934117	20.865378
1675873618.236169	28.7324485
1675873618.396348	26.851265199999997
1675873618.55443	27.6019498
1675873618.7126198	27.9741142
1675873618.8513744	22.7975448
1675873619.0108216	30.6071768
1675873619.1673198	35.042601
1675873619.3055413	33.6203725
1675873619.4716046	37.585256900000005
1675873619.6211276	29.3854351
1675873619.757194	25.8365878
1675873619.9179084	35.894283800000004
1675873620.0599327	30.3368869
1675873620.1947606	32.538768000000005
1675873620.3404746	37.7668349
1675873620.4783876	24.1659248
1675873620.633583	28.026960900000002
1675873620.794119	31.6296682
1675873620.922177	27.691749299999998
1675873621.064806	34.792825300000004
1675873621.2082217	34.0399861
1675873621.3570814	27.0967655
1675873621.482568	31.8155715
1675873621.6212678	32.8782841
1675873621.7692246	27.5562585
1675873621.9003015	33.055038100000004
1675873622.0382214	28.355559999999997
1675873622.187044	21.3145052
1675873622.338433	32.7950928
1675873622.4947553	35.995188
1675873622.6382244	34.9470059
1675873622.774487	37.9212989
1675873622.9294472	27.7400695
1675873623.067541	24.052298
1675873623.2226555	35.8948194
1675873623.3476326	36.0616613
1675873623.4919884	37.1479009
1675873623.6244779	37.4171806
1675873623.7813838	24.4237148
1675873623.939422	25.4677541
1675873624.084234	32.5979428
1675873624.2446566	37.273633000000004
1675873624.3813472	40.2101666
1675873624.5396469	35.826963400000004
1675873624.6682138	24.4763663
1675873624.7956731	27.4337181
1675873624.9719222	31.550291100000003
1675873625.10369	30.715602
1675873625.2412944	36.2016956
1675873625.3870196	27.41337
1675873625.520624	21.5221478
1675873625.6630208	30.5524338
1675873625.820793	29.3083691
1675873625.9822989	27.3785048
1675873626.1099868	36.1842245
1675873626.2566478	20.9393116
1675873626.4027238	18.6763859
1675873626.555295	33.565697300000004
1675873626.6793323	34.840879900000004
1675873626.8249538	33.469949
1675873626.955692	37.535849000000006
1675873627.1193802	26.2031354
1675873627.255532	23.6532972
1675873627.388226	28.5992448
1675873627.5282228	22.0263632
1675873627.6656241	28.3675502
1675873627.8250234	38.2198075
1675873627.9643908	24.0828329
1675873628.096893	26.626130800000002
1675873628.2508535	33.190532600000004
1675873628.3879204	34.880563699999996
1675873628.511538	39.6806572
1675873628.650133	43.305389
1675873628.789794	28.640244799999998
1675873628.9304512	21.3968379
1675873629.065971	30.7028824
1675873629.2022455	30.1260364
1675873629.3518412	28.825702000000003
1675873629.495967	32.949588600000006
1675873629.6280756	25.0091991
1675873629.7615752	21.497455
1675873629.919499	30.2400516
1675873630.0516312	29.9702177
1675873630.1779456	31.1418139
1675873630.3027236	38.080181499999995
1675873630.4343708	28.2144286
1675873630.5956092	19.761142
1675873630.733853	25.6635654
1675873630.8612194	25.1239194
1675873631.003728	27.9240919
1675873631.1629457	35.3051131
1675873631.3158898	24.5936643
1675873631.478227	31.325261799999996
1675873631.6322172	34.5340405
1675873631.7998366	30.4351761
1675873631.9514816	36.5839284
1675873632.0758455	28.7001274
1675873632.2322078	24.729777000000002
1675873632.398213	35.8231756
1675873632.555423	33.1889437
1675873632.8276584	32.683151200000005
1675873632.9561691	19.6716153
1675873633.0813003	21.8609658
1675873633.2354617	32.9014843
1675873633.3568187	29.7346121
1675873633.4895418	28.6821681
1675873633.633913	36.4462286
1675873633.7575636	18.965510599999998
1675873633.901565	12.482679300000001
1675873634.0754786	29.797220499999998
1675873634.2093265	22.3466756
1675873634.3516889	27.7195079
1675873634.4750211	34.6633492
1675873634.621569	27.3977058
1675873634.7471988	21.9535958
1675873634.8844268	33.8141867
1675873635.031432	32.9469097
1675873635.156947	30.4934552
1675873635.3023453	40.6696209
1675873635.4358017	24.2686152
1675873635.5849514	16.9097823
1675873635.7256668	28.239341500000002
1675873635.873005	30.1452878
1675873636.033167	36.4198386
1675873636.155975	38.0554086
1675873636.2774816	30.443459700000002
1675873636.4018106	24.9011611
1675873636.5558405	34.6383994
1675873636.6796603	34.2922854
1675873636.8817742	35.1753936
1675873637.0045674	33.8722576
1675873637.1493845	27.1181318
1675873637.2911112	30.4982841
1675873637.4283595	33.315714500000006
1675873637.5741992	29.4223067
1675873637.7005312	35.7842045
1675873637.8399296	37.7626159
1675873637.972142	21.3254838
1675873638.10822	24.7910229
1675873638.2699995	31.1209548
1675873638.405746	32.6677414
1675873638.5521028	36.095622299999995
1675873638.6890159	32.4017433
1675873638.8192122	25.326016900000003
1675873638.9436455	28.8823267
1675873639.0817082	34.460976599999995
1675873639.223522	27.979262000000002
1675873639.3803391	32.1198202
1675873639.5221648	33.0639862
1675873639.677375	24.4449748
1675873639.820464	34.2499381
1675873639.9446485	33.2485062
1675873640.099229	30.735849299999998
1675873640.2358854	39.314766
1675873640.3718312	30.9328836
1675873640.5112662	23.4337736
1675873640.6677566	31.393960999999997
1675873640.8023922	32.1199889
1675873640.938227	32.3171836
1675873641.0758142	36.0204739
1675873641.2357316	24.9656089
1675873641.3954985	17.8848327
1675873641.536016	26.208326
1675873641.6682193	28.4112591
1675873641.805806	27.8455931
1675873641.9658046	37.4910025
1675873642.112919	24.792151500000003
1675873642.2725341	24.7962648
1675873642.4075606	30.9684998
1675873642.5702436	27.6335429
1675873642.706347	32.3307214
1675873642.8368547	37.9560848
1675873642.9965413	23.1681496
1675873643.1518557	33.6746584
1675873643.2998254	33.9107553
1675873643.4457095	35.8798441
1675873643.595587	41.359693400000005
1675873643.7201805	32.976465000000005
1675873643.8661017	25.8176235
1675873643.9966288	27.5249008
1675873644.158224	31.7570245
1675873644.2999005	35.3870862
1675873644.461073	37.985336600000004
1675873644.6022112	23.795127400000002
1675873644.7417755	20.6262162
1675873644.866478	29.1523157
1675873644.9995744	30.3623535
1675873645.1453762	26.5742137
1675873645.2864625	33.4164655
1675873645.446191	21.483436
1675873645.604669	22.492186
1675873645.7282186	33.7319901
1675873645.8747737	28.344423
1675873646.0092747	28.305374399999998
1675873646.1737168	34.4701978
1675873646.3166275	22.114003
1675873646.4408967	24.1021337
1675873646.5847402	35.418835
1675873646.731487	34.419023200000005
1675873646.8773348	37.109944999999996
1675873647.03822	31.5091949
1675873647.1730406	21.5634135
1675873647.3335147	28.178645200000002
1675873647.5157046	27.9451404
1675873647.6530187	22.266239
1675873647.7960281	29.3148956
1675873647.9371846	21.997066
1675873648.0682254	17.206092199999997
1675873648.227924	29.4981833
1675873648.3764853	27.7290141
1675873648.504361	32.821966
1675873648.6647267	37.2835957
1675873648.7929482	26.8069293
1675873648.9512343	28.423561399999997
1675873649.0868034	35.1944931
1675873649.2220073	28.6273997
1675873649.3498948	30.2063749
1675873649.4882224	35.398052899999996
1675873649.6422338	21.1274683
1675873649.7850742	23.615505799999998
1675873649.9240613	28.7034126
1675873650.0748708	32.4846097
1675873650.2112863	34.1373538
1675873650.355356	31.0414296
1675873650.5145504	23.2722046
1675873650.6512043	27.687490200000003
1675873650.794605	28.6880274
1675873650.9535217	29.629974100000002
1675873651.1092737	35.8097685
1675873651.2455337	30.004227800000002
1675873651.3998222	24.0219142
1675873651.5382152	32.9374065
1675873651.678652	25.0221714
1675873651.828215	23.2117563
1675873651.9897714	35.4680417
1675873652.1192412	26.5455322
1675873652.2617664	23.4463526
1675873652.3950768	25.7489818
1675873652.5300398	33.123109
1675873652.6739743	43.236179299999996
1675873652.7976503	43.326554099999996
1675873652.9202466	34.388800999999994
1675873653.0444305	24.1355535
1675873653.1848052	25.642298399999998
1675873653.326265	28.6390982
1675873653.481603	31.6104931
1675873653.6417928	39.3294777
1675873653.764269	29.3941507
1675873653.8874173	23.4720388
1675873654.010076	29.227043899999998
1675873654.1426728	30.9916157
1675873654.2822733	27.9717204
1675873654.423627	26.7553177
1675873654.5611057	24.161954400000003
1675873654.7207873	20.2764579
1675873654.8402636	35.386663399999996
1675873654.963886	32.188288299999996
1675873655.1074543	28.9614224
1675873655.2299373	33.2020761
1675873655.3542988	28.6148666
1675873655.4982235	19.075411
1675873655.662123	29.4465761
1675873655.7841945	32.1502908
1675873655.9243748	29.2574175
1675873656.0454953	35.5591364
1675873656.1782207	35.998676100000004
1675873656.3179984	27.513792499999997
1675873656.4395084	25.6578586
1675873656.581338	28.437748999999997
1675873656.7263963	27.664904600000003
1675873656.8489523	31.404233599999998
1675873656.971186	33.2966051
1675873657.1145144	22.112163
1675873657.2733517	21.1052449
1675873657.4281347	29.6727227
1675873657.5490146	27.9283012
1675873657.6862643	27.7722114
1675873657.8282218	33.9094529
1675873657.965752	25.3058975
1675873658.102144	27.394011
1675873658.2582173	40.1634778
1675873658.3997388	36.9218222
1675873658.557084	39.351793900000004
1675873658.698345	32.7084453
1675873658.8411062	26.3902019
1675873658.9645462	33.339447799999995
1675873659.1179454	36.1418026
1675873659.2414975	30.7340607
1675873659.3962042	32.4626687
1675873659.5559955	30.8580202
1675873659.679827	22.4064141
1675873659.803477	25.2367686
1675873659.9439921	31.712317900000002
1675873660.0665834	30.1514114
1675873660.1915772	29.7325568
1675873660.336151	27.9076854
1675873660.4806173	23.5106955
1675873660.593179	29.0931731
1675873660.718221	36.4466782
1675873660.8575413	32.105056
1675873660.9811637	36.245007099999995
1675873661.1221683	44.4246638
1675873661.2555444	31.279518200000002
1675873661.4130769	26.1833136
1675873661.546321	33.3882888
1675873661.7136438	30.761166799999998
1675873661.8670075	29.3938633
1675873662.003417	31.296283600000002
1675873662.1592293	22.037346799999998
1675873662.3036363	25.227888
1675873662.4424129	27.2184812
1675873662.5824773	30.6845736
1675873662.7222602	38.1048425
