Time (s)\Voltage (mV)
1676665874.6295981	2.1084592900000003
1676665874.7562337	2.10566076
1676665874.8928373	2.12392067
1676665875.0295908	2.0838853999999998
1676665875.1665804	2.1127941
1676665875.3270466	2.1260151400000002
1676665875.4434762	2.04122587
1676665875.5809686	1.97471634
1676665875.7168314	1.9934792199999998
1676665875.839374	1.9843479300000002
1676665875.9950347	1.94459896
1676665876.134167	1.94845861
1676665876.2700958	2.11752237
1676665876.4273114	2.09893376
1676665876.5853825	2.05690108
1676665876.743953	1.9964395799999999
1676665876.885925	1.9841606799999998
1676665877.0066574	1.9713911300000002
1676665877.1182928	2.01960054
1676665877.2676783	2.01368764
1676665877.4222474	2.03643302
1676665877.5374765	2.03893127
1676665877.6611817	2.0177747100000003
1676665877.8036897	1.9631070700000002
1676665877.935034	1.9184082900000001
1676665878.0906484	1.9412866599999998
1676665878.2314863	2.0697290799999997
1676665878.3491118	2.1519606099999997
1676665878.4719484	2.07703727
1676665878.6299753	1.98483422
1676665878.746524	2.07428485
1676665878.883301	2.05765827
1676665879.0408077	2.05366772
1676665879.1938133	1.9820378300000001
1676665879.355096	1.9670134799999999
1676665879.5079453	2.04657997
1676665879.649352	2.10347131
1676665879.7877772	2.10085402
1676665879.9444082	2.06281564
1676665880.0905983	2.03605665
1676665880.2182899	2.00219595
1676665880.3622806	1.9351856
1676665880.5012405	1.9778145999999999
1676665880.6536157	1.99881579
1676665880.795679	1.9583590999999998
1676665880.9426146	1.99232328
1676665881.0816329	2.04892025
1676665881.2354314	2.0241045200000003
1676665881.3816166	2.06578652
1676665881.5583038	2.0126942899999998
1676665881.6705728	2.08452044
1676665881.8138154	2.02884309
1676665881.9682941	2.02289266
1676665882.1271746	2.076179
1676665882.2740471	2.12551394
1676665882.3970625	2.09384478
1676665882.5195572	2.1090123
1676665882.6393962	2.0847596
1676665882.7611272	2.0132219100000004
1676665882.913848	2.00750356
1676665883.036866	2.11191202
1676665883.1542413	2.04695914
1676665883.2893033	2.04428877
1676665883.4472327	2.09974733
1676665883.5909793	2.0809072399999997
1676665883.7362683	2.09622169
1676665883.8746464	1.99205824
1676665884.0122828	1.9863593000000002
1676665884.154012	2.0492739999999996
1676665884.2944384	2.04128701
1676665884.4119256	2.0556534199999996
1676665884.5533283	1.97763285
1676665884.7082996	2.003913
1676665884.869945	1.89255455
1676665885.0034878	1.8620554200000001
1676665885.1265886	1.9935129900000002
1676665885.2663124	2.01924724
1676665885.402987	1.82315958
1676665885.5405047	1.91990066
1676665885.7004366	1.9954047400000001
1676665885.854124	2.0497018500000004
1676665885.9966214	1.9640894899999999
1676665886.118298	1.9845972199999997
1676665886.2433615	2.0277071799999997
1676665886.3667116	2.0798765699999997
1676665886.5073287	2.06699817
1676665886.6548188	2.09413198
1676665886.7782936	2.0443911299999997
1676665886.94108	1.9837124599999998
1676665887.079781	1.9662906699999998
1676665887.2005196	2.05171161
1676665887.323973	1.9910602899999998
1676665887.4452941	1.9737108300000001
1676665887.5670729	1.99955338
1676665887.7129748	2.03806416
1676665887.8380964	2.0881648200000003
1676665887.9754598	2.08771546
1676665888.1074615	2.0388138
1676665888.2660992	2.06389174
1676665888.3904247	2.07511
1676665888.5376284	2.1421284
1676665888.6621332	2.00759936
1676665888.8242972	1.97081198
1676665888.978292	2.04649301
1676665889.1209233	2.0535646799999996
1676665889.2443833	2.09267496
1676665889.368295	1.93127593
1676665889.5012262	2.04128738
1676665889.6372385	2.05311856
1676665889.7928786	2.03081085
1676665889.9234207	2.1154409
1676665890.0857854	2.10418081
1676665890.2182899	2.05127518
1676665890.3795683	2.05774146
1676665890.541455	2.00263626
1676665890.6777503	2.01213809
1676665890.81326	2.02405772
1676665890.9452677	2.01581495
1676665891.0906768	1.98374952
1676665891.2370985	1.9856472000000003
1676665891.3607283	1.95584248
1676665891.5182948	2.06023918
1676665891.646226	1.9462302
1676665891.7720785	1.87728355
1676665891.9098227	1.95443123
1676665892.0661554	2.0013167999999997
1676665892.206996	1.92814006
1676665892.3878646	1.9802885600000002
1676665892.524837	2.0337304300000003
1676665892.6710508	1.9806966199999998
1676665892.795297	1.92389963
1676665892.941279	1.93783546
1676665893.0782945	1.9663763200000002
1676665893.2060618	2.04474332
1676665893.338293	2.0116821199999997
1676665893.4713423	1.8681182299999999
1676665893.6162016	1.93260838
1676665893.7734709	2.03802555
1676665893.9263883	2.03204455
1676665894.0583055	1.9332062700000001
1676665894.198295	1.95527548
1676665894.3363197	1.94459926
1676665894.4914348	1.9761756400000001
1676665894.6334429	1.98415728
1676665894.771405	2.01435507
1676665894.8965917	1.9504676300000001
1676665895.0393226	1.99826846
1676665895.1725516	2.05470189
1676665895.3282936	1.9690112000000002
1676665895.4848292	1.91529533
1676665895.616496	1.9559220599999998
1676665895.769819	1.96157275
1676665895.917536	1.95729747
1676665896.0744994	1.92888851
1676665896.205377	1.96031371
1676665896.3307593	1.9949149300000002
1676665896.467189	2.02535307
1676665896.6373367	1.97092069
1676665896.7819173	1.97994024
1676665896.9279647	2.01187111
1676665897.0864768	1.9462387700000001
1676665897.2394583	1.99134083
1676665897.377418	2.0021832099999997
1676665897.5004463	1.9754633300000002
1676665897.6462326	1.94768656
1676665897.7968569	1.94522906
1676665897.9216383	1.9804206899999999
1676665898.0528016	2.0080140799999997
1676665898.2103055	1.93039988
1676665898.3331022	1.95048081
1676665898.4767952	1.9428643300000001
1676665898.614322	1.87711455
1676665898.7514033	1.95834442
1676665898.8963046	2.00488374
1676665899.0518088	1.91080847
1676665899.2064729	1.9299885399999999
1676665899.321864	2.0716992999999997
1676665899.4472969	1.9980274199999999
1676665899.584687	1.92301124
1676665899.738529	2.00997013
1676665899.86319	2.03397672
1676665899.9982948	2.0265613300000003
1676665900.1418548	1.9693460600000001
1676665900.2753305	1.91168036
1676665900.4172294	1.95157464
1676665900.5643277	1.9363089699999998
1676665900.7147553	1.9865308499999998
1676665900.8547277	2.00443151
1676665900.9866974	2.06457454
1676665901.115869	2.0891218499999997
1676665901.2765746	1.98761235
1676665901.427895	1.86155974
1676665901.5512238	1.95118045
1676665901.6973042	1.9803020599999999
1676665901.8237405	2.13345473
1676665901.968266	2.07711027
1676665902.1052783	2.00732007
1676665902.2582293	1.9767238500000002
1676665902.4177938	1.9023779299999999
1676665902.575886	1.91108562
1676665902.7504704	1.88437325
1676665902.8873396	1.87504783
1676665903.023894	1.99379873
1676665903.1556888	2.03064299
1676665903.2953134	1.9311312600000001
1676665903.4337378	1.9603034000000001
1676665903.5648272	1.9735596199999998
1676665903.7083416	1.93632337
1676665903.8311222	1.95516349
1676665903.9633665	1.9043361799999998
1676665904.1214504	1.95035412
1676665904.2707922	2.10381038
1676665904.4193509	2.02519395
1676665904.5748389	1.9893974499999998
1676665904.734506	1.94178585
1676665904.8879411	2.00371294
1676665905.0127935	2.06469092
1676665905.171849	2.01818608
1676665905.3058605	1.9149672899999999
1676665905.4509504	1.9681942
1676665905.582243	2.012842
1676665905.7407436	2.00874783
1676665905.8834326	2.06546157
1676665906.0256166	2.0487920699999997
1676665906.1604085	1.9820728099999998
1676665906.3155584	1.94767747
1676665906.4572673	1.88820415
1676665906.5936089	2.00167811
1676665906.7277722	2.02814811
1676665906.8866017	1.96762917
1676665907.0424032	1.91728984
1676665907.184706	1.85888897
1676665907.3073025	1.89042572
1676665907.429304	2.00293662
1676665907.5743139	1.97691383
1676665907.7313356	2.00237466
1676665907.8537517	2.0343431599999997
1676665908.0052476	2.0579616400000003
1676665908.1282942	2.06063863
1676665908.2641296	2.0223546
1676665908.407994	1.97778016
1676665908.5659537	2.0021117200000003
1676665908.7216415	1.96192143
1676665908.8637295	1.92857116
1676665908.9859915	2.02003813
1676665909.1069932	2.05055178
1676665909.2293015	2.05820741
1676665909.352738	1.9991839599999999
1676665909.507113	1.96089081
1676665909.641394	2.02408284
1676665909.7859993	1.97878236
1676665909.9415245	1.9529424
1676665910.082627	1.9851671399999997
1676665910.2208047	1.92082907
1676665910.3580132	1.90072383
1676665910.5114205	1.9611891299999997
1676665910.6553686	2.0178826900000004
1676665910.7771535	2.04343951
1676665910.8993566	1.9977685100000002
1676665911.0400093	1.96965391
1676665911.1830595	2.07816142
1676665911.305554	2.11552851
1676665911.4583611	1.9864000899999998
1676665911.6173246	2.02030802
1676665911.7557323	2.03399559
1676665911.8813095	1.9790570799999998
1676665912.0228882	2.01485411
1676665912.1675487	1.9567036399999997
1676665912.3201005	1.84990775
1676665912.4577906	1.9119201700000001
1676665912.584349	2.1022200900000003
1676665912.714131	2.16596425
1676665912.8684149	2.03719397
1676665913.04151	2.08172124
1676665913.1793518	2.06061826
1676665913.3141985	1.98428664
1676665913.4577367	1.9540319800000001
1676665913.578627	1.9890332700000002
1676665913.7156596	2.01004724
1676665913.875514	2.05050834
1676665914.0094237	2.05214703
1676665914.145069	1.98532262
1676665914.2882988	1.96157929
1676665914.432159	2.05649579
1676665914.584264	2.0415250300000003
1676665914.7271037	1.9775140599999999
1676665914.8508663	2.04157103
1676665915.0072696	2.06221029
1676665915.1709507	2.0903962000000003
1676665915.3455837	2.0374846100000004
1676665915.4829154	1.9979270700000002
1676665915.6217065	2.03511881
1676665915.7744386	2.04764385
1676665915.897549	2.06716605
1676665916.0291157	2.04320395
1676665916.1882987	2.09858376
1676665916.3420215	2.07243924
1676665916.49829	2.01360509
1676665916.6328576	2.0150116
1676665916.7726235	1.9766337399999998
1676665916.9160993	1.9740614899999998
1676665917.0732741	1.9554873899999998
1676665917.2164953	1.99658502
1676665917.34957	2.05756513
1676665917.4727511	2.10809107
1676665917.6104136	2.0270536200000002
1676665917.7503076	2.02176273
1676665917.8826997	2.04116535
1676665918.0237617	2.0356471
1676665918.1549833	2.02032888
1676665918.3122952	2.02924462
1676665918.4344032	2.13787921
1676665918.557173	2.08782568
1676665918.7119331	1.9465738399999999
1676665918.849614	1.9182024
1676665919.003579	1.92468477
1676665919.128244	2.01859956
1676665919.2717805	1.9574874699999998
1676665919.4275274	2.010354
1676665919.5514638	1.9654507300000001
1676665919.6877503	1.9834339599999997
1676665919.8400307	2.08753315
1676665920.0007234	2.05278981
1676665920.1380272	1.9692482400000002
1676665920.296354	1.94160231
1676665920.4323845	1.93607066
1676665920.587276	2.00880041
1676665920.7221725	2.00689737
1676665920.8482962	2.01727377
1676665920.9953642	1.98202102
1676665921.132782	1.97986541
1676665921.2923374	2.04827698
1676665921.4157982	1.93002531
1676665921.561083	1.9484637999999999
1676665921.6907258	1.9597743300000001
1676665921.8550215	2.02902189
1676665921.9850893	2.09904856
1676665922.1159482	2.0988807200000004
1676665922.256466	1.89849935
1676665922.4100604	1.9905019400000001
1676665922.551852	2.07971458
1676665922.683416	2.02458574
1676665922.837562	1.9361994100000002
1676665922.9739125	2.0622997400000003
1676665923.1247091	2.13272965
1676665923.2682943	2.02323392
1676665923.3913856	1.9587603599999999
1676665923.5271647	1.94408936
1676665923.6699965	1.97131972
1676665923.791868	2.0431386000000002
1676665923.9382904	2.04427041
1676665924.0643342	1.9073731
1676665924.2042706	1.90738276
1676665924.3497791	1.99902026
1676665924.4841404	1.9896900100000001
1676665924.639919	2.06183641
1676665924.7704866	2.00290411
1676665924.9164262	1.92107999
1676665925.0483003	2.0060742499999997
1676665925.202819	2.1370071
1676665925.3477166	2.13922276
1676665925.503605	2.0428509700000004
1676665925.6454449	1.9970040699999998
1676665925.7896023	2.02012538
1676665925.946314	1.97002142
1676665926.0697088	1.98722814
1676665926.2001855	1.95422761
1676665926.3570695	1.83533797
1676665926.4952195	1.9907358400000001
1676665926.658299	1.96511736
1676665926.7820864	2.05764012
1676665926.919833	2.00534196
1676665927.0546348	1.96148982
1676665927.1802404	1.9303927699999999
1676665927.3231826	1.87482581
1676665927.4694686	1.9601385500000001
1676665927.5959513	1.92865809
1676665927.7737947	1.98100826
1676665927.906983	2.08385488
1676665928.0592978	2.0138212199999996
1676665928.2146866	1.90549925
1676665928.3715296	1.91717497
1676665928.5282958	1.98761094
1676665928.6790032	2.04184274
1676665928.8109028	1.93465379
1676665928.94768	1.87080865
1676665929.0842075	2.05988013
1676665929.242286	1.92343765
1676665929.378526	1.91566245
1676665929.5069995	1.91185421
1676665929.651916	1.9611763500000001
1676665929.8058128	1.9558902799999998
1676665929.964406	2.0222325999999997
1676665930.102209	1.97903304
1676665930.2603264	1.9550087299999999
1676665930.4042737	2.05262238
1676665930.5357313	2.07010265
1676665930.6613142	2.00782109
1676665930.8216507	1.9490254900000001
1676665930.9482925	1.91427516
1676665931.0943213	1.88983046
1676665931.2506995	1.9191751400000001
1676665931.3814673	1.97496463
1676665931.5335004	1.95228946
1676665931.6897724	2.02857171
1676665931.8446302	2.10789808
1676665931.9987724	2.0059093999999997
1676665932.1493104	2.09595537
1676665932.2731483	2.01487341
1676665932.4156337	1.9566366000000002
1676665932.548041	1.8846355499999998
1676665932.7051356	2.02841191
1676665932.8586438	2.00369031
1676665933.0174825	1.97852215
1676665933.1545746	2.0994886100000003
1676665933.292154	2.13982306
1676665933.4295807	2.09111929
1676665933.579757	2.03034896
1676665933.7065122	1.94050373
1676665933.8429146	1.93250279
1676665933.9924283	2.0164442499999997
1676665934.1193001	1.85353638
1676665934.2613533	1.86344358
1676665934.412497	1.9879039500000002
1676665934.5395877	1.9597406099999999
1676665934.6763654	2.00724432
1676665934.8183062	2.09887839
1676665934.9517288	1.98766372
1676665935.0966227	1.9484859700000001
1676665935.2416608	2.0440772799999998
1676665935.3665345	1.95441515
1676665935.5036445	1.8966562100000002
1676665935.6406476	1.92478631
1676665935.797568	1.8135716
1676665935.9587786	1.91351765
1676665936.116739	1.99279671
1676665936.2624571	2.0007220400000003
1676665936.4283004	1.9864108600000001
1676665936.5835178	1.95348106
1676665936.7283037	1.89316756
1676665936.8741424	1.96965291
1676665937.0206094	1.96079402
1676665937.1560717	1.92792052
1676665937.3126748	1.9844938799999998
1676665937.4691687	1.9941885799999999
1676665937.6327367	1.96284109
1676665937.7883	1.9380275200000001
1676665937.9473321	1.85857634
1676665938.096283	1.95946773
1676665938.248232	1.9428776300000001
1676665938.38576	2.02743898
1676665938.5132573	1.99428664
1676665938.6582944	1.9850668800000002
1676665938.8198855	1.9131865899999998
1676665938.9824955	1.90175384
1676665939.1210847	1.87059946
1676665939.2765684	1.96824887
1676665939.4500203	1.9251518
1676665939.6272414	2.0067319
1676665939.7850153	2.05731005
1676665939.931971	2.01826882
1676665940.0819147	2.02726391
1676665940.2363744	1.98278771
1676665940.3801858	1.97837891
1676665940.5393515	1.9658796299999999
1676665940.6757457	1.9469081799999999
1676665940.813094	1.91761182
1676665940.9672143	1.93590227
1676665941.1305146	1.93144951
1676665941.2672808	1.91022111
1676665941.4250867	1.91734532
1676665941.5606642	2.06518107
1676665941.7182918	2.04817326
1676665941.8736	1.98397025
1676665942.0302927	1.92775951
1676665942.206836	1.94701257
1676665942.3463805	1.8961826800000001
1676665942.5003495	1.89069501
1676665942.6377397	1.95218173
1676665942.7744849	1.98977182
1676665942.9323056	1.93152601
1676665943.079298	1.95598031
1676665943.2072973	1.9893760899999997
1676665943.353704	2.02136482
1676665943.5071385	2.12494641
1676665943.665291	2.01802631
1676665943.8125696	1.94258769
1676665943.9615932	2.0018861
1676665944.1163952	1.9487694
1676665944.2741125	2.08693643
1676665944.4235864	2.06001109
1676665944.5721076	1.97187807
1676665944.708488	2.0495918100000003
1676665944.8668714	2.11298581
1676665945.0238519	2.02339749
1676665945.1677852	1.94864904
1676665945.3048978	2.06751709
1676665945.455087	1.91152121
1676665945.581646	1.89660359
1676665945.718299	1.8825471299999998
1676665945.8672256	1.8919851300000001
1676665946.0168133	2.00173316
1676665946.1712992	2.0734803800000003
1676665946.3282957	2.09267906
1676665946.4744933	2.03403139
1676665946.621307	1.99767443
1676665946.764669	2.02153189
1676665946.9178224	2.0571304
1676665947.0552654	1.96210648
1676665947.1917336	1.97346039
1676665947.3488905	2.0680842900000003
1676665947.5006764	2.04924262
1676665947.641084	1.9405864
1676665947.8019412	1.83974182
1676665947.936208	1.9155691000000001
1676665948.0958843	1.9739097399999999
1676665948.2373192	2.1172915
1676665948.3960307	1.98635967
1676665948.5614748	1.9642824599999997
1676665948.6966808	2.09850737
1676665948.8553073	2.08540854
1676665948.9912605	2.06605799
1676665949.1381967	1.95005282
1676665949.2651095	1.9625832
1676665949.4037457	1.9821595
1676665949.5406442	1.99873189
1676665949.6843128	2.00950025
1676665949.8273041	1.9677813100000001
1676665949.9745677	2.09337622
1676665950.103276	2.0162930799999996
1676665950.2660382	1.9376254
1676665950.3992991	1.98442449
1676665950.5603404	2.01466083
1676665950.7191129	2.08305936
1676665950.857326	1.9792414100000002
1676665950.9960492	1.94579861
1676665951.1282988	1.9111015199999999
1676665951.2711213	1.9776946100000001
1676665951.418118	1.94872535
1676665951.5782948	1.89200781
1676665951.7151763	1.94322213
1676665951.8500183	1.9423304000000001
1676665952.0039263	1.87829239
1676665952.1451166	2.0691420099999998
1676665952.307245	1.9884570700000002
1676665952.433691	1.98406811
1676665952.578298	1.99336562
1676665952.7114294	1.9880978000000002
1676665952.8647711	2.04886058
1676665953.0013664	2.0245939699999997
1676665953.1377301	1.9445629199999999
1676665953.2951093	2.01625646
1676665953.428907	2.04720641
1676665953.5925403	2.0328539699999997
1676665953.7481143	2.02229956
1676665953.906612	2.03806334
1676665954.0720503	2.00457698
1676665954.2028565	1.96600888
1676665954.346196	2.07267736
1676665954.4769056	2.06045531
1676665954.6347396	1.94595804
1676665954.7930934	2.0343779
1676665954.9512246	1.9691977800000002
1676665955.1030226	1.89965927
1676665955.226584	1.93184046
1676665955.388301	1.9730874999999999
1676665955.513791	2.0314227600000003
1676665955.6708975	2.13706007
1676665955.8054883	2.07899718
1676665955.9680505	1.9088838
1676665956.1259766	1.91783758
1676665956.2835624	1.97525808
1676665956.459311	1.9667053799999998
1676665956.59753	1.8051940199999998
1676665956.7515092	1.9111584400000001
1676665956.889405	2.06085099
1676665957.054503	2.19016668
1676665957.1883023	2.12637268
1676665957.3473084	2.01183144
1676665957.4807734	1.9979186999999998
1676665957.6565573	2.0743749400000002
1676665957.813487	2.07692138
1676665957.9594333	1.94000585
1676665958.1251159	2.01727985
1676665958.280165	1.99278965
1676665958.4179714	1.89137614
1676665958.5544386	1.8978397200000001
1676665958.7120311	1.9255745800000001
1676665958.8824291	1.91377723
1676665959.0406384	1.92479385
1676665959.1774046	1.92915921
1676665959.3110902	1.8922373000000001
1676665959.4709985	1.89036536
1676665959.6211236	2.0063340100000002
1676665959.7822802	2.08286589
1676665959.9189737	2.03513148
1676665960.0574846	1.9869510100000003
1676665960.2055802	1.95597317
1676665960.356115	2.00799503
1676665960.513932	2.04960941
1676665960.677874	2.0422262
1676665960.8158376	2.0204004700000002
1676665960.9582994	1.95214939
1676665961.1231368	1.91320003
1676665961.2562509	1.88979298
1676665961.397504	1.8812392100000002
1676665961.5354273	1.8873848199999999
1676665961.7144394	1.8910182400000002
1676665961.8682952	1.89712042
1676665961.998299	2.09243832
1676665962.1365535	1.9935792899999998
1676665962.2815156	1.9466047400000002
1676665962.442673	1.9720654399999997
1676665962.5783	1.9864522000000002
1676665962.7357433	2.0107600999999997
1676665962.878303	1.96137859
1676665963.0362823	1.99645377
1676665963.173775	1.9935705200000002
1676665963.3258944	2.0868179799999997
1676665963.4839292	1.9837748599999998
1676665963.642154	2.02726118
1676665963.7793164	1.9406365499999998
1676665963.9393055	1.8998334799999999
1676665964.0767083	1.8366582699999998
1676665964.2314298	1.90432432
1676665964.3973677	1.95507122
1676665964.5268226	1.9847622200000001
1676665964.6915236	2.0046137600000002
1676665964.8471332	1.8953697500000002
1676665964.9853017	1.88412845
1676665965.1372666	1.98748959
1676665965.2787538	1.9813134099999998
1676665965.434405	1.9488732
1676665965.5718813	1.9347009199999998
1676665965.7305863	1.96868544
1676665965.8872979	1.96090865
1676665966.0444434	2.05289068
1676665966.18099	2.02178566
1676665966.33577	2.01019152
1676665966.4888911	2.10113006
1676665966.6473145	2.0364089300000003
1676665966.783113	1.9872317599999998
1676665966.9366703	2.00599893
1676665967.1143456	2.01070157
1676665967.2538857	2.02894162
1676665967.4114301	1.92628077
1676665967.5646405	1.9419137199999998
1676665967.724352	1.99787896
1676665967.8782995	1.99575392
1676665968.0160189	1.95615625
1676665968.1534948	1.92917797
1676665968.3093965	2.01559136
1676665968.4543474	2.12152315
1676665968.6077824	2.02470388
1676665968.7658854	1.91283078
1676665968.9255717	1.9607939
1676665969.0793047	1.9919637000000001
1676665969.2144797	1.9899636000000003
1676665969.3895378	2.01502167
1676665969.530289	2.0175499500000003
1676665969.6853287	1.9862207899999997
1676665969.8182986	1.929026
1676665969.9718895	1.9463534
1676665970.1300771	1.9254279699999999
1676665970.2683043	1.95953904
1676665970.4182951	2.00622767
1676665970.570163	1.9760626399999999
1676665970.728303	1.9635960799999999
1676665970.8663805	1.91151683
1676665971.0016012	1.95552651
1676665971.1457803	1.9714156900000002
1676665971.316368	1.99414491
1676665971.4524813	2.0038193900000003
1676665971.6078026	1.97957314
1676665971.7657325	1.9905844100000003
1676665971.9282913	1.9507293399999999
1676665972.0877137	1.88557167
1676665972.234957	2.022349
1676665972.418298	1.9941057699999998
1676665972.576447	2.06775662
1676665972.740386	2.05723385
1676665972.8993118	1.9861080500000001
1676665973.0452003	1.93920812
1676665973.1964955	1.9570583400000001
1676665973.3343184	2.0184751100000002
1676665973.4919195	1.88421683
1676665973.6501093	2.03422558
1676665973.8465698	2.02385832
1676665974.004074	2.05044408
1676665974.1425793	1.96445056
1676665974.324051	1.94258139
1676665974.4615555	1.9959416600000002
1676665974.61851	2.08559433
1676665974.7713678	2.0209160799999997
1676665974.9298499	1.89824891
1676665975.07745	1.9825351000000002
1676665975.20804	1.9498267900000001
1676665975.3680773	1.9617254999999998
1676665975.5205076	2.01565094
1676665975.6776366	1.9724563900000003
1676665975.8150697	1.9973949199999999
1676665975.9576447	1.9032712399999998
1676665976.106634	1.85862668
1676665976.2342887	1.90450508
1676665976.3940573	1.9249329
1676665976.5723538	1.9087691
1676665976.7172573	1.97908517
1676665976.8624163	1.94937807
1676665977.0039163	1.8930798500000001
1676665977.1372461	1.84553649
1676665977.260844	1.9296945300000001
1676665977.4182959	2.01186158
1676665977.544587	1.9047056299999998
1676665977.6858635	1.8568330199999998
1676665977.821227	1.89299727
1676665977.9580445	2.0018509100000004
1676665978.0915613	1.93570984
1676665978.2511895	1.9678326099999999
1676665978.403218	1.95078083
1676665978.5266573	1.85687914
1676665978.6640096	1.9513208
1676665978.821798	2.01092589
1676665978.9844	1.95595695
1676665979.121086	1.9149694099999999
1676665979.2668874	1.94403572
1676665979.4137774	1.98972967
1676665979.5966077	1.9769140200000002
1676665979.7540307	1.97847174
1676665979.8964581	1.9614810899999997
1676665980.0582185	1.9699522799999998
1676665980.1799629	1.94475574
1676665980.3025985	1.9495901900000001
1676665980.4245672	1.9480093900000002
1676665980.5703535	1.87332636
1676665980.728298	1.91333584
1676665980.885192	1.90502444
1676665981.0310774	1.86632066
1676665981.186785	1.9294143799999999
1676665981.3458903	1.95751603
1676665981.5248394	1.9666194300000002
1676665981.6795425	1.93631284
1676665981.8116624	1.977539
1676665981.9552004	1.95263536
1676665982.0939353	1.9550537100000003
1676665982.2557254	2.03030728
1676665982.4103673	2.0451367
1676665982.5666573	1.9116362400000002
1676665982.7215044	1.9811362899999998
1676665982.8640769	2.07453932
1676665983.0082958	1.9970260899999999
1676665983.1633067	1.9775570299999998
1676665983.3218803	1.9524849999999998
1676665983.4771986	1.96501002
1676665983.6347284	1.9867735700000002
1676665983.7931054	2.03011084
1676665983.932947	1.9427365300000001
1676665984.0802255	1.9604119400000002
1676665984.2163694	1.89760346
1676665984.3626187	1.92318221
1676665984.5126004	1.94519456
1676665984.6357796	1.9418388899999999
1676665984.7772756	1.92985167
1676665984.9166403	1.94128546
1676665985.052305	2.01278713
1676665985.1983507	1.92226093
1676665985.3660567	1.9529058799999999
1676665985.510623	1.89037892
1676665985.666427	1.87618089
1676665985.8202987	1.8986029199999999
1676665985.9431283	1.91767196
1676665986.0807972	1.9004421500000002
1676665986.223454	2.02115538
1676665986.360842	1.9840366499999997
1676665986.5039363	1.9421648599999999
1676665986.6413023	1.9701067299999997
1676665986.7985835	2.0293482800000002
1676665986.9370396	1.97092444
1676665987.0908756	1.9915468
1676665987.2492838	1.9340431200000001
1676665987.4068944	2.03406147
1676665987.5638828	2.06548448
1676665987.7196295	2.00346264
1676665987.8621254	1.99314685
1676665987.9923527	2.04998505
1676665988.1343741	1.9875304800000002
1676665988.2711306	1.96041654
1676665988.411633	1.96280594
1676665988.5547109	1.9047901900000002
1676665988.7008355	1.8815568699999998
1676665988.824775	1.88136919
1676665988.9647772	1.9559176600000001
1676665989.1020193	1.9793322199999999
1676665989.2817369	1.9325302
1676665989.4178996	1.7909594999999998
1676665989.5523293	1.8360898799999998
1676665989.690699	1.87191899
1676665989.8268757	1.82789269
1676665989.984053	1.86172278
1676665990.1274025	1.94713557
1676665990.2831197	2.06051327
1676665990.4067917	2.08483404
1676665990.5425472	2.04005811
1676665990.6836817	1.99356145
1676665990.84053	2.0336390300000002
1676665990.9740841	2.0216180599999998
1676665991.1164403	2.01456892
1676665991.2531004	1.90599895
1676665991.4051719	1.93195519
1676665991.5476658	1.91414994
1676665991.685035	1.93406976
1676665991.8427947	1.94980084
1676665991.9848673	2.00109079
1676665992.1181715	2.059513
1676665992.2548814	1.96131616
1676665992.4104676	1.94842705
1676665992.537617	1.98911432
1676665992.675066	1.90023001
1676665992.831102	1.94543387
1676665992.9731624	1.94094035
1676665993.1316555	1.93545911
1676665993.2619288	1.9711080700000003
1676665993.3827765	1.9284657299999999
1676665993.5045192	1.93644843
1676665993.6514096	1.9982102199999998
1676665993.7878652	1.9353625
1676665993.9502034	1.93449155
1676665994.1030457	1.9896476399999998
1676665994.2457583	1.92961517
1676665994.3680522	2.0157883500000002
1676665994.5204227	2.0124364399999997
1676665994.679434	1.93996314
1676665994.8056257	1.9816703000000002
1676665994.9607818	2.0107377
1676665995.1139102	2.12272234
1676665995.2550838	2.01689189
1676665995.410198	1.97717356
1676665995.5683005	1.9255517
1676665995.7050643	1.90842163
1676665995.8449433	1.97060702
1676665995.9816704	2.00877994
1676665996.1273942	1.94652147
1676665996.2938836	1.99964684
1676665996.4296618	1.9975936600000002
1676665996.5853193	1.87769228
1676665996.7391858	1.9820567
1676665996.8698277	1.9925977
1676665997.0111098	1.93901864
1676665997.148184	1.98090758
1676665997.3111558	1.9937071399999997
1676665997.4438846	1.98502146
1676665997.5772495	1.94794026
1676665997.7008092	1.84200848
1676665997.8437986	1.8589621299999999
1676665997.9793227	1.92303233
1676665998.1417506	1.9474539100000001
1676665998.3110304	2.04877815
1676665998.4709194	1.9611747200000003
1676665998.6239004	2.03001709
1676665998.793723	2.02256793
1676665998.947925	1.93850752
1676665999.1113036	1.89689959
1676665999.2411075	1.83753368
1676665999.3861797	1.81667958
1676665999.5454807	1.8743960800000001
1676665999.72594	1.91784753
1676665999.8576667	1.9676365599999999
1676666000.0236993	1.95949139
1676666000.1597588	1.96497262
1676666000.293012	2.09270112
1676666000.4372003	2.0118735799999996
1676666000.5916467	1.9489252799999999
1676666000.7662358	1.92022996
1676666000.8982987	1.88672378
1676666001.0362248	1.84751438
1676666001.190262	1.8237604200000002
1676666001.3344593	1.84963298
1676666001.4712217	1.9337458900000002
1676666001.629948	1.9648224600000002
1676666001.7662702	1.9777614300000002
1676666001.9253616	1.9113582199999999
1676666002.084636	1.9645699
1676666002.2211602	1.93076827
1676666002.3578563	2.0458805399999997
1676666002.5116618	2.03748978
1676666002.6604128	1.9804586100000001
1676666002.8239381	1.9865431199999999
1676666002.9579237	1.9238747200000001
1676666003.131036	1.9736315699999998
1676666003.2620678	1.8588828499999999
1676666003.4177806	1.89561278
1676666003.5679872	1.90417405
1676666003.7102225	2.04312072
1676666003.8734295	2.03444417
1676666004.0400105	1.85845495
1676666004.2040634	1.96300961
1676666004.3472047	1.87668264
1676666004.5032368	2.01393862
1676666004.6464324	1.9733500600000002
1676666004.7844293	1.90859411
1676666004.9174073	1.92296692
1676666005.0605783	1.9575487799999998
1676666005.2394037	2.0563446
1676666005.3936791	1.96329348
1676666005.5519302	1.93819896
1676666005.7083008	1.97758157
1676666005.8651757	2.0373791100000003
1676666006.0082958	2.07639816
1676666006.1415627	1.9949443400000002
1676666006.286051	1.93322446
1676666006.4249246	1.9705865900000001
1676666006.5593915	2.0203402099999996
1676666006.7235668	2.05133046
1676666006.8774295	1.98251961
1676666007.028423	1.9709689199999998
1676666007.160508	2.0655193499999998
1676666007.3201249	2.07318605
1676666007.4516554	1.98994938
1676666007.5769396	2.04061118
1676666007.7351308	1.9931483100000003
1676666007.893932	2.00017492
1676666008.0370944	1.94352715
1676666008.1681457	1.9025793400000002
1676666008.3118572	1.91755432
1676666008.454083	1.9432451
1676666008.6114862	1.9410128199999999
1676666008.7482998	2.03133781
1676666008.8910456	1.9142909
1676666009.0241764	1.8658558600000001
1676666009.1608016	1.9954958699999998
1676666009.314675	2.0321367799999996
1676666009.4559186	2.04611976
1676666009.578221	2.08602526
1676666009.7019756	2.12981551
1676666009.8402398	2.03015421
1676666009.9806602	1.88330847
1676666010.136257	1.81265732
1676666010.2942722	1.90263971
1676666010.4309196	2.00569511
1676666010.5586011	1.95100881
1676666010.7030578	1.9948709900000001
1676666010.841659	2.06565405
1676666010.9702778	2.03232321
1676666011.11528	2.04881892
1676666011.2564554	2.02292758
1676666011.3846753	1.85050152
1676666011.512661	1.9438803100000002
1676666011.6503856	1.97225166
1676666011.7869518	1.95699623
1676666011.9455497	1.9538904
1676666012.1011999	1.98699814
1676666012.230597	2.05967784
1676666012.3888354	1.9273989699999998
1676666012.5460439	1.9205696799999998
1676666012.7028463	1.96740093
1676666012.8435483	1.9552180300000002
1676666012.974909	1.9661697700000003
1676666013.1128414	1.95075614
1676666013.2712123	2.05526905
1676666013.423848	1.91544235
1676666013.554475	1.94545615
1676666013.7170186	1.9858345400000001
1676666013.8499718	2.01522419
1676666013.9799054	2.01294901
1676666014.1393619	2.0636200700000003
1676666014.2651458	2.00339605
1676666014.4146478	1.94032641
1676666014.5698514	1.9844819299999998
1676666014.6993074	2.0272497
1676666014.8583004	1.9167531400000002
1676666014.995167	1.85321009
1676666015.1529863	1.92269821
1676666015.3083	2.04403122
1676666015.445156	1.9913412400000001
1676666015.5882974	1.98777646
1676666015.746849	1.9868428999999999
1676666015.8833704	1.95501829
1676666016.0154693	2.01656982
1676666016.1750293	2.01134651
1676666016.3317194	1.94636961
1676666016.4682944	1.90070899
1676666016.6042438	1.8642
1676666016.7397697	1.8711735299999999
1676666016.8938498	1.86920775
1676666017.0519783	1.98175267
1676666017.1838918	1.9652279999999998
1676666017.3198602	1.9409984
1676666017.444583	1.92040972
1676666017.587816	1.89786385
1676666017.7429037	2.00246092
1676666017.8747048	1.94101019
1676666018.0373273	1.94545921
1676666018.1794019	1.96750425
1676666018.3043194	1.84213887
1676666018.4425514	1.8718245
1676666018.5965018	1.8696699700000001
1676666018.7252445	1.8951372800000001
1676666018.8632731	1.97385173
1676666019.01436	2.1076706499999998
1676666019.176147	1.97061245
1676666019.3115861	1.9580236299999998
1676666019.4463906	2.02384563
1676666019.6070714	1.95192306
1676666019.7419133	1.96592428
1676666019.9015265	1.93902484
1676666020.028827	1.9333066
1676666020.1753628	1.97492472
1676666020.3071182	1.96877804
1676666020.44142	1.9904257500000002
1676666020.5661716	2.0462949800000003
1676666020.7247772	1.9440283
1676666020.8542821	2.0492120199999997
1676666020.981354	2.00627
1676666021.1408157	1.95206472
1676666021.269305	1.9784295599999997
1676666021.3941584	2.0360645600000002
1676666021.5307913	1.97692439
1676666021.6725883	1.8677705
1676666021.805296	1.92093075
1676666021.947276	1.91111847
1676666022.0854874	1.8013575800000001
1676666022.2439277	1.92767639
1676666022.385793	2.02238668
1676666022.5182984	1.92043636
1676666022.680102	1.85963283
1676666022.8334355	1.93592666
1676666022.9769762	1.93111946
1676666023.1260393	1.95225454
1676666023.251772	1.90153357
1676666023.3877048	1.7784321
1676666023.5340002	1.87427221
1676666023.6705847	1.99522668
1676666023.8111796	1.9854530099999999
1676666023.9566467	1.96973964
1676666024.1140935	1.9140237599999999
1676666024.2580554	1.90041987
1676666024.3808005	1.9151514299999999
1676666024.5113845	1.8680526
1676666024.6554856	1.83692881
1676666024.7936573	1.81095113
1676666024.9483209	1.88062426
1676666025.1221087	1.9742192100000002
1676666025.2651732	1.9697332
1676666025.400702	2.0004382
1676666025.5611315	1.9461875199999998
1676666025.7034466	1.84951653
1676666025.842831	1.95509655
1676666025.9848938	1.9725269099999998
1676666026.1282964	1.90968573
1676666026.260581	1.8925669200000002
1676666026.38604	1.93501031
1676666026.5446284	1.92660614
1676666026.7042816	1.9930415899999998
1676666026.8478277	1.93388961
1676666027.0062208	1.9753227599999998
1676666027.1433353	2.0258700299999997
1676666027.2799623	1.77623624
1676666027.4376013	1.92354271
1676666027.5926185	1.996238
1676666027.7510016	1.9100686
1676666027.887902	2.02296755
1676666028.0308225	2.0391346
1676666028.16829	1.91692855
1676666028.3177805	2.00522837
1676666028.4468427	1.9987299200000002
1676666028.584332	1.94339796
1676666028.7083008	1.9276937
1676666028.8406541	1.9490808099999999
1676666028.9963036	1.90168866
1676666029.149705	2.01015247
1676666029.2958393	2.0520730400000002
1676666029.4274204	1.96795145
1676666029.5601149	1.80717728
1676666029.7066739	1.88922423
1676666029.8498657	1.9549041600000001
1676666030.0097587	1.94187885
1676666030.1480138	1.92730494
1676666030.3008902	1.97922279
1676666030.4425354	1.96094896
1676666030.6074238	1.84435713
1676666030.7317264	2.04219105
1676666030.8682983	1.96497812
1676666031.0098238	1.90958074
1676666031.1428132	1.90860374
1676666031.2799904	2.00676624
1676666031.4324784	1.9881937400000003
1676666031.5794275	2.04230205
1676666031.7157037	2.04883535
1676666031.8493097	1.91024726
1676666031.9942577	1.89537574
1676666032.1312888	1.9831886699999999
1676666032.2925618	2.03464698
1676666032.4274852	2.04837902
1676666032.582727	2.0867936400000002
1676666032.7182949	1.9543865
1676666032.871993	1.97306035
1676666033.017764	1.9697550900000003
1676666033.1734896	1.93580916
1676666033.3038921	2.02292021
1676666033.4461172	2.01622497
1676666033.6010532	2.057693
1676666033.7382996	1.9758444000000002
1676666033.8920152	1.90293031
1676666034.0337148	1.9910135299999998
1676666034.1793888	1.9785260399999998
1676666034.3067021	1.993678
1676666034.456224	1.91131249
1676666034.6024508	1.8434270700000002
1676666034.7296374	1.94672446
1676666034.8972926	2.0247203099999997
1676666035.0545282	2.0455503
1676666035.1976576	1.9736995299999998
1676666035.3533602	1.92888496
1676666035.4974196	1.9933359
1676666035.6338382	1.9912108599999998
1676666035.7631862	1.91876113
1676666035.8883018	1.82226623
1676666036.041445	1.85091056
1676666036.1739244	1.93284548
1676666036.305087	1.91215866
1676666036.4409316	1.92949679
1676666036.5877645	1.87779769
1676666036.7134988	1.9708666799999999
1676666036.8529618	2.02241517
1676666036.9903667	1.94826932
1676666037.125988	2.02042441
1676666037.263948	1.96648926
1676666037.4150202	1.91687228
1676666037.561653	1.9147445600000002
1676666037.705195	1.8951205100000001
1676666037.8445609	1.9971068800000003
1676666037.9882998	1.9943748399999999
1676666038.1425703	2.0020529799999998
1676666038.2735949	2.02530509
1676666038.4331717	1.9409137
1676666038.5729578	1.97165305
1676666038.7341344	2.01524345
1676666038.8605497	2.02249208
1676666039.0068154	1.9558109700000001
1676666039.1449544	2.03268557
1676666039.3028955	2.00799842
1676666039.4692616	1.7635196
1676666039.6147747	1.89816497
1676666039.7904975	1.85043603
1676666039.9279964	1.9106353
1676666040.0819924	1.83316438
1676666040.2278185	1.85392682
1676666040.365583	1.93228143
1676666040.5450935	1.86774467
1676666040.6825793	1.8873740799999998
1676666040.8182619	1.91016772
1676666040.9778812	1.77059985
1676666041.1542203	1.87669687
1676666041.2917857	1.8650432000000001
1676666041.4260406	1.9713020199999998
1676666041.5678556	2.0660814100000002
1676666041.713891	1.9928991600000001
1676666041.888153	1.9382932000000002
1676666042.0251086	1.92929704
1676666042.1830366	1.97062351
1676666042.3864932	1.9866833000000002
1676666042.5370722	1.91494726
1676666042.6652186	1.89459611
1676666042.8034286	1.93688509
1676666042.9516938	1.9555106899999999
1676666043.0807533	1.89887085
1676666043.2184138	1.91754686
1676666043.3553307	1.99919706
1676666043.4923837	2.01497372
1676666043.6574614	1.99883238
1676666043.7923715	1.9028596
1676666043.9593701	1.9395788
1676666044.114885	2.00554135
1676666044.2537405	1.84310374
1676666044.4065495	1.88136034
1676666044.545949	1.93866401
1676666044.7169268	1.94197088
1676666044.8750792	1.9458370200000001
1676666045.0304499	2.04698041
1676666045.1704223	2.03462859
1676666045.3082979	2.02094104
1676666045.43615	2.04384514
1676666045.5862627	1.93025501
1676666045.7237616	1.88001711
1676666045.8764029	1.9979672400000001
1676666046.013443	1.92886239
1676666046.14991	1.80007201
1676666046.3075874	1.86954464
1676666046.4594111	1.94009133
1676666046.6221125	1.9534619700000002
1676666046.778294	1.9512645400000002
1676666046.9163327	1.92753413
1676666047.0526884	1.95342979
1676666047.2682972	1.9827851500000002
1676666047.3997085	1.82542931
1676666047.5375464	1.87590207
1676666047.6759355	1.95088168
1676666047.8132648	1.92398758
1676666047.9502308	1.8835088800000002
1676666048.0893617	1.9063754400000001
1676666048.2500825	1.93215491
1676666048.3870475	1.97192593
1676666048.563775	2.00668797
1676666048.6997645	2.06311919
1676666048.8323095	2.12250711
1676666048.9962637	2.04301899
1676666049.124222	1.9601693199999999
1676666049.2534132	1.99378117
1676666049.417857	1.95030127
1676666049.5460663	1.81757512
1676666049.6925209	1.91353644
1676666049.833251	1.92301734
1676666049.9639814	1.9094359699999999
1676666050.1077266	2.0324098900000003
1676666050.2772663	1.9802587799999998
1676666050.4135242	1.9417566099999999
1676666050.551161	1.9920113200000003
1676666050.7034843	2.01116608
1676666050.870566	1.93906166
1676666051.0332987	1.87059925
1676666051.1925185	1.9653005099999998
1676666051.3293674	1.9329626999999998
1676666051.4672463	1.8650847700000002
1676666051.6136603	1.77782892
1676666051.7623038	1.81326877
1676666051.899085	1.9637760399999997
1676666052.0582976	1.94284416
1676666052.196541	1.93631836
1676666052.349341	1.99478939
1676666052.5233595	1.9675982200000002
1676666052.668299	1.92021354
1676666052.821009	1.88403046
1676666052.978244	1.91247637
1676666053.1378946	1.8943655400000001
1676666053.2717662	2.01036277
1676666053.4143121	2.0020803199999997
1676666053.5682929	1.9893837100000002
1676666053.727764	1.9534135400000001
1676666053.8560812	1.89960548
1676666053.9903154	1.9680636000000002
1676666054.1534464	2.06082803
1676666054.3327265	1.96881914
1676666054.4700708	2.0403632
1676666054.6141412	1.9999944199999997
1676666054.772935	1.9602707199999998
1676666054.9311254	2.04063989
1676666055.0711174	1.9996003400000002
1676666055.2104027	2.01127601
1676666055.352444	1.9939400299999999
1676666055.4941308	1.9107717800000001
1676666055.6335855	1.94964236
1676666055.7683008	1.9491131099999999
1676666055.9070234	1.8480962600000002
1676666056.0458388	1.75803115
1676666056.1818845	1.80919994
1676666056.3368025	2.01633257
1676666056.4939764	2.06826707
1676666056.6501024	1.925054
1676666056.7944508	1.95142476
1676666057.0451653	1.89049892
1676666057.1816099	1.95385705
1676666057.3255684	1.9892860200000002
1676666057.5077412	1.95317896
1676666057.6455512	2.0254684099999998
1676666057.7827039	1.9630180700000002
1676666057.9414902	1.98807295
1676666058.0776696	1.91472394
1676666058.2569087	1.8473103499999999
1676666058.4025805	1.93857715
1676666058.5379713	1.93053117
1676666058.6768622	1.8825190900000002
1676666058.8147473	1.83440889
1676666058.958334	1.8632478799999999
1676666059.0957122	1.88171369
1676666059.2348347	1.94269103
1676666059.3970902	1.82841502
1676666059.5519874	1.8352682900000001
1676666059.6832657	1.92215741
1676666059.839312	1.9737351600000002
1676666059.998159	1.89280081
1676666060.1617036	1.9642665899999998
1676666060.2959204	1.92750282
1676666060.4410567	1.9230168
1676666060.5783005	1.99420321
1676666060.7405138	1.89372793
1676666060.887305	1.9549058000000001
1676666061.0200906	1.97084493
1676666061.1575794	1.85870313
1676666061.3039217	2.02376072
1676666061.4481015	1.9870189299999999
1676666061.6073656	1.8383884400000001
1676666061.7429361	1.90533334
1676666061.897522	1.90123066
1676666062.0552723	1.94931801
1676666062.193686	1.94990088
1676666062.3219109	1.8352581000000001
1676666062.4498785	1.83708286
1676666062.6158297	1.9472181700000002
1676666062.743559	2.09792979
1676666062.8768163	2.1091577000000004
1676666063.0352113	1.97260283
1676666063.1638534	1.85667366
1676666063.3102877	1.88710736
1676666063.4475682	2.05010593
1676666063.6121368	1.9556255599999999
1676666063.749474	1.85545322
1676666063.885255	1.9217949
1676666064.0432084	2.07329747
1676666064.2211626	1.9439999700000001
1676666064.374495	1.87012121
1676666064.531329	1.85943542
1676666064.6781433	1.92652675
1676666064.8282976	1.93394964
1676666064.9912856	2.07636381
1676666065.1481078	2.08739654
1676666065.3064065	1.94975312
1676666065.4430943	1.94895308
1676666065.5805588	1.94136074
1676666065.7332504	1.90524846
1676666065.9102232	1.88590217
1676666066.067768	1.90568548
1676666066.2058685	1.77617223
1676666066.3635476	1.9164003299999999
1676666066.5151305	2.03123893
1676666066.6727076	2.0361555300000003
1676666066.8106444	1.92322178
1676666066.973717	1.8339632
1676666067.1122978	1.88421073
1676666067.263496	1.9542597800000001
1676666067.4064937	1.90486269
1676666067.5691342	1.83034264
1676666067.730457	1.89749075
1676666067.8585753	1.8726316
1676666067.9948199	1.8078900599999999
1676666068.1333785	1.8263773
1676666068.271933	1.8783589699999999
1676666068.4363835	1.95949865
1676666068.5753024	1.9728677099999998
1676666068.7264457	1.88449402
1676666068.8676443	1.9106455
1676666069.021947	2.06182459
1676666069.1848626	2.03213089
1676666069.3139145	2.02257009
1676666069.4628701	1.9907894300000002
1676666069.600807	1.90506452
1676666069.7595923	1.8887822099999998
1676666069.9177353	1.91926094
1676666070.076572	1.9231362
1676666070.213168	1.89531712
1676666070.34088	1.87179584
1676666070.4857948	1.84034173
1676666070.6408653	1.85075458
1676666070.799471	1.8338625999999998
1676666070.9376261	1.93192327
1676666071.0741413	1.9150758
1676666071.2154968	1.8612237900000002
1676666071.3533118	1.87978182
1676666071.5153334	1.91091045
1676666071.653821	1.86727128
1676666071.7870095	1.91021014
1676666071.9493012	1.88312998
1676666072.0893047	1.92016989
1676666072.2479763	1.90829637
1676666072.384482	1.9680543099999999
1676666072.5267608	1.93401347
1676666072.6837275	1.9002906099999999
1676666072.8357093	1.9490480000000001
1676666072.973015	1.9860948799999998
1676666073.1105635	1.96373509
1676666073.2508917	2.02506474
1676666073.4047859	1.84993164
1676666073.537207	1.97779592
1676666073.674738	1.96109053
1676666073.8182533	1.9250378
1676666073.975253	1.9836128300000002
1676666074.153555	1.92828836
1676666074.2914176	1.85070863
1676666074.4282987	1.87739414
1676666074.5654368	1.9466072300000001
1676666074.7026882	2.01155149
1676666074.8533041	2.07128315
1676666075.0020735	2.00272799
1676666075.1396542	1.97495771
1676666075.3021655	1.95758741
1676666075.4629421	1.9878984899999999
1676666075.6069658	2.09528945
1676666075.7500303	2.02878908
1676666075.8997722	1.9864325399999998
1676666076.0441163	1.9847976100000002
1676666076.180782	1.98200498
1676666076.3073437	1.79102172
1676666076.4522805	1.84467962
1676666076.6113052	2.0188588299999997
1676666076.7707639	1.8841314599999999
1676666076.91741	2.03527412
1676666077.0613837	2.0195157000000004
1676666077.2041655	1.95117877
1676666077.358616	1.94766493
1676666077.4964106	1.88045514
1676666077.6330802	1.75378848
1676666077.7671776	1.8870422999999998
1676666077.9062157	2.10154711
1676666078.06402	1.92004252
1676666078.2010937	1.79647544
1676666078.3403392	2.01934672
1676666078.4760854	2.07518922
1676666078.6134222	1.9931550500000002
1676666078.7606208	1.87701086
1676666078.9322698	1.91688579
1676666079.0930152	1.9172595399999999
1676666079.2320507	1.9197073800000002
1676666079.3682954	1.95877423
1676666079.50241	1.87277687
1676666079.6568956	1.9540710500000003
1676666079.7906227	2.01173722
1676666079.9308684	1.9381171000000001
1676666080.0683239	1.90161307
1676666080.1970546	1.9097185700000001
1676666080.3318853	1.9041290100000001
1676666080.4905012	1.87599892
1676666080.640976	1.86360044
1676666080.7993233	1.9555466000000001
1676666080.959763	1.81423872
1676666081.1352777	1.7962549799999998
1676666081.295809	1.86325297
1676666081.4480617	1.95627479
1676666081.591274	1.91676932
1676666081.7334244	1.84786024
1676666081.876951	1.8026671
1676666082.0137498	1.7901468999999999
1676666082.1682944	1.9780561999999997
1676666082.3315196	2.08520711
1676666082.4593282	1.89245372
1676666082.6051404	1.88043596
1676666082.7427392	1.95322138
1676666082.8982112	1.95843451
1676666083.0357482	1.94858308
1676666083.1899338	1.78619744
1676666083.341884	1.77201978
1676666083.494098	1.9387970700000001
1676666083.6551025	1.92276409
1676666083.7919357	1.93187715
1676666083.9480073	1.8499781199999998
1676666084.0990644	1.92464676
1676666084.2369094	1.9429222099999999
1676666084.382208	1.98779252
1676666084.537905	1.92562455
1676666084.6913114	1.89359432
1676666084.8232684	1.90372353
1676666084.960978	1.90327257
1676666085.098301	1.8975355399999998
1676666085.2357416	1.8598017100000002
1676666085.3732133	1.85259866
1676666085.5203283	1.91822668
1676666085.6476107	1.9493242499999999
1676666085.8075883	1.99506922
1676666085.9357843	1.95611066
1676666086.0650492	1.9300181699999999
1676666086.2398033	2.0229392799999997
1676666086.3972082	2.11689797
1676666086.5455825	1.9865014900000002
1676666086.6773288	1.9768324699999997
1676666086.8145514	1.95776289
1676666086.962204	1.8174752
1676666087.1301248	1.94758411
1676666087.2839475	1.82888542
1676666087.421366	1.83158046
1676666087.5739849	1.84659033
1676666087.713707	1.87786964
1676666087.849274	1.8432856
1676666087.9806828	1.84909769
1676666088.1165133	1.91077262
1676666088.2538095	1.9515323
1676666088.4002974	1.93835953
1676666088.5675666	1.8207590100000002
1676666088.7003787	1.90614236
1676666088.8378303	2.0501978199999997
1676666088.9958744	2.0229031500000003
1676666089.1321766	1.9657110100000001
1676666089.2883034	1.94886835
1676666089.4473503	1.90181452
1676666089.5855992	1.88671725
1676666089.7382948	1.9899020299999999
1676666089.8754547	1.9962615999999997
1676666090.030495	1.89865511
1676666090.1776054	1.94725325
1676666090.314952	1.9661046
1676666090.4683075	1.86769592
1676666090.6308513	1.89008525
1676666090.7959661	1.9170329799999999
1676666090.9514532	2.00403143
1676666091.0876393	2.00017815
1676666091.2261598	1.8892626799999999
1676666091.3800743	1.85734595
1676666091.5448172	1.8091634
1676666091.6735048	1.94334967
1676666091.8073862	1.98959646
1676666091.945074	1.82246058
1676666092.1008623	1.80312343
1676666092.2675612	1.76744177
1676666092.4474113	1.94265741
1676666092.6275916	2.03606793
1676666092.7659578	2.02746965
1676666092.9085147	1.92809583
1676666093.0486193	1.95256728
1676666093.1882906	1.9231492
1676666093.328304	1.88903652
1676666093.4679792	1.89930287
1676666093.630849	1.99009218
1676666093.7646685	1.86329182
1676666093.9074097	1.8416709199999999
1676666094.0449226	1.92692446
1676666094.2092352	1.92694322
1676666094.3482926	1.92408571
1676666094.485067	1.99874945
1676666094.6434617	1.93038682
1676666094.814614	1.85034695
1676666094.9730783	1.98829907
1676666095.1091998	1.9882604599999998
1676666095.2698932	1.8672603900000002
1676666095.3982925	1.79358651
1676666095.533438	1.80072413
1676666095.6908865	1.9213091900000001
1676666095.8200145	1.92991292
1676666095.9481335	1.90191854
1676666096.0864036	1.91266277
1676666096.241409	1.87452576
1676666096.376045	2.00736879
1676666096.5129392	2.05489339
1676666096.6513903	1.94949783
1676666096.7878218	1.98785201
1676666096.9473217	2.06091192
1676666097.075426	1.9694516300000002
1676666097.2054586	1.88142262
1676666097.3432589	1.92324238
1676666097.4860547	1.87175297
1676666097.6439483	1.9917744499999999
1676666097.7822738	2.03101339
1676666097.9111059	1.99259701
1676666098.0466304	1.9411882599999999
1676666098.1851883	1.9455719800000002
1676666098.3364098	1.85940522
1676666098.4647605	1.8807429900000001
1676666098.6281095	1.89483859
1676666098.7820554	1.90580534
1676666098.9202213	1.86954244
1676666099.0566056	1.94253744
1676666099.1911383	1.9515234000000001
1676666099.3465595	1.8343299899999999
1676666099.5037465	2.09223432
1676666099.6610892	2.00957558
1676666099.7942553	1.8651626000000001
1676666099.9317243	1.79960765
1676666100.0858312	1.89389484
1676666100.224139	1.91795676
1676666100.3783	1.94603594
1676666100.5175874	1.98264714
1676666100.6713395	2.00013916
1676666100.8307927	1.85452601
1676666100.9781997	1.9107416799999999
1676666101.1236253	1.94397336
1676666101.3114944	2.0041769
1676666101.4480686	2.0410286
1676666101.595101	1.89862633
1676666101.7408392	1.91449683
1676666101.8813589	1.9802604300000002
1676666102.0353768	1.84837933
1676666102.1728332	1.9479773200000001
1676666102.31639	1.86225562
1676666102.4542449	1.81509671
1676666102.5918913	1.9299951100000001
1676666102.7693105	1.842376
1676666102.9052708	1.9020052600000001
1676666103.056695	2.07692128
1676666103.1984897	1.9707685000000001
1676666103.3376384	1.81230693
1676666103.472804	1.77923074
1676666103.6281462	1.88470091
1676666103.7661145	1.92410074
1676666103.926471	1.91168135
1676666104.0543377	1.94396126
1676666104.1993546	1.92804786
1676666104.3371077	1.9177417099999998
1676666104.4673505	1.91525794
1676666104.600132	1.9019355599999999
1676666104.7562811	1.88160961
1676666104.8844476	1.8140743899999998
1676666105.0184143	1.93085614
1676666105.1582925	1.9584880900000001
1676666105.2955346	1.93250341
1676666105.434008	1.99306677
1676666105.5722497	1.9858733800000001
1676666105.7184477	1.89263116
1676666105.8612766	1.99401964
1676666105.998721	2.02437022
1676666106.1271598	1.88842398
1676666106.2794158	1.90754827
1676666106.4367492	2.03876612
1676666106.567492	1.9974868399999999
1676666106.7123377	1.85253478
1676666106.853437	1.79570941
1676666107.0092733	1.90717881
1676666107.1630378	1.8687010499999999
1676666107.303644	1.97794989
1676666107.441588	2.02616035
1676666107.5768082	1.86805109
1676666107.7029083	1.80014206
1676666107.8407326	1.8131389500000001
1676666107.9772613	1.96852958
1676666108.1345587	2.01697758
1676666108.2745261	1.9751953299999998
1676666108.4030027	1.93092233
1676666108.5463414	1.8899234999999999
1676666108.6828108	1.9978833300000003
1676666108.8346252	1.88541067
1676666108.972287	1.85137036
1676666109.1257017	1.9011691
1676666109.2720327	1.8945355000000001
1676666109.416076	1.9230112
1676666109.559339	1.99595733
1676666109.6969013	1.95872973
1676666109.8345075	1.94786539
1676666109.9708765	1.82117435
1676666110.151231	1.91902105
1676666110.288271	1.88468261
1676666110.4269748	1.99737563
1676666110.5699785	2.05216925
1676666110.7053988	1.92574954
1676666110.8698323	1.79143935
1676666111.0027785	2.00152543
1676666111.1409519	1.95124679
1676666111.2919097	1.9374782700000002
1676666111.4332442	1.9001622
1676666111.5665014	1.9038719
1676666111.7254167	1.89612607
1676666111.8634276	1.8767113
1676666112.0230749	1.8892256
1676666112.162294	1.8918219799999998
1676666112.2994323	1.85822565
1676666112.4322016	1.86763041
1676666112.599288	1.87673007
1676666112.7282908	1.95036004
1676666112.8628674	1.9328739
1676666112.9990408	1.95626382
1676666113.1530826	2.0350999499999998
1676666113.284551	1.89912315
1676666113.4210627	1.90340594
1676666113.6379602	1.87154911
