Time (s)\Voltage (mV)
1676666154.1724749	1.78205269
1676666154.2933972	1.80666839
1676666154.42732	1.89441429
1676666154.5520084	1.87789497
1676666154.69003	1.9188482
1676666154.8261914	1.7874835199999999
1676666154.959122	1.69035057
1676666155.0978212	1.66769851
1676666155.2150326	1.79294653
1676666155.3355024	1.8559212299999999
1676666155.45584	1.84406702
1676666155.6102653	1.88715387
1676666155.768299	1.82205628
1676666155.9011433	1.80294595
1676666156.0429838	1.76114098
1676666156.1964307	1.78227591
1676666156.3333535	1.8173425200000002
1676666156.4760134	1.82729261
1676666156.6332982	1.76698991
1676666156.7716224	1.81518638
1676666156.8875482	1.7905669400000002
1676666157.0073376	1.8410064199999998
1676666157.1192944	1.93637198
1676666157.2633018	1.91791638
1676666157.4012086	1.7924555
1676666157.5357206	1.7762713300000001
1676666157.7213097	1.75773851
1676666157.880092	1.77101745
1676666158.0219417	1.8447057999999998
1676666158.1557586	1.84002031
1676666158.3383005	1.9497388599999999
1676666158.4761093	1.96646837
1676666158.5942304	1.8916400199999999
1676666158.7170107	1.8390149
1676666158.8365006	1.77998679
1676666158.9895818	1.78226573
1676666159.1305351	1.81512204
1676666159.2707884	1.80212569
1676666159.399302	1.79775764
1676666159.5432255	1.84077799
1676666159.6669755	1.95386989
1676666159.787964	1.9101138500000001
1676666159.9202247	1.91110693
1676666160.052061	1.78228074
1676666160.1751833	1.7159171500000001
1676666160.3128552	1.72058547
1676666160.4326286	1.7405505300000002
1676666160.5904205	1.78650278
1676666160.7531843	1.6702523599999999
1676666160.9073217	1.64172065
1676666161.060051	1.8335285799999999
1676666161.2021224	1.79751982
1676666161.3239772	1.80917401
1676666161.4685185	1.75696391
1676666161.6104794	1.7269758300000002
1676666161.7700915	1.72705948
1676666161.9239726	1.72407273
1676666162.0602937	1.87231067
1676666162.2149894	1.81324768
1676666162.3526254	1.8695603900000002
1676666162.4926536	1.80588699
1676666162.6257627	1.81753582
1676666162.7848237	1.77657729
1676666162.9204943	1.89156181
1676666163.0651498	1.95736411
1676666163.1863794	1.8586819700000001
1676666163.3242955	1.807799
1676666163.4632003	1.80636729
1676666163.5847726	1.76526872
1676666163.7068574	1.7771701199999999
1676666163.8627589	1.83760853
1676666164.0202882	1.81206409
1676666164.1574218	1.7880527000000002
1676666164.3161397	1.9473292899999999
1676666164.4582858	1.91757284
1676666164.5804179	1.80268507
1676666164.7372289	1.72451655
1676666164.892056	1.7274486
1676666165.0034573	1.76040253
1676666165.127913	1.90668401
1676666165.2507477	1.87977138
1676666165.3725913	1.8714228099999999
1676666165.496797	1.82044227
1676666165.618495	1.79171806
1676666165.7409067	1.84871713
1676666165.8740275	1.86913905
1676666166.0150568	1.85885865
1676666166.1702356	1.88434409
1676666166.3501801	1.79868463
1676666166.4712393	1.8057991899999999
1676666166.5957057	1.8264843899999998
1676666166.7394607	1.7749928400000001
1676666166.8948734	1.8740915800000002
1676666167.0281014	1.85464772
1676666167.1734686	1.7463962499999999
1676666167.3072586	1.8108927400000001
1676666167.4400282	1.77365122
1676666167.5779452	1.81071954
1676666167.7341805	1.9094885
1676666167.8595517	1.91627383
1676666167.9969575	1.85001532
1676666168.1337445	1.73776043
1676666168.266496	1.69960358
1676666168.4254196	1.74583161
1676666168.5773585	1.71984748
1676666168.7127929	1.77531511
1676666168.8670144	1.82406068
1676666169.0279872	1.7937304900000002
1676666169.154817	1.70527732
1676666169.2815523	1.7125500699999998
1676666169.445639	1.79723898
1676666169.57261	1.77807235
1676666169.69964	1.72175735
1676666169.858301	1.8482865499999999
1676666170.0211442	1.8311629
1676666170.1747687	1.80776387
1676666170.3293076	1.74470442
1676666170.487317	1.79759285
1676666170.6227334	1.8159953899999999
1676666170.7607486	1.78121134
1676666170.914655	1.9197437400000001
1676666171.0524278	1.94248161
1676666171.1913006	1.74849442
1676666171.3241205	1.76190474
1676666171.4611232	1.7697625099999998
1676666171.60501	1.76952335
1676666171.7520387	1.71539946
1676666171.9106421	1.80887281
1676666172.040483	1.8590513
1676666172.1846654	1.7258071400000001
1676666172.3172112	1.7288298100000001
1676666172.4515562	1.8538629
1676666172.5783138	1.9275019800000002
1676666172.7218256	1.88522265
1676666172.843824	1.84118666
1676666172.987631	1.83812001
1676666173.1463075	1.8064583699999999
1676666173.2974963	1.8486090099999999
1676666173.4462929	1.95559025
1676666173.602137	1.9583603699999999
1676666173.7612183	1.83511986
1676666173.908292	1.83083332
1676666174.0330176	1.80264799
1676666174.1713772	1.76623073
1676666174.3162756	1.87029464
1676666174.4405327	1.79683231
1676666174.5983038	1.69063281
1676666174.7334132	1.70083333
1676666174.8782961	1.70171166
1676666175.0101626	1.79667735
1676666175.1462426	1.80571105
1676666175.268224	1.8300903099999999
1676666175.4114513	1.71344845
1676666175.5581343	1.66326413
1676666175.684413	1.70523355
1676666175.8267741	1.7821994
1676666175.974297	1.68062962
1676666176.1238217	1.82095579
1676666176.2631311	1.84858562
1676666176.3982923	1.71616494
1676666176.5235255	1.70020919
1676666176.6616023	1.72138958
1676666176.8129177	1.8570498199999999
1676666176.9583023	1.74794069
1676666177.1172638	1.82208662
1676666177.2766237	1.86889011
1676666177.4128487	1.83839845
1676666177.5545197	1.75072528
1676666177.6914394	1.8378311299999999
1676666177.8444831	1.77000617
1676666177.966174	1.77006141
1676666178.1042333	1.8566321000000001
1676666178.2591362	1.88005476
1676666178.3851712	1.8939187499999999
1676666178.5220835	1.8989667300000002
1676666178.6574843	1.6388128
1676666178.8152852	1.70356533
1676666178.9709423	1.8238360100000002
1676666179.129786	1.83298769
1676666179.2755437	1.94383365
1676666179.4213576	1.82757615
1676666179.579169	1.73679075
1676666179.7374187	1.80449828
1676666179.8729777	1.81822446
1676666180.0117962	1.75717411
1676666180.150089	1.65991866
1676666180.3254735	1.8266163199999998
1676666180.4628835	1.8360280599999999
1676666180.6020637	1.8014595199999999
1676666180.7369313	1.78609893
1676666180.8754077	1.80007821
1676666181.011727	1.86833511
1676666181.1693032	1.92729365
1676666181.3064554	1.89196414
1676666181.439789	1.90383874
1676666181.5823894	1.93031624
1676666181.7294245	1.9168061600000001
1676666181.8782995	1.83487059
1676666182.0247085	1.80223191
1676666182.1532516	1.75628317
1676666182.279875	1.7516207300000002
1676666182.4182978	1.73891391
1676666182.5716956	1.70771982
1676666182.702494	1.78335158
1676666182.8382983	1.84623256
1676666182.986422	1.83327104
1676666183.1158974	1.8226640600000001
1676666183.2612977	1.8406413099999999
1676666183.4072258	1.71217583
1676666183.5326731	1.75004508
1676666183.6728644	1.8598732
1676666183.818205	1.87557266
1676666183.9682367	1.92359977
1676666184.1048636	1.8705707900000001
1676666184.2682955	1.775278
1676666184.4064722	1.68903179
1676666184.5855894	1.8300550599999998
1676666184.7234087	1.8053020499999999
1676666184.851634	1.76244732
1676666185.0175393	1.86757278
1676666185.1545331	1.8272066500000002
1676666185.2893019	1.83271524
1676666185.426226	1.8637061
1676666185.58141	1.8619702599999999
1676666185.718336	1.8353242799999998
1676666185.855564	1.95555878
1676666185.9882965	1.88150247
1676666186.1269968	1.7895348
1676666186.262446	1.8232711000000001
1676666186.4176095	1.85852704
1676666186.5538542	1.79000399
1676666186.6819553	1.8045151799999999
1676666186.8088703	1.89154105
1676666186.968301	1.8403014500000001
1676666187.0966942	1.83296971
1676666187.2460504	1.79690515
1676666187.3841786	1.79583324
1676666187.540378	1.82022376
1676666187.676281	1.85423031
1676666187.8295586	1.8434190400000001
1676666187.9883049	1.82586747
1676666188.1408343	1.76511693
1676666188.2844906	1.74989203
1676666188.4170396	1.7625495100000002
1676666188.547696	1.83548512
1676666188.707927	1.92241554
1676666188.8513458	1.79137564
1676666188.9879143	1.77897715
1676666189.1352592	1.8413385
1676666189.285805	1.82238257
1676666189.4094055	1.86725992
1676666189.5610845	1.75402897
1676666189.707464	1.7373123000000001
1676666189.8816514	1.80932025
1676666190.01845	1.80855937
1676666190.1630027	1.76247194
1676666190.3058581	1.77870342
1676666190.463985	1.77029227
1676666190.5942872	1.7842988800000001
1676666190.723818	1.74616128
1676666190.8607485	1.75245436
1676666191.0074434	1.8288550399999999
1676666191.15205	1.85907534
1676666191.288113	1.73618543
1676666191.4233172	1.80815371
1676666191.5499322	1.8594142299999998
1676666191.6878452	1.8429292099999999
1676666191.8244393	1.86207228
1676666191.957891	1.76140227
1676666192.096269	1.8345459400000002
1676666192.236363	1.84348903
1676666192.3948119	1.8089121799999999
1676666192.5182993	1.7558148999999998
1676666192.6509984	1.78794837
1676666192.8101816	1.8636578400000001
1676666192.9431067	1.81236033
1676666193.0771806	1.8558193699999999
1676666193.2035387	1.79045198
1676666193.3403578	1.71819578
1676666193.47581	1.81732252
1676666193.6344252	1.84864421
1676666193.7721188	1.78595471
1676666193.948293	1.7884862
1676666194.1026382	1.81702277
1676666194.2403364	1.7849777100000002
1676666194.4157844	1.7209187
1676666194.5546925	1.77501517
1676666194.691309	1.85844604
1676666194.8540573	1.80588755
1676666194.9909115	1.74598965
1676666195.1191692	1.73304369
1676666195.2465088	1.79153884
1676666195.3832588	1.85738557
1676666195.520275	1.67922009
1676666195.653918	1.72684177
1676666195.7912972	1.83080729
1676666195.9282985	1.90898708
1676666196.0882533	1.82912088
1676666196.2209613	1.8294335000000002
1676666196.3525944	1.77394601
1676666196.4842837	1.7679993299999999
1676666196.6209252	1.73625565
1676666196.76729	1.6753239100000001
1676666196.8978174	1.6520391700000001
1676666197.0353408	1.68816117
1676666197.1730268	1.79062371
1676666197.3102703	1.80872488
1676666197.4483035	1.82645178
1676666197.5942578	1.82935648
1676666197.7500906	1.79525611
1676666197.8871202	1.70279786
1676666198.0140197	1.7692784
1676666198.150717	1.83492137
1676666198.3102474	1.78423465
1676666198.464137	1.88218165
1676666198.6073112	1.90373179
1676666198.7313714	1.8553438400000002
1676666198.8538656	1.75201534
1676666198.9783025	1.738627
1676666199.1377568	1.82633861
1676666199.2693021	1.74263624
1676666199.4144244	1.77142157
1676666199.5514946	1.82578569
1676666199.6816456	1.92083066
1676666199.8219092	1.91364317
1676666199.9808767	1.8508217999999999
1676666200.1129708	1.85872621
1676666200.2554107	1.74570286
1676666200.4015696	1.6656345099999998
1676666200.5375402	1.8190593499999999
1676666200.6915498	1.82940839
1676666200.8492153	1.73889179
1676666201.0042803	1.7204898
1676666201.1619442	1.82825981
1676666201.3083007	1.8446129100000002
1676666201.4346735	1.81002986
1676666201.5743546	1.74769913
1676666201.72005	1.78551616
1676666201.8659542	1.8044785099999998
1676666202.0073588	1.79225966
1676666202.1408055	1.7251667199999998
1676666202.3028312	1.72217353
1676666202.4371896	1.8535796599999999
1676666202.5961568	1.76724016
1676666202.7379162	1.67937619
1676666202.874954	1.83000742
1676666203.014133	1.83564095
1676666203.151957	1.76258095
1676666203.3144512	1.6898298
1676666203.458478	1.7930162699999999
1676666203.587203	1.87032904
1676666203.7123804	1.8867180700000001
1676666203.849397	1.78689264
1676666203.98337	1.8229631
1676666204.110236	1.9207578699999999
1676666204.2328513	1.79006277
1676666204.3738992	1.75253111
1676666204.5190437	1.80415357
1676666204.6472127	1.81454498
1676666204.7731674	1.8533169200000001
1676666204.9275324	1.9181405800000002
1676666205.0600653	1.9011917299999999
1676666205.1840446	1.78603898
1676666205.3256934	1.76621867
1676666205.447292	1.69462147
1676666205.579899	1.73823709
1676666205.763633	1.84650585
1676666205.905802	1.77258736
1676666206.0511565	1.80471377
1676666206.2056818	1.81948489
1676666206.364526	1.80596946
1676666206.4859843	1.7672597300000001
1676666206.6093102	1.77945016
1676666206.732332	1.8001015999999999
1676666206.864169	1.7566179
1676666207.0012898	1.76516364
1676666207.1382983	1.8986728099999999
1676666207.2964694	1.8440555699999999
1676666207.428902	1.749528
1676666207.5533228	1.80814062
1676666207.6853437	1.79392327
1676666207.8457227	1.74602005
1676666208.0000908	1.80814491
1676666208.1373954	1.7555149
1676666208.2913418	1.71163501
1676666208.4282122	1.80489911
1676666208.582159	1.86861263
1676666208.7300498	1.8268689900000001
1676666208.8854153	1.7683706300000002
1676666209.0137496	1.80952979
1676666209.1741471	1.75330822
1676666209.3100736	1.74782644
1676666209.4732096	1.73662106
1676666209.6065674	1.75980881
1676666209.768279	1.7776600999999999
1676666209.8993077	1.80269406
1676666210.0296974	1.82002844
1676666210.1721537	1.82100436
1676666210.3522327	1.91306793
1676666210.5392356	1.8587428799999999
1676666210.6773071	1.90087356
1676666210.8141387	1.87861345
1676666210.9517972	1.92271591
1676666211.0893025	1.9202948800000001
1676666211.2262833	1.81135487
1676666211.3642194	1.75431397
1676666211.502146	1.86231398
1676666211.6497486	1.7290429999999999
1676666211.794976	1.72761881
1676666211.9307978	1.7540533600000001
1676666212.0572066	1.80319468
1676666212.1845307	1.82802273
1676666212.3414266	1.7115375800000001
1676666212.4677725	1.76329726
1676666212.5944335	1.7995382
1676666212.716293	1.76478312
1676666212.836903	1.8223696
1676666212.9605386	1.90007024
1676666213.1207006	1.7806978599999999
1676666213.254492	1.82409568
1676666213.3973753	1.69780213
1676666213.5282955	1.6548928
1676666213.6617477	1.77139928
1676666213.8216577	1.79074821
1676666213.9483006	1.7296154799999999
1676666214.1152105	1.7390556199999998
1676666214.2523987	1.73115657
1676666214.4100883	1.7567910599999998
1676666214.5634534	1.8210290500000001
1676666214.6955488	1.7235792600000002
1676666214.8317456	1.7045536700000001
1676666215.0106728	1.67727727
1676666215.1665618	1.74583755
1676666215.3074086	1.8555522
1676666215.4665124	1.80406551
1676666215.6215215	1.77713766
1676666215.7646184	1.8298946500000002
1676666215.9197664	1.8958372600000002
1676666216.0569084	1.83920824
1676666216.1934214	1.8570520000000001
1676666216.351426	1.80242147
1676666216.4734867	1.8375759900000002
1676666216.6254954	1.8695754
1676666216.791075	1.8150102799999999
1676666216.9447367	1.8346080200000001
1676666217.0982943	1.85216919
1676666217.2316003	1.8762845700000002
1676666217.3734195	1.7808958000000001
1676666217.5118942	1.73847207
1676666217.6432705	1.82605866
1676666217.7878685	1.77057712
1676666217.9269629	1.7200942300000002
1676666218.0546322	1.7157664
1676666218.1992998	1.76171556
1676666218.3366373	1.78762139
1676666218.4966753	1.80708508
1676666218.6328173	1.83788015
1676666218.7702196	1.85142719
1676666218.9044178	1.86918034
1676666219.0398164	1.81412081
1676666219.1943386	1.85758674
1676666219.332477	1.84236187
1676666219.466891	1.83213724
1676666219.600898	1.7810635799999999
1676666219.7582989	1.76288297
1676666219.8873668	1.80129129
1676666220.0100262	1.79738386
1676666220.1486802	1.79124844
1676666220.3019457	1.7224707899999998
1676666220.423465	1.748212
1676666220.566421	1.7941397300000002
1676666220.7022514	1.7729301100000001
1676666220.8658726	1.81703148
1676666221.003098	1.82762235
1676666221.1651647	1.79922577
1676666221.3082	1.77945536
1676666221.466288	1.7952829499999998
1676666221.602092	1.87447238
1676666221.736017	1.89898779
1676666221.8730211	1.83339294
1676666222.0105562	1.77346321
1676666222.1584578	1.79162599
1676666222.2826934	1.82123227
1676666222.4402997	1.90603749
1676666222.568067	1.79411995
1676666222.6903021	1.78177403
1676666222.831897	1.89412056
1676666222.9861386	1.8040239200000001
1676666223.1524267	1.79901134
1676666223.2924287	1.85458189
1676666223.4277046	1.83089655
1676666223.551858	1.8271843
1676666223.707826	1.79319604
1676666223.8663206	1.7451609799999999
1676666223.9891717	1.70439544
1676666224.1342392	1.74937859
1676666224.270314	1.76542285
1676666224.4259956	1.7930947799999999
1676666224.5734184	1.8442264800000001
1676666224.7348456	1.88034888
1676666224.8629534	1.83016468
1676666224.9914129	1.81381
1676666225.1333191	1.76522748
1676666225.2742953	1.8010227799999998
1676666225.4122932	1.77308577
1676666225.556972	1.73005527
1676666225.7043743	1.7807649600000002
1676666225.8282955	1.78160951
1676666225.9664195	1.79676359
1676666226.121842	1.79902269
1676666226.2477922	1.7386621199999999
1676666226.4246438	1.7502385500000002
1676666226.5670867	1.82874048
1676666226.7270744	1.87386868
1676666226.8641796	1.83997856
1676666227.0022535	1.7160315400000001
1676666227.1402893	1.6374534699999999
1676666227.2981925	1.82590871
1676666227.4356644	1.91522993
1676666227.5691164	1.81237776
1676666227.712487	1.8718272900000001
1676666227.8372526	1.8615174099999998
1676666227.9828198	1.81774156
1676666228.1136427	1.8212511100000002
1676666228.2501342	1.9808068300000001
1676666228.3973112	1.92818927
1676666228.5408025	1.88600278
1676666228.685471	1.78758101
1676666228.8175733	1.7521074399999998
1676666228.9426954	1.80257658
1676666229.0858715	1.81630808
1676666229.2233763	1.85041592
1676666229.359968	1.80105318
1676666229.5382998	1.7925718
1676666229.6737235	1.82867491
1676666229.8171139	1.76682952
1676666229.9710932	1.7963129999999998
1676666230.130277	1.68334179
1676666230.2883027	1.77070049
1676666230.4259899	1.70964603
1676666230.5680118	1.72441833
1676666230.7253897	1.78177824
1676666230.8619773	1.75696362
1676666230.9959433	1.79777799
1676666231.1546216	1.77904255
1676666231.282835	1.7269847699999998
1676666231.4178197	1.73444519
1676666231.5551414	1.78310656
1676666231.6993866	1.8012291599999999
1676666231.8359506	1.72358514
1676666231.9724178	1.7581509100000001
1676666232.1193035	1.79000341
1676666232.245465	1.7642643500000001
1676666232.4054098	1.73191692
1676666232.5327854	1.8549385
1676666232.6622334	1.87215274
1676666232.8003652	1.85841105
1676666232.9352002	1.90842476
1676666233.068299	1.94915223
1676666233.2065754	1.86546663
1676666233.3437872	1.81318906
1676666233.476483	1.8876528
1676666233.618295	1.936482
1676666233.765933	1.88457597
1676666233.893149	1.7927210599999999
1676666234.0516167	1.7601714800000001
1676666234.2040112	1.7713865
1676666234.3459084	1.76951992
1676666234.4779847	1.74418249
1676666234.620725	1.7301748300000002
1676666234.7884574	1.87713646
1676666234.9182436	1.82564225
1676666235.056588	1.82112996
1676666235.1982994	1.8007595299999999
1676666235.359797	1.7487307
1676666235.5249124	1.7754890399999999
1676666235.6602018	1.89304823
1676666235.797001	1.7668798700000001
1676666235.955908	1.7225404800000002
1676666236.1249056	1.83115213
1676666236.2521677	1.92715138
1676666236.397947	1.8074239099999998
1676666236.544089	1.75600536
1676666236.6733608	1.81274481
1676666236.821637	1.7981585900000001
1676666236.9582903	1.73806777
1676666237.1343162	1.79133038
1676666237.2701852	1.89163278
1676666237.4279256	1.88258409
1676666237.5607128	1.86477412
1676666237.6939614	1.79194703
1676666237.8197913	1.75418458
1676666237.961688	1.80266118
1676666238.0833905	1.76704772
1676666238.2063627	1.7163723499999999
1676666238.3382921	1.76009671
1676666238.4626002	1.76118631
1676666238.599216	1.80504741
1676666238.7262177	1.80831298
1676666238.880654	1.77689323
1676666239.0182939	1.88414775
1676666239.1529949	1.90637992
1676666239.2935739	1.78805946
1676666239.4322157	1.79569629
1676666239.5863926	1.8745853499999998
1676666239.7331288	1.79654083
1676666239.8778281	1.74127114
1676666240.0110307	1.83486923
1676666240.1782942	1.77157817
1676666240.315092	1.8249035
1676666240.4482987	1.8676256599999999
1676666240.5861444	1.82202507
1676666240.7220159	1.79446664
1676666240.8787065	1.85698923
1676666241.0322552	1.88043808
1676666241.1936812	1.79412507
1676666241.3373601	1.77419006
1676666241.49378	1.86829004
1676666241.6307595	1.87838597
1676666241.773517	1.83633997
1676666241.911055	1.8019425999999998
1676666242.0521102	1.77399219
1676666242.188084	1.7390811199999998
1676666242.3262463	1.76938383
1676666242.453223	1.76997853
1676666242.5892963	1.79385972
1676666242.7231727	1.75668369
1676666242.8476155	1.75186201
1676666242.985666	1.82448209
1676666243.1148336	1.8289107199999999
1676666243.2814262	1.82159509
1676666243.4346328	1.7616297699999999
1676666243.5938647	1.61680462
1676666243.758304	1.78625078
1676666243.8969924	1.80325534
1676666244.054371	1.89284085
1676666244.1925488	1.8143475599999999
1676666244.3464413	1.7533880899999998
1676666244.4914193	1.76232042
1676666244.6521854	1.78165781
1676666244.7872584	1.8626643
1676666244.9297547	1.8558914899999999
1676666245.072459	1.8668947
1676666245.208139	1.7965524400000001
1676666245.363043	1.83104525
1676666245.4960165	1.8161523099999999
1676666245.634226	1.73920061
1676666245.7882774	1.71261381
1676666245.9162393	1.75725349
1676666246.0553937	1.77037423
1676666246.1919587	1.74066181
1676666246.371672	1.81651372
1676666246.5250583	1.87854888
1676666246.6682534	1.7709469100000002
1676666246.8068027	1.7047667800000001
1676666246.9449813	1.91856842
1676666247.089333	1.91352894
1676666247.2326736	1.88039649
1676666247.3699217	1.8189399199999998
1676666247.5097299	1.8125358599999999
1676666247.6562862	1.8153435
1676666247.7950306	1.89032351
1676666247.9330642	1.93694452
1676666248.071271	1.92449781
1676666248.2082987	1.8961152099999998
1676666248.372494	1.8081769300000001
1676666248.5541177	1.76449976
1676666248.69176	1.7694560300000002
1676666248.8327947	1.72003328
1676666248.9909568	1.7816748500000001
1676666249.1479006	1.85831232
1676666249.285978	1.77146351
1676666249.4207387	1.66307107
1676666249.5612974	1.74153114
1676666249.7232802	1.8722569800000002
1676666249.879695	1.94150588
1676666250.0180213	1.9140772099999999
1676666250.177301	1.92664296
1676666250.3153236	1.865521
1676666250.450906	1.8482810299999999
1676666250.5873046	1.84297836
1676666250.7249377	1.78012494
1676666250.8797624	1.7645472500000001
1676666251.0174437	1.73693681
1676666251.1540334	1.78538042
1676666251.2871332	1.82417853
1676666251.4463308	1.9727947799999999
1676666251.6256402	1.93374036
1676666251.7682645	1.80886896
1676666251.9046955	1.8539370700000002
1676666252.0682962	1.8926713700000002
1676666252.2048936	1.86455474
1676666252.3453133	1.9440915300000001
1676666252.4835	1.9943400500000001
1676666252.6609414	1.90926251
1676666252.802492	1.8625777000000001
1676666252.9616768	1.7633219999999998
1676666253.101668	1.78771191
1676666253.2302866	1.79234055
1676666253.3725085	1.7672101199999999
1676666253.5133572	1.80092219
1676666253.6664057	1.8284956399999999
1676666253.826986	1.9021032
1676666253.990624	1.71374801
1676666254.134314	1.68588768
1676666254.2911804	1.7893205799999998
1676666254.4293098	1.7965901100000001
1676666254.5882957	1.79890765
1676666254.7283008	1.77991208
1676666254.9006956	1.81863515
1676666255.068333	1.78438737
1676666255.2140968	1.7422593199999998
1676666255.3780122	1.739834
1676666255.5166104	1.73106038
1676666255.6883	1.8139325
1676666255.8337395	1.88390588
1676666255.9907207	1.79997991
1676666256.14973	1.8344331999999999
1676666256.2882953	1.87773517
1676666256.4261682	1.9247160300000001
1676666256.5634606	1.9226591
1676666256.715102	1.74039061
1676666256.859352	1.79000377
1676666257.057637	1.84629073
1676666257.2118533	1.8499354099999998
1676666257.4084177	1.79417556
1676666257.5489118	1.75104368
1676666257.6906664	1.80671666
1676666257.8463242	1.76520524
1676666257.9882972	1.75752925
1676666258.1423054	1.7802478000000002
1676666258.2886195	1.8871657
1676666258.4293733	1.8704389099999998
1676666258.582497	1.91322386
1676666258.7196076	1.79379332
1676666258.889302	1.77509749
1676666259.0276186	1.7781341
1676666259.1683	1.88029785
1676666259.331304	1.7606447699999999
1676666259.4699607	1.69135503
1676666259.59762	1.78911051
1676666259.7348316	1.7800371400000001
1676666259.8907402	1.88204699
1676666260.0749242	1.7914302
1676666260.2144656	1.87796368
1676666260.3579676	1.82581152
1676666260.5186346	1.87396399
1676666260.6972547	1.80584472
1676666260.8450897	1.78552521
1676666260.99006	1.84440264
1676666261.1293066	1.87216111
1676666261.258302	1.8389964699999999
1676666261.409447	1.9688457499999998
1676666261.5482984	1.9583321000000002
1676666261.7003891	1.82686665
1676666261.8382983	1.87212196
1676666261.9982994	1.88073365
1676666262.1368723	1.79466185
1676666262.279677	1.9044071999999999
1676666262.4372785	1.9073649799999999
1676666262.5969927	1.79945673
1676666262.7300882	1.79220329
1676666262.8823862	1.77287745
1676666263.0447936	1.71891076
1676666263.1832805	1.89932929
1676666263.3184462	1.9463493
1676666263.461518	1.80233309
1676666263.6349206	1.83859064
1676666263.7737157	1.8635774
1676666263.926844	1.87718289
1676666264.0723386	1.83658465
1676666264.228384	1.64502723
1676666264.3602364	1.75111878
1676666264.4970257	1.90335147
1676666264.6593108	1.9434167100000002
1676666264.7975168	1.8795074
1676666264.934311	1.78474242
1676666265.0927477	1.7488192
1676666265.2472672	1.7926575599999999
1676666265.4043071	1.7939091
1676666265.5575147	1.8343266299999998
1676666265.7009287	1.9093866000000002
1676666265.8393128	1.89915393
1676666265.9673595	1.78704442
1676666266.133903	1.72515131
1676666266.2902522	1.73321873
1676666266.4293015	1.80270256
1676666266.5830512	1.84163637
1676666266.7126482	1.87052786
1676666266.8511796	1.8940888
1676666267.0050128	1.8063660099999999
1676666267.1651037	1.85091886
1676666267.3018408	1.9207737900000001
1676666267.461072	1.90973095
1676666267.6142552	1.84169868
1676666267.7548373	1.8657148700000001
1676666267.913174	1.7962562400000002
1676666268.04693	1.88385034
1676666268.1903076	1.8487821400000002
1676666268.348295	1.7548703
1676666268.5251055	1.80908368
1676666268.6620083	1.8463278600000002
1676666268.7999775	1.81217444
1676666268.9528418	1.8552049700000002
1676666269.0903075	1.83656974
1676666269.2270887	1.7994869599999999
1676666269.3682427	1.77973318
1676666269.5132504	1.76947966
1676666269.6663303	1.79500851
1676666269.7971656	1.8322668
1676666269.954362	1.88267412
1676666270.083581	1.90675199
1676666270.2182994	1.9183123400000002
1676666270.356074	1.8022052700000002
1676666270.502612	1.70029567
1676666270.6582937	1.71085598
1676666270.8225477	1.69678075
1676666270.9803147	1.71331937
1676666271.1542902	1.77369555
1676666271.311455	1.71525405
1676666271.448313	1.70129465
1676666271.6067379	1.77492403
1676666271.7577362	1.8826789499999999
1676666271.8964174	1.7813141000000001
1676666272.0534794	1.7344232800000001
1676666272.2112978	1.8083829599999999
1676666272.3740091	1.83540467
1676666272.508306	1.7075758399999998
1676666272.6765132	1.71839031
1676666272.8131068	1.7825141199999999
1676666272.963557	1.79690893
1676666273.0914207	1.79761996
1676666273.2512665	1.80865482
1676666273.3796637	1.74681048
1676666273.524443	1.72277766
1676666273.6794262	1.8260326199999999
1676666273.824158	1.86888782
1676666273.9672222	1.90459897
1676666274.1056733	1.8076421599999999
1676666274.239634	1.78612846
1676666274.371307	1.88359892
1676666274.5287106	1.79376227
1676666274.6879332	1.84252877
1676666274.8160844	1.81010732
1676666274.9393146	1.82917368
1676666275.1178885	1.84373849
1676666275.252876	1.91375646
1676666275.411865	1.84318457
1676666275.5485356	1.78931272
1676666275.7217739	1.7536889500000001
1676666275.880419	1.85079299
1676666276.0297365	1.7874005599999998
1676666276.17345	1.83213523
1676666276.3282254	1.89809176
1676666276.4873729	1.80939487
1676666276.6331456	1.8816075300000001
1676666276.778501	1.85699129
1676666276.953914	1.8353006699999999
1676666277.1121898	1.85689209
1676666277.241222	1.86231059
1676666277.3749502	1.7834686
1676666277.5129309	1.71731465
1676666277.652158	1.80967312
1676666277.7890234	1.86024882
1676666277.9268675	1.88318616
1676666278.07269	1.8362197500000002
1676666278.2172341	1.79197466
1676666278.354318	1.8249961300000002
1676666278.4829094	1.7701853699999999
1676666278.6082983	1.8272852800000001
1676666278.7462394	1.90249118
1676666278.8992965	1.8418554599999999
1676666279.0313923	1.81513832
1676666279.188711	1.78213453
1676666279.348299	1.7575301
1676666279.49133	1.74336692
1676666279.6469932	1.88781271
1676666279.7920907	1.84810457
1676666279.9382966	1.8438738000000001
1676666280.0699432	1.9465019499999998
1676666280.2282944	1.77731285
1676666280.3558764	1.87580568
1676666280.4804566	1.9250226
1676666280.6182985	1.75951518
1676666280.774411	1.7217192000000001
1676666280.9003327	1.71875781
1676666281.0435169	1.78838751
1676666281.181163	1.85351391
1676666281.3166385	1.7662468900000001
1676666281.4750025	1.80663868
1676666281.6027558	1.9115387400000001
1676666281.748296	1.7885605900000001
1676666281.9043338	1.6950380299999999
1676666282.0353782	1.67145671
1676666282.1733248	1.7819747400000001
1676666282.3093946	1.77993764
1676666282.4676704	1.8006518
1676666282.60378	1.65501945
1676666282.7375646	1.70826442
1676666282.8959322	1.7748397999999999
1676666283.023915	1.7196081399999998
1676666283.1582103	1.72877002
1676666283.2952778	1.76960961
1676666283.4426804	1.7779483699999998
1676666283.5693064	1.7415465799999998
1676666283.70621	1.75643256
1676666283.8598745	1.76031855
1676666284.0059118	1.7939555900000002
1676666284.143725	1.80904855
1676666284.2709863	1.7926665199999998
1676666284.4169269	1.79957463
1676666284.572367	1.96180512
1676666284.7175844	1.86269516
1676666284.8554585	1.80123316
1676666284.9927876	1.82094244
1676666285.1505318	1.81442898
1676666285.331355	1.77967499
1676666285.4683094	1.7886149
1676666285.62262	1.7563087899999998
1676666285.7983167	1.8666638199999999
1676666285.930241	1.84727359
1676666286.0991564	1.78864819
1676666286.260185	1.70702058
1676666286.4395561	1.7913030099999998
1676666286.5749247	1.88655274
1676666286.727492	1.89328122
1676666286.8668036	1.8549662
1676666287.0034444	1.86448355
1676666287.1418734	1.84332005
1676666287.2792645	1.8228236
1676666287.415736	1.9546461700000002
1676666287.5572886	1.82251312
1676666287.6925974	1.80063971
1676666287.8460507	1.8002437900000001
1676666287.9838161	1.78492721
1676666288.120724	1.76427042
1676666288.2549822	1.72006715
1676666288.414223	1.79995745
1676666288.5427344	1.72952071
1676666288.6883156	1.6544794399999998
1676666288.8440974	1.66016552
1676666288.9760697	1.74902999
1676666289.135621	1.869281
1676666289.2982945	1.85916254
1676666289.4360673	1.8017730900000002
1676666289.587525	1.7135671000000001
1676666289.7254016	1.79159403
1676666289.878302	1.84502422
1676666290.038293	1.68474127
1676666290.18833	1.6799624899999999
1676666290.3492403	1.8070604300000002
1676666290.485314	1.87909133
1676666290.6437707	1.8709783299999998
1676666290.7997491	1.82401569
1676666290.9360764	1.7943852800000002
1676666291.0795507	1.76810141
1676666291.215329	1.74654593
1676666291.3538423	1.7817734
1676666291.4903219	1.79715324
1676666291.624797	1.72332333
1676666291.779974	1.89271881
1676666291.9126184	1.9302434400000001
1676666292.0508528	1.85788867
1676666292.2059162	1.82332183
1676666292.3359816	1.80305649
1676666292.4950666	1.8097088300000002
1676666292.6235912	1.8220322199999999
1676666292.749095	1.81842025
1676666292.887666	1.7807015
1676666293.0242007	1.82121824
1676666293.158302	1.88958032
1676666293.2955801	1.8239138199999998
1676666293.4326994	1.82180647
1676666293.5662014	1.8173150999999999
1676666293.702933	1.77909499
1676666293.876092	1.76054555
1676666294.0758007	1.79261737
1676666294.2133045	1.77407168
1676666294.3501348	1.90643212
1676666294.512847	1.90625684
1676666294.6582918	1.80005215
1676666294.807138	1.94707334
1676666294.9713042	1.87756107
1676666295.1074998	1.74712193
1676666295.2623417	1.8036105
1676666295.397297	1.84926477
1676666295.5562277	1.76925224
1676666295.7346482	1.7928936199999999
1676666295.8811169	1.77066357
1676666296.0321612	1.77054989
1676666296.1873438	1.81892761
1676666296.3443084	1.84275345
1676666296.498295	1.79947196
1676666296.630128	1.85018574
1676666296.7875297	1.79865093
1676666296.9157724	1.78329629
1676666297.0423315	1.79546418
1676666297.18063	1.85629772
1676666297.3346312	1.85880723
1676666297.4945986	1.82164938
1676666297.631075	1.77945911
1676666297.764925	1.8038737100000002
1676666297.9023805	1.78442235
1676666298.0551898	1.80452736
1676666298.215744	1.8853173699999999
1676666298.3494833	1.91127253
1676666298.4753227	1.8110370599999999
1676666298.6156044	1.76718559
1676666298.751847	1.88572008
1676666298.8856695	1.82181186
1676666299.0234025	1.76796847
1676666299.1596513	1.79077817
1676666299.2924178	1.7869382999999999
1676666299.4310958	1.7755334500000002
1676666299.582884	1.73949576
1676666299.7255354	1.7144999
1676666299.8890235	1.8051215
1676666300.0342653	1.9409479900000002
1676666300.1718261	1.85169375
1676666300.3170867	1.8308246300000002
1676666300.4743109	1.84782386
1676666300.628014	1.88482942
1676666300.7682989	1.84658787
1676666300.9283695	1.8259713100000001
1676666301.0610344	1.8891465200000002
1676666301.2212403	1.84326172
1676666301.3623006	1.85292896
1676666301.5207353	1.77745452
1676666301.6853998	1.8398044599999999
1676666301.828299	1.75737955
1676666301.9612362	1.7077883999999999
1676666302.0921364	1.77929
1676666302.228302	1.83237247
1676666302.3835526	1.8421086
1676666302.5602014	1.8936365700000002
1676666302.7160094	1.91625214
1676666302.8725913	1.8583656899999998
1676666303.0210087	1.8025388500000001
1676666303.1757548	1.91670578
1676666303.3184843	1.93347282
1676666303.4871993	1.79892159
1676666303.6225092	1.75722599
1676666303.785129	1.7523464
1676666303.918294	1.87620019
1676666304.0801125	1.91102013
1676666304.2351112	1.88994725
1676666304.3729892	1.92057341
1676666304.513537	1.81890408
1676666304.6466005	1.79693411
1676666304.8060153	1.88231577
1676666304.9412062	1.89001481
1676666305.064994	1.89089046
1676666305.2028465	1.74487847
1676666305.354441	1.8624719
1676666305.5131478	1.92294243
1676666305.6677563	1.8861468399999999
1676666305.810626	1.8698008899999998
1676666305.9563532	1.81995966
1676666306.1067624	1.84119285
1676666306.2311723	1.8846292599999999
1676666306.3827126	1.82391642
1676666306.527458	1.90620348
1676666306.671353	1.9369063
1676666306.7954893	1.89835968
1676666306.978299	1.85780974
1676666307.1363764	1.8546026100000002
1676666307.2782996	1.77646106
1676666307.4282906	1.8194331
1676666307.5642607	1.83669934
1676666307.7082982	1.84891012
1676666307.853236	1.88094919
1676666308.0192325	1.85399779
1676666308.1493168	1.93979952
1676666308.2873042	1.8889327500000002
1676666308.4354224	1.72044483
1676666308.5807173	1.6936768
1676666308.717175	1.82002116
1676666308.8435996	1.83636724
1676666308.9716277	1.85648402
1676666309.110468	1.87897195
1676666309.2445579	1.87736759
1676666309.3716238	1.81854173
1676666309.505349	1.83394461
1676666309.664304	1.83246036
1676666309.7968526	1.8510666
1676666309.9332125	1.82444389
1676666310.0865781	1.8782716499999998
1676666310.2104313	1.88610464
1676666310.3463356	1.81450325
1676666310.4828987	1.7928354100000001
1676666310.616516	1.84827133
1676666310.776616	1.8444121599999999
1676666310.9034333	1.77497503
1676666311.0244706	1.77800735
1676666311.1694064	1.84988106
1676666311.308299	1.77194701
1676666311.463295	1.85129775
1676666311.5998213	1.90951611
1676666311.7730386	1.87734673
1676666311.9084103	1.7955738799999998
1676666312.0456476	1.83826763
1676666312.2033	1.8643069600000002
1676666312.3388412	1.77276259
1676666312.4978387	1.7873601799999999
1676666312.629508	1.8661888299999998
1676666312.7799487	1.8100798999999999
1676666312.939876	1.80509789
1676666313.0745335	1.83398131
1676666313.2120495	1.9478586
1676666313.3428292	1.89088805
1676666313.4799247	1.86669869
1676666313.638357	1.85261651
1676666313.7669919	1.83295016
1676666313.89336	1.8136210899999998
1676666314.036605	1.83068088
1676666314.1742861	1.77866606
1676666314.3104174	1.8658192900000001
1676666314.4530277	1.8149825499999999
1676666314.590151	1.8323292199999999
1676666314.72739	1.8585574699999998
1676666314.8651037	1.84590203
1676666315.0096512	1.81526853
1676666315.1660478	1.81778716
1676666315.288348	1.88911449
1676666315.4358442	1.9619909699999998
1676666315.5809078	1.90204167
1676666315.7226396	1.80503586
1676666315.8782947	1.88605804
1676666316.0012677	1.89306643
1676666316.1243305	1.87553635
1676666316.2712393	1.91528413
1676666316.4173484	1.91043618
1676666316.574265	1.82405717
1676666316.708528	1.88532235
1676666316.8687537	1.81579135
1676666317.0023127	1.76558566
1676666317.140188	1.8057253999999998
1676666317.2732315	1.7985304100000001
1676666317.433022	1.7662028300000001
1676666317.5682898	1.87361396
1676666317.6954007	1.82983542
1676666317.8189123	1.8619211599999999
1676666317.9622412	1.79029515
1676666318.1093023	1.7344157500000001
1676666318.2344537	1.80619941
1676666318.372722	1.76040844
1676666318.4955385	1.63473958
1676666318.6504433	1.7159939499999999
1676666318.7872488	1.77396782
1676666318.9237363	1.85614662
1676666319.0556166	1.89562147
1676666319.1943989	1.9231365999999999
1676666319.3472629	1.85483001
1676666319.5122747	1.8001412200000002
1676666319.64274	1.88506284
1676666319.7860942	1.83942305
1676666319.921034	1.6932078
1676666320.065131	1.76299462
1676666320.2231164	1.7538687
1676666320.3643737	1.71122906
1676666320.504499	1.7408128299999999
1676666320.6664217	1.8097556399999999
1676666320.8176339	1.9608333299999998
1676666320.9776196	1.7649485999999999
1676666321.1354074	1.70712216
1676666321.2861364	1.72694351
1676666321.4463367	1.78882048
1676666321.5782921	1.82918029
1676666321.7111182	1.79009982
1676666321.8693066	1.82923632
1676666322.02204	1.8881394699999998
1676666322.1815941	1.8340639
1676666322.317264	1.8334247300000002
1676666322.4551494	1.9092799100000002
1676666322.6030982	1.76896098
1676666322.7700193	1.8459690400000002
1676666322.90031	1.8888789099999999
1676666323.0165498	1.85084756
1676666323.1450052	1.94834241
1676666323.2830582	1.8617778600000001
1676666323.4248226	1.93691773
1676666323.583037	1.90091972
1676666323.7302895	1.74843844
1676666323.8572686	1.863724
1676666323.9913065	1.88317287
1676666324.1282995	1.8788418199999999
1676666324.2663949	1.8083804300000001
1676666324.4028585	1.85143832
1676666324.561274	1.81777392
1676666324.6914742	1.8832752799999999
1676666324.8605113	1.92526824
1676666325.0137646	1.94377533
1676666325.1563418	1.9794146200000002
1676666325.2945826	1.91947547
1676666325.421936	1.8207552999999999
1676666325.557291	1.81675618
1676666325.699303	1.79572189
1676666325.8326461	1.8505192400000001
1676666325.9658043	1.94847046
1676666326.1093	1.8909561000000001
1676666326.2482889	1.7970086299999999
1676666326.383382	1.77841467
1676666326.5203738	1.7633013199999998
1676666326.6572797	1.8776083700000001
1676666326.791997	1.92444717
1676666326.9310265	1.79166413
1676666327.0669177	1.81412209
1676666327.2026944	1.88182305
1676666327.339812	1.83458155
1676666327.476293	1.80694103
1676666327.6339831	1.84663417
1676666327.7712197	1.85395089
1676666327.9042804	1.89762921
1676666328.0466692	1.93590243
1676666328.2007546	1.77111243
1676666328.345492	1.83244895
1676666328.4817696	1.79303131
1676666328.6097083	1.80808247
1676666328.7621138	1.84813007
1676666328.8999898	1.80573866
1676666329.0274975	1.8425179900000002
1676666329.1737666	1.81616331
1676666329.3282928	1.81763255
1676666329.4609444	1.73214192
1676666329.6194375	1.76882419
1676666329.7558928	1.7675624699999999
1676666329.8936677	1.83752578
1676666330.0309052	1.8301779599999999
1676666330.1672122	1.81250629
1676666330.305815	1.85137098
1676666330.4430566	1.84567901
1676666330.5782988	1.78692475
1676666330.7372332	1.80197894
1676666330.8653426	1.8653231399999999
1676666330.991421	1.80854388
1676666331.13015	1.7545148899999998
1676666331.2841566	1.83293277
1676666331.4217436	1.8453039
1676666331.5578992	1.87793772
1676666331.6863434	1.74495945
1676666331.8118138	1.76897406
1676666331.9506888	1.7829206100000001
1676666332.0871441	1.77505533
1676666332.2209115	1.78508533
1676666332.3855977	1.9200358100000001
1676666332.5140631	1.87161193
1676666332.6418903	1.7606320899999999
1676666332.7804193	1.7006295999999999
1676666332.9158232	1.5913281099999999
1676666333.0720532	1.7357257000000001
1676666333.2099636	1.74491008
1676666333.346106	1.69223612
1676666333.5117004	1.75809626
1676666333.6659164	1.8339113299999998
1676666333.8268063	1.7986243100000001
1676666333.98108	1.7621790400000001
1676666334.1477468	1.75176619
1676666334.291423	1.80404978
1676666334.448346	1.84118194
1676666334.5832968	1.78869244
1676666334.7427177	1.74778207
1676666334.8758051	1.72939509
1676666335.0150876	1.73465754
1676666335.1521995	1.65986982
1676666335.285839	1.70661047
1676666335.4235172	1.64543421
1676666335.5615432	1.66117066
1676666335.6967318	1.75821467
1676666335.834348	1.82454133
1676666335.9703135	1.84893022
1676666336.128296	1.87500927
1676666336.2673168	1.80444058
1676666336.3962173	1.71980041
1676666336.5403018	1.83084888
1676666336.678295	1.87239681
1676666336.8324788	1.89304074
1676666336.984898	1.8546034200000001
1676666337.1182034	1.8325143799999999
1676666337.278295	1.80879346
1676666337.4069748	1.77490324
1676666337.5582855	1.7002504500000002
1676666337.6982958	1.74831511
1676666337.8271427	1.8593481399999998
1676666337.9541326	1.8062060100000001
1676666338.0915406	1.81618078
1676666338.2292242	1.84499781
1676666338.3629417	1.8126605
1676666338.5072691	1.72580082
1676666338.6450427	1.75521788
1676666338.787157	1.7860543100000001
1676666338.924146	1.7956237
1676666339.0632837	1.78826407
1676666339.2019913	1.85082009
1676666339.3393152	1.82602365
1676666339.4845812	1.87633292
1676666339.621254	1.96209398
1676666339.758447	1.84963573
1676666339.897493	1.7455392
1676666340.0592954	1.69607396
1676666340.2166328	1.7602439699999999
1676666340.3764935	1.77311218
1676666340.523263	1.8351206800000002
1676666340.6682963	1.85251888
1676666340.8053038	1.81666345
1676666340.9340951	1.8487674799999998
1676666341.0800467	1.8955939800000001
1676666341.2181802	1.78143056
1676666341.379884	1.7799479100000002
1676666341.517309	1.7865868599999999
1676666341.6808918	1.7829898899999999
1676666341.8196714	1.7187335400000001
1676666341.9550548	1.72635579
1676666342.1140492	1.77382247
1676666342.2759109	1.83082911
1676666342.410857	1.7921086499999999
1676666342.5498586	1.74717394
1676666342.6864777	1.7278099599999999
1676666342.8482997	1.7708368
1676666342.9809384	1.80884784
1676666343.1383011	1.91695517
1676666343.2815058	1.88290359
1676666343.4354868	1.76615935
1676666343.6016686	1.77120036
1676666343.737355	1.7900082800000001
1676666343.875833	1.91128786
1676666344.0225434	1.83382658
1676666344.1520023	1.83912014
1676666344.3109286	1.8776807999999998
1676666344.469364	1.75863672
1676666344.6282914	1.83072025
1676666344.786714	1.81699463
1676666344.9446304	1.7868247400000001
1676666345.087411	1.8383356499999999
1676666345.2255442	1.9377749899999999
1676666345.379359	1.8059908599999999
1676666345.5178173	1.79306473
1676666345.6546016	1.89703192
1676666345.8144789	1.77743177
1676666345.9518714	1.72571173
1676666346.1093762	1.8162380200000001
1676666346.2468657	1.80884676
1676666346.3835585	1.8561614499999999
1676666346.5402596	1.81300854
1676666346.6767633	1.80685801
1676666346.8318348	1.9305162
1676666346.9945204	1.8353361099999999
1676666347.1282947	1.76739223
1676666347.2671978	1.67851647
1676666347.4212947	1.7410515
1676666347.5815835	1.82994334
1676666347.7093465	1.8743729100000002
1676666347.8609426	1.85862252
1676666347.9977076	1.78505102
1676666348.153124	1.8282505
1676666348.2905624	1.84767452
1676666348.4442143	1.85426788
1676666348.6091943	1.75544793
1676666348.7382102	1.80025232
1676666348.9082956	1.7372293300000001
1676666349.0475965	1.84409097
1676666349.1841764	1.83007419
1676666349.3221126	1.79800288
1676666349.460293	1.80711379
1676666349.624103	1.7895863699999999
1676666349.7621799	1.89760786
1676666349.8997986	1.8572460499999999
1676666350.0376964	1.80090168
1676666350.1902945	1.83477254
1676666350.3176525	1.94182991
1676666350.4761198	1.9458907
1676666350.6040173	1.8129875400000002
1676666350.7482958	1.7894319399999998
1676666350.9054148	1.85637199
1676666351.039493	1.8456475399999999
1676666351.2030587	1.6662412500000001
1676666351.3450327	1.7994109
1676666351.4829457	1.73395884
1676666351.621743	1.69002796
1676666351.7567983	1.76129318
1676666351.901459	1.80836202
1676666352.0382998	1.8711050999999999
1676666352.1972952	1.72333686
1676666352.3353684	1.65376127
1676666352.4629757	1.83219913
1676666352.6136947	1.89117687
1676666352.7510839	1.89795684
1676666352.8793004	1.85162637
1676666353.024153	1.89741472
1676666353.180065	1.91974161
1676666353.3105724	1.83001667
1676666353.448289	1.9031247199999999
1676666353.6072328	1.88396988
1676666353.7699287	1.85070926
1676666353.898297	1.74867739
1676666354.0239305	1.7695524200000001
1676666354.1617775	1.79247045
1676666354.3049903	1.81497987
1676666354.4375188	1.8953473900000002
1676666354.5967429	1.9133825999999998
1676666354.7482982	1.88946774
1676666354.8861096	1.90178471
1676666355.039326	1.89965109
1676666355.1982934	1.7422331
1676666355.3316588	1.7107227
1676666355.4568896	1.70128381
1676666355.5951977	1.7556393399999999
1676666355.750137	1.9177807
1676666355.8928986	1.89553135
1676666356.0246234	1.82345597
1676666356.15728	1.8168159700000002
1676666356.2818675	1.78740916
1676666356.4182975	1.8486888399999999
1676666356.5542142	1.85183055
1676666356.7017386	1.85040367
1676666356.8437514	1.8448634499999998
1676666356.9903927	1.82161566
1676666357.1170301	1.90136434
1676666357.305746	1.81189347
1676666357.462191	1.86154523
1676666357.5990999	1.83186657
1676666357.7327962	1.80154605
1676666357.8706255	1.81604917
1676666358.0072448	1.79857593
1676666358.1703048	1.7971147299999999
1676666358.3117397	1.8276143500000002
1676666358.4395084	1.83770653
1676666358.5831013	1.92871796
1676666358.7193966	1.93458313
1676666358.8510065	1.9241134500000001
1676666358.9947274	1.9373468
1676666359.128185	1.9434152
1676666359.2922437	1.81059368
1676666359.428298	1.76226423
1676666359.5842035	1.7314562900000001
1676666359.7208261	1.7523055699999999
1676666359.8622172	1.81359007
1676666359.995855	1.84153349
1676666360.1339598	1.81774729
1676666360.2701538	1.82765554
1676666360.4281144	1.7504705299999999
1676666360.5677307	1.7360247899999999
1676666360.6961777	1.84328365
1676666360.8309388	1.80076093
1676666360.9682932	1.72087445
1676666361.124522	1.78715758
1676666361.2659366	1.79107359
1676666361.4218054	1.78605619
1676666361.5664256	1.82325855
1676666361.7091851	1.7973323399999999
1676666361.8468144	1.72451323
1676666361.985307	1.73468585
1676666362.1227508	1.7924870700000002
1676666362.2607	1.7623249600000002
1676666362.418292	1.81431932
1676666362.5552535	1.8617290100000001
1676666362.702385	1.81376852
1676666362.8383045	1.77462721
1676666362.9869483	1.7334531
1676666363.1525562	1.82836815
1676666363.304908	1.8734207299999999
1676666363.4448755	1.8322804000000001
1676666363.582539	1.7641141
1676666363.7167442	1.74952091
1676666363.875309	1.8793363
1676666364.0032825	1.81362052
1676666364.138994	1.86937764
1676666364.2774029	1.99789163
1676666364.4149964	2.0046983899999997
1676666364.5524833	1.86112522
1676666364.6901426	1.7391493500000001
1676666364.8277009	1.7805492
1676666364.9900548	1.85750145
1676666365.1329575	1.85798887
1676666365.2613957	1.88490384
1676666365.4045384	1.84830476
1676666365.578295	1.75179392
1676666365.7165666	1.72710962
1676666365.853328	1.7685673899999999
1676666366.012325	1.83583659
1676666366.151046	1.93879653
1676666366.2793152	1.87614632
1676666366.413014	1.83005615
1676666366.5682983	1.8458831900000001
1676666366.7471554	1.72838958
1676666366.8840055	1.85167067
1676666367.042836	1.8488962999999998
1676666367.2171054	1.85788226
1676666367.3548489	1.76856319
1676666367.508298	1.75544406
1676666367.6482897	1.84856974
1676666367.8127599	1.9813890399999998
1676666367.9482915	1.9833253300000002
1676666368.0866642	1.88548091
1676666368.243241	1.79560311
1676666368.4030132	1.86199559
1676666368.5625763	1.9044223100000002
1676666368.7001436	1.86491852
1676666368.8597388	1.9227711900000002
1676666368.9994197	1.9277032399999998
1676666369.1362164	1.8206268099999998
1676666369.2682948	1.86026117
1676666369.4476576	1.78017476
1676666369.606798	1.7746576
1676666369.744506	1.88485913
1676666369.9083018	1.73035146
1676666370.0634367	1.76909702
1676666370.1994498	1.84006396
1676666370.357594	1.8101182900000001
1676666370.4973955	1.8530393799999998
1676666370.6603608	1.83275261
1676666370.7966194	1.7988351699999998
1676666370.9382982	1.74419448
1676666371.0953476	1.7223178300000002
1676666371.2303348	1.80595133
1676666371.3918765	1.80340183
1676666371.5306678	1.74096481
1676666371.6680684	1.86102641
1676666371.8057652	1.9086791200000002
1676666371.9624138	1.87407208
1676666372.1209428	1.85909816
1676666372.256114	1.7805769200000001
1676666372.4278812	1.7203402200000002
1676666372.5723727	1.74065381
1676666372.7115922	1.7953760300000001
1676666372.887617	1.7667113700000001
1676666373.024552	1.77784489
1676666373.1584141	1.79287672
1676666373.2964902	1.84432157
1676666373.449312	1.80527196
1676666373.5903785	1.78343187
1676666373.728065	1.80727279
1676666373.9075055	1.80953725
