Time (s)\Voltage (mV)
1676666609.9606993	1.8436434400000001
1676666610.0816135	1.86752941
1676666610.222595	1.76377652
1676666610.3483205	1.7408439500000001
1676666610.4846337	1.80560874
1676666610.605603	1.8010701599999999
1676666610.7436056	1.83125298
1676666610.902591	1.76222041
1676666611.0256193	1.78694664
1676666611.1570876	1.74391006
1676666611.2893152	1.67811359
1676666611.4798048	1.76190028
1676666611.6408446	1.81121922
1676666611.7982929	1.6793671300000002
1676666611.9332044	1.73194497
1676666612.0908306	1.76339047
1676666612.2268386	1.66156962
1676666612.365289	1.69624649
1676666612.5073903	1.80615571
1676666612.6274478	1.73864763
1676666612.7850966	1.76235128
1676666612.9367142	1.82997947
1676666613.0570679	1.8428981
1676666613.1770601	1.89527456
1676666613.2996154	1.905037
1676666613.419985	1.84800561
1676666613.5625007	1.8330879400000002
1676666613.6996927	1.89367072
1676666613.8364515	1.83760131
1676666613.9612467	1.72216795
1676666614.0857186	1.69722816
1676666614.2247667	1.7091747
1676666614.3429928	1.74755241
1676666614.4784472	1.71318656
1676666614.614982	1.82466149
1676666614.7365277	1.87691084
1676666614.8492997	1.82065378
1676666614.992502	1.77877065
1676666615.150333	1.88278246
1676666615.2592936	1.83750237
1676666615.4046245	1.798199
1676666615.5223758	1.87615155
1676666615.6436744	1.89666736
1676666615.7834804	1.7255389399999999
1676666615.9383006	1.71379946
1676666616.0563574	1.74756689
1676666616.1983035	1.7859796000000001
1676666616.310301	1.83826112
1676666616.456098	1.7330345900000002
1676666616.5995293	1.75446399
1676666616.7214007	1.85853918
1676666616.8532727	1.82124874
1676666616.997095	1.85377593
1676666617.1189082	1.92363108
1676666617.2432692	1.92164278
1676666617.3763936	1.8718412199999999
1676666617.5170913	1.7769933299999998
1676666617.6544862	1.71774999
1676666617.782617	1.7335181100000001
1676666617.9282994	1.75257059
1676666618.0609572	1.83338665
1676666618.2161438	1.7725325
1676666618.3541026	1.8275772300000002
1676666618.5081077	1.83943683
1676666618.6607282	1.76854245
1676666618.796489	1.6810717
1676666618.9172134	1.69458228
1676666619.0567155	1.75482137
1676666619.17316	1.77168017
1676666619.2923365	1.77054552
1676666619.4080513	1.75352693
1676666619.5290492	1.7949366199999999
1676666619.6862428	1.80943389
1676666619.8382952	1.77922694
1676666620.0024102	1.76135094
1676666620.137758	1.76670242
1676666620.2492948	1.64445793
1676666620.3701468	1.69954179
1676666620.4882987	1.8315095799999999
1676666620.6437752	1.83140448
1676666620.7861004	1.85720262
1676666620.9066057	1.93739236
1676666621.066656	1.80331195
1676666621.2149458	1.6682400000000002
1676666621.357372	1.71800724
1676666621.504405	1.75441827
1676666621.651262	1.75543173
1676666621.810026	1.8284087599999999
1676666621.92281	1.78071563
1676666622.0475187	1.72785869
1676666622.206752	1.74889519
1676666622.3364515	1.80443162
1676666622.4995048	1.76657977
1676666622.6422374	1.71910863
1676666622.7766328	1.79397209
1676666622.9172356	1.80784092
1676666623.0697715	1.75848658
1676666623.2300153	1.76947748
1676666623.3596027	1.86329202
1676666623.520626	1.76309637
1676666623.674488	1.74650033
1676666623.8125372	1.81265984
1676666623.948049	1.7260048799999999
1676666624.0806396	1.81434786
1676666624.2170804	1.84807564
1676666624.3582938	1.7707680899999998
1676666624.518077	1.74053379
1676666624.6550221	1.74206042
1676666624.8135197	1.79754913
1676666624.9493132	1.8380273900000001
1676666625.1025286	1.83135358
1676666625.2471175	1.8020877
1676666625.3838677	1.73538714
1676666625.542438	1.83769005
1676666625.6782925	1.8280231
1676666625.8393095	1.81276494
1676666625.9760222	1.81655656
1676666626.1342876	1.8286510200000001
1676666626.2723937	1.7628218900000001
1676666626.4250133	1.6426693399999999
1676666626.5882998	1.72599265
1676666626.7182987	1.7685927000000001
1676666626.8782952	1.68831136
1676666627.0282922	1.73542799
1676666627.1554961	1.8528828199999998
1676666627.2927125	1.82614418
1676666627.4382923	1.78425999
1676666627.5911634	1.85329089
1676666627.7681718	1.8431889899999998
1676666627.9268615	1.79913568
1676666628.0562408	1.75680482
1676666628.1844876	1.7111585100000002
1676666628.326987	1.7852143200000001
1676666628.45908	1.8928021499999999
1676666628.6172965	1.80764014
1676666628.7719355	1.7907282800000002
1676666628.9310925	1.74858938
1676666629.0622027	1.71043515
1676666629.2183173	1.7170526499999998
1676666629.3630395	1.68262782
1676666629.5239816	1.7420239
1676666629.6615934	1.69683177
1676666629.8182988	1.7989292300000002
1676666629.963838	1.87281817
1676666630.1135137	1.82523947
1676666630.258294	1.7840440899999999
1676666630.393926	1.69557098
1676666630.5472956	1.68447712
1676666630.6845417	1.75449783
1676666630.8278077	1.81233829
1676666631.006028	1.8781051599999998
1676666631.156534	1.73483356
1676666631.279805	1.7390804199999998
1676666631.4262087	1.92504319
1676666631.5782907	1.8373567100000001
1676666631.7451472	1.74993995
1676666631.8803918	1.6636798199999998
1676666632.0228403	1.6846937599999998
1676666632.1588526	1.74325007
1676666632.295342	1.7408166399999998
1676666632.4334433	1.83161527
1676666632.5706816	1.85915766
1676666632.711547	1.79101588
1676666632.848308	1.7818802999999999
1676666632.9965096	1.85623955
1676666633.1227365	1.8549193800000001
1676666633.2604978	1.88891038
1676666633.3911896	1.93371961
1676666633.5294323	1.7118226
1676666633.672627	1.70103546
1676666633.8037336	1.75700344
1676666633.9429493	1.89561366
1676666634.1055145	1.77525798
1676666634.2337399	1.75075004
1676666634.3593082	1.7944037199999998
1676666634.4968338	1.8217681
1676666634.6522915	1.82310482
1676666634.7773888	1.84039897
1676666634.9141016	1.8634789600000001
1676666635.0518687	1.85211324
1676666635.1857047	1.85322429
1676666635.3265142	1.85759448
1676666635.4623528	1.80309897
1676666635.595257	1.87057637
1676666635.7376618	1.8699656100000002
1676666635.875193	1.83019042
1676666636.0326812	1.81356277
1676666636.1918986	1.78280357
1676666636.348719	1.8052422399999999
1676666636.5016427	1.76332699
1676666636.6641035	1.77585845
1676666636.8172622	1.80966066
1676666636.976924	1.83253896
1676666637.1042717	1.8777133499999998
1676666637.269403	1.87280748
1676666637.4057095	1.8157633100000001
1676666637.5409808	1.78325551
1676666637.6729722	1.7466493699999999
1676666637.8259647	1.7849987600000001
1676666637.963346	1.7823782499999998
1676666638.0983016	1.81190896
1676666638.2416773	1.83310628
1676666638.4057589	1.91811646
1676666638.5411298	1.7990675600000001
1676666638.6659396	1.80900962
1676666638.801979	1.7681501899999998
1676666638.9374917	1.67842287
1676666639.0759156	1.73046393
1676666639.2271106	1.8355737600000002
1676666639.3654244	1.8785159900000001
1676666639.510442	1.85232806
1676666639.6748512	1.83390675
1676666639.817936	1.80837622
1676666639.953302	1.8632422899999999
1676666640.1072116	1.8345169700000001
1676666640.2499106	1.87114618
1676666640.3856292	1.88471791
1676666640.544928	1.7922252699999999
1676666640.7029269	1.82587685
1676666640.8374908	1.87829507
1676666640.9603994	1.7907844400000001
1676666641.084777	1.8133309
1676666641.2203557	1.87983616
1676666641.3581004	1.7315637799999999
1676666641.5157998	1.83491336
1676666641.6414225	1.8906615299999998
1676666641.7753675	1.80467805
1676666641.9106297	1.7632223200000001
1676666642.0646083	1.72670195
1676666642.1900098	1.74666919
1676666642.325877	1.83438305
1676666642.4795072	1.76624821
1676666642.6037183	1.7159502
1676666642.7401943	1.7597653
1676666642.8793037	1.74816846
1676666643.0229137	1.8207609100000002
1676666643.1599817	1.77625944
1676666643.3137302	1.76444758
1676666643.454768	1.79766697
1676666643.5977917	1.77597433
1676666643.7302165	1.8367871
1676666643.8970344	1.90244967
1676666644.0582943	1.85626713
1676666644.2175503	1.7519824
1676666644.3762913	1.86549709
1676666644.513258	1.9746045899999998
1676666644.671894	1.98109447
1676666644.810369	1.84581297
1676666644.9648604	1.74714515
1676666645.1318655	1.7707608400000001
1676666645.2746465	1.7979097
1676666645.4083	1.8090169699999998
1676666645.564742	1.8685916200000001
1676666645.728296	1.81883785
1676666645.86137	1.7041872500000002
1676666646.0136366	1.75062836
1676666646.1566558	1.90068058
1676666646.294248	1.7621132800000001
1676666646.4522996	1.82834021
1676666646.5864973	1.9001727800000001
1676666646.7253225	1.8572917999999998
1676666646.867691	1.8616496599999999
1676666646.9999354	1.82898206
1676666647.157018	1.6993117299999998
1676666647.2944634	1.8161395900000001
1676666647.428291	1.7886878099999999
1676666647.5550978	1.72080128
1676666647.6935759	1.80027123
1676666647.8761973	1.79520127
1676666648.0196743	1.76305113
1676666648.1659899	1.706134
1676666648.3011124	1.71803155
1676666648.4572885	1.9663528399999999
1676666648.590902	1.8895790099999998
1676666648.7553632	1.8634704500000001
1676666648.8907053	1.85541
1676666649.036048	1.75919926
1676666649.1911342	1.76826031
1676666649.3207817	1.85637251
1676666649.4633849	1.81345829
1676666649.6197019	1.76777825
1676666649.7574482	1.84652912
1676666649.910434	1.8248663699999998
1676666650.051092	1.7690501600000001
1676666650.184187	1.8340464600000002
1676666650.3417563	1.779559
1676666650.4848397	1.79229058
1676666650.6321623	1.80326309
1676666650.7548952	1.74525639
1676666650.8858514	1.7596930499999999
1676666651.0211146	1.7711376
1676666651.1600816	1.87900582
1676666651.2927756	1.82722034
1676666651.4585624	1.72225201
1676666651.5859437	1.72565164
1676666651.7197156	1.77864629
1676666651.8576877	1.8192515699999998
1676666652.0017302	1.78700758
1676666652.1415908	1.80363041
1676666652.2780395	1.8467827300000002
1676666652.427274	1.81839523
1676666652.551535	1.7555915000000002
1676666652.7103238	1.8201940699999999
1676666652.8617456	1.8472528
1676666653.0298796	1.9082433
1676666653.1610284	1.9165649
1676666653.2974782	1.7830504100000002
1676666653.4414194	1.72431073
1676666653.5852833	1.83093593
1676666653.7227206	1.8678605799999999
1676666653.8693056	1.91140647
1676666654.015567	1.81304602
1676666654.1558504	1.8762095200000002
1676666654.2830582	1.84194614
1676666654.4282947	1.82186738
1676666654.5655775	1.92526722
1676666654.7230487	1.8094903500000001
1676666654.8468962	1.85393816
1676666654.9700944	1.8609588000000001
1676666655.1166453	1.75365191
1676666655.2652318	1.80349389
1676666655.4075565	1.77220547
1676666655.530283	1.69114192
1676666655.6551886	1.79689249
1676666655.7913902	1.79251747
1676666655.9417818	1.76893292
1676666656.087778	1.7253103699999999
1676666656.2449043	1.80078919
1676666656.3570387	1.84039116
1676666656.483019	1.9025594
1676666656.618298	1.92455943
1676666656.7658257	1.87200775
1676666656.8898537	1.75368176
1676666657.034908	1.7418843899999998
1676666657.1806283	1.70568527
1676666657.3321507	1.74477198
1676666657.4753125	1.81426449
1676666657.6031036	1.73107911
1676666657.729312	1.72846022
1676666657.8727868	1.7554014999999998
1676666658.0168023	1.78811895
1676666658.1727006	1.83260857
1676666658.2939322	1.8383005399999999
1676666658.4168355	1.91486414
1676666658.5393062	1.86268299
1676666658.6814687	1.76609533
1676666658.8038564	1.75220027
1676666658.9467406	1.77250745
1676666659.087091	1.80345913
1676666659.249478	1.75170373
1676666659.3944106	1.7183664200000002
1676666659.552682	1.80383877
1676666659.694834	1.74528687
1676666659.8332574	1.73533951
1676666659.9701626	1.69776284
1676666660.0926542	1.67355198
1676666660.2283	1.72181391
1676666660.3555455	1.84084826
1676666660.495549	1.90534531
1676666660.6393754	1.9416683
1676666660.7931092	1.91323632
1676666660.9180167	1.95491668
1676666661.0533094	1.80974376
1676666661.1901376	1.7040468
1676666661.3299735	1.77753626
1676666661.4722936	1.84605388
1676666661.6042674	1.90862698
1676666661.76166	1.85644368
1676666661.8844576	1.86233075
1676666662.0246391	1.8511844
1676666662.1653721	1.89803688
1676666662.3030534	1.90412673
1676666662.4259973	1.80773483
1676666662.5835989	1.7856688600000001
1676666662.7260725	1.78964171
1676666662.8483043	1.83312321
1676666662.9718072	1.85738608
1676666663.0949147	1.7825432300000001
1676666663.2278278	1.8612709900000002
1676666663.3710618	1.79037204
1676666663.5082994	1.74043552
1676666663.666931	1.84755288
1676666663.7882953	1.8260435099999999
1676666663.9103792	1.72028707
1676666664.0333056	1.8221173099999999
1676666664.156392	1.82732078
1676666664.2882943	1.74260193
1676666664.4480178	1.92360456
1676666664.575075	1.9159886400000001
1676666664.7015624	1.9185447899999999
1676666664.8397186	1.84678628
1676666664.9664874	1.74004962
1676666665.119421	1.84639377
1676666665.2624855	1.8349562000000001
1676666665.3853397	1.80885625
1676666665.531563	1.7735504800000002
1676666665.6706774	1.76883014
1676666665.8147838	1.8861137000000001
1676666665.935181	1.8376903900000001
1676666666.0734947	1.87287765
1676666666.193689	1.8586930400000001
1676666666.3162103	1.8598979199999999
1676666666.460061	1.77308343
1676666666.5824366	1.69681787
1676666666.70462	1.72061929
1676666666.84114	1.74106571
1676666667.004706	1.84072155
1676666667.1266224	1.77095941
1676666667.282586	1.7231034299999999
1676666667.4432838	1.81107773
1676666667.6011035	1.88183671
1676666667.7270653	1.9099764300000002
1676666667.8570023	1.92631236
1676666668.0163383	1.85821946
1676666668.138296	1.8004922300000001
1676666668.2616534	1.80189766
1676666668.400321	1.71846781
1676666668.56142	1.71137202
1676666668.6818256	1.72279457
1676666668.8047092	1.78184144
1676666668.9418063	1.7821793099999998
1676666669.0993116	1.80104578
1676666669.2512956	1.7946347399999998
1676666669.37241	1.8812513499999999
1676666669.4965303	1.82671836
1676666669.6425123	1.7018988
1676666669.79072	1.7433164
1676666669.9247391	1.77497318
1676666670.085611	1.84202689
1676666670.208293	1.7440848
1676666670.3318336	1.7729688000000001
1676666670.4770215	1.78545788
1676666670.6182952	1.85074689
1676666670.761867	1.79689384
1676666670.9021401	1.83859455
1676666671.0230353	1.9037323499999999
1676666671.1826296	1.85374427
1676666671.3043323	1.85483608
1676666671.460786	1.82842211
1676666671.6030757	1.75243931
1676666671.7547693	1.7321847
1676666671.9039414	1.80099932
1676666672.047491	1.83756786
1676666672.1894057	1.8161035399999998
1676666672.3301637	1.74345442
1676666672.4527488	1.76849157
1676666672.5995278	1.74727981
1676666672.7524216	1.7395738
1676666672.875361	1.75451394
1676666673.0214398	1.7857975
1676666673.1575263	1.7927463700000001
1676666673.292293	1.8548491299999998
1676666673.4464233	1.86285006
1676666673.58781	1.78655573
1676666673.7346585	1.74797907
1676666673.8629034	1.8173846
1676666673.9864173	1.8841926900000001
1676666674.1235397	1.9227216500000002
1676666674.2659857	1.8787795600000001
1676666674.3972704	1.80223855
1676666674.5564897	1.7985107599999999
1676666674.6858916	1.8131415
1676666674.8313046	1.79411483
1676666674.97744	1.76947073
1676666675.1070411	1.80471053
1676666675.252601	1.8734259500000001
1676666675.3751059	1.84077234
1676666675.4970767	1.86360402
1676666675.6530693	1.8188431200000001
1676666675.7924812	1.7418157600000002
1676666675.9315612	1.8485260000000001
1676666676.0720344	1.8738521399999999
1676666676.2344332	1.7821608
1676666676.3625798	1.89948449
1676666676.5082934	1.9502092100000001
1676666676.63254	1.90536413
1676666676.7557845	1.8538516999999999
1676666676.910902	1.83159163
1676666677.0461502	1.83025376
1676666677.199305	1.7905167
1676666677.3618906	1.82195255
1676666677.5158875	1.8436646
1676666677.6752157	1.81970151
1676666677.8019626	1.77361132
1676666677.9282954	1.72587494
1676666678.0922806	1.78080626
1676666678.237365	1.9649479200000002
1676666678.3624618	1.93271679
1676666678.5032642	1.87213797
1676666678.6425714	1.8650974200000001
1676666678.7812777	1.75585726
1676666678.918301	1.6885328099999999
1676666679.067417	1.76164682
1676666679.2182982	1.8225184
1676666679.3748071	1.78824918
1676666679.532989	1.81628754
1676666679.6799245	1.77282806
1676666679.804181	1.76089933
1676666679.9381468	1.78049384
1676666680.0767457	1.87741276
1676666680.2093096	1.8861466900000001
1676666680.35247	1.86550716
1676666680.4836848	1.77447473
1676666680.6241853	1.7764140400000001
1676666680.747241	1.73016781
1676666680.869809	1.78360904
1676666680.9916775	1.8165211
1676666681.138299	1.9002909000000001
1676666681.2629278	1.8357692300000001
1676666681.386196	1.778723
1676666681.5262332	1.82180286
1676666681.6798296	1.80493394
1676666681.8405387	1.7206783399999999
1676666681.966234	1.7404407
1676666682.1061108	1.72513325
1676666682.2663186	1.64835254
1676666682.4173014	1.67619465
1676666682.5619354	1.76821042
1676666682.6865351	1.77721301
1676666682.8082957	1.8541578
1676666682.933989	1.85122414
1676666683.0756943	1.72398144
1676666683.2216144	1.66906937
1676666683.3475506	1.72168857
1676666683.504792	1.8347675700000001
1676666683.6364486	1.70207045
1676666683.7595081	1.74841964
1676666683.89606	1.82297128
1676666684.0436423	1.8475306599999999
1676666684.1704118	1.74342261
1676666684.307843	1.81117499
1676666684.4557292	1.83967934
1676666684.6028428	1.77247551
1676666684.7441015	1.8064235499999999
1676666684.8835015	1.78246956
1676666685.0093076	1.75625864
1676666685.1766953	1.7271516100000002
1676666685.3377628	1.8016598300000002
1676666685.4618766	1.80697269
1676666685.607772	1.73750118
1676666685.7626836	1.71189028
1676666685.9209604	1.77160312
1676666686.0782986	1.75124502
1676666686.2152362	1.74075925
1676666686.3434088	1.81607608
1676666686.4693596	1.85298674
1676666686.6124654	1.89737015
1676666686.7436087	1.8006201
1676666686.8911102	1.86944278
1676666687.0276742	1.89537595
1676666687.1753602	1.7637325
1676666687.301148	1.74647047
1676666687.4630632	1.8324376
1676666687.6210337	1.8879856300000002
1676666687.764089	1.8216880100000001
1676666687.900892	1.7334118399999998
1676666688.05617	1.68178197
1676666688.2107308	1.8555701
1676666688.33385	1.83809954
1676666688.472085	1.85505801
1676666688.6256974	1.8155354300000002
1676666688.748083	1.75571427
1676666688.8921316	1.79430812
1676666689.0395162	1.85741791
1676666689.1646428	1.7458199600000002
1676666689.3012917	1.76802801
1676666689.4251966	1.9054889
1676666689.5636888	1.87538527
1676666689.7200668	1.77632419
1676666689.87201	1.75914248
1676666690.0197556	1.73414448
1676666690.175958	1.7873476000000001
1676666690.3373163	1.80690726
1676666690.4827926	1.86176246
1676666690.6075952	1.8171474300000001
1676666690.7451313	1.70947787
1676666690.893439	1.8592449199999999
1676666691.0182955	1.90952349
1676666691.1773732	1.85875696
1676666691.3047738	1.8215138599999998
1676666691.4399428	1.74301462
1676666691.5767355	1.73888734
1676666691.7238584	1.8242614499999998
1676666691.890605	1.75864552
1676666692.043761	1.7769072099999998
1676666692.1877975	1.78666853
1676666692.32414	1.76031338
1676666692.4665422	1.70275351
1676666692.6033537	1.7856652700000002
1676666692.7359812	1.86642732
1676666692.868299	1.88828092
1676666693.0115268	1.82381777
1676666693.1435132	1.82797508
1676666693.2769167	1.84988498
1676666693.436453	1.80151697
1676666693.5644596	1.72744799
1676666693.7282987	1.85634641
1676666693.8629088	1.7854657900000002
1676666694.0063725	1.7793239399999998
1676666694.1615412	1.78192826
1676666694.2940712	1.76852543
1676666694.4310045	1.7563655999999999
1676666694.5859644	1.81373993
1676666694.7525868	1.80295711
1676666694.906019	1.8172843399999998
1676666695.0430024	1.80581945
1676666695.1867561	1.7756432
1676666695.3470063	1.84644445
1676666695.4925544	1.8168055
1676666695.622424	1.7931116
1676666695.7606177	1.79679649
1676666695.9183033	1.91509707
1676666696.076636	1.88290572
1676666696.251417	1.8818777899999999
1676666696.3872547	1.8830506
1676666696.5283003	1.90920209
1676666696.69176	1.8177912600000001
1676666696.8136315	1.78600099
1676666696.9366434	1.83904698
1676666697.058299	1.86795453
1676666697.1912253	1.82057263
1676666697.3340638	1.89126932
1676666697.4794002	1.7727263599999998
1676666697.6053576	1.81786633
1676666697.7459388	1.8588436400000001
1676666697.8767626	1.77600051
1676666698.017537	1.786534
1676666698.1526506	1.73683885
1676666698.2897441	1.77857007
1676666698.4460979	1.79600147
1676666698.60152	1.7272132999999998
1676666698.7421806	1.7111909299999999
1676666698.8624458	1.73810281
1676666699.0182948	1.8264116400000001
1676666699.1775973	1.9368926
1676666699.3234785	1.9555943099999997
1676666699.459466	1.9487714600000001
1676666699.5971427	1.88882592
1676666699.745013	1.76207501
1676666699.8706086	1.79997444
1676666700.0303955	1.92158408
1676666700.160084	1.9541202400000002
1676666700.3210547	1.79891862
1676666700.4662216	1.79177458
1676666700.6613107	1.7890597
1676666700.8206701	1.86731871
1676666700.968106	1.8149085900000002
1676666701.1180027	1.74117686
1676666701.2554898	1.8337336100000001
1676666701.3895547	1.8073157100000001
1676666701.513104	1.75920186
1676666701.6732025	1.7697900400000002
1676666701.832501	1.82684481
1676666701.9530373	1.77578496
1676666702.0757518	1.8459712
1676666702.1983001	1.88521975
1676666702.3235357	1.86311358
1676666702.446576	1.75616632
1676666702.579386	1.8204139300000002
1676666702.7210414	1.8594067
1676666702.8648448	1.8104172
1676666703.026505	1.831304
1676666703.150062	1.78384537
1676666703.2738	1.8049872200000001
1676666703.3972812	1.79252801
1676666703.5197403	1.81598437
1676666703.6583016	1.84537506
1676666703.7960284	1.8376738799999999
1676666703.9325237	1.82512958
1676666704.0882912	1.8858065
1676666704.244319	1.78689128
1676666704.3840778	1.8814963699999998
1676666704.5068836	1.9353123700000001
1676666704.6612134	1.91470279
1676666704.8175642	1.83279054
1676666704.965152	1.86913116
1676666705.0896072	1.83519494
1676666705.228097	1.78169156
1676666705.3728652	1.84967339
1676666705.5001547	1.89612186
1676666705.6783001	1.73717073
1676666705.8433788	1.64370026
1676666705.979415	1.7458001
1676666706.1335068	1.8099844299999999
1676666706.2709112	1.84099451
1676666706.4155498	1.8422331799999998
1676666706.5479167	1.79155942
1676666706.7065842	1.79342278
1676666706.8569784	1.78961026
1676666706.998122	1.80335462
1676666707.1521716	1.8814458
1676666707.2895153	1.79593603
1676666707.426479	1.8696736500000002
1676666707.5848181	1.9140152000000001
1676666707.7396955	1.89924737
1676666707.8982997	1.86040344
1676666708.0523248	1.75138964
1676666708.179694	1.82748342
1676666708.336011	1.8169767499999998
1676666708.4712923	1.80914473
1676666708.6208215	1.7721386399999999
1676666708.7806044	1.7560075599999998
1676666708.9139535	1.8643318599999998
1676666709.0483036	1.85706288
1676666709.1856382	1.77716784
1676666709.32047	1.82994467
1676666709.4446547	1.7967216
1676666709.6042972	1.83708872
1676666709.7382998	1.80186716
1676666709.8950415	1.71135498
1676666710.053621	1.80281571
1676666710.2092736	1.7842255100000002
1676666710.3404207	1.78706104
1676666710.4642751	1.8930001699999999
1676666710.5882995	1.80083274
1676666710.720333	1.8833514500000001
1676666710.8533132	1.86658604
1676666710.9906619	1.8100675
1676666711.131715	1.87019264
1676666711.2653933	1.86661606
1676666711.4266486	1.7638181
1676666711.553401	1.82969311
1676666711.681278	1.87385984
1676666711.8441174	1.76382614
1676666711.9712996	1.82183482
1676666712.1169512	1.92694765
1676666712.2725253	1.9034761100000002
1676666712.4046762	1.85025934
1676666712.5656064	1.84249909
1676666712.70504	1.79118351
1676666712.85063	1.7362843700000001
1676666712.9876888	1.76054397
1676666713.1247795	1.7614710999999998
1676666713.2619574	1.7808811400000002
1676666713.4015267	1.8725278699999999
1676666713.5413508	1.84651698
1676666713.7039192	1.77082436
1676666713.8299284	1.88910132
1676666713.9657507	1.86181423
1676666714.1264966	1.9128761799999998
1676666714.2876494	1.91102837
1676666714.447181	1.7386373
1676666714.5846992	1.6843609899999998
1676666714.7258422	1.73795966
1676666714.857382	1.72873411
1676666714.9955838	1.6852242400000002
1676666715.1323597	1.82576077
1676666715.2785082	1.90379724
1676666715.440648	1.7472990800000001
1676666715.5994132	1.78193453
1676666715.714817	1.8096833200000002
1676666715.8408914	1.77900409
1676666715.9794598	1.74397881
1676666716.1138046	1.80340848
1676666716.2502127	1.79920614
1676666716.3912523	1.7984205800000002
1676666716.5381413	1.88544514
1676666716.688294	1.76422375
1676666716.8256347	1.75840783
1676666716.9597714	1.82761161
1676666717.1097734	1.84303254
1676666717.2654703	1.90268739
1676666717.4248765	1.86635054
1676666717.5702572	1.8017576499999999
1676666717.7163687	1.75243572
1676666717.8800635	1.7771124999999999
1676666718.037471	1.7538620600000001
1676666718.1814766	1.7667248800000002
1676666718.3149302	1.80458352
1676666718.4599159	1.7933299
1676666718.613844	1.86581432
1676666718.762527	1.88123168
1676666718.9038517	1.83842159
1676666719.0444791	1.8363019200000001
1676666719.1683009	1.84454917
1676666719.3059494	1.86429794
1676666719.459748	1.82590695
1676666719.582657	1.77647023
1676666719.7183003	1.84982822
1676666719.8576698	1.8591091000000002
1676666719.9989493	1.7607343400000002
1676666720.1578763	1.75271894
1676666720.2873435	1.8234076300000002
1676666720.408295	1.8944630999999998
1676666720.5682988	1.72782443
1676666720.7015603	1.82415405
1676666720.8245876	1.82440661
1676666720.9670665	1.6783190700000001
1676666721.090356	1.7146136
1676666721.223744	1.82729736
1676666721.3600817	1.81437073
1676666721.4838383	1.77898719
1676666721.6064913	1.8101591799999999
1676666721.7536316	1.78312729
1676666721.8995771	1.72853858
1676666722.033572	1.70068629
1676666722.1933916	1.8300223400000002
1676666722.3162072	1.86458809
1676666722.4382925	1.83409492
1676666722.5620036	1.80130351
1676666722.6848252	1.75369584
1676666722.8230517	1.8041090100000001
1676666722.9465034	1.88728088
1676666723.0882983	1.80309502
1676666723.2327006	1.87238418
1676666723.3765557	1.7770336999999998
1676666723.5143669	1.69636115
1676666723.6602526	1.8063010800000001
1676666723.8178973	1.78330571
1676666723.9760857	1.7592507800000001
1676666724.0872357	1.78501719
1676666724.2122366	1.86554661
1676666724.3503606	1.85347631
1676666724.4948466	1.868469
1676666724.6312838	1.78224172
1676666724.770102	1.76087177
1676666724.9169462	1.78177681
1676666725.0653896	1.8245295799999999
1676666725.204375	1.8194360299999999
1676666725.335196	1.88221927
1676666725.4562929	1.89793157
1676666725.595182	1.79957501
1676666725.732171	1.78789132
1676666725.8636327	1.78634218
1676666725.9853578	1.80967899
1676666726.1072123	1.8350795400000002
1676666726.2287188	1.7692338399999998
1676666726.3512447	1.72253449
1676666726.472824	1.83347771
1676666726.594899	1.78849053
1676666726.72733	1.78108855
1676666726.869883	1.8916119200000001
1676666727.0211105	1.89524266
1676666727.1452913	1.88614356
1676666727.2834294	1.76717474
1676666727.4282928	1.74706062
1676666727.562347	1.82372656
1676666727.7000296	1.83300959
1676666727.84768	1.84612766
1676666727.9974525	1.81012965
1676666728.15232	1.76784608
1676666728.2974439	1.76227691
1676666728.4410558	1.84651704
1676666728.585365	1.80978769
1676666728.6971273	1.9187973200000001
1676666728.8413088	1.9365890799999999
1676666728.9828434	1.83177161
1676666729.1060169	1.74303483
1676666729.2379427	1.77016859
1676666729.3768814	1.84852042
1676666729.5143318	1.90523526
1676666729.6466088	1.85641839
1676666729.7920423	1.78483097
1676666729.936406	1.84199946
1676666730.0735238	1.9890817299999999
1676666730.233584	1.9408584500000001
1676666730.3897314	1.8482158499999999
1676666730.5261207	1.85912952
1676666730.682216	1.89677162
1676666730.8193197	1.88952091
1676666730.9582942	1.7713317499999999
1676666731.1146014	1.8046679600000002
1676666731.2500796	1.87842976
1676666731.4040105	1.74914782
1676666731.5469275	1.7793460799999998
1676666731.684874	1.83423402
1676666731.8157165	1.78413345
1676666731.9594612	1.7476539100000001
1676666732.1048515	1.7001052
1676666732.2693422	1.7792565299999998
1676666732.406413	1.81535589
1676666732.550672	1.93738332
1676666732.6877358	1.95442437
1676666732.8337631	1.89866989
1676666732.978309	1.7100404299999998
1676666733.1363502	1.6900722799999999
1676666733.2939477	1.73154936
1676666733.4503148	1.84476719
1676666733.5732026	1.89014365
1676666733.7169669	1.85754207
1676666733.8401892	1.79828933
1676666733.9782956	1.84284055
1676666734.1415265	1.93259826
1676666734.2872407	1.94404493
1676666734.4141653	1.93511795
1676666734.5583217	1.96282546
1676666734.6967297	1.94194563
1676666734.8528283	1.90520926
1676666735.010534	1.78392241
1676666735.1452641	1.6369570999999998
1676666735.3006852	1.79500445
1676666735.4593768	1.84058468
1676666735.596978	1.70709509
1676666735.7246294	1.6830853399999999
1676666735.8515575	1.72110756
1676666735.9895797	1.77933184
1676666736.1310043	1.82457854
1676666736.288295	1.85889334
1676666736.4482985	1.7825571900000001
1676666736.6072474	1.84874271
1676666736.7447999	1.81451371
1676666736.9025083	1.8496671599999999
1676666737.0382986	1.7952243
1676666737.1995294	1.77389404
1676666737.3369799	1.88225158
1676666737.516519	1.7394827
1676666737.6607988	1.7656217799999998
1676666737.8372905	1.7587142
1676666737.9912362	1.84638125
1676666738.1312969	1.90250197
1676666738.2868319	1.87461052
1676666738.445302	1.86389417
1676666738.576422	1.88109019
1676666738.708987	1.92877993
1676666738.8467748	1.81019073
1676666739.0011945	1.88283719
1676666739.1465077	1.77913773
1676666739.2850869	1.73175845
1676666739.4129367	1.77298407
1676666739.539781	1.8179273
1676666739.6922066	1.79638579
1676666739.845818	1.82628399
1676666740.0043077	1.8401764200000001
1676666740.1465466	1.90582952
1676666740.2847357	1.73506882
1676666740.4312122	1.79024045
1676666740.5593567	1.81779837
1676666740.7182896	1.83687331
1676666740.8680704	1.8394139200000001
1676666741.0201046	1.87330835
1676666741.1750157	1.68042484
1676666741.311729	1.6874702300000002
1676666741.4441879	1.81116641
1676666741.5794933	1.80002377
1676666741.7173147	1.70386031
1676666741.8647618	1.75614493
1676666741.9920597	1.79450082
1676666742.1503096	1.81593638
1676666742.3042464	1.86016806
1676666742.4416006	1.76939895
1676666742.5947626	1.81067553
1676666742.7370925	1.78618853
1676666742.8842962	1.91966001
1676666743.0295155	1.83844205
1676666743.1655636	1.8136494
1676666743.2939894	1.84714168
1676666743.4393106	1.87876415
1676666743.5962794	1.8032102799999998
1676666743.727708	1.78158294
1676666743.865392	1.84577646
1676666744.0173633	1.89386999
1676666744.177944	1.85013922
1676666744.3297496	1.8544941
1676666744.466637	1.7856950600000001
1676666744.603055	1.82247222
1676666744.7611563	1.81019118
1676666744.9150603	1.72250049
1676666745.0460641	1.77743888
1676666745.183681	1.77452506
1676666745.3318608	1.80535233
1676666745.4824102	1.92712889
1676666745.637793	1.8942286
1676666745.772617	1.83778826
1676666745.9093702	1.77487736
1676666746.0624774	1.81564024
1676666746.2230835	1.8219703200000001
1676666746.35803	1.89718746
1676666746.4880414	1.78380893
1676666746.6501677	1.79393128
1676666746.778289	1.91737222
1676666746.9422584	1.89873055
1676666747.0976603	1.76412283
1676666747.2355108	1.8312366
1676666747.3783002	1.8931232999999998
1676666747.5360365	1.8856661000000001
1676666747.6925836	1.8362095
1676666747.8496566	1.75013662
1676666747.9974995	1.79728855
1676666748.1261842	1.83880534
1676666748.2643538	1.8545605399999998
1676666748.4125898	1.88412178
1676666748.540607	1.84444208
1676666748.6782987	1.82686751
1676666748.8233173	1.87756235
1676666748.9865222	1.83947044
1676666749.1240911	1.77638904
1676666749.256255	1.7611529000000001
1676666749.3833542	1.83654322
1676666749.520564	1.81943621
1676666749.6641378	1.76364096
1676666749.820961	1.8405831000000001
1676666749.959523	1.847266
1676666750.086243	1.8776498099999999
1676666750.2324436	1.80163533
1676666750.3765707	1.80335123
1676666750.541701	1.82671539
1676666750.6767254	1.76309508
1676666750.8114195	1.8327387400000001
1676666750.9684792	1.8453709200000001
1676666751.1223347	1.87316368
1676666751.2624886	1.88658618
1676666751.4183006	1.7206129
1676666751.576161	1.8656741700000001
1676666751.7081056	1.9395668000000001
1676666751.841373	1.76906353
1676666751.9782984	1.63796274
1676666752.1150894	1.7494850899999999
1676666752.2482984	1.82286992
1676666752.409358	1.88136394
1676666752.5362134	1.87828122
1676666752.6858122	1.8680978799999999
1676666752.83959	1.76721304
1676666752.9945571	1.7127224300000001
1676666753.1495671	1.92454032
1676666753.2764754	1.9380064399999999
1676666753.4183004	1.84739776
1676666753.5656338	1.89644093
1676666753.691285	1.83276434
1676666753.8273938	1.87230998
1676666753.9754684	1.77767049
1676666754.1045532	1.82399126
1676666754.242503	1.90775462
1676666754.3746438	1.8790138
1676666754.530654	1.77396628
1676666754.6918988	1.7755143500000001
1676666754.8257666	1.87824057
1676666754.9818358	1.86700785
1676666755.114414	1.82027848
1676666755.2521613	1.90103418
1676666755.3952394	1.8489571
1676666755.553107	1.7709419
1676666755.6899078	1.68997845
1676666755.8168862	1.77959693
1676666755.9623024	1.89258054
1676666756.1059008	1.87050224
1676666756.2382982	1.76921947
1676666756.385683	1.8961512299999999
1676666756.5240264	1.96830708
1676666756.652165	1.92553499
1676666756.8182986	1.86647308
1676666756.972416	1.86254956
1676666757.1109056	1.94046227
1676666757.2467043	1.93066179
1676666757.3944855	1.76101638
1676666757.5513425	1.75174514
1676666757.7308226	1.82279847
1676666757.877007	1.77504187
1676666758.0195823	1.78271713
1676666758.1556394	1.8040189800000002
1676666758.3024583	1.78500786
1676666758.427507	1.7591771
1676666758.5648777	1.79838761
1676666758.7105033	1.87907952
1676666758.8372562	1.87441387
1676666758.9741964	1.8983877
1676666759.1172657	1.8029503
1676666759.2770195	1.78871046
1676666759.4123116	1.77674204
1676666759.5453236	1.7656519499999999
1676666759.6709492	1.79784495
1676666759.8284235	1.7987372199999998
1676666759.9796607	1.80675156
1676666760.1175244	1.77650028
1676666760.2541413	1.72888009
1676666760.415686	1.69224234
1676666760.5567958	1.71741249
1676666760.7127907	1.81565009
1676666760.8644223	1.84234311
1676666761.0201678	1.81351916
1676666761.174398	1.8628326
1676666761.305615	1.90211982
1676666761.467765	1.82645278
1676666761.595139	1.8060212
1676666761.7408679	1.87779153
1676666761.8730295	1.8227046
1676666762.034461	1.74630294
1676666762.158017	1.80501686
1676666762.2960448	1.82843304
1676666762.454463	1.88393074
1676666762.5972388	1.82630215
1676666762.7533915	1.81772102
1676666762.8913121	1.88304009
1676666763.032839	1.89867304
1676666763.1755886	1.77102861
1676666763.3132944	1.76703217
1676666763.4564743	1.7773485
1676666763.6134782	1.86546227
1676666763.7457285	1.80340127
1676666763.8960865	1.87697652
1676666764.0544703	1.88215694
1676666764.1883209	1.8101512100000001
1676666764.3258123	1.67461738
1676666764.4633472	1.7599664000000002
1676666764.6061203	1.78316157
1676666764.76723	1.76905242
1676666764.9037194	1.80620118
1676666765.0282989	1.75021555
1676666765.1657946	1.77752522
1676666765.301569	1.69235263
1676666765.4423487	1.6551127
1676666765.6183007	1.76416209
1676666765.750223	1.81849616
1676666765.892809	1.73939357
1676666766.0366797	1.76649358
1676666766.1947446	1.82298432
1676666766.333756	1.89111371
1676666766.4808426	1.85642137
1676666766.6173003	1.82302775
1676666766.7625606	1.74884444
1676666766.913756	1.7673229000000001
1676666767.0373797	1.8287706700000002
1676666767.1847477	1.83569825
1676666767.3505514	1.82211847
1676666767.5046027	1.8424664199999998
1676666767.6425505	1.83412445
1676666767.7765052	1.7685163
1676666767.9117122	1.8078319600000001
1676666768.0540416	1.80238396
1676666768.2054884	1.7495603800000001
1676666768.3500082	1.79854516
1676666768.5140495	1.71560745
1676666768.6481209	1.6867480799999999
1676666768.8020108	1.7951873500000002
1676666768.9595633	1.85567031
1676666769.083909	1.83370992
1676666769.2214725	1.81861092
1676666769.3635728	1.88959729
1676666769.5073655	1.82655657
1676666769.6525788	1.73488813
1676666769.780011	1.8559333900000001
1676666769.9229558	1.82312048
1676666770.0583003	1.70324525
1676666770.217271	1.77824957
1676666770.3583004	1.71461848
1676666770.5210068	1.8213766900000001
1676666770.6630898	1.75376737
1676666770.8202746	1.75765282
1676666770.957165	1.77352065
1676666771.0996544	1.78483704
1676666771.2321088	1.8841793299999998
1676666771.3710108	1.76540112
1676666771.5065706	1.81518652
1676666771.6437912	1.84947649
1676666771.7822497	1.79908898
1676666771.917551	1.80123761
1676666772.0767052	1.79444102
1676666772.2353399	1.8083269700000002
1676666772.3664877	1.7801765
1676666772.502008	1.8723334
1676666772.654711	1.88857389
1676666772.813959	1.83593747
1676666772.9420147	1.8498384399999999
1676666773.1082923	1.87296936
1676666773.2440715	1.8635200900000002
1676666773.4014006	1.8705016700000001
1676666773.537817	1.74483693
1676666773.6724265	1.77267475
1676666773.8106291	1.7510023000000001
1676666773.9543157	1.72881244
1676666774.1157486	1.7653338399999998
1676666774.2715313	1.8259610000000002
1676666774.4271355	1.7907774699999999
1676666774.5802355	1.71181856
1676666774.7040784	1.65780996
1676666774.8461392	1.7388579800000001
1676666774.9919677	1.81905074
1676666775.1183	1.86106571
1676666775.2564638	1.85032737
1676666775.406699	1.8168088
1676666775.5540988	1.8390297500000001
1676666775.6952646	1.78276527
1676666775.818291	1.79682228
1676666775.9683013	1.92210514
1676666776.125134	1.75368437
1676666776.283853	1.79425635
1676666776.4218006	1.87003918
1676666776.5482998	1.80636687
1676666776.6894035	1.7873058700000002
1676666776.8447728	1.86498049
1676666776.9923203	1.8576256999999998
1676666777.149334	1.8456546
1676666777.3049614	1.8498564100000001
1676666777.4282994	1.81696364
1676666777.5526485	1.81459891
1676666777.698299	1.86967455
1676666777.8227677	1.90175657
1676666777.9571981	2.00091321
1676666778.1109624	1.77437547
1676666778.2396922	1.78012635
1676666778.3776796	1.78503319
1676666778.5309207	1.76109527
1676666778.6930168	1.68260507
1676666778.8300452	1.8264700699999998
1676666778.9874725	1.8149494000000002
1676666779.1606274	1.79116645
1676666779.2980897	1.77676574
1676666779.4518335	1.74126212
1676666779.61097	1.86628544
1676666779.7382946	1.75902439
1676666779.8853686	1.74032749
1676666780.0233939	1.81318148
1676666780.1577618	1.84728021
1676666780.285732	1.84988248
1676666780.4454024	1.86444134
1676666780.6242301	1.80296204
1676666780.7702804	1.7697770099999999
1676666780.9072816	1.7707465
1676666781.0462093	1.77668298
1676666781.1837323	1.7921915199999998
1676666781.3198216	1.79385058
1676666781.477894	1.9458875500000001
1676666781.6366735	1.91784274
1676666781.7739074	1.8198953
1676666781.9118805	1.79804382
1676666782.0682964	1.8523435400000001
1676666782.2082932	1.83626178
1676666782.3415952	1.79009061
1676666782.4797587	1.9175118899999999
1676666782.6237726	1.85485948
1676666782.7572725	1.71897609
1676666782.9171968	1.81219455
1676666783.0443258	1.8941127899999999
1676666783.210519	1.8502119700000002
1676666783.3472815	1.83923395
1676666783.482028	1.82338438
1676666783.635971	1.75622451
1676666783.7947574	1.82674701
1676666783.9505432	1.9284941
1676666784.107182	1.8865376200000001
1676666784.2633076	1.88776878
1676666784.3916965	1.88523889
1676666784.529821	1.7999998499999998
1676666784.6666722	1.7616022599999999
1676666784.8002775	1.79980842
1676666784.9603071	1.9321023000000002
1676666785.0882604	1.7765788
1676666785.254335	1.86183551
1676666785.408296	1.91107975
1676666785.5694757	1.88032221
1676666785.6976254	1.82353229
1676666785.8473525	1.8138471
1676666786.0034857	1.825571
1676666786.1352708	1.84769219
1676666786.2932727	1.79364503
1676666786.4579473	1.70331674
1676666786.596659	1.82244537
1676666786.7295337	1.88428916
1676666786.874169	1.83611575
1676666787.0293639	1.7852918100000001
1676666787.1872628	1.7676062099999998
1676666787.3246646	1.90918147
1676666787.466848	1.90028127
1676666787.6294055	1.81741394
1676666787.7626128	1.83235784
1676666787.9042673	1.82218844
1676666788.0582986	1.82167796
1676666788.2228584	1.88344881
1676666788.3693087	1.91954656
1676666788.514691	1.87156673
1676666788.657217	1.84679018
1676666788.8110912	1.92771104
1676666788.9502099	1.8453220099999998
1676666789.0868404	1.88970113
1676666789.242441	1.87945237
1676666789.386201	1.84410962
1676666789.5468545	1.9268669299999999
1676666789.6844218	1.7640164999999999
1676666789.8451645	1.77171929
1676666789.9822414	1.77966874
1676666790.1359193	1.77153269
1676666790.30005	1.8444488499999998
1676666790.4282904	1.88073481
1676666790.5782948	1.92181779
1676666790.7435653	1.92022575
1676666790.8758528	1.839336
1676666791.0121775	1.85766344
1676666791.1646183	1.8544622099999999
1676666791.3065462	1.87996373
1676666791.461653	1.8911675
1676666791.5959034	1.85199936
1676666791.7334852	1.80801927
1676666791.8803554	1.83255988
1676666792.0516267	1.71616769
1676666792.2133696	1.73570914
1676666792.3518307	1.77260319
1676666792.5226395	1.78015047
1676666792.6595867	1.73521582
1676666792.7957435	1.77154951
1676666792.9527464	1.80817438
1676666793.1073692	1.81267058
1676666793.2368362	1.7611945800000002
1676666793.3912516	1.79026089
1676666793.522616	1.76468805
1676666793.6858578	1.67674859
1676666793.8385031	1.8014796800000001
1676666793.9974074	1.7854622
1676666794.1483002	1.81659597
1676666794.3070428	1.78324413
1676666794.4633741	1.79230355
1676666794.6058433	1.83151406
1676666794.7356734	1.72750466
1676666794.8808115	1.74049296
1676666795.0389392	1.86750457
1676666795.1723697	1.91724589
1676666795.3320856	1.8782879399999999
1676666795.4656277	1.82829406
1676666795.6032698	1.87059856
1676666795.7564557	1.8649135600000002
1676666795.8952546	1.84533458
1676666796.031441	1.7967284300000002
1676666796.1671438	1.8464204199999998
1676666796.2933772	1.85921893
1676666796.431546	1.86712643
1676666796.5866008	1.86174317
1676666796.714792	1.80523266
1676666796.8522851	1.8060670200000002
1676666796.9880524	1.74159258
1676666797.1369019	1.84573435
1676666797.2730558	1.91143781
1676666797.4231107	1.94916135
1676666797.5691621	1.87855525
1676666797.7108192	1.73140924
1676666797.8515117	1.76919499
1676666797.9923341	1.85029972
1676666798.1368399	1.8141044
1676666798.2882953	1.8189448499999998
1676666798.4469934	1.92487224
1676666798.5844352	1.9085673
1676666798.7249238	1.81039886
1676666798.860869	1.7217870400000002
1676666799.0226388	1.8364810500000002
1676666799.182597	1.8608447
1676666799.3147922	1.77571887
1676666799.4746923	1.79284731
1676666799.6111174	1.8182479999999999
1676666799.770838	1.85582301
1676666799.9015546	1.86902472
1676666800.0253892	1.84429055
1676666800.1773212	1.7863274199999999
1676666800.3083806	1.82456091
1676666800.4683003	1.84450503
1676666800.6223314	1.8790075
1676666800.7595694	1.7701935800000002
1676666800.9125988	1.71214409
1676666801.0574882	1.79561441
1676666801.212285	1.76151144
1676666801.3273294	1.79590236
1676666801.4517274	1.7535909600000001
1676666801.5897806	1.83503775
1676666801.7431412	1.9459964
1676666801.8676586	1.84444249
1676666802.0045679	1.82256852
1676666802.1315086	1.84586025
1676666802.2665825	1.85861689
1676666802.4243095	1.8358383200000001
1676666802.5638766	1.78040404
1676666802.6961486	1.82736714
1676666802.8316715	1.7824336200000002
1676666802.9855397	1.77999544
1676666803.1082978	1.81426992
1676666803.2517538	1.86159487
1676666803.394588	1.8524614400000001
1676666803.553667	1.76383523
1676666803.6964493	1.73237474
1676666803.876562	1.73674171
1676666804.024411	1.89517769
1676666804.1483011	1.9160156799999999
1676666804.307869	1.72941428
1676666804.4582953	1.7795507199999998
1676666804.5810788	1.88753228
1676666804.7359622	1.8348273499999999
1676666804.894633	1.81981591
1676666805.0415921	1.8099848799999998
1676666805.1873505	1.83039443
1676666805.3213124	1.79362967
1676666805.4539733	1.85451775
1676666805.5782988	1.8680293700000001
1676666805.7446818	1.9188586
1676666805.8777952	1.79994462
1676666806.0282938	1.7049594
1676666806.187265	1.78802341
1676666806.3112156	1.81459143
1676666806.4364371	1.73368249
1676666806.5732977	1.79250245
1676666806.7003005	1.8250723599999998
1676666806.8550987	1.7469984
1676666807.012972	1.77891413
1676666807.1637006	1.7976179700000001
1676666807.2996812	1.76008213
1676666807.4213834	1.82114134
1676666807.5755253	1.80537491
1676666807.734892	1.84693278
1676666807.8902762	1.89294885
1676666808.0311372	1.8427716699999999
1676666808.1540601	1.86583282
1676666808.2875862	1.80944944
1676666808.4262147	1.78732131
1676666808.5787554	1.7323776800000001
1676666808.7099335	1.7284412999999998
1676666808.847747	1.7758339
1676666808.984058	1.80537633
1676666809.1187904	1.82985416
1676666809.2557259	1.8809568600000002
1676666809.379306	1.7378208300000002
1676666809.5116754	1.81654844
1676666809.6422722	1.93073885
1676666809.8037252	1.87987317
1676666809.9317322	1.88086678
1676666810.093501	1.77042239
1676666810.2310283	1.82279914
1676666810.367219	1.7492423
1676666810.5017867	1.72624549
1676666810.6366472	1.93298454
1676666810.7792366	1.7947988899999998
1676666810.9155414	1.7536543
1676666811.0382998	1.8167329
1676666811.1981678	1.7946267599999999
1676666811.339303	1.75622976
1676666811.462521	1.7601339699999998
1676666811.5853262	1.87603975
1676666811.739622	1.86812087
1676666811.9169362	1.82621218
