Time (s)\Voltage (mV)
1676664731.33179	2.12287596
1676664731.455956	2.00627772
1676664731.5938225	2.0160755200000002
1676664731.7172568	2.0946391799999997
1676664731.8410602	2.1191411899999997
1676664731.9946542	1.99938677
1676664732.1533582	1.9824803000000002
1676664732.3129537	2.07315769
1676664732.4331348	2.15944612
1676664732.5710316	2.12520744
1676664732.7154472	2.09982603
1676664732.852891	2.0765519599999998
1676664733.0047429	2.1250503299999997
1676664733.1470902	2.16201139
1676664733.3055308	2.1947754699999997
1676664733.462994	2.15998127
1676664733.6150908	2.18130457
1676664733.7557158	2.16651412
1676664733.8782985	2.07572463
1676664734.0155454	2.0346471
1676664734.1555097	2.00831067
1676664734.2750595	2.0727304999999996
1676664734.3908584	2.0884218999999997
1676664734.508299	2.0736233100000003
1676664734.6248999	2.09308594
1676664734.7932363	2.03290814
1676664734.9308329	1.89180567
1676664735.079972	2.0375539500000004
1676664735.205958	2.0333526699999998
1676664735.3460958	2.1044988399999998
1676664735.4839516	1.97756383
1676664735.6006613	1.9737228900000001
1676664735.7108057	2.0731905800000003
1676664735.8308823	2.11924059
1676664735.9675941	2.1066146999999997
1676664736.1073554	2.11552146
1676664736.2476678	2.03770615
1676664736.3893363	2.03951107
1676664736.5109043	2.10241874
1676664736.6506739	2.15003075
1676664736.7626734	2.08572193
1676664736.8870165	2.09766623
1676664737.0097	2.11017355
1676664737.130201	2.04217393
1676664737.2522001	2.02778877
1676664737.3732214	2.12550085
1676664737.5284343	2.14806175
1676664737.6811354	2.0469865
1676664737.8038177	2.07805882
1676664737.95927	2.0737797899999997
1676664738.0812876	2.0019118899999997
1676664738.2261395	2.01743759
1676664738.38433	1.9528521699999999
1676664738.5254476	2.08096101
1676664738.688423	2.1184374
1676664738.823077	2.1544971
1676664738.9593098	2.08008483
1676664739.1170893	2.07810886
1676664739.2700472	2.13877031
1676664739.41678	2.16229856
1676664739.5708804	2.24640031
1676664739.729588	2.10426833
1676664739.8751857	2.05957496
1676664740.0196137	2.0587818899999997
1676664740.1400778	2.04668585
1676664740.2608724	2.02637439
1676664740.3847113	2.06037018
1676664740.5393054	2.10427691
1676664740.6967866	2.04419078
1676664740.854492	2.0536536699999997
1676664740.9963875	2.12008863
1676664741.1183035	2.15421044
1676664741.251214	2.02483132
1676664741.4115324	1.99671088
1676664741.568289	2.10614906
1676664741.689686	2.16259692
1676664741.8124783	2.12524867
1676664741.9332786	2.05789195
1676664742.0570698	2.07764147
1676664742.1776347	2.10719415
1676664742.3318229	2.04635143
1676664742.4683008	2.10771106
1676664742.5955794	2.1526511100000003
1676664742.7527926	2.10290922
1676664742.9056454	2.00441374
1676664743.0359719	2.0344416300000003
1676664743.1934593	2.04751364
1676664743.335754	2.044906
1676664743.4729297	2.0400156799999998
1676664743.6182973	2.01110967
1676664743.7636523	2.03591306
1676664743.899298	2.18295473
1676664744.054137	2.2210236599999997
1676664744.1898909	2.15102552
1676664744.3482997	2.09369826
1676664744.4854858	2.16091234
1676664744.6209376	2.05438047
1676664744.7797096	2.11515349
1676664744.915876	2.0584257100000003
1676664745.0659819	2.03216113
1676664745.2019167	2.07607025
1676664745.3595693	2.0853025
1676664745.5163867	2.0876318400000002
1676664745.674371	2.09735619
1676664745.8319926	2.0139155399999997
1676664745.9859881	2.03632256
1676664746.122084	2.10084752
1676664746.2783043	2.04464952
1676664746.4361782	2.0975245599999996
1676664746.57392	2.16592103
1676664746.7372599	2.12837383
1676664746.8692994	2.08628807
1676664747.0315921	2.13170108
1676664747.1666248	2.1871606999999997
1676664747.331009	2.10987898
1676664747.463315	2.00864502
1676664747.6244833	1.9558791500000001
1676664747.7793014	2.0797260800000004
1676664747.9105053	2.01441237
1676664748.0635362	2.03627083
1676664748.1962285	2.1042141599999997
1676664748.3335807	1.98910011
1676664748.4878538	2.09943269
1676664748.6158948	2.2039478200000002
1676664748.7535546	2.17863021
1676664748.8893118	2.04571634
1676664749.04505	1.9912852099999998
1676664749.1815236	2.03756097
1676664749.340024	2.19476881
1676664749.4772222	2.1599407999999998
1676664749.6193132	2.06167785
1676664749.7782087	2.05200304
1676664749.9148693	2.06173323
1676664750.071555	2.06447867
1676664750.2272725	2.05058361
1676664750.3851736	2.18433662
1676664750.5217764	2.13297268
1676664750.6952546	2.0544712
1676664750.8497767	1.99714718
1676664750.9926271	1.94330322
1676664751.1293101	2.08379169
1676664751.2857678	2.1706753599999997
1676664751.4297068	2.2167146399999997
1676664751.5624073	2.13091092
1676664751.705738	2.10621693
1676664751.8382945	2.1772702500000003
1676664751.9993184	2.09798491
1676664752.134991	1.9708390999999998
1676664752.2705495	2.04660745
1676664752.428298	2.12204066
1676664752.5813127	2.07557188
1676664752.7110293	2.04029293
1676664752.847601	2.06527325
1676664752.9937868	2.08632254
1676664753.1209826	2.02135795
1676664753.2583003	1.94706957
1676664753.4092953	2.05599129
1676664753.5750227	2.05357723
1676664753.7116206	2.07565017
1676664753.8545382	2.1481373899999996
1676664753.996667	2.09527687
1676664754.149298	2.18040216
1676664754.3077185	2.24964888
1676664754.4417439	2.13413368
1676664754.5671556	2.17526176
1676664754.7099316	2.0873795800000003
1676664754.845455	2.05763974
1676664754.9851637	2.0409338100000003
1676664755.1224725	2.00086477
1676664755.2546275	2.0644701100000002
1676664755.4078856	2.02257095
1676664755.5444748	2.0636261
1676664755.678291	2.0461694599999998
1676664755.8033023	2.0666401999999997
1676664755.977518	2.0443371999999997
1676664756.0922842	2.03355917
1676664756.2160363	2.06247055
1676664756.3583002	2.15340395
1676664756.490404	2.13409489
1676664756.6221917	2.01758424
1676664756.7653136	2.0701542099999997
1676664756.9112387	2.1444829399999996
1676664757.0617878	2.10785587
1676664757.2057745	2.1491105200000002
1676664757.3557668	2.187883
1676664757.4912994	2.0432263
1676664757.648302	2.0874049599999998
1676664757.786834	2.03153777
1676664757.943246	2.16767554
1676664758.067825	2.17895118
1676664758.2045276	2.1059024199999996
1676664758.3574677	2.11179226
1676664758.4815264	2.17675268
1676664758.6172419	2.1494081200000004
1676664758.7724578	2.0708202200000003
1676664758.898295	2.07104571
1676664759.0346441	2.07138567
1676664759.168299	2.03614096
1676664759.332508	2.07200554
1676664759.4648836	2.04349201
1676664759.5974157	2.01708689
1676664759.7237763	2.07512635
1676664759.8599885	2.02636512
1676664759.9967813	1.99604881
1676664760.1604688	2.04949339
1676664760.3154788	2.05000334
1676664760.4732935	2.12174162
1676664760.5967534	2.0708087
1676664760.7540874	2.06174442
1676664760.890172	2.0656035200000002
1676664761.0242963	2.08234393
1676664761.164321	2.05933547
1676664761.3071175	2.03447735
1676664761.438125	2.04627313
1676664761.5940764	1.94660261
1676664761.7502043	1.94128437
1676664761.891298	2.10766073
1676664762.0258207	2.1567973
1676664762.1778579	2.07058966
1676664762.3376126	1.91659785
1676664762.4882998	1.98041989
1676664762.6328714	1.9859402800000001
1676664762.7703507	2.0265214499999997
1676664762.9342518	2.06249541
1676664763.0803585	2.16318905
1676664763.2283003	2.12581255
1676664763.3648946	2.08534635
1676664763.5268314	2.035162
1676664763.6633236	1.9632923500000001
1676664763.817276	2.08449162
1676664763.9599633	2.1448984799999997
1676664764.1254451	1.9996550800000001
1676664764.2710478	1.9598466
1676664764.408292	1.9899023
1676664764.5637646	2.01794664
1676664764.7297318	2.1102666699999997
1676664764.8555753	2.08795346
1676664764.9928513	1.9933003299999998
1676664765.1391754	1.9997156699999998
1676664765.2846956	1.9745669199999998
1676664765.4581933	2.01651814
1676664765.5957801	1.90126288
1676664765.7503197	2.00850862
1676664765.8805335	2.11825636
1676664766.0377197	2.07661829
1676664766.1882925	2.05553409
1676664766.325091	1.97689251
1676664766.4769342	2.0066082499999998
1676664766.615234	2.07380313
1676664766.7682912	2.05901524
1676664766.894997	2.07230332
1676664767.032222	2.0558949699999998
1676664767.1750243	1.9764367299999999
1676664767.3335693	1.9774437500000002
1676664767.46961	1.98576053
1676664767.6235225	2.01490412
1676664767.7641006	2.07703969
1676664767.9192998	1.95845554
1676664768.0795808	2.03672927
1676664768.2369692	2.1026463300000002
1676664768.3805976	2.1006360400000004
1676664768.525478	2.0657522100000003
1676664768.688026	2.02545952
1676664768.8336272	2.0479395
1676664768.9834764	1.9806443500000002
1676664769.138299	2.0176339199999997
1676664769.2718697	2.00810474
1676664769.4293473	1.9872666700000001
1676664769.5902584	2.00758192
1676664769.726681	2.04512809
1676664769.8896918	2.0724437
1676664770.0252662	2.1070538599999997
1676664770.1791198	2.0929934799999996
1676664770.3209836	2.14345076
1676664770.466891	2.0547405800000003
1676664770.6167877	2.1039372100000002
1676664770.7718315	2.0141192
1676664770.9032993	1.90118687
1676664771.0398376	2.00715369
1676664771.1930442	2.06192433
1676664771.3512292	2.19844929
1676664771.5094092	1.9859703000000002
1676664771.646101	2.09593465
1676664771.7982981	2.09109741
1676664771.9636827	2.0240548300000003
1676664772.0914524	2.16867296
1676664772.237184	2.19591297
1676664772.3921478	2.12933687
1676664772.5505648	2.13614902
1676664772.700299	2.0637023400000003
1676664772.8447447	2.02854715
1676664772.9866176	2.04530567
1676664773.1397264	2.10811753
1676664773.29633	2.09339719
1676664773.4307985	1.9904406000000001
1676664773.565919	2.01968395
1676664773.711491	2.1968664
1676664773.8676887	2.05389378
1676664774.0246856	2.00060467
1676664774.1805127	2.07835619
1676664774.3333209	2.1015262999999997
1676664774.4632576	2.1510820500000003
1676664774.6213067	2.14048552
1676664774.7797735	2.09094031
1676664774.914348	2.05643503
1676664775.0753033	2.01354379
1676664775.2119155	2.06793911
1676664775.3546572	2.05239461
1676664775.4876788	2.03223645
1676664775.629324	2.09553572
1676664775.7759366	2.10329216
1676664775.9261901	2.13988334
1676664776.072213	2.13658344
1676664776.198292	2.06768441
1676664776.3633122	2.06640713
1676664776.5185683	2.11012415
1676664776.6555595	2.08511694
1676664776.7945745	2.1076504799999998
1676664776.936532	2.07728694
1676664777.0724263	2.0627371200000004
1676664777.2268262	2.1057286299999998
1676664777.35113	2.0034788100000003
1676664777.4948134	2.0645667100000002
1676664777.6433957	2.05816101
1676664777.774503	1.98318178
1676664777.9112384	2.01517165
1676664778.0666118	1.9782271
1676664778.2276456	2.1530099099999997
1676664778.3582976	2.02446275
1676664778.5165865	2.0200904
1676664778.6659682	2.04716634
1676664778.792217	2.18932493
1676664778.9346485	2.2076379399999997
1676664779.071615	2.07497093
1676664779.2283068	2.0194591600000003
1676664779.3890624	2.01017504
1676664779.5493147	2.0059029600000002
1676664779.7013059	2.00485197
1676664779.8268094	2.08223937
1676664779.968301	2.0997266
1676664780.1145089	2.02350656
1676664780.2631655	2.11071699
1676664780.4003055	2.1598450000000002
1676664780.5772915	2.1343696899999998
1676664780.722547	2.11320559
1676664780.8480594	2.1499136599999997
1676664780.9852624	2.08906278
1676664781.1312313	2.05978136
1676664781.2907965	2.0100769200000004
1676664781.4263093	2.03648098
1676664781.5832593	2.07112458
1676664781.7254748	2.20600819
1676664781.8580847	2.10578963
1676664782.0166056	2.0504404099999998
1676664782.1662624	1.94840996
1676664782.302272	1.98242994
1676664782.457077	1.96899386
1676664782.5940905	1.98701302
1676664782.7358525	2.09986761
1676664782.883146	2.08801714
1676664783.027299	2.02515814
1676664783.1734252	1.9298191900000001
1676664783.3170788	2.10802675
1676664783.4550505	1.9978596599999998
1676664783.5819163	2.06334551
1676664783.7267885	2.1023212
1676664783.8810403	2.04633978
1676664784.023692	2.10950012
1676664784.1663978	2.08772528
1676664784.3082948	1.9978750900000002
1676664784.4457178	2.00393331
1676664784.5682976	2.03413647
1676664784.7236917	2.02962096
1676664784.8813405	2.05305487
1676664785.0138535	2.10724693
1676664785.1463027	2.0302000799999997
1676664785.3047354	2.00546047
1676664785.4331315	2.0689516599999997
1676664785.578295	2.06422863
1676664785.7118096	2.07333688
1676664785.862887	2.06267896
1676664786.0076659	2.04808465
1676664786.1441064	2.04233744
1676664786.2782903	2.0938928999999997
1676664786.414168	2.15091513
1676664786.566783	2.15321015
1676664786.7025154	2.0949514
1676664786.83829	2.0103063
1676664786.9959412	1.9410110600000001
1676664787.1416438	2.00039319
1676664787.26815	1.92074674
1676664787.4142292	1.92792191
1676664787.5771208	1.9901551299999998
1676664787.7083952	2.05286505
1676664787.8453412	2.14552772
1676664787.9978542	2.0648437800000004
1676664788.1420043	1.93387677
1676664788.2922826	2.00029397
1676664788.4166775	2.0642436
1676664788.5537891	2.08709409
1676664788.6851976	2.12042447
1676664788.8427262	2.01502394
1676664788.9845695	2.0786191300000003
1676664789.1441674	2.11349382
1676664789.2671845	2.04179956
1676664789.3893611	2.0383489800000003
1676664789.5102894	2.05967768
1676664789.632369	2.11514752
1676664789.7544074	2.0795114000000003
1676664789.895351	2.0585929099999998
1676664790.0314348	2.02556389
1676664790.1855671	2.02156744
1676664790.3306217	1.98060064
1676664790.451797	2.06828597
1676664790.601041	2.17822879
1676664790.7462792	2.0867898400000002
1676664790.8881083	2.07046676
1676664791.0116723	2.05850368
1676664791.166475	2.0437426100000002
1676664791.2872877	2.0032821199999997
1676664791.4306114	1.9412038999999999
1676664791.5643384	1.99546885
1676664791.7016172	2.06309534
1676664791.8332531	2.07515064
1676664791.9713888	2.02123852
1676664792.1129818	2.0961747600000002
1676664792.2361975	2.1397544500000003
1676664792.3591785	2.04695618
1676664792.4817069	1.9804804300000003
1676664792.6131504	2.0083817500000003
1676664792.747	2.04585533
1676664792.8831077	1.9882275200000001
1676664793.0416877	1.94650049
1676664793.1852999	1.9943136099999998
1676664793.3415673	2.16288451
1676664793.4621813	2.09901536
1676664793.5844598	2.0214908400000002
1676664793.7056096	2.13090275
1676664793.828088	2.03358099
1676664793.9505644	1.9619077
1676664794.083335	1.95147393
1676664794.2250578	2.02033904
1676664794.3682992	2.08309285
1676664794.4955287	2.06843046
1676664794.6270237	2.02160935
1676664794.7760875	1.99655286
1676664794.9212403	2.0534542300000003
1676664795.0594726	2.1256704899999996
1676664795.1805274	2.06284099
1676664795.3025856	2.11263596
1676664795.4253016	2.14235862
1676664795.580927	2.07221357
1676664795.7389476	2.10606137
1676664795.8922992	2.17735554
1676664796.0343068	2.1554295100000003
1676664796.1897295	2.08389994
1676664796.333144	1.9999729800000001
1676664796.4558425	2.0608934399999996
1676664796.613692	2.11171366
1676664796.7714865	2.17784725
1676664796.8993006	2.02778508
1676664797.0421655	1.9367709000000002
1676664797.1646605	2.04933807
1676664797.2856455	2.0064960600000004
1676664797.4098666	1.9545080899999998
1676664797.5431755	1.9286563799999998
1676664797.6845667	1.9793645799999997
1676664797.817176	2.0585466099999996
1676664797.968299	2.04310561
1676664798.0911064	1.96018559
1676664798.2147136	1.96740097
1676664798.360445	1.9906890099999999
1676664798.5056038	2.01305368
1676664798.6636536	2.0188384299999997
1676664798.8179286	1.9820145800000002
1676664798.9745145	1.94536232
1676664799.1413724	2.02025619
1676664799.2641845	2.03364025
1676664799.4051838	1.97661377
1676664799.5487726	2.00793656
1676664799.6909137	2.08318758
1676664799.8250713	2.04319681
1676664799.9451706	2.00526084
1676664800.0643249	2.0188867299999997
1676664800.186415	1.9751906799999999
1676664800.307778	2.01809044
1676664800.428305	2.0345974499999997
1676664800.550983	2.00694511
1676664800.6721828	1.97269619
1676664800.8043697	2.06364182
1676664800.9438486	2.02758154
1676664801.0940683	2.0265734500000003
1676664801.233899	2.10044476
1676664801.3564837	2.11570773
1676664801.4768343	2.0920931300000003
1676664801.608153	2.05852199
1676664801.767068	2.07906499
1676664801.890459	2.0236572600000002
1676664802.0138676	2.00429546
1676664802.134717	2.04141474
1676664802.267352	2.07572799
1676664802.4045312	2.0702757000000003
1676664802.5574238	2.0226674200000003
1676664802.6983008	1.9797709
1676664802.8428953	1.9538135699999999
1676664802.9738486	2.02703118
1676664803.1178102	2.13062296
1676664803.257422	2.10748186
1676664803.4072995	2.08171917
1676664803.550309	2.07035882
1676664803.692774	2.01779586
1676664803.814249	2.05267214
1676664803.9338317	2.12799441
1676664804.0703466	2.05025701
1676664804.2263098	2.0796484
1676664804.3893006	2.04305905
1676664804.5094159	1.9946882400000001
1676664804.6306574	2.18044883
1676664804.7644656	2.2113404699999997
1676664804.903691	2.0239803399999996
1676664805.024285	1.9714801
1676664805.1448846	2.0640413399999997
1676664805.2825954	2.1083315099999997
1676664805.4059234	2.0706894
1676664805.5426953	2.0989728600000004
1676664805.682875	2.03001549
1676664805.8147318	2.06406065
1676664805.954048	2.08100895
1676664806.0801485	2.01652473
1676664806.237473	2.00418095
1676664806.3752484	2.0424542199999998
1676664806.5132148	1.95324022
1676664806.6462562	1.91067889
1676664806.803894	2.00390505
1676664806.9331648	2.00369593
1676664807.055548	2.0763435699999997
1676664807.1972804	2.1448494499999997
1676664807.3378422	2.07931691
1676664807.4785151	2.05097124
1676664807.6163175	1.99865009
1676664807.7573164	1.9784051
1676664807.8998637	2.14031571
1676664808.0358064	2.17119877
1676664808.1757946	1.97452501
1676664808.333621	2.09773232
1676664808.4947548	2.12898538
1676664808.6294136	2.1267831200000002
1676664808.7955108	2.0866138700000003
1676664808.9429517	2.0415896499999997
1676664809.0782952	2.0737907399999997
1676664809.233049	2.07454788
1676664809.374704	2.04557698
1676664809.5198076	2.0271599599999996
1676664809.6632304	2.05266581
1676664809.7866585	2.07643163
1676664809.9082992	2.06582573
1676664810.0301514	2.02061807
1676664810.1744041	2.01253295
1676664810.307478	2.04521825
1676664810.462623	2.0504447900000002
1676664810.6195877	2.08559992
1676664810.755471	2.0934019200000002
1676664810.8892982	2.07894274
1676664811.013676	2.09100907
1676664811.1496584	2.15532721
1676664811.2903113	2.0737776500000002
1676664811.4237044	2.1456353900000003
1676664811.5865502	2.12245943
1676664811.7144287	2.05508825
1676664811.8396254	2.0006029699999996
1676664811.99843	1.9251059099999999
1676664812.15435	2.0934483399999997
1676664812.3124561	2.12584942
1676664812.446376	2.02247483
1676664812.6042147	2.04844342
1676664812.7378335	2.08817569
1676664812.8849432	1.97900511
1676664813.0073197	2.00045926
1676664813.1439636	1.95498407
1676664813.3020234	2.08033672
1676664813.43623	2.07239722
1676664813.5644672	2.0202387600000002
1676664813.6882954	2.0957964799999997
1676664813.8308713	2.00974546
1676664813.9771504	2.06310099
1676664814.1266136	2.1285236199999997
1676664814.263839	2.0839830200000002
1676664814.3945277	2.0034749
1676664814.5571759	2.00130428
1676664814.7036655	1.9106219299999998
1676664814.8363783	1.95197845
1676664814.9774358	2.0339450799999996
1676664815.1075451	1.9625301900000003
1676664815.25032	1.94540064
1676664815.3735418	2.04828898
1676664815.4973905	2.08791675
1676664815.6425273	2.00777179
1676664815.7853332	2.07892079
1676664815.921618	2.02692726
1676664816.0694711	2.10355743
1676664816.2152972	2.07640913
1676664816.3728127	2.09365666
1676664816.5072591	2.10895181
1676664816.6396935	2.02178973
1676664816.799512	1.99847165
1676664816.9423978	1.9742248399999998
1676664817.0875957	2.04685052
1676664817.2108064	2.08293601
1676664817.371127	2.0924255
1676664817.4982944	2.08624663
1676664817.6212318	2.04510137
1676664817.7782996	1.955053
1676664817.956124	1.98760336
1676664818.0905817	2.0179355500000002
1676664818.2483	2.03044022
1676664818.4022021	2.05568657
1676664818.5597615	2.05056191
1676664818.6973684	2.03930932
1676664818.855387	2.0995424600000003
1676664818.9971316	2.09627098
1676664819.1504622	2.01334121
1676664819.2728431	2.0328821699999997
1676664819.3960776	2.07016507
1676664819.5309281	2.0869289400000004
1676664819.6722887	2.04091369
1676664819.8098867	1.9986718199999998
1676664819.9316688	2.05983907
1676664820.0542738	2.09072971
1676664820.1767454	2.1104803999999997
1676664820.3322668	2.0325857899999997
1676664820.4872828	2.0310151999999997
1676664820.6450036	1.9694479299999998
1676664820.7900507	2.11525496
1676664820.9317343	2.09972869
1676664821.0894015	2.0346523899999998
1676664821.214944	2.00943607
1676664821.3396964	1.9725510400000001
1676664821.4770548	1.9662172000000002
1676664821.6144972	1.94693845
1676664821.7717156	2.04193856
1676664821.8959355	2.14836982
1676664822.04237	2.1873203599999997
1676664822.1874022	2.1434403399999997
1676664822.3222487	2.0388365100000003
1676664822.4763446	2.03790286
1676664822.5992336	2.1239035399999997
1676664822.7371547	2.06949536
1676664822.8638244	1.94623589
1676664822.9883015	2.0000086500000003
1676664823.124496	2.07026484
1676664823.2643178	1.992212
1676664823.4113755	1.90920877
1676664823.5477512	1.98245653
1676664823.6931632	2.00442389
1676664823.8454454	1.96710721
1676664823.9883015	2.07327464
1676664824.1212215	1.9755644900000002
1676664824.2465653	1.94800649
1676664824.3837397	1.95057981
1676664824.5382893	1.994477
1676664824.6634195	1.9437856900000001
1676664824.8018317	1.9926058399999997
1676664824.9365942	2.10590675
1676664825.0925362	2.11039439
1676664825.2145038	2.1556101599999997
1676664825.3507779	2.04441346
1676664825.5123332	1.9731218
1676664825.6474404	1.93754031
1676664825.8068044	1.9992389799999999
1676664825.9482949	2.0105141
1676664826.1198993	2.07471585
1676664826.2558966	2.1490629
1676664826.4025872	2.05109209
1676664826.5297189	1.98307996
1676664826.6698244	1.9948607299999999
1676664826.8167005	2.0289193500000002
1676664826.9412236	2.03162139
1676664827.0833068	2.0246693
1676664827.225687	2.00070666
1676664827.383096	1.95487263
1676664827.5400734	2.03304025
1676664827.700868	2.03830595
1676664827.8523805	2.09853912
1676664827.976761	2.02609834
1676664828.1354527	2.0250162400000002
1676664828.285685	2.12386645
1676664828.4193058	2.05775093
1676664828.555156	2.01834941
1676664828.6952934	2.10049633
1676664828.8330805	1.9806032
1676664828.9892375	1.93687169
1676664829.1269045	1.9805328800000002
1676664829.2629337	1.97759181
1676664829.420418	2.01839156
1676664829.565023	2.0346417299999997
1676664829.7402332	2.0058520300000002
1676664829.8833566	2.02416397
1676664830.0202591	1.9945018400000003
1676664830.1823926	1.91550471
1676664830.3054268	2.00719258
1676664830.4312372	2.02506053
1676664830.567817	1.9361653
1676664830.7165139	1.9792431400000001
1676664830.8440046	2.03836686
1676664830.9808512	1.98815513
1676664831.1315145	2.0393025600000003
1676664831.2552817	1.9771588500000001
1676664831.4180872	1.8989471500000001
1676664831.5683136	1.98845752
1676664831.7240052	1.96293918
1676664831.8783004	2.01515688
1676664832.0023863	2.00620093
1676664832.125947	2.09502803
1676664832.2683108	2.105509
1676664832.425273	2.00534673
1676664832.5782924	2.03507748
1676664832.7245684	1.92448358
1676664832.8622806	1.9555865200000002
1676664832.989527	2.04740305
1676664833.1558638	1.9957338999999998
1676664833.3324523	2.03575098
1676664833.4667213	2.0767525499999997
1676664833.6004672	2.0111009099999997
1676664833.7258673	2.05016254
1676664833.8623793	2.07208174
1676664834.0157187	2.02690785
1676664834.165743	2.035193
1676664834.321951	1.9766741500000002
1676664834.465174	1.99588909
1676664834.625311	2.06905426
1676664834.7825515	1.9848408000000002
1676664834.9183009	1.96012209
1676664835.0502522	1.9829677799999998
1676664835.1949558	2.01202933
1676664835.33236	2.08930089
1676664835.4971354	1.9505682500000001
1676664835.6211917	1.92480659
1676664835.753651	1.9822433399999997
1676664835.886298	2.0041270499999997
1676664836.0297697	2.0660770999999998
1676664836.1712208	2.0090537
1676664836.324083	2.03905095
1676664836.4666343	2.0639272999999996
1676664836.6129084	2.06207037
1676664836.7473412	2.07141616
1676664836.8911438	2.10889745
1676664837.0446134	1.9865420800000002
1676664837.181949	1.9763731900000001
1676664837.3146732	2.11411971
1676664837.4560964	2.12900948
1676664837.5982997	2.10756334
1676664837.7453449	1.99746865
1676664837.8711169	1.9692393099999999
1676664838.0075185	1.9273401000000001
1676664838.1624868	2.0474621099999997
1676664838.303013	2.07944658
1676664838.4467561	2.0466427200000004
1676664838.5982912	1.9847810900000002
1676664838.7575111	2.08682549
1676664838.8977754	2.09817031
1676664839.0542998	1.9658594700000003
1676664839.2182932	2.0099303699999997
1676664839.3417468	2.05760361
1676664839.4658768	2.052043
1676664839.5893211	2.02030571
1676664839.74551	1.96268879
1676664839.8869183	2.06893717
1676664840.0412805	2.0770335600000003
1676664840.1896033	2.08970929
1676664840.3220797	2.05491339
1676664840.4526954	2.092355
1676664840.5846007	2.01870992
1676664840.7223923	1.94527664
1676664840.8532715	1.9640797600000002
1676664841.0117533	1.85602646
1676664841.166904	1.91350235
1676664841.3255231	1.97253542
1676664841.4706972	1.9946867000000001
1676664841.6297092	1.93742584
1676664841.7658815	1.9722726700000002
1676664841.8923666	2.07072172
1676664842.0415814	2.0928612
1676664842.1656237	2.08183757
1676664842.311498	2.0523454400000003
1676664842.4614284	2.05964286
1676664842.596948	2.03778222
1676664842.7264647	2.09565652
1676664842.8532746	2.1073262899999996
1676664842.9887826	2.00061737
1676664843.142486	1.96436144
1676664843.2843635	2.03330499
1676664843.439608	2.07585305
1676664843.5737514	2.04886666
1676664843.7114294	2.14188867
1676664843.8474307	2.19619446
1676664844.0045886	2.09353387
1676664844.1448	2.0561367400000004
1676664844.2774298	2.0856128099999998
1676664844.4196482	2.13952447
1676664844.5652974	2.04591154
1676664844.717152	1.98290933
1676664844.8544765	2.01809615
1676664845.0104744	2.14346141
1676664845.168298	2.06713884
1676664845.3464296	1.9697823099999998
1676664845.500113	1.9914912100000002
1676664845.643904	2.0237985099999998
1676664845.7910004	1.95178406
1676664845.9182994	1.98843904
1676664846.0816543	2.0488722
1676664846.2337492	2.0705725200000002
1676664846.3768377	1.9960667799999998
1676664846.5230367	2.05462692
1676664846.6815379	2.1126251
1676664846.817603	1.99555523
1676664846.9508212	2.08004754
1676664847.0951738	2.10076121
1676664847.2393098	2.05234048
1676664847.3901296	2.0780673399999996
1676664847.5273728	2.01393807
1676664847.6791565	1.94482457
1676664847.8170936	2.02591295
1676664847.995422	2.08022247
1676664848.1379738	2.07662872
1676664848.2939787	1.94583159
1676664848.4382288	1.9909502800000003
1676664848.5999157	2.05030296
1676664848.7381396	1.9965709500000002
1676664848.8901727	2.03513917
1676664849.0564282	2.031517
1676664849.1905646	2.00971372
1676664849.351864	1.93444119
1676664849.4844534	2.07850978
1676664849.6421392	2.2065913499999996
1676664849.7975671	2.05965706
1676664849.9548547	2.05789397
1676664850.0924041	2.0896999
1676664850.2648032	2.11550714
1676664850.3982937	2.05915516
1676664850.5330462	2.12526046
1676664850.6693316	2.06532921
1676664850.8218226	2.01835144
1676664850.9741728	2.0426250799999996
1676664851.1341577	2.07198317
1676664851.2704527	2.02235379
1676664851.4259233	2.0442551900000003
1676664851.5630474	2.1201063
1676664851.7154112	1.9649277699999999
1676664851.8475556	2.0242706900000003
1676664851.987198	2.1341411399999997
1676664852.1297693	2.03818818
1676664852.2879412	1.9625596100000002
1676664852.4511817	2.03009607
1676664852.5852933	2.0590922
1676664852.7382991	2.08302641
1676664852.885797	2.0030126299999997
1676664853.0448534	1.9945907500000002
1676664853.1713667	2.06901443
1676664853.2983027	2.0794567899999996
1676664853.4354367	2.02164309
1676664853.587902	2.03524861
1676664853.7490304	1.96370069
1676664853.8860083	1.9083782599999999
1676664854.0212643	1.96797061
1676664854.174812	2.01779938
1676664854.3324084	2.03606195
1676664854.469639	2.0164352
1676664854.6225832	2.02415088
1676664854.75989	2.01348009
1676664854.8959332	2.0494251
1676664855.058215	1.98518533
1676664855.195303	2.0869391
1676664855.3373523	2.03967071
1676664855.497567	2.02792641
1676664855.6254613	2.14446754
1676664855.7607026	2.1638572700000003
1676664855.9217763	2.05263492
1676664856.0777593	2.07759492
1676664856.230584	1.99372143
1676664856.3638422	2.04464787
1676664856.505971	2.14157385
1676664856.6517332	2.0982396100000003
1676664856.8026252	2.0708843299999997
1676664856.9351609	2.01148238
1676664857.069394	1.94218126
1676664857.2045271	1.88151544
1676664857.3673959	1.9851850600000003
1676664857.521121	2.0308141899999996
1676664857.6575887	1.9586014
1676664857.791955	2.02980395
1676664857.9257457	1.97466656
1676664858.0682998	1.9959223400000001
1676664858.2242255	1.8954282199999999
1676664858.3828166	1.96257051
1676664858.5182908	1.9313185099999999
1676664858.6833088	1.90464313
1676664858.8279395	2.00722992
1676664858.9883006	2.05671396
1676664859.1406252	2.06032058
1676664859.2782993	2.01015715
1676664859.4440305	1.9905968900000002
1676664859.6004243	2.00357718
1676664859.7540202	2.0167419300000002
1676664859.8802378	2.04608928
1676664860.0436065	2.13270659
1676664860.170309	2.1115291
1676664860.3036964	2.11617706
1676664860.4582968	2.00860854
1676664860.6114748	2.02488337
1676664860.7475884	2.16081313
1676664860.9013338	2.04638682
1676664861.0445952	1.86291885
1676664861.1822867	1.96366072
1676664861.3182952	2.01911664
1676664861.4832935	1.9079039800000002
1676664861.6169674	1.9458094000000001
1676664861.7638872	2.0223597
1676664861.9182951	2.0554707800000003
1676664862.0765631	2.02657439
1676664862.224231	2.0125865500000004
1676664862.353158	2.0761410000000002
1676664862.510169	2.0801320899999998
1676664862.6876414	2.08596456
1676664862.836248	1.9759069200000001
1676664862.9860444	2.05209581
1676664863.1471684	2.0768433899999996
1676664863.304541	2.04130955
1676664863.4483023	2.09681423
1676664863.592232	2.0892369
1676664863.7557333	2.06160385
1676664863.8882995	2.0147821599999998
1676664864.0552745	2.03436922
1676664864.1928399	1.94546709
1676664864.356163	2.0429793099999998
1676664864.4928253	2.0639487499999998
1676664864.6363797	1.9978606500000002
1676664864.7949965	2.009243
1676664864.9562743	2.01833784
1676664865.0938342	1.91779276
1676664865.2557187	2.05749158
1676664865.3930707	2.03661101
1676664865.5631444	2.01441465
1676664865.699403	2.0442635300000003
1676664865.8362198	2.0014993399999996
1676664865.9944353	1.9898150799999998
1676664866.1356835	2.0067950600000004
1676664866.2917998	2.160134
1676664866.4304743	2.20582972
1676664866.557338	2.07534668
1676664866.7266908	2.05306722
1676664866.8631775	1.9799298300000001
1676664867.0224228	1.9148170100000002
1676664867.1593938	1.9605920799999998
1676664867.3146055	2.0199105
1676664867.457408	2.0931942699999997
1676664867.623009	2.0820397899999996
1676664867.7596152	1.99914869
1676664867.9135892	1.9984847799999998
1676664868.0571635	2.03855658
1676664868.212257	2.08147839
1676664868.3417559	2.0256299
1676664868.478298	2.00957812
1676664868.6329358	1.9605026399999999
1676664868.762097	2.0712210200000003
1676664868.8987231	2.04450809
1676664869.0463078	1.99680802
1676664869.19784	2.0487244000000002
1676664869.3523567	1.9856026100000002
1676664869.5071044	2.05018239
1676664869.658934	1.9882746000000002
1676664869.8004584	1.96933956
1676664869.9564068	1.93527622
1676664870.0894015	2.0121727999999997
1676664870.2263868	1.9297683
1676664870.3804748	1.9492931599999999
1676664870.5183005	2.07204103
1676664870.6706555	1.93782394
1676664870.832107	1.91565175
1676664870.9893873	1.9418338000000002
1676664871.1272724	1.9685038000000001
1676664871.2674277	2.0295144400000003
1676664871.4252949	1.9937254699999998
1676664871.582599	2.0416062200000002
1676664871.713537	2.0464010999999998
1676664871.8502648	1.96164929
1676664872.0028443	2.08437464
1676664872.1472058	1.9920718700000002
1676664872.2946873	1.93084429
1676664872.4603932	2.0494469200000003
1676664872.5968938	2.0229211499999997
1676664872.754946	1.90812215
1676664872.8915443	1.94805667
1676664873.0538895	2.03184869
1676664873.1921198	1.9899660799999999
1676664873.3276265	1.92574022
1676664873.45624	1.99066102
1676664873.594021	2.12806763
1676664873.746014	2.00341558
1676664873.891564	1.92976778
1676664874.0282958	2.0648670300000003
1676664874.1779008	2.06932034
1676664874.343904	2.06473887
1676664874.4802349	2.07239986
1676664874.6382973	2.02784312
1676664874.7735589	2.03073549
1676664874.9016662	1.94730113
1676664875.060938	1.87477886
1676664875.1905315	2.0308733
1676664875.339403	2.1065759
1676664875.4846802	1.9979858000000001
1676664875.6454954	1.9644939799999999
1676664875.804847	1.91202369
1676664875.947082	2.0271261899999997
1676664876.1028442	2.14865208
1676664876.2552195	2.07693414
1676664876.4183042	2.09669978
1676664876.555063	1.98573262
1676664876.6926389	1.91692744
1676664876.8317835	1.92756774
1676664876.993384	2.0859314999999996
1676664877.130831	2.0494148599999997
1676664877.2802992	2.03964866
1676664877.423906	2.0125861300000003
1676664877.5798197	1.9669998400000002
1676664877.731882	1.9290820499999999
1676664877.8647	2.16533778
1676664878.0047493	2.0391960900000003
1676664878.159309	2.07882657
1676664878.2927134	2.03496263
1676664878.4568002	1.8921761099999999
1676664878.5935652	1.89020496
1676664878.7380521	1.93295786
1676664878.88583	1.9778470599999998
1676664879.0373476	1.98361578
1676664879.175003	1.92151449
1676664879.3369064	1.90156225
1676664879.4982228	1.9560379799999998
1676664879.6558118	2.05484361
1676664879.8077266	2.0663761099999998
1676664879.9654093	2.08690156
1676664880.1125908	2.07798314
1676664880.2596347	1.98315359
1676664880.396581	1.87626979
1676664880.5539167	1.9622120299999999
1676664880.6900795	2.04120055
1676664880.827226	1.9498435600000001
1676664880.9611595	1.96122055
1676664881.1215062	1.9563967100000001
1676664881.2551425	1.94657861
1676664881.3967843	1.91676648
1676664881.5289357	1.99584833
1676664881.68627	2.05683057
1676664881.8239212	2.07273971
1676664881.977119	2.02412325
1676664882.1278393	2.06629862
1676664882.2599301	2.06220458
1676664882.4131706	2.1209422
1676664882.5466945	2.16018605
1676664882.6967342	1.99221597
1676664882.8344743	2.01416134
1676664882.9920337	2.0459849699999997
1676664883.1271958	1.99539791
1676664883.2859638	2.03608366
1676664883.4222019	2.00913063
1676664883.5761168	2.05284354
1676664883.7002046	2.12527752
1676664883.8369997	1.9692066499999998
1676664883.9810135	1.96055526
1676664884.1368988	1.94234251
1676664884.2927651	1.93007377
1676664884.4500427	2.03738447
1676664884.5947216	2.09440406
1676664884.7344368	2.14677623
1676664884.8768141	1.9956192799999999
1676664885.0223053	1.9374494899999999
1676664885.1461859	2.06085218
1676664885.2834148	2.07938558
1676664885.4270158	2.09572209
1676664885.5703444	2.1557461399999998
1676664885.7261603	2.07850296
1676664885.857092	1.9442664699999999
1676664885.9782963	1.9689154800000002
1676664886.1031997	2.0590440400000003
1676664886.2482984	1.99556674
1676664886.39073	1.9647758499999999
1676664886.5512402	2.03701823
1676664886.7054446	1.94308464
1676664886.830698	1.94293289
1676664886.9655244	2.0567275699999996
1676664887.1016932	1.9986795
1676664887.2443004	2.0178987299999998
1676664887.3863523	2.02261319
1676664887.5356116	2.0074300899999997
1676664887.658633	2.04141095
1676664887.8223083	1.9806313699999998
1676664887.945225	1.9492967600000002
1676664888.0904193	2.03983891
1676664888.2131176	2.07598235
1676664888.3350983	2.04304241
1676664888.478299	2.01107664
1676664888.6108043	2.02676809
1676664888.7532651	2.10336248
1676664888.8748574	2.03063585
1676664889.0143406	2.00074312
1676664889.156469	2.1072533
1676664889.311473	2.00775046
1676664889.450155	1.9585146199999999
1676664889.5933115	2.0183628199999997
1676664889.716145	1.91175933
1676664889.8381534	1.99246762
1676664889.970927	2.06957088
1676664890.1128702	2.10792251
1676664890.254791	2.08907004
1676664890.39447	2.15047885
1676664890.5303962	2.0986339999999997
1676664890.6758165	1.99876227
1676664890.800765	2.0380404899999998
1676664890.962565	1.91073347
1676664891.0897243	1.9422456
1676664891.222307	2.04397325
1676664891.384427	2.04716269
1676664891.5067632	1.99447357
1676664891.6309626	2.0581278899999997
1676664891.7530577	2.0975905700000004
1676664891.874978	2.01576585
1676664892.0117319	1.9756875900000002
1676664892.1510112	1.99357164
1676664892.3083036	1.89036885
1676664892.465736	1.9397028299999999
1676664892.6079075	1.93213836
1676664892.7700512	1.9818946300000002
1676664892.9040525	2.00683183
1676664893.0653932	1.9827174300000001
1676664893.1975698	1.85601373
1676664893.3223052	1.9333100099999998
1676664893.465655	1.9942949800000003
1676664893.6131494	1.9923849599999999
1676664893.761682	1.9793880300000002
1676664893.925075	1.95987548
1676664894.0659282	1.94802767
1676664894.211971	1.9653036499999998
1676664894.364344	2.0415473299999998
1676664894.521732	2.03222727
1676664894.648298	2.02465046
1676664894.7826114	2.04652453
1676664894.9412065	2.0937905800000003
1676664895.073681	2.10771882
1676664895.217984	2.09262345
1676664895.3778741	2.13947683
1676664895.493568	1.94127885
1676664895.6383083	1.98016291
1676664895.7823896	2.08402086
1676664895.9334753	1.93777358
1676664896.0937405	1.89334017
1676664896.249354	1.96250301
1676664896.406638	2.0159181200000003
1676664896.5621955	1.9619576800000003
1676664896.6982942	1.94104721
1676664896.8315132	1.95450903
1676664896.9950569	1.96564956
1676664897.130431	2.0699590000000003
1676664897.2751749	2.10274523
1676664897.4114695	2.0858178699999996
1676664897.5440156	2.13770692
1676664897.6880543	2.04798589
1676664897.825145	2.0486336499999998
1676664898.0035236	2.034945
1676664898.1445744	2.13175326
1676664898.2880394	2.08038383
1676664898.432601	1.9773108999999998
1676664898.5682921	2.07408966
1676664898.7254918	1.9611374000000001
1676664898.8611236	2.00470214
1676664898.9873588	2.0668844600000003
1676664899.1333857	1.94647122
1676664899.2793136	1.97475205
1676664899.4325705	2.041481
1676664899.5679605	2.09084652
1676664899.721298	2.12790761
1676664899.8577151	2.0322812199999998
1676664900.001274	2.10778056
1676664900.133876	2.12522114
1676664900.2927277	2.06710286
1676664900.4207373	1.9665443200000001
1676664900.5665607	1.89309924
1676664900.6993978	1.90386762
1676664900.833159	1.9564923199999997
1676664900.9946167	1.96872459
1676664901.1310205	1.91179457
1676664901.2649617	1.92031137
1676664901.4183373	2.11280281
1676664901.572848	2.05505613
1676664901.730607	1.92477073
1676664901.863056	1.9305761000000001
1676664902.0137396	2.00918882
1676664902.1676214	1.94575712
1676664902.344407	1.9769485500000001
1676664902.4745302	1.93715667
1676664902.6112678	1.94023351
1676664902.7469313	1.9985378699999998
1676664902.9075558	2.05138297
1676664903.0527499	2.03230799
1676664903.1767435	2.0315213500000002
1676664903.3194964	1.96661611
1676664903.4519892	1.9597186999999998
1676664903.5845995	2.0034469699999997
1676664903.725538	2.04269351
1676664903.8629153	1.9698135900000002
1676664903.9999847	2.00146852
1676664904.1382916	1.9703180800000002
1676664904.2844794	1.89465573
1676664904.4317546	1.97341211
1676664904.572271	2.0500917100000002
1676664904.7060452	2.00446038
1676664904.8482985	1.97117393
1676664904.9729016	1.93764725
1676664905.109462	1.9075695400000001
1676664905.2482944	1.96952558
1676664905.3866968	1.96534896
1676664905.5382776	2.01875496
1676664905.6844928	2.05322861
1676664905.8421006	2.09574932
1676664905.9982915	2.12229708
1676664906.145082	1.9808489599999999
1676664906.2701504	1.93956555
1676664906.4075265	1.9509057
1676664906.5549765	1.9276942400000001
1676664906.700942	1.96658258
1676664906.8367732	2.056791
1676664906.9978106	2.032068
1676664907.1314034	2.0149824
1676664907.2748811	1.92793125
1676664907.4328444	2.03856861
1676664907.5853095	2.01184015
1676664907.7282999	1.9010333400000001
1676664907.8533804	1.87709806
1676664907.9890883	2.0162511000000003
1676664908.15145	1.9456024
1676664908.3315341	1.94834088
1676664908.4690118	2.08194845
1676664908.6156235	2.03620807
1676664908.7651036	1.99666953
1676664908.9013638	1.9735991500000003
1676664909.0521722	2.03394493
1676664909.1868322	1.99572899
1676664909.3408687	2.06182789
1676664909.5031862	1.92739834
1676664909.6376774	1.9655976599999998
1676664909.786698	1.9094923099999999
1676664909.9111326	1.89583422
1676664910.0616956	2.0191790099999998
1676664910.1883013	2.05802341
1676664910.3255465	2.08545004
1676664910.4802792	1.8938057
1676664910.6048691	1.92514085
1676664910.7476146	2.02480759
1676664910.9001496	1.88983452
1676664911.0467634	1.95439472
1676664911.2040508	2.00793583
1676664911.3439186	1.9836713
1676664911.5012968	2.03728104
1676664911.6580393	2.01030431
1676664911.81672	1.86531559
1676664911.9721744	1.90051526
1676664912.1248326	2.0374751499999997
1676664912.2726202	1.9861566800000001
1676664912.3950486	1.89453747
1676664912.5321028	1.9406889200000002
1676664912.6703098	1.94055808
1676664912.828299	1.91207993
1676664912.9840972	1.87562443
1676664913.142669	1.89136611
1676664913.2766519	2.0307032499999997
1676664913.4121687	2.0507252
1676664913.5564125	1.9612588899999999
1676664913.6902995	1.93052271
1676664913.8471239	2.13392684
1676664914.0015635	2.15932334
1676664914.1375496	1.98270987
1676664914.2918541	1.87717731
1676664914.4444108	2.02789774
1676664914.5672898	1.98759913
1676664914.6998885	2.04186844
1676664914.83475	2.05464229
1676664914.9914541	1.99614489
1676664915.1148846	2.00148136
1676664915.2578065	1.9959742200000001
1676664915.4365015	1.97695192
1676664915.5761018	1.9790434600000002
1676664915.7277498	2.0129197199999997
1676664915.8846538	1.98088805
1676664916.016454	1.93178259
1676664916.13803	2.00271866
1676664916.2730722	1.97582184
1676664916.4139009	2.0000574
1676664916.5528336	1.9112410499999999
1676664916.6895163	1.93866391
1676664916.8258927	2.1352412800000002
1676664916.9674258	2.0470137
1676664917.1036394	2.0196685899999998
1676664917.246155	1.90690035
1676664917.3782976	1.9269705400000001
1676664917.5213156	2.0573439600000003
1676664917.6445308	2.0381997
1676664917.7674277	2.00520704
1676664917.9093065	1.93730491
1676664918.0320694	1.92026329
1676664918.1750052	2.01788329
1676664918.298157	2.0594961499999997
1676664918.4199147	2.04144107
1676664918.5420015	2.0261180299999997
1676664918.6742034	1.93468869
1676664918.8123102	1.90552151
1676664918.9527915	1.97024922
1676664919.084353	1.89425445
1676664919.220623	2.02720602
1676664919.3590345	1.9502814400000001
1676664919.4915931	1.9716235500000001
1676664919.6339762	1.97778419
1676664919.785581	1.9062330799999998
1676664919.9109564	1.8465468
1676664920.0906386	1.89370237
1676664920.2474566	1.91530401
1676664920.400037	1.9724490100000003
1676664920.5434632	2.03535946
1676664920.6893284	2.03107667
1676664920.8173015	2.01976188
1676664920.9629729	1.97744927
1676664921.1067667	2.01680034
1676664921.264018	2.06727101
1676664921.400618	2.12579678
1676664921.5438144	2.13166625
1676664921.6770966	2.06688975
1676664921.8202398	1.93868053
1676664921.965253	1.96206028
1676664922.122895	2.0390844699999997
1676664922.2753265	2.13470782
1676664922.4364724	2.0636090900000004
1676664922.594209	2.04514488
1676664922.7510395	2.01181344
1676664922.8823075	1.92178263
1676664923.0066833	1.9940543700000002
1676664923.144262	2.0724084599999997
1676664923.2824845	1.98463245
1676664923.4154706	1.98531559
1676664923.5581841	2.0414433599999997
1676664923.7054105	2.0757105
1676664923.8326864	2.04359199
1676664923.9744499	2.13723586
1676664924.1207883	2.04677499
1676664924.2567852	1.9424818000000001
1676664924.4199317	1.9699919799999999
1676664924.5716746	2.0554760499999998
1676664924.708294	2.02255745
1676664924.8448071	1.97906304
1676664925.001905	1.95352127
1676664925.1553655	1.98968073
1676664925.2997549	2.01334895
1676664925.4557319	1.9767299500000002
1676664925.614212	2.03203836
1676664925.7513697	1.9306161
1676664925.886394	1.98448047
1676664926.0441275	2.03100614
1676664926.172243	1.9282385
1676664926.3365042	2.03927626
1676664926.4753757	2.0545462
1676664926.6365957	1.99926071
1676664926.7722275	2.02443493
1676664926.9351313	2.09123787
1676664927.066784	2.0902404999999997
1676664927.1993148	1.9255202500000002
1676664927.3242836	1.97857865
1676664927.4759238	1.96910525
1676664927.6082985	1.90019405
1676664927.770187	2.02866854
1676664927.9243138	2.0533850499999997
1676664928.067786	2.04716811
1676664928.2148652	1.9857489799999999
1676664928.358294	1.95213819
1676664928.5193584	1.98229572
1676664928.6754708	2.06475129
1676664928.8294575	1.9991008499999998
1676664928.9729416	2.14151815
1676664929.1052697	2.0033294
1676664929.2699437	1.9877179999999999
1676664929.4061146	2.03269023
1676664929.5421944	2.01538641
1676664929.6827366	1.93912199
1676664929.8279057	1.95030271
1676664929.9799323	2.00034598
1676664930.1432085	1.8727964000000001
1676664930.2775626	1.9604292300000001
1676664930.4427545	2.05868349
1676664930.5956545	2.00235573
1676664930.7377706	1.9882231199999998
1676664930.8752446	1.89519539
1676664931.0173297	1.9163321
1676664931.1543252	2.00336814
1676664931.3025432	2.01016598
1676664931.4282868	2.01123472
1676664931.565105	1.86411256
1676664931.7125797	1.9572261
1676664931.861633	2.00487837
1676664931.9933414	1.91165812
1676664932.1287813	1.93867074
1676664932.2739375	1.9171624200000001
1676664932.4059875	1.8550611700000001
1676664932.5415897	1.9619276799999998
1676664932.686292	2.02675025
1676664932.8408687	2.01739106
1676664932.9843569	2.00825119
1676664933.1282947	2.0637853600000002
1676664933.2901044	1.9602493099999998
1676664933.4278126	1.96328703
1676664933.578983	1.96084206
1676664933.717923	1.9599021600000002
1676664933.8532834	1.9715182999999998
1676664933.9847383	1.9654075400000002
1676664934.1104517	2.0136523299999998
1676664934.2682977	2.0742098199999996
1676664934.4186506	1.9913573699999998
1676664934.5541804	1.92592136
1676664934.7069142	1.9171504099999999
1676664934.8662891	1.9397225900000001
1676664934.996993	2.00396498
1676664935.1454482	1.9344864
1676664935.2779455	1.97113061
1676664935.4305122	1.99763169
1676664935.5663655	1.9022156000000001
1676664935.7083006	1.9415824
1676664935.8422499	1.97340793
1676664935.988299	1.9665793
1676664936.1247659	2.00817498
1676664936.28118	1.94238235
1676664936.4222376	1.91185801
1676664936.5539389	2.06327269
1676664936.696963	2.0402516800000003
1676664936.8293111	2.00275969
1676664936.969782	1.9885139200000002
1676664937.1349988	1.9713168
1676664937.2682924	2.01431792
1676664937.435616	1.92566783
1676664937.5663617	2.04583534
1676664937.7223227	2.01611211
1676664937.868289	1.9896271199999997
1676664938.0173209	1.9536433999999998
1676664938.173989	1.89083314
1676664938.3160493	1.83851362
1676664938.4605944	1.96949607
1676664938.59669	2.0199168299999997
1676664938.7543874	1.99174276
1676664938.8910713	2.01818859
1676664939.0493515	1.84355516
1676664939.1950605	1.8372390299999999
1676664939.3474166	1.98846217
1676664939.507205	2.0118553
1676664939.6428876	1.97768951
1676664939.8063512	2.07379085
1676664939.9302433	2.0702963
1676664940.096721	1.9991742300000002
1676664940.2334394	1.97493896
1676664940.389279	2.0323879299999996
1676664940.5445852	2.00510405
1676664940.6700492	2.01437047
1676664940.807323	2.1252430999999996
1676664940.9407084	2.14710587
1676664941.0756583	1.97633315
1676664941.218295	1.98086743
1676664941.3545666	1.93130139
1676664941.5172017	1.91993352
1676664941.658299	2.01596626
1676664941.7872863	2.0942822899999998
1676664941.9119458	2.03714749
1676664942.0496106	1.9227653
1676664942.1900158	1.97353462
1676664942.346941	2.05887192
1676664942.5015907	2.0979725300000003
1676664942.644927	2.06470108
1676664942.8077707	1.98245615
1676664942.9437318	1.94142459
1676664943.0879002	2.0109305099999997
1676664943.2206204	1.9657234000000001
1676664943.3672993	1.92700187
1676664943.504792	1.9059820399999998
1676664943.6370811	1.9701933299999999
1676664943.7941334	2.02642459
1676664943.939503	1.9572184099999999
1676664944.0673902	1.9963126099999997
1676664944.192368	1.94602696
1676664944.3373542	1.91442054
1676664944.4829583	1.9694319
1676664944.6083002	1.98772827
1676664944.7529705	2.00600531
1676664944.897621	1.94457259
1676664945.0353394	1.92339719
1676664945.1729932	1.9601057499999999
1676664945.3175347	2.03906523
1676664945.484002	2.14056526
1676664945.637803	2.00498362
1676664945.79727	1.97752218
1676664945.9759898	1.91824787
1676664946.1237073	1.8978388000000002
1676664946.2507927	1.99616655
1676664946.4093077	2.06244067
1676664946.5355282	2.04150181
1676664946.6825733	2.1137478200000004
1676664946.8380888	2.0284239399999997
1676664946.9957552	1.98486515
1676664947.147321	2.03156163
1676664947.2971332	2.04439116
1676664947.4529512	1.9644659599999998
1676664947.5848134	1.8747306099999999
1676664947.7367697	1.96269911
1676664947.8983238	2.00922853
1676664948.0225146	1.99366099
1676664948.1672788	2.05020378
1676664948.3130932	1.9453743799999998
1676664948.455297	2.00764829
1676664948.6176598	1.99696679
1676664948.7707355	2.07343015
1676664948.9166057	2.00535917
1676664949.07891	1.9926646900000002
1676664949.2025049	2.05345274
1676664949.3276205	2.06042895
1676664949.470449	1.99979587
1676664949.6171165	1.99219012
1676664949.7449932	1.9789352999999998
1676664949.882252	2.04738754
1676664950.0271547	1.89810175
1676664950.1760466	2.01632217
1676664950.3306832	2.05614616
1676664950.4726982	2.00522349
1676664950.6160214	2.03285544
1676664950.772217	1.988761
1676664950.9357574	1.91322583
1676664951.069511	2.03440458
1676664951.1968708	1.9890725400000002
1676664951.3403037	1.9598019
1676664951.4861882	2.0854221600000002
1676664951.6138456	2.0194060699999996
1676664951.777051	2.08208392
1676664951.9301941	2.0097381800000003
1676664952.0823019	1.8616293800000001
1676664952.2150657	1.96806745
1676664952.3532228	2.11050627
1676664952.5060189	2.02163369
1676664952.635979	2.0070115
1676664952.798551	1.93524917
1676664952.9229093	1.92687288
1676664953.0476222	1.99796869
1676664953.1831334	2.05775937
1676664953.3156734	2.01883784
1676664953.462028	2.05851008
1676664953.604085	2.00026264
1676664953.749297	2.0937842399999997
1676664953.8754492	2.0182092700000003
1676664954.013203	2.0537264000000004
1676664954.1510446	1.9741658999999998
1676664954.313704	1.9691275700000002
1676664954.4693058	1.9134872
1676664954.628302	1.95338253
1676664954.7651813	2.05921581
1676664954.8919032	2.07498658
1676664955.0333836	2.0449598499999997
1676664955.1893034	2.04850212
1676664955.322114	2.05776587
1676664955.4812918	2.01358721
1676664955.6103947	2.04570037
1676664955.7563531	2.01938589
1676664955.8932347	1.8730577899999998
1676664956.0233474	1.87649604
1676664956.1637065	2.0624389599999997
1676664956.3083024	2.05705897
1676664956.4441571	2.0415064299999996
1676664956.5882955	2.06830459
1676664956.744978	1.93717774
1676664956.875477	1.9250055300000002
1676664957.0350585	1.9760875100000002
1676664957.1625252	1.88792802
1676664957.305022	1.9209340099999999
1676664957.4416037	1.9931001899999998
1676664957.5771239	2.04028277
1676664957.735447	1.95728333
1676664957.8709447	1.96739592
1676664958.0030754	2.03764939
1676664958.145008	1.97474911
1676664958.282673	1.9638380899999999
1676664958.4236865	2.0114845100000003
1676664958.5799341	2.00759476
1676664958.7326949	1.9413602600000002
1676664958.8905735	2.01498067
1676664959.0479121	2.04506532
1676664959.2059588	1.93221073
1676664959.3637486	1.94174044
1676664959.5042007	1.98494373
1676664959.635748	2.02284595
1676664959.7948952	2.00161859
1676664959.9215567	1.90639171
1676664960.0671964	1.96414535
1676664960.221324	2.03006294
1676664960.3824399	2.0491969
1676664960.528298	2.08428557
1676664960.6562417	2.0997575900000003
1676664960.8010526	2.01507378
1676664960.9382937	1.95285395
1676664961.093774	1.9038793200000002
