Time (s)\Voltage (mV)
1676665213.9082937	2.07324257
1676665214.0389574	2.0409182
1676665214.1804197	2.0560106300000003
1676665214.3024724	2.1228943200000003
1676665214.4248617	2.10453042
1676665214.547055	2.09270786
1676665214.657478	2.02015204
1676665214.7814603	2.0245581599999998
1676665214.9239728	2.03345725
1676665215.0626898	2.04153325
1676665215.1982949	2.05431886
1676665215.3183012	1.97467208
1676665215.4782948	1.9936601299999999
1676665215.615246	1.95259647
1676665215.7526083	1.9710408000000001
1676665215.8893032	2.0361244
1676665216.0546749	1.99365477
1676665216.1761537	2.02380423
1676665216.3182974	2.08885995
1676665216.443426	2.06844341
1676665216.5654995	2.10991406
1676665216.7053714	2.07308653
1676665216.841312	2.05341908
1676665216.9999974	2.05293219
1676665217.1584883	2.08935006
1676665217.2965078	2.02277898
1676665217.456823	1.93560154
1676665217.585167	2.09708341
1676665217.7288089	2.13426592
1676665217.8670611	2.06694094
1676665218.025953	1.97731572
1676665218.1681297	2.0254312299999997
1676665218.323086	2.06860599
1676665218.4428134	2.0033926199999996
1676665218.5839093	2.06137454
1676665218.7359793	2.0981055499999997
1676665218.8782978	2.06886391
1676665219.0255356	1.96609482
1676665219.1492982	1.9860566499999999
1676665219.289853	2.06754267
1676665219.427343	2.1065408199999998
1676665219.559305	2.09660628
1676665219.7159512	2.16082551
1676665219.8493335	2.14872679
1676665219.9693005	2.15582151
1676665220.1281068	2.02816704
1676665220.2439744	1.99676127
1676665220.3640614	1.9682719800000001
1676665220.5040028	2.0652204100000002
1676665220.6578732	2.00293587
1676665220.7940328	2.00372304
1676665220.9159942	1.94233988
1676665221.0593019	1.91159628
1676665221.1806955	1.99786592
1676665221.3346257	1.9669383999999999
1676665221.4694045	1.89506518
1676665221.6232522	2.05160742
1676665221.7583	2.09582888
1676665221.9152129	2.0333448599999997
1676665222.0361383	2.04248794
1676665222.19723	2.05992257
1676665222.314074	2.0834910100000004
1676665222.44713	1.9819487799999997
1676665222.5882988	2.00055987
1676665222.7081525	2.04759488
1676665222.8278902	2.04129699
1676665222.9471588	1.97670294
1676665223.0627728	2.0322011
1676665223.169489	2.02945083
1676665223.290893	1.9665512399999998
1676665223.410417	1.9949167
1676665223.5637724	2.0943081599999998
1676665223.7024298	2.0595284400000002
1676665223.839543	2.09307163
1676665223.9548855	2.0252436499999997
1676665224.1093137	1.93227825
1676665224.2278395	1.9472677200000001
1676665224.3493328	1.98441646
1676665224.5040057	1.9450584999999998
1676665224.6626916	1.94501783
1676665224.8015535	1.9655374700000001
1676665224.9203029	2.0885921300000003
1676665225.0760782	2.16096675
1676665225.2261233	2.19412496
1676665225.349398	1.9849055
1676665225.484398	2.04600665
1676665225.6344266	2.13178247
1676665225.7821255	2.07491799
1676665225.9037876	2.05304185
1676665226.049887	1.95755884
1676665226.2076325	1.9400732600000001
1676665226.3647969	1.9570285200000002
1676665226.5233402	1.95817281
1676665226.662391	2.03568656
1676665226.79467	2.15179579
1676665226.9365482	2.06079245
1676665227.0583012	1.9996467000000002
1676665227.2177918	2.0257218200000002
1676665227.3548563	1.96818651
1676665227.5027363	1.9783242799999998
1676665227.6278484	2.0477588399999997
1676665227.764497	2.02609985
1676665227.8967476	1.93808313
1676665228.0528717	2.04209797
1676665228.207418	1.9691484900000003
1676665228.3668633	1.8883240799999998
1676665228.517387	1.92401862
1676665228.6670423	1.9803206299999998
1676665228.824459	2.05034985
1676665228.9553025	1.9869719
1676665229.098294	2.0304705800000002
1676665229.2549303	1.98640359
1676665229.397147	2.0247638
1676665229.543265	1.98094393
1676665229.704524	1.9615606600000002
1676665229.859309	1.98354245
1676665230.018348	1.8551918
1676665230.1793	1.95346481
1676665230.3164573	2.0007899599999996
1676665230.4523249	2.01203986
1676665230.5879314	2.0729002700000003
1676665230.7441638	2.02462118
1676665230.8982956	1.9990006
1676665231.0610065	2.01485072
1676665231.2237434	1.9758605700000003
1676665231.3708599	1.97222929
1676665231.5324812	2.04528244
1676665231.6653812	1.98345701
1676665231.7995815	1.9371496199999998
1676665231.9385967	2.0424534999999997
1676665232.0950086	2.1769127200000002
1676665232.2259736	2.2433422899999997
1676665232.3836327	2.00693432
1676665232.5202284	2.05029572
1676665232.66438	2.02565106
1676665232.7968733	2.06441652
1676665232.954155	1.9756207
1676665233.109945	1.98988736
1676665233.2671654	2.05832185
1676665233.4051192	1.9838843800000001
1676665233.5473466	1.92564985
1676665233.7064722	1.91711436
1676665233.8705683	2.02736396
1676665234.0078733	1.97623921
1676665234.1602511	1.9977308999999999
1676665234.312992	1.9647265799999998
1676665234.471997	2.00099004
1676665234.6082997	2.1302940599999998
1676665234.7615278	1.92947388
1676665234.928295	1.93300918
1676665235.0807316	1.9711397599999998
1676665235.2248611	1.9331797
1676665235.386743	2.03251654
1676665235.5246582	2.02405821
1676665235.6767657	2.03074541
1676665235.8382943	1.9827306900000001
1676665235.999323	1.93817662
1676665236.136454	2.0589647799999997
1676665236.2903142	1.9688900399999998
1676665236.4197874	1.94429471
1676665236.5569704	2.02032476
1676665236.710834	1.94888047
1676665236.855285	1.9426865899999999
1676665237.0109768	1.9692010400000002
1676665237.1683066	1.9349366099999998
1676665237.320556	2.0785217499999997
1676665237.4498603	2.0314352299999996
1676665237.587094	1.93820165
1676665237.7341425	1.95556605
1676665237.878299	2.01352121
1676665238.0449424	1.9797608199999999
1676665238.2034414	1.95929984
1676665238.3577132	2.07509172
1676665238.4920838	2.06716226
1676665238.65424	2.02908046
1676665238.812195	2.12682797
1676665238.9496546	1.96745539
1676665239.1174972	1.99233599
1676665239.2542236	2.00623428
1676665239.4030724	1.9326407799999998
1676665239.5549088	2.01228981
1676665239.7334757	2.0156814
1676665239.8713064	1.9400030799999999
1676665240.0083039	2.00253168
1676665240.1643937	2.1211215200000004
1676665240.3257647	2.00001681
1676665240.4854097	1.97352486
1676665240.6404538	1.92081927
1676665240.781943	1.9450044000000002
1676665240.9467216	2.05016998
1676665241.082443	2.10968502
1676665241.2405736	2.03542447
1676665241.4028053	2.00287646
1676665241.5404184	1.98993908
1676665241.6915288	2.04123066
1676665241.8283134	1.99193865
1676665241.9833388	1.9858434400000002
1676665242.1420672	2.0967599800000003
1676665242.271672	2.0163393299999997
1676665242.399775	1.9978338500000001
1676665242.557331	2.01309198
1676665242.6864672	1.95820827
1676665242.828295	2.05203194
1676665242.99511	1.9908048400000002
1676665243.1327887	1.94483419
1676665243.2916083	1.93404867
1676665243.4534802	1.9514532900000001
1676665243.6183	2.03667897
1676665243.7758975	2.0450397000000002
1676665243.9133468	1.98876828
1676665244.0704606	1.9227934199999999
1676665244.2071445	1.9663376699999997
1676665244.3700252	2.08489691
1676665244.5065594	2.06387549
1676665244.6828513	2.00063321
1676665244.8458364	2.02697607
1676665244.9803095	1.9955359099999999
1676665245.139561	2.09193598
1676665245.3027565	1.97880298
1676665245.4606223	1.908067
1676665245.6214	1.92407102
1676665245.759499	2.05732326
1676665245.9210517	2.01965596
1676665246.0798452	2.03098575
1676665246.215743	1.9718991499999998
1676665246.3530822	1.95231801
1676665246.4902985	2.09042894
1676665246.6473033	2.05561594
1676665246.8013484	1.99065666
1676665246.9421115	2.0343103200000003
1676665247.1010113	2.0618478899999997
1676665247.2356858	2.1246210000000003
1676665247.3981714	2.03095437
1676665247.5347412	2.01874444
1676665247.671826	1.90927348
1676665247.8174639	2.0269990100000004
1676665247.9493144	2.0377207299999998
1676665248.1073744	1.8821423499999999
1676665248.2713838	2.0022669300000002
1676665248.4304976	1.9755872900000002
1676665248.5879812	1.92176258
1676665248.7467127	2.05653563
1676665248.8815324	2.10500886
1676665249.0357976	2.09051322
1676665249.1904101	2.0853022300000004
1676665249.355415	2.0873757900000003
1676665249.490053	2.0174971900000003
1676665249.6482904	2.05765153
1676665249.8059816	1.9705956599999999
1676665249.941755	2.03252909
1676665250.0693543	2.06188018
1676665250.2183015	1.94162422
1676665250.3571851	1.89247374
1676665250.519313	2.02863882
1676665250.6568704	2.0106438
1676665250.7934737	1.99324775
1676665250.9517398	2.04576354
1676665251.1064425	2.0960229200000002
1676665251.2503405	2.07623747
1676665251.4064698	2.01894449
1676665251.5428052	2.05125658
1676665251.6636362	2.0280666700000003
1676665251.8200455	1.8793668300000002
1676665251.9797149	1.90137355
1676665252.1013014	2.03954778
1676665252.2434719	2.00248049
1676665252.380013	2.02308046
1676665252.5342143	2.0082073200000004
1676665252.6907551	1.9973746099999998
1676665252.8132865	2.09472536
1676665252.9367788	2.01277163
1676665253.0582957	1.9950479499999998
1676665253.2120326	2.04967108
1676665253.3538165	1.9906
1676665253.4940357	2.07030965
1676665253.6499712	2.09885908
1676665253.8020573	2.05585048
1676665253.9218085	1.9461023199999998
1676665254.064025	1.9966207
1676665254.1849592	2.12406903
1676665254.3069308	2.03339105
1676665254.4444292	2.01037327
1676665254.5863242	1.97808155
1676665254.7482963	1.8961069
1676665254.8603172	1.8921142100000001
1676665254.9814832	1.91644895
1676665255.116985	1.93586441
1676665255.2568839	2.00403675
1676665255.3898642	1.9623424199999997
1676665255.532805	1.9687486399999998
1676665255.6556041	1.9871072100000002
1676665255.8182938	2.06342956
1676665255.940869	2.03632149
1676665256.0832145	1.9656991599999998
1676665256.2233813	1.9722399699999997
1676665256.3626215	2.07736324
1676665256.5040617	2.00845074
1676665256.6421237	2.01254261
1676665256.7634723	2.04365408
1676665256.8857348	1.97484314
1676665257.022851	2.0197965900000003
1676665257.1412864	1.9074489000000001
1676665257.2641416	1.98263388
1676665257.3850675	2.0613691800000002
1676665257.507304	2.0793245000000002
1676665257.617255	1.9992336400000001
1676665257.7424655	1.94727662
1676665257.8778074	1.8901954900000002
1676665257.99791	1.9909651299999997
1676665258.1182966	2.04257789
1676665258.2714899	1.9894588899999999
1676665258.4121206	1.9714858699999998
1676665258.5323286	2.0278720600000004
1676665258.6729472	2.0706683
1676665258.8112671	2.04190659
1676665258.947552	1.93950262
1676665259.066279	1.95702145
1676665259.1894884	1.98422925
1676665259.3102336	1.9886884500000002
1676665259.4511607	2.0368935400000003
1676665259.5723956	2.02740942
1676665259.6940384	1.9770079699999998
1676665259.8168685	1.92879913
1676665259.937921	2.01789741
1676665260.0706565	1.9939600299999998
1676665260.2464283	1.9898284499999999
1676665260.3600476	1.9187042600000002
1676665260.5049534	1.9295981
1676665260.6480916	2.0042726099999997
1676665260.7983918	1.96500898
1676665260.9198806	2.0403146199999997
1676665261.0576508	2.03874994
1676665261.1904967	2.0634
1676665261.3357413	2.10060723
1676665261.4578357	1.98583956
1676665261.6035175	1.9187027
1676665261.747708	1.93903401
1676665261.8833797	1.95666116
1676665262.01133	2.03181934
1676665262.1318593	1.9838501899999998
1676665262.2531862	1.9949284900000002
1676665262.37537	2.02376854
1676665262.497353	2.00770607
1676665262.6444256	2.03310841
1676665262.789403	2.0228414100000003
1676665262.9076297	2.0278556
1676665263.050935	1.9819809300000002
1676665263.1921663	1.9886139700000003
1676665263.3528447	1.9838893699999998
1676665263.4836998	2.04116958
1676665263.6046414	1.91734896
1676665263.7279441	1.91325653
1676665263.881697	2.06908685
1676665264.0166085	1.99318439
1676665264.1598043	2.01032037
1676665264.2982996	2.00124914
1676665264.4354072	1.92252241
1676665264.5576081	2.05945848
1676665264.699308	2.0881998700000004
1676665264.8216157	2.12891826
1676665264.9428613	2.15333235
1676665265.0737906	2.04054011
1676665265.2151773	2.01310442
1676665265.3374214	1.98590467
1676665265.4923873	2.0147994099999997
1676665265.62842	2.13923352
1676665265.7708995	1.96673433
1676665265.9190907	1.96092871
1676665266.056002	2.00400701
1676665266.1776989	2.0507589499999996
1676665266.320714	2.0249887600000003
1676665266.481264	1.94922518
1676665266.616661	1.94362704
1676665266.7746294	1.96122846
1676665266.8982775	1.9531476199999998
1676665267.019301	2.01394638
1676665267.1429489	1.9500085900000002
1676665267.295557	1.96042198
1676665267.4471836	1.9716011
1676665267.5793054	1.99260644
1676665267.7172017	1.90560208
1676665267.8701613	1.9957835400000001
1676665268.011206	2.03989953
1676665268.1332173	1.99902451
1676665268.2762043	2.04178767
1676665268.4172492	2.0495441
1676665268.5567236	2.03165633
1676665268.7019296	1.96777319
1676665268.837981	1.9926688300000002
1676665268.9961567	1.94643431
1676665269.1236126	1.8917017699999998
1676665269.261386	1.93333123
1676665269.381816	1.9846577
1676665269.5045948	1.98290855
1676665269.646933	2.02171373
1676665269.774564	2.11288994
1676665269.895839	1.99729265
1676665270.035298	1.9114491599999999
1676665270.1860547	1.96105972
1676665270.346483	2.0237086
1676665270.5012066	1.93617373
1676665270.6377928	1.91949459
1676665270.7738092	2.01852862
1676665270.9132254	2.08004545
1676665271.0496964	2.03413532
1676665271.1702287	1.9703052399999998
1676665271.3072133	1.9638164300000003
1676665271.4626157	1.9286977399999998
1676665271.5835724	1.93218854
1676665271.723099	1.98842842
1676665271.881176	2.07183431
1676665272.0228121	2.0436956
1676665272.1454115	2.0506321499999998
1676665272.2564986	2.11962121
1676665272.3805788	1.9591234300000002
1676665272.502691	1.9649988000000003
1676665272.6218042	1.99416781
1676665272.7424684	2.0261884599999997
1676665272.8644361	2.05311577
1676665272.9872406	1.95377022
1676665273.10963	2.0616127100000003
1676665273.2417507	2.08148933
1676665273.395724	2.0404191399999996
1676665273.530867	1.9564572199999999
1676665273.654804	1.90334191
1676665273.7966595	2.0631629300000003
1676665273.9282935	2.07644564
1676665274.0617309	1.9927132200000002
1676665274.2025805	2.00868187
1676665274.3360457	1.9916338099999997
1676665274.4931033	1.96272778
1676665274.66691	2.06008609
1676665274.8098059	2.0769095899999996
1676665274.9493096	1.97266892
1676665275.1083562	1.8502446799999999
1676665275.2525349	1.95755101
1676665275.3943179	1.94137645
1676665275.5593023	1.9659203399999998
1676665275.7175882	2.0712238800000002
1676665275.8612785	2.07061795
1676665276.006286	2.1339831400000002
1676665276.145105	2.09978782
1676665276.2882118	1.92922783
1676665276.4356697	1.99370515
1676665276.5823689	1.92785404
1676665276.7183015	1.99591277
1676665276.8719263	2.00587467
1676665277.0397003	1.9835148099999997
1676665277.166399	2.01392858
1676665277.287877	2.05434478
1676665277.4346337	2.01271823
1676665277.5912437	1.9726534100000002
1676665277.7510178	1.9743371399999998
1676665277.8995469	1.9606163200000002
1676665278.023968	1.9790810899999998
1676665278.1610892	1.9649865199999998
1676665278.3063495	1.90779909
1676665278.4413998	1.92573783
1676665278.601023	1.8936701999999999
1676665278.735712	1.91352378
1676665278.8639214	1.79731236
1676665279.0172706	1.88544779
1676665279.149915	1.99020982
1676665279.2942135	2.03317506
1676665279.4303772	2.0966648599999997
1676665279.6081176	2.00537536
1676665279.7556283	1.86955708
1676665279.883463	1.9042286199999998
1676665280.0210998	1.95273145
1676665280.1675594	2.0885531
1676665280.2982893	2.1116953400000003
1676665280.4357016	2.06174632
1676665280.5817306	1.98593856
1676665280.7105637	2.0617361300000003
1676665280.8665304	2.0215828
1676665281.0428216	2.05220855
1676665281.1803746	2.04802602
1676665281.3358889	2.00155065
1676665281.4937117	1.9321700400000001
1676665281.6563952	2.0135695
1676665281.7946155	1.9870473900000003
1676665281.9318566	1.90118599
1676665282.0693107	1.89322364
1676665282.2241151	1.94628328
1676665282.3504229	1.85308962
1676665282.486839	1.9464924000000001
1676665282.628301	1.8904428
1676665282.7706048	1.88771987
1676665282.9083066	2.0399665
1676665283.0616467	1.9816637000000001
1676665283.1873646	2.00552179
1676665283.3249385	1.94774341
1676665283.4621794	1.97604302
1676665283.5982895	2.0293160699999997
1676665283.7605443	1.9070661899999999
1676665283.8896432	1.92917567
1676665284.0166464	1.92542135
1676665284.15461	1.9656331699999998
1676665284.290881	1.9761579
1676665284.4281366	2.01783566
1676665284.571041	1.95962085
1676665284.718236	2.02229326
1676665284.8682952	1.93804869
1676665285.0004425	1.95660568
1676665285.135285	1.91091485
1676665285.2623365	1.9174476299999998
1676665285.40577	1.9367810699999999
1676665285.5432289	1.92744224
1676665285.7008862	1.98484843
1676665285.8537815	2.03233668
1676665285.9853432	2.01698843
1676665286.141418	2.03971025
1676665286.299166	2.0659289100000002
1676665286.461254	1.98849604
1676665286.5946448	2.0049768
1676665286.7477043	2.03195086
1676665286.905916	1.92781029
1676665287.0433183	1.9250600100000002
1676665287.1773546	1.95973529
1676665287.3057907	1.96715605
1676665287.458301	1.9713986300000002
1676665287.613309	1.97604016
1676665287.7747467	2.01079372
1676665287.9115539	2.07678592
1676665288.0554135	2.004469
1676665288.2022011	1.98570447
1676665288.3307009	1.9684049099999998
1676665288.488298	1.9948627300000001
1676665288.61494	2.02788152
1676665288.7482924	2.0394808
1676665288.9107983	1.90444307
1676665289.0687132	1.9650698799999997
1676665289.20472	2.06835419
1676665289.3578937	2.11012048
1676665289.5001428	1.9909162999999999
1676665289.648148	1.90721159
1676665289.7959182	2.02164447
1676665289.9324574	2.1181428899999997
1676665290.0909417	2.0160994
1676665290.2352138	1.9136071
1676665290.3904505	1.96747484
1676665290.528301	2.0237582499999998
1676665290.6811202	1.9622788500000001
1676665290.808302	1.94754853
1676665290.9456568	2.06129996
1676665291.099817	1.9976718699999998
1676665291.2457645	1.9956294100000003
1676665291.3906524	2.01110422
1676665291.5404613	1.9673785899999998
1676665291.6982975	2.0532790899999998
1676665291.8582773	2.0745955
1676665292.010976	2.0463902600000003
1676665292.1678345	1.97760326
1676665292.3041928	2.02096908
1676665292.46282	2.03291395
1676665292.5993469	1.90014663
1676665292.7344913	1.8628352799999999
1676665292.878201	1.9140353
1676665293.0333693	1.98189229
1676665293.1928995	2.08069877
1676665293.3376663	2.07558495
1676665293.5019176	2.01544127
1676665293.6628673	2.0337098
1676665293.7997549	2.01147001
1676665293.95216	1.99484768
1676665294.0961378	1.91770523
1676665294.2606313	1.99151559
1676665294.3917906	2.02085067
1676665294.5295305	1.87857553
1676665294.6824896	1.97826395
1676665294.82622	2.1430534199999998
1676665294.9630036	2.0361303
1676665295.1207712	1.8811140100000001
1676665295.2832897	1.94615991
1676665295.4183109	2.0438891100000003
1676665295.580536	2.0599045
1676665295.7121956	2.05202686
1676665295.8502424	2.04121395
1676665295.9865594	1.91933345
1676665296.1503441	1.9270041
1676665296.2863703	1.98278403
1676665296.447282	1.9586492300000002
1676665296.599481	1.99788135
1676665296.7326097	1.95528712
1676665296.8920274	1.92514181
1676665297.0424576	1.95957635
1676665297.1861956	1.96539543
1676665297.3473785	2.02562385
1676665297.4849865	2.08650816
1676665297.641086	1.91885474
1676665297.7641678	1.99092207
1676665297.9032147	1.94686661
1676665298.0442603	1.8692554700000001
1676665298.1827028	1.9763100200000001
1676665298.3373988	2.05638671
1676665298.47062	2.02457267
1676665298.5948706	1.9619012
1676665298.7367752	1.9265674000000002
1676665298.8828979	2.05580813
1676665299.008298	2.00745271
1676665299.1674068	1.92450938
1676665299.3325448	2.02933432
1676665299.4757028	2.0347748300000004
1676665299.608298	2.02892357
1676665299.7635758	2.0510459400000003
1676665299.9068968	1.93704253
1676665300.0399888	1.88444722
1676665300.199727	1.9628444699999998
1676665300.3277338	1.9786598
1676665300.4730492	2.07307883
1676665300.6261277	2.0344091800000004
1676665300.7573137	1.9714433299999998
1676665300.8948936	1.9799638899999998
1676665301.0472822	1.9028106800000002
1676665301.1916354	1.91399466
1676665301.3354406	1.99030064
1676665301.4783018	1.9946654899999998
1676665301.6151552	1.95071942
1676665301.7597497	1.96014031
1676665301.9156754	1.90356246
1676665302.0673127	1.99779632
1676665302.1976411	2.08844301
1676665302.3315153	1.99270526
1676665302.485323	1.93065583
1676665302.6282973	2.0067784
1676665302.7641962	2.01556653
1676665302.9226992	1.96917049
1676665303.0596836	1.97211756
1676665303.2093298	2.03875758
1676665303.371289	2.04587539
1676665303.5126264	2.05739879
1676665303.6714962	2.09436377
1676665303.8054805	1.9716864399999998
1676665303.9331384	1.98500726
1676665304.0761907	1.95839672
1676665304.2217915	2.07430104
1676665304.3710139	2.0376223099999997
1676665304.5258672	2.05280857
1676665304.6858704	1.97971295
1676665304.8308353	2.03140528
1676665304.9667017	2.03573849
1676665305.1299615	1.96184872
1676665305.2631545	1.90211521
1676665305.4031453	1.93975208
1676665305.558148	2.04680771
1676665305.7374754	2.01035642
1676665305.88969	1.95149802
1676665306.0482957	1.8988968
1676665306.2137876	1.93171036
1676665306.3726137	1.9230005099999998
1676665306.5035696	1.90865979
1676665306.6401958	1.92381961
1676665306.798275	1.98158394
1676665306.9428132	1.8791822
1676665307.0793076	1.8244752499999999
1676665307.2219777	1.9364126199999998
1676665307.3591614	1.9845122500000003
1676665307.509379	1.8523721800000001
1676665307.635427	1.96793549
1676665307.7718103	2.00543187
1676665307.9182932	1.9635502599999999
1676665308.0474176	2.00843471
1676665308.187236	1.99509458
1676665308.3408368	1.9566882300000001
1676665308.4858644	1.9416300499999999
1676665308.6395478	1.9800004799999997
1676665308.7945638	2.03006804
1676665308.9482403	1.93778991
1676665309.0748594	1.86743971
1676665309.2182987	2.05106186
1676665309.3515525	2.00210107
1676665309.5000734	1.9875646299999998
1676665309.6363947	1.96106831
1676665309.7888756	1.94227481
1676665309.9341228	1.88362825
1676665310.069301	1.86178525
1676665310.1975641	1.90812822
1676665310.3437965	1.9890505000000003
1676665310.4977448	2.03241261
1676665310.6287541	2.02266463
1676665310.7641175	2.04127582
1676665310.9009056	1.9938180499999998
1676665311.0354307	2.02498272
1676665311.171637	2.01422223
1676665311.3230555	2.0025218
1676665311.4823024	1.77048314
1676665311.6347811	1.96233735
1676665311.7868292	2.06364946
1676665311.9193041	1.96239901
1676665312.0839813	1.9074143099999998
1676665312.234531	1.8828489199999998
1676665312.3719335	1.9284240099999999
1676665312.525974	2.00075763
1676665312.6642945	1.96696333
1676665312.816853	2.0138971999999997
1676665312.9569826	1.9268716499999998
1676665313.1144729	1.97363071
1676665313.2573779	1.9956227699999998
1676665313.4247906	1.9518947400000002
1676665313.5669272	1.9790771
1676665313.7053864	1.92135663
1676665313.857978	1.89422329
1676665314.0245798	1.85727121
1676665314.1793137	1.97531283
1676665314.3239856	1.99543829
1676665314.4551358	2.00421891
1676665314.6102052	2.11818794
1676665314.746556	2.02706355
1676665314.9000113	1.81655967
1676665315.0366957	2.0121968100000003
1676665315.1926003	2.04485859
1676665315.3504195	1.87237173
1676665315.4782958	1.92453696
1676665315.6455169	1.96773425
1676665315.7973833	1.9945206999999998
1676665315.9336293	2.0361813200000003
1676665316.0671124	1.99678945
1676665316.2121537	1.9683858200000002
1676665316.3482957	2.0124653400000003
1676665316.4940174	1.9498041499999998
1676665316.6428626	1.96024116
1676665316.7882986	2.0311413799999998
1676665316.916385	2.00762916
1676665317.062523	1.96016073
1676665317.2082982	1.92386232
1676665317.336462	1.87837576
1676665317.4630437	1.9757320499999997
1676665317.6210313	2.01767687
1676665317.7505038	1.89426881
1676665317.8976874	1.93798388
1676665318.042327	1.91741788
1676665318.1911063	2.0334034599999997
1676665318.333921	2.00082967
1676665318.478303	1.86634502
1676665318.636885	1.93199343
1676665318.7755835	1.90995852
1676665318.9083264	1.92963621
1676665319.0530035	1.90284234
1676665319.2037654	1.82651617
1676665319.33229	1.88312229
1676665319.4698248	1.92920884
1676665319.6159816	1.98789925
1676665319.7423446	2.0574266800000003
1676665319.8982956	2.09979615
1676665320.0242727	2.00520523
1676665320.148305	1.9359925199999999
1676665320.2853491	1.93080132
1676665320.4419067	1.9914349799999997
1676665320.569609	1.97485397
1676665320.712796	2.01445547
1676665320.8455124	2.04516214
1676665320.9776447	2.0012328100000003
1676665321.1369925	2.0304959699999996
1676665321.2632427	2.0018660799999997
1676665321.3920214	1.99241412
1676665321.534482	2.02688077
1676665321.6804357	1.9122561299999998
1676665321.8057795	1.94800809
1676665321.94309	1.96127633
1676665322.0672717	1.87065024
1676665322.2281003	1.93346204
1676665322.3878274	2.03412637
1676665322.5382977	1.97752878
1676665322.674926	1.94812794
1676665322.8059876	1.9781745400000001
1676665322.9381719	1.92949642
1676665323.0739403	1.8287405399999999
1676665323.2258162	1.93357008
1676665323.3873136	1.8520328899999998
1676665323.5375018	1.99495395
1676665323.6945627	2.00149853
1676665323.8373141	1.85198142
1676665323.9740117	1.9078272
1676665324.1239262	1.94668819
1676665324.2507102	1.97639428
1676665324.387676	2.00964479
1676665324.5344458	2.06022328
1676665324.6845381	2.0073368
1676665324.822011	2.04563357
1676665324.9773138	2.00743537
1676665325.1364508	1.8712874
1676665325.2947757	1.96325188
1676665325.4569902	1.98033425
1676665325.5907466	2.01028645
1676665325.7527094	1.9491691199999999
1676665325.9096491	1.96434416
1676665326.0646763	1.91400057
1676665326.2069101	2.03098402
1676665326.3446412	1.9723258
1676665326.480073	1.9822614299999999
1676665326.642079	2.00869709
1676665326.7879472	1.96990423
1676665326.9382915	1.93746916
1676665327.09258	2.01310932
1676665327.2237794	1.9883048399999999
1676665327.3599977	1.98926628
1676665327.4952905	1.91443405
1676665327.6529503	1.8842722
1676665327.8057284	2.0392452299999997
1676665327.9654634	1.89731576
1676665328.1239414	1.86622249
1676665328.2625494	1.91776291
1676665328.4155023	1.88868529
1676665328.577579	1.93618798
1676665328.7313967	1.98402205
1676665328.8683078	2.12802187
1676665329.0239797	2.0602892
1676665329.190019	2.05529685
1676665329.3281634	1.9972845099999998
1676665329.4865003	1.9850474300000003
1676665329.629668	1.92149672
1676665329.7629213	1.86305565
1676665329.9006329	1.7907704500000001
1676665330.0533226	1.90527658
1676665330.1843028	1.93455798
1676665330.342329	1.9315079499999999
1676665330.470913	1.9518972
1676665330.5977826	1.96561801
1676665330.734232	1.9089995599999998
1676665330.871425	1.89299713
1676665331.028925	2.0340006
1676665331.1830547	1.9596413
1676665331.3428493	1.91708686
1676665331.4793468	2.0099989799999998
1676665331.6182952	1.95522894
1676665331.7772844	1.94962061
1676665331.9266558	2.00212572
1676665332.0852664	1.91533896
1676665332.2420452	1.9746042000000001
1676665332.3782098	1.9625521
1676665332.536632	1.9605026700000001
1676665332.6734185	1.95295858
1676665332.8170605	2.00439608
1676665332.9531274	1.9604388600000002
1676665333.1137936	1.9752460500000002
1676665333.2463572	1.8832375799999999
1676665333.4075105	1.93554107
1676665333.535025	2.04228006
1676665333.6814206	1.9076848
1676665333.8178997	1.84578016
1676665333.9787948	1.95588013
1676665334.1151588	1.9737212600000003
1676665334.2572837	2.04381439
1676665334.4143453	2.05867199
1676665334.5668077	1.89994376
1676665334.7080786	1.92647809
1676665334.8773625	2.0982102
1676665335.012074	1.99044919
1676665335.1673348	1.97016344
1676665335.3307624	1.92548072
1676665335.4681401	1.95783787
1676665335.6003394	1.96297111
1676665335.7269359	2.02571534
1676665335.8864317	2.0201327100000004
1676665336.0382996	2.0738538199999996
1676665336.1806288	2.02358418
1676665336.3446798	1.9641141199999999
1676665336.4811375	2.0337906
1676665336.6160636	2.03642881
1676665336.7743318	1.9549635200000002
1676665336.9125092	1.93593306
1676665337.047848	1.9591251299999999
1676665337.1982954	1.94358385
1676665337.3371212	1.96312158
1676665337.4657679	1.97831914
1676665337.6107688	1.95487987
1676665337.747796	1.96041581
1676665337.8992577	1.9418111100000002
1676665338.0524871	1.97341487
1676665338.1856077	2.04455454
1676665338.3279078	2.0143570900000003
1676665338.4747612	2.02196387
1676665338.6232843	2.02287813
1676665338.7782989	1.951593
1676665338.937354	1.92310415
1676665339.0848336	1.9509790299999998
1676665339.23074	1.98364342
1676665339.3666778	1.9681225300000003
1676665339.5244474	2.00250551
1676665339.6832306	1.86998456
1676665339.8191597	1.9962875
1676665339.9567397	2.01009624
1676665340.0883	1.94478676
1676665340.2218735	1.88520678
1676665340.3745856	1.9588662899999998
1676665340.5252914	1.9690689600000002
1676665340.6625116	1.9652650099999998
1676665340.8176894	1.96103745
1676665340.9556522	1.9303570700000001
1676665341.1082888	2.07479122
1676665341.2348418	1.94065464
1676665341.3715818	1.89175618
1676665341.5230536	2.0304072000000004
1676665341.6483011	2.04884299
1676665341.7852342	2.03867357
1676665341.9352236	2.00908761
1676665342.0652006	1.91754408
1676665342.2272909	1.85123508
1676665342.3809297	1.898793
1676665342.5165002	2.00450722
1676665342.6536381	1.9904822699999998
1676665342.7882924	1.9691678999999997
1676665342.9495292	1.94460305
1676665343.0829773	2.0296588399999997
1676665343.2194	2.0308996500000003
1676665343.369942	2.03392286
1676665343.5002093	2.0006021400000003
1676665343.6436768	1.94469528
1676665343.8227139	1.96471399
1676665343.9603033	1.9553977
1676665344.119366	1.99259798
1676665344.2778792	1.94505723
1676665344.4064476	1.97884876
1676665344.5535815	2.01381943
1676665344.7083025	2.0562559
1676665344.8664129	2.01221572
1676665345.0132678	2.06752826
1676665345.1635091	1.9864465900000001
1676665345.3003082	1.96333549
1676665345.457945	2.04259854
1676665345.6175508	1.8579392
1676665345.7753327	1.93621882
1676665345.9120731	2.02747068
1676665346.0467713	2.0400413
1676665346.2125182	2.0666914600000004
1676665346.366226	2.00554516
1676665346.5092723	1.9487636899999998
1676665346.6574664	1.9231881199999998
1676665346.7847059	1.89765491
1676665346.9224274	1.99814532
1676665347.0608034	1.9836030199999999
1676665347.1974437	1.9865677800000001
1676665347.3379142	1.92684461
1676665347.4841132	1.95599945
1676665347.6353157	2.01369142
1676665347.789556	2.01053898
1676665347.9478598	2.0465531599999998
1676665348.1334624	1.9347603
1676665348.2882953	1.99129242
1676665348.4476137	2.05762183
1676665348.6037865	2.04064777
1676665348.7414412	1.9870273200000002
1676665348.8807755	1.9442337
1676665349.034869	1.97225337
1676665349.1923707	2.0189051
1676665349.3508453	1.9755516599999998
1676665349.5041738	2.0001607200000002
1676665349.660705	1.92610707
1676665349.8307283	2.00212552
1676665349.9883113	1.93127463
1676665350.141956	1.87147258
1676665350.3243556	1.9933304199999997
1676665350.5033855	1.8942330200000002
1676665350.6822848	1.9697399100000001
1676665350.815086	1.97299531
1676665350.9494944	1.94134325
1676665351.0910478	1.94516544
1676665351.2465925	1.9394112499999998
1676665351.4027264	1.94100972
1676665351.5435565	1.93382436
1676665351.6823256	1.86976891
1676665351.8199403	1.9746868800000001
1676665351.9551322	1.9342043199999999
1676665352.0876222	1.8167831799999998
1676665352.2308493	1.75242486
1676665352.3682985	1.84575091
1676665352.505175	2.00192367
1676665352.6480906	1.95294042
1676665352.7947497	1.9541946399999999
1676665352.9391744	1.9397896
1676665353.078094	1.9192121199999999
1676665353.2283006	1.91322521
1676665353.3945057	1.9610003599999999
1676665353.5298803	1.96564993
1676665353.6880784	1.90888933
1676665353.8392951	1.9220808999999999
1676665353.9773328	1.86875309
1676665354.136749	1.88537749
1676665354.2752895	1.88590084
1676665354.4118674	1.8445952099999998
1676665354.549839	1.9366911599999999
1676665354.6924267	1.9810698800000002
1676665354.8474967	1.90115418
1676665354.9951968	1.8716346799999999
1676665355.1382947	2.00888688
1676665355.2928936	1.98554196
1676665355.459414	1.92475381
1676665355.5878487	1.96053529
1676665355.7257366	1.9740056999999998
1676665355.8724415	1.9954170000000002
1676665355.9999325	1.90262986
1676665356.144292	1.87924756
1676665356.281625	1.93790772
1676665356.4445975	1.92594123
1676665356.5993376	1.9837416
1676665356.7578194	1.98842335
1676665356.9037964	1.96419794
1676665357.0337694	2.0350671
1676665357.172674	2.00254795
1676665357.3101385	1.9951481
1676665357.4535682	1.9597054800000002
1676665357.612895	2.08383696
1676665357.7719204	2.06732885
1676665357.9309595	1.9231072999999999
1676665358.0885074	1.94227453
1676665358.2471137	1.94416686
1676665358.4055142	1.9870622399999998
1676665358.5574133	2.0015026899999997
1676665358.7025483	2.00833922
1676665358.8582985	1.9608354
1676665358.9931877	1.9980266100000001
1676665359.1465282	1.95870017
1676665359.3037107	1.99346659
1676665359.4580975	2.0347893900000003
1676665359.6160967	1.9137766600000001
1676665359.7703242	1.95592845
1676665359.9149473	1.9535192099999998
1676665360.079903	1.9688433300000001
1676665360.2148905	1.93032711
1676665360.3873022	1.95249824
1676665360.5525749	1.9706573600000001
1676665360.7061012	1.98257997
1676665360.8822472	1.9847577
1676665361.0148876	2.06969572
1676665361.1508782	2.02794283
1676665361.3049362	1.9869663999999998
1676665361.4650736	2.01296081
1676665361.643297	1.9445604
1676665361.789146	1.96457111
1676665361.9205267	2.00293239
1676665362.0793586	1.9831672699999998
1676665362.237949	1.9637973400000002
1676665362.3759716	1.87645705
1676665362.5124974	1.9646311699999999
1676665362.6771307	1.90323917
1676665362.8234015	1.9257384899999999
1676665362.9914405	1.83236088
1676665363.1549218	1.86171847
1676665363.3309832	2.1580328399999997
1676665363.4928675	2.05524669
1676665363.6393933	1.9605387200000002
1676665363.7882998	1.9002186300000001
1676665363.9523246	1.90889577
1676665364.115217	1.8660135999999998
1676665364.2646081	1.93560711
1676665364.3951397	2.01053226
1676665364.5323274	1.90525965
1676665364.6793032	1.96103312
1676665364.8452075	1.94938907
1676665364.9821517	1.8306691000000002
1676665365.140888	1.92125462
1676665365.2935538	1.9941825
1676665365.4593132	1.9955896000000002
1676665365.6363811	2.0370851
1676665365.8142173	2.0095624599999997
1676665365.952134	1.93733395
1676665366.0916607	1.95637679
1676665366.2493408	1.96964988
1676665366.407622	1.9718923600000002
1676665366.566272	1.99098613
1676665366.7027879	1.9103545
1676665366.8600953	1.90311659
1676665366.9982953	1.88300989
1676665367.1827054	1.90806216
1676665367.320982	1.9698702700000001
1676665367.4793308	1.9162986000000002
1676665367.643432	1.8794763799999998
1676665367.8018317	1.90300201
1676665367.9383018	1.94659787
1676665368.0958614	2.00117716
1676665368.251046	1.94746548
1676665368.409695	1.98193593
1676665368.585534	1.9053780100000002
1676665368.7427218	1.97397519
1676665368.9068813	1.9447253899999999
1676665369.0752053	1.88902058
1676665369.2334409	1.8801166299999998
1676665369.386357	1.89173064
1676665369.5278862	1.8958263000000002
1676665369.6841173	1.9085141
1676665369.846604	1.9196117
1676665369.9925306	1.8910016799999998
1676665370.143766	1.94745348
1676665370.2804344	1.9722231600000002
1676665370.4349043	1.9884111500000001
1676665370.5925426	1.95593007
1676665370.7502906	2.01290521
1676665370.9082978	1.9612220400000002
1676665371.0466244	1.9533910599999997
1676665371.2005286	1.85845465
1676665371.359362	1.84848575
1676665371.5152996	1.9512177499999999
1676665371.6735382	1.9163349299999999
1676665371.8229902	1.82568669
1676665371.9501722	1.78757773
1676665372.0879407	1.9072469600000002
1676665372.2630522	2.02083821
1676665372.4237494	1.9427505
1676665372.5570211	1.9628421600000001
1676665372.7103257	1.9005568800000001
1676665372.8450172	1.9574944300000001
1676665372.9850974	2.0360315
1676665373.1225486	1.9793448999999999
1676665373.2827501	2.0051575
1676665373.440689	1.9316839700000001
1676665373.617415	1.91123679
1676665373.7757375	1.9867297300000002
1676665373.9522138	1.7827496600000001
1676665374.1166208	1.9060301199999998
1676665374.2633924	1.84147422
1676665374.4082994	1.8408828499999998
1676665374.5657206	1.94796888
1676665374.7254379	2.00544267
1676665374.8617897	1.9542662599999998
1676665374.9956398	1.91789867
1676665375.154239	1.8640867399999999
1676665375.3164394	1.86484067
1676665375.4560146	1.9343874699999999
1676665375.6082997	1.9793094
1676665375.7693002	1.9256867500000001
1676665375.9309464	1.97449252
1676665376.0856483	2.04816126
1676665376.262496	2.0453889899999997
1676665376.4173515	2.0801287299999998
1676665376.5542035	2.00967255
1676665376.7066689	1.93134934
1676665376.8682094	1.86279834
1676665377.0058508	1.91070216
1676665377.1397507	2.0241766799999996
1676665377.2973797	1.91447179
1676665377.4300823	1.90649176
1676665377.5891063	1.98780643
1676665377.7493382	1.93824193
1676665377.9082987	1.93122601
1676665378.0868926	2.05162904
1676665378.2243364	1.9773163400000002
1676665378.382134	1.9822318700000001
1676665378.517455	2.0573810800000003
1676665378.682539	1.9911053599999997
1676665378.8209064	1.9554607200000003
1676665378.9741652	2.0721461399999996
1676665379.1316588	2.0530239700000004
1676665379.2686033	2.0104619699999997
1676665379.4138417	1.9488646699999999
1676665379.551429	1.98305036
1676665379.7073395	2.03393879
1676665379.8443525	1.93727157
1676665379.9726095	1.9393135
1676665380.109348	1.92686621
1676665380.2710044	1.91643135
1676665380.4229634	1.86448602
1676665380.5604217	1.87231807
1676665380.728298	1.87117324
1676665380.866798	1.91884594
1676665381.013416	1.82922084
1676665381.144272	1.8449133199999999
1676665381.3026905	1.9617515599999997
1676665381.4595423	2.0120657000000004
1676665381.5972934	1.9628588500000002
1676665381.753619	1.96046463
1676665381.9283013	1.9453539199999998
1676665382.0943434	2.0133504799999997
1676665382.2311506	1.95190279
1676665382.3891928	1.9642063799999998
1676665382.534293	1.97937017
1676665382.6756713	1.99015839
1676665382.822296	2.03755227
1676665382.9602842	1.97194297
1676665383.1193802	1.9584382500000002
1676665383.2433522	1.9054286
1676665383.375303	1.98850865
1676665383.5067384	1.8378418
1676665383.6662166	1.95129964
1676665383.8192694	1.97783023
1676665383.9782917	1.9679037100000003
1676665384.104039	2.0038691
1676665384.2440572	1.9771165200000003
1676665384.3814328	1.89490318
1676665384.5124083	1.8543531
1676665384.6735532	1.86066495
1676665384.796183	1.89182795
1676665384.9344776	1.9638981399999997
1676665385.0705602	1.8974588
1676665385.2066495	1.9667492299999998
1676665385.354678	2.0167593
1676665385.5028253	1.9581922799999998
1676665385.6582994	2.08946861
1676665385.819891	2.0424625200000004
1676665385.9572997	2.1373278300000003
1676665386.113423	2.09349133
1676665386.2882974	2.0267309
1676665386.4641242	1.9530076600000001
1676665386.6018734	1.99009422
1676665386.7395082	2.0577174300000003
1676665386.8969152	2.0127908
1676665387.034375	1.99754124
1676665387.176701	1.93262005
1676665387.3396885	1.87448578
1676665387.4779875	1.8611473200000002
1676665387.6361592	1.94487857
1676665387.8034525	1.97437025
1676665387.949306	2.02229006
1676665388.0868602	1.9818799599999999
1676665388.2142987	1.98811513
1676665388.3576906	2.0130901199999998
1676665388.5013163	1.9343622500000002
1676665388.6348076	1.9084992699999999
1676665388.7816854	2.03389816
1676665388.9193037	2.0334638199999997
1676665389.0765376	1.9534645700000002
1676665389.2425878	1.9258004199999998
1676665389.3783016	1.9098661
1676665389.5161548	2.02750212
1676665389.6539602	2.0828288
1676665389.7914212	1.96066118
1676665389.955572	1.9652496200000003
1676665390.120017	1.90715175
1676665390.2866333	1.88877869
1676665390.4223015	2.03211093
1676665390.5807652	1.95709906
1676665390.7343314	1.8604608900000001
1676665390.8722446	1.94292408
1676665391.0257144	1.9803426000000002
1676665391.1839511	1.94566577
1676665391.3117607	2.05928389
1676665391.4579477	1.87990371
1676665391.5966806	1.79800356
1676665391.724903	1.95808892
1676665391.859549	1.8869105000000002
1676665391.9971583	1.98166868
1676665392.143931	1.93955822
1676665392.2724767	1.77029349
1676665392.4100425	1.83532286
1676665392.5613086	1.9847723999999998
1676665392.6907904	1.9785442000000002
1676665392.8493037	1.94098571
1676665393.0103924	1.9580621900000001
1676665393.154996	1.89723762
1676665393.3102307	2.0008676000000003
1676665393.4469264	2.0003941199999997
1676665393.6003883	1.92462026
1676665393.7453926	2.00513162
1676665393.883519	2.0987391
1676665394.017241	1.9704971400000002
1676665394.1618567	1.8832465600000001
1676665394.3215375	1.9532560399999999
1676665394.4796138	1.90068373
1676665394.6327245	1.85133732
1676665394.7706432	1.92479053
1676665394.9283023	1.95085083
1676665395.0868556	1.88605722
1676665395.2404675	1.86536181
1676665395.401983	1.83573941
1676665395.5555868	1.92778425
1676665395.7216768	1.90452303
1676665395.8492827	1.90444527
1676665395.9799607	1.91431548
1676665396.1179235	1.90353209
1676665396.2745123	1.83161909
1676665396.4358623	1.91342696
1676665396.5782986	1.98071131
1676665396.7137094	2.01321536
1676665396.8682966	1.9810273199999997
1676665397.001555	1.9864716500000001
1676665397.1754014	1.98448763
1676665397.3203962	1.90302508
1676665397.4783907	1.95610658
1676665397.6420724	1.9551773099999998
1676665397.7800667	1.9958045599999998
1676665397.9321399	1.9738275799999998
1676665398.0958617	1.99393422
1676665398.2324698	1.93521437
1676665398.390819	1.83940579
1676665398.5492756	1.8898780400000001
1676665398.7161028	2.00496588
1676665398.8437154	1.94279438
1676665398.9813614	1.95252248
1676665399.129618	1.91649225
1676665399.2604496	1.90778564
1676665399.396868	2.0062571
1676665399.5446951	1.83462056
1676665399.6740358	1.9030744099999999
1676665399.8112369	1.89747252
1676665399.9496422	1.94038407
1676665400.1096692	1.89866936
1676665400.26776	1.8814685
1676665400.4265451	1.8749786300000002
1676665400.563033	1.89521611
1676665400.718099	1.9087186699999998
1676665400.8760867	1.9567248400000001
1676665401.010478	1.9842189900000002
1676665401.1469612	1.98011905
1676665401.2861457	2.01185228
1676665401.4414332	1.9677761900000001
1676665401.6148825	1.9590592199999999
1676665401.7583058	1.9078647
1676665401.938933	1.95716314
1676665402.0944657	1.96443965
1676665402.2265615	1.9853296999999999
1676665402.3634636	2.04373315
1676665402.525273	1.9864611200000002
1676665402.6628215	2.03272295
1676665402.8163085	1.88216636
1676665402.9763677	1.8702445900000002
1676665403.1326654	1.9248424899999999
1676665403.2925558	1.94143635
1676665403.4218006	1.8446856699999998
1676665403.5671778	1.8477805900000002
1676665403.7131124	1.90397846
1676665403.8690107	1.99701109
1676665404.0053253	2.06090067
1676665404.1582975	2.0126703299999997
1676665404.3174286	2.00802398
1676665404.4942172	2.02315398
1676665404.637106	2.00519542
1676665404.7950253	1.90897657
1676665404.9513898	1.9234105499999998
1676665405.1082945	1.9194232199999999
1676665405.2467682	1.92765045
1676665405.3882957	1.89030163
1676665405.5478177	1.9035065899999999
1676665405.7004342	2.05125085
1676665405.8371139	1.94563427
1676665405.9900906	1.97572915
1676665406.1338627	1.9320336200000001
1676665406.271521	1.9107553199999998
1676665406.4298687	2.02140333
1676665406.5660923	1.94928115
1676665406.6993017	1.9712554600000003
1676665406.8261774	2.04124134
1676665406.963873	2.0298295
1676665407.1371171	1.9357094099999999
1676665407.2747421	1.8906872700000001
1676665407.4271915	1.89217958
1676665407.5731647	2.0537588700000002
1676665407.7199821	1.98375369
1676665407.8710523	1.9806768499999998
1676665408.008299	2.03410603
1676665408.1582944	1.94688551
1676665408.3177712	1.93195034
1676665408.4540665	1.91367862
1676665408.595383	1.9429680699999998
1676665408.747827	2.04330996
1676665408.90919	2.05766137
1676665409.0652628	1.95586739
1676665409.203096	1.8739795300000002
1676665409.3461912	1.88608149
1676665409.5041115	1.97036251
1676665409.6583133	2.03221449
1676665409.8141618	1.9938012500000002
1676665409.951223	1.97277228
1676665410.1073475	2.08351043
1676665410.2872963	1.96513378
1676665410.428848	1.82018525
1676665410.5772328	1.86130693
1676665410.7283032	1.8728705300000001
1676665410.86759	1.90790986
1676665411.018307	1.95443558
1676665411.1559455	1.98212923
1676665411.3173099	1.89790667
1676665411.4611974	1.8789518
1676665411.5930767	1.94804598
1676665411.7482986	2.0494217
1676665411.925357	2.0318776400000003
1676665412.0613174	2.06016166
1676665412.198303	1.94324144
1676665412.3403978	1.84781026
1676665412.4782982	1.92384526
1676665412.6235282	1.86218466
1676665412.7808788	1.90796876
1676665412.9227352	1.90827494
1676665413.0618534	2.08571087
1676665413.2057674	2.13114377
1676665413.3437154	1.91739873
1676665413.5059712	1.92227834
1676665413.649261	1.98864743
1676665413.7861865	2.0423139999999997
1676665413.9440439	2.02404443
1676665414.095264	1.93916875
1676665414.2369874	1.92709414
1676665414.3908534	1.99830745
1676665414.5342712	1.93021172
1676665414.6971047	1.9787445099999998
1676665414.8762743	1.92396743
1676665415.0158896	1.87870895
1676665415.1717787	1.9006425
1676665415.3256476	1.90715329
1676665415.4703093	1.90245975
1676665415.6262798	1.83994558
1676665415.78432	1.92563949
1676665415.932003	1.8764841700000001
1676665416.0576391	1.92474722
1676665416.1946707	1.8888729999999998
1676665416.3351262	1.91692269
1676665416.493066	1.96356045
1676665416.6480312	1.9703495400000002
1676665416.7623894	1.87682199
1676665416.8881087	1.83542095
1676665417.0244577	1.84682368
1676665417.1580079	1.9555928599999999
1676665417.295568	1.9139825799999999
1676665417.4372847	2.0525709500000002
1676665417.5842445	2.04012366
1676665417.7074604	1.9517679
1676665417.84452	1.99955535
1676665417.989724	1.94223819
1676665418.1404443	2.06370342
1676665418.2990432	2.1335005799999998
1676665418.4293423	2.10463261
1676665418.5646482	1.9573161799999999
1676665418.717856	1.89672057
1676665418.877075	1.9757562700000002
1676665419.010873	2.05991181
1676665419.1350703	2.00223324
1676665419.2782958	1.9864770600000001
1676665419.4259968	2.0322759400000003
1676665419.5492978	2.0196717599999996
1676665419.6882899	2.13998794
1676665419.8242998	2.07113449
1676665419.983224	1.87154394
1676665420.118167	1.7885112
1676665420.2465622	1.85694962
1676665420.4122415	1.94845572
1676665420.566426	1.87067258
1676665420.7270846	1.9929379299999999
1676665420.8542693	2.04497924
1676665420.9894116	2.1160226200000003
1676665421.148298	2.0083526700000003
1676665421.3116038	1.885853
1676665421.4499044	1.94879086
1676665421.5941887	1.9887044699999998
1676665421.7493658	1.9752817900000001
1676665421.9030163	1.8547591600000002
1676665422.0482974	1.8666386000000001
1676665422.1861792	1.86890789
1676665422.3403037	1.84282288
1676665422.5010116	1.9510944700000001
1676665422.6370955	1.99187515
1676665422.7737496	2.0406530199999997
1676665422.9121485	2.03691556
1676665423.077289	1.97336641
1676665423.2155442	1.9023734399999999
1676665423.3513305	1.91591141
1676665423.4783018	1.88399715
1676665423.6163752	1.9032855499999999
1676665423.7702448	1.88735282
1676665423.9103212	1.86088008
1676665424.0671268	1.9402594899999999
1676665424.197042	2.10379185
1676665424.3347926	1.9469408
1676665424.4894054	1.8315144300000001
1676665424.634698	1.9341310200000001
1676665424.7713997	2.03518829
1676665424.9302733	1.98031895
1676665425.0716941	2.0026600500000002
1676665425.2248893	1.95270303
1676665425.39191	1.9620021800000003
1676665425.521486	1.8119681
1676665425.6797903	1.8023407900000001
1676665425.8152733	1.98284401
1676665425.9613008	1.97531332
1676665426.0992284	2.02352152
1676665426.2496588	2.00481222
1676665426.3866327	1.96283133
1676665426.5407553	1.95792706
1676665426.717095	1.93849281
1676665426.848084	1.96752219
1676665427.0144684	1.9730731499999998
1676665427.170886	2.00515791
1676665427.334769	1.95866329
1676665427.4703863	1.95637899
1676665427.6078908	1.9035365899999999
1676665427.7626595	1.99862513
1676665427.8983808	2.08502905
1676665428.052776	1.96235785
1676665428.193862	1.88611263
1676665428.3407984	1.92791584
1676665428.5046518	1.9118189700000001
1676665428.6580508	1.78139937
1676665428.8144896	1.7983729
1676665428.9529023	1.83776903
1676665429.1033843	1.9949851600000001
1676665429.2667544	1.86719842
1676665429.4032042	1.85125766
1676665429.5469575	1.87089245
1676665429.6905754	1.80686878
1676665429.8539188	1.78201549
1676665429.9915004	1.89826812
1676665430.119399	1.8782574399999998
1676665430.2471802	1.9625518599999998
1676665430.4072044	1.90508992
1676665430.5682976	1.9709045700000003
1676665430.7041872	2.01747795
1676665430.839965	1.90910558
1676665430.9983022	1.92958813
1676665431.17178	1.88786856
1676665431.331808	2.0193091
1676665431.4682953	2.03529437
1676665431.6125412	1.9898727299999999
1676665431.7592924	2.03116011
1676665431.9083004	2.00129423
1676665432.0463707	1.9558238000000001
1676665432.2026508	1.84971968
1676665432.3398566	1.94287836
1676665432.5016928	1.9611415
1676665432.6397457	1.87404265
1676665432.7952204	1.89704383
1676665432.9364085	1.96822061
1676665433.094822	1.90808765
1676665433.2275872	1.97963936
1676665433.363978	2.04077711
1676665433.5176437	1.9547227799999998
1676665433.6772444	1.92038802
1676665433.8059707	1.93293988
1676665433.9553385	1.9763598300000003
1676665434.0941184	1.9130418
1676665434.2220984	1.93127599
1676665434.3676293	1.8972592099999999
1676665434.523312	1.88697771
1676665434.6821907	1.9276591799999998
1676665434.8197517	1.8890019500000002
1676665434.9780104	2.0113402
1676665435.153295	1.90508028
1676665435.2967663	1.9875702000000002
1676665435.4435136	1.86486897
1676665435.574029	1.8222276
1676665435.7530508	1.97450151
1676665435.9111145	1.9604074800000002
1676665436.0474439	1.9482272200000001
1676665436.2053273	1.89265219
1676665436.3373613	1.85439657
1676665436.4711323	1.9233905299999998
1676665436.614528	1.91469356
1676665436.7693045	1.8817915699999999
1676665436.928296	1.9758554700000002
1676665437.0757177	1.9666893099999998
1676665437.2222548	1.89730445
1676665437.3649762	1.8874267
1676665437.505805	1.9594840199999999
1676665437.6444442	1.93481515
1676665437.801492	1.90974253
1676665437.9599645	1.92501356
1676665438.0966702	1.9243556199999998
1676665438.27489	1.9094395599999998
1676665438.419986	1.88196842
1676665438.577185	1.94727692
1676665438.7614868	1.9560596899999998
1676665438.8982954	1.88288214
1676665439.0526738	1.97075536
1676665439.2283034	1.9938021400000001
1676665439.3582978	2.00738194
1676665439.4963062	1.9792490999999999
1676665439.6496768	1.8867836
1676665439.7915387	2.02332403
1676665439.9233205	2.0176422
1676665440.0808778	1.9870352500000001
1676665440.2053657	1.9181882300000002
1676665440.343036	1.9670679899999999
1676665440.4853578	2.0128296199999998
1676665440.6294076	2.01031367
1676665440.7667975	1.94877267
1676665440.92492	1.8606935500000001
1676665441.060298	1.87430981
1676665441.1931612	1.90423683
1676665441.3380308	1.92068112
1676665441.4965272	2.0341503
1676665441.6273618	2.09700987
1676665441.7647166	1.9250036
1676665441.9182992	1.8697352299999999
1676665442.057107	1.87069818
1676665442.2101433	1.84838547
1676665442.355967	1.90816016
1676665442.4936867	1.90050775
1676665442.6217797	1.8564856200000002
1676665442.7882967	1.8217722900000002
1676665442.9419549	1.87747116
1676665443.079309	1.84867986
1676665443.2216883	1.83741761
1676665443.384867	1.9574699599999998
1676665443.522299	1.99573575
1676665443.679309	2.02330984
1676665443.8159225	2.0269405899999997
1676665443.9697478	1.89895217
1676665444.1356218	1.9916511799999999
1676665444.2625666	2.0179674600000004
1676665444.406976	2.03217934
1676665444.5616894	1.93931944
1676665444.691884	1.9263107499999998
1676665444.8344364	1.9928395600000002
1676665444.9906106	1.88617039
1676665445.1282961	1.95411536
1676665445.2625525	1.99317953
1676665445.4204879	1.88704282
1676665445.5667715	1.83905327
1676665445.7183034	1.83922647
1676665445.880301	1.9902624899999999
1676665446.0165079	1.8503841399999998
1676665446.1544454	1.8714307700000001
1676665446.2853053	2.0065668
1676665446.4255853	1.92696386
1676665446.5846305	1.84386692
1676665446.712416	1.87825417
1676665446.848166	1.83178374
1676665446.9866068	1.84228936
1676665447.1344073	1.92713545
1676665447.2841322	1.9838611
1676665447.4215648	1.94379795
1676665447.552305	2.03219275
1676665447.6977923	1.92622602
1676665447.8415563	1.9499087199999998
1676665447.9954827	1.90244252
1676665448.1313062	1.85194239
1676665448.2848861	1.84170542
1676665448.4269962	1.9015057499999999
1676665448.5601149	1.91107513
1676665448.7074413	1.9723453600000003
1676665448.8651533	2.0236068
1676665449.0201204	1.93856063
1676665449.1622732	1.9616770999999997
1676665449.3181264	1.86861121
1676665449.461529	1.9159551899999998
1676665449.6093068	1.89995223
1676665449.7554083	1.9075054299999998
1676665449.9122741	1.9316509
1676665450.0698268	1.89471818
1676665450.2082987	1.94788068
1676665450.341697	1.99692287
1676665450.5007946	1.9786404299999998
1676665450.6534863	1.8914177399999998
1676665450.7963002	1.9024263499999998
1676665450.92064	1.8736332400000002
1676665451.0432384	1.8132650499999998
1676665451.1708264	1.86738063
1676665451.3106287	1.9504036
1676665451.4472313	1.96144437
1676665451.5892982	1.9897685900000002
1676665451.7270417	1.98953158
1676665451.8737366	1.92726999
1676665452.0164058	1.8406918799999998
1676665452.1804667	1.9249696
1676665452.3138862	1.9032950499999999
1676665452.4616997	1.88976461
1676665452.620042	1.84995562
1676665452.7782986	1.92598467
1676665452.9264083	1.97915572
1676665453.054016	1.9563100599999999
1676665453.1924214	1.89170795
1676665453.3244045	2.01075471
1676665453.4575207	1.9248830399999999
1676665453.6220965	1.96248496
1676665453.7742789	1.95240616
1676665453.9309993	1.9548170000000002
1676665454.0867977	1.97442176
1676665454.2447119	1.90457798
1676665454.4029617	1.9579490700000002
1676665454.5382962	1.86690099
1676665454.6968353	1.8008992400000001
1676665454.8513772	1.86907966
1676665455.0082996	1.9792252199999998
1676665455.1455424	2.03590586
1676665455.3022583	2.00774946
1676665455.460317	1.92447747
1676665455.5941806	2.0745560800000002
1676665455.7262554	2.0655544299999997
1676665455.8782995	2.0881282299999997
1676665456.03074	2.0089376199999998
1676665456.1830618	1.82639325
1676665456.3257089	1.86236558
1676665456.481168	1.98506081
1676665456.6386025	1.9816960200000002
1676665456.7951627	1.97276903
1676665456.9538062	1.94397025
1676665457.1089156	1.93477944
1676665457.2604067	1.98340871
1676665457.4046235	1.97308326
1676665457.547767	1.9547841999999997
1676665457.6804545	1.88664662
1676665457.8387682	1.85221242
1676665457.985587	1.85880735
1676665458.1293757	1.85481894
1676665458.271754	1.93292154
1676665458.4039576	1.9450932
1676665458.54549	1.95782628
1676665458.7004404	1.99088854
1676665458.8614326	1.92827091
1676665458.9982996	1.91650838
1676665459.1415892	1.97014755
1676665459.2785041	2.03958054
1676665459.4328942	1.9762229199999999
1676665459.5740433	1.9022325900000001
1676665459.7313597	1.94089514
1676665459.8927238	1.9546556899999998
1676665460.0305116	1.92068127
1676665460.1665483	1.9836139300000002
1676665460.3120546	1.9655867400000002
1676665460.4494994	1.89574244
1676665460.5935113	1.86606318
1676665460.7565863	1.9598405999999997
1676665460.9125383	1.96505374
1676665461.049347	1.9135546
1676665461.1941893	1.9649470300000003
1676665461.3554318	1.90367313
1676665461.5060608	1.91424579
1676665461.6367874	1.9234972
1676665461.773537	2.0467190200000003
1676665461.9188526	2.0558690800000003
1676665462.0682986	1.93202257
1676665462.207262	1.97650867
1676665462.3617382	1.95820909
1676665462.528287	1.8093893
1676665462.6767335	1.84929913
1676665462.8282993	1.92773693
1676665463.006128	1.96365835
1676665463.1830487	1.92412817
1676665463.3393884	1.9041727199999998
1676665463.4844875	1.78020711
1676665463.6234086	1.87349554
1676665463.750311	2.00385612
1676665463.8763442	2.0338817899999997
1676665464.0138354	1.8591516399999999
1676665464.1679883	1.90126372
1676665464.3305295	1.89910651
1676665464.4839442	1.86172431
1676665464.628957	1.89584709
1676665464.7617	1.83966456
1676665464.9034932	1.8228738899999999
1676665465.0463617	1.8912731
1676665465.1776154	1.9036984000000001
1676665465.3103132	1.92020916
1676665465.4479609	1.88423521
1676665465.6016622	1.8661442
1676665465.746862	1.86059056
1676665465.9076312	1.91446732
1676665466.0382917	1.8810613200000001
1676665466.1821587	1.90916141
1676665466.326724	1.9267489100000001
1676665466.4683	1.9859143999999997
1676665466.6254249	1.9812273
1676665466.7841077	1.96609963
1676665466.9380896	2.02124473
1676665467.0968704	1.9206836399999998
1676665467.2293992	1.8724533300000001
1676665467.367005	1.89907987
1676665467.524307	1.97989359
1676665467.6770568	1.9668275100000001
1676665467.8300595	1.97184921
1676665467.9903328	1.98038691
1676665468.1282926	1.88038349
1676665468.2796764	1.89786372
1676665468.4160116	1.85635547
1676665468.570287	1.86029883
1676665468.707136	1.87090473
1676665468.860671	1.8678568500000001
1676665469.0007265	1.86711323
1676665469.1582997	1.87694442
1676665469.3026588	1.86699003
1676665469.4396765	1.93745364
1676665469.5965335	2.0589514600000003
1676665469.753328	1.97054432
1676665469.9083087	2.0456708900000002
1676665470.0452838	1.95199217
1676665470.1883018	1.8902276599999999
1676665470.3468056	1.89596415
1676665470.5014338	1.95735598
1676665470.6296453	1.96190313
1676665470.7745576	2.00659332
1676665470.9119542	2.01201075
1676665471.069201	1.9398725300000002
1676665471.2122521	1.9023199899999998
1676665471.3739965	1.86680089
1676665471.5100389	1.9134966
1676665471.6643574	1.9626915800000002
1676665471.8231134	1.90400711
1676665471.9802985	2.02458693
1676665472.1169374	1.9519484100000002
1676665472.27459	1.82484654
1676665472.4126878	1.89543938
1676665472.5493655	1.9656574100000002
1676665472.6829607	1.9906259599999998
1676665472.8259115	2.05155451
1676665472.9715204	2.0453734999999997
1676665473.1231575	1.96675612
1676665473.2606869	1.9671545400000001
1676665473.412307	1.9446627799999998
1676665473.5725446	1.9451118399999998
1676665473.730246	1.90123818
1676665473.865616	1.81315018
1676665473.9982953	1.88473334
1676665474.1438482	1.88230588
1676665474.297806	1.84205027
1676665474.454999	1.8004680499999999
1676665474.604387	1.8925289
1676665474.731417	1.9833194499999998
1676665474.8678062	1.94440922
1676665474.9998384	1.88896787
1676665475.1368332	1.82256726
1676665475.290157	1.9317131500000002
1676665475.4240136	2.01199808
1676665475.5479763	2.02947187
1676665475.706254	2.00670753
1676665475.8394027	1.90681079
1676665475.9663787	1.83738092
1676665476.1015851	1.82518354
1676665476.2547898	1.9632959300000001
1676665476.3757384	1.93121607
1676665476.4998918	1.9806233199999999
1676665476.6226022	1.9944422199999998
1676665476.7680192	2.01551403
1676665476.8950517	1.9669647399999999
1676665477.0182986	1.9881609500000001
1676665477.1561425	1.89888312
1676665477.2925777	1.89498159
1676665477.4246752	1.90598159
1676665477.5680754	1.93274751
1676665477.6922958	1.88043986
1676665477.8522935	1.74748376
1676665477.9916813	1.7829643400000001
1676665478.1467607	1.84609257
1676665478.2726007	1.84274609
1676665478.4106326	1.89189488
1676665478.5443363	1.94045169
1676665478.6862433	1.92507399
1676665478.8239474	1.9642989700000002
1676665478.9701831	1.90933273
1676665479.138126	1.90938474
1676665479.2747316	1.93606756
1676665479.4306676	1.9716671600000002
1676665479.5721328	1.91562956
1676665479.7282917	1.86569145
1676665479.8607132	1.93779365
1676665480.0182981	1.86300445
1676665480.1555076	1.98764864
1676665480.311306	1.90044878
1676665480.4643164	1.88211298
1676665480.5982926	1.88978091
1676665480.7438579	1.8313919799999998
1676665480.9026387	1.87343266
1676665481.0653713	2.01299181
1676665481.1966333	2.00694969
1676665481.333679	1.94827656
1676665481.4743023	1.9058926999999999
1676665481.622418	1.86453463
1676665481.7509563	1.78814856
1676665481.9133067	1.93210847
1676665482.0669932	1.93089071
1676665482.2316444	1.97195976
1676665482.3934553	2.0231129500000002
1676665482.5177286	2.0026804
1676665482.6498473	1.85378829
1676665482.8076105	1.8380858900000001
1676665482.9459758	1.8601513299999999
1676665483.0763435	1.90623512
1676665483.2237768	1.9350542499999999
1676665483.3775785	1.95965171
1676665483.535573	2.00260506
1676665483.6730425	1.94484883
1676665483.8332303	1.91946848
1676665483.970312	1.88703899
1676665484.0974455	1.94235541
1676665484.2234626	1.94504402
1676665484.362154	1.91468594
1676665484.5165756	1.9149787200000001
1676665484.6471012	1.96102605
1676665484.8058941	1.89197668
1676665484.9678144	2.01736694
1676665485.1054642	1.90793754
1676665485.248047	1.81036642
1676665485.4123337	1.82877485
1676665485.5479875	1.9340144499999998
1676665485.6912692	2.0184932300000002
1676665485.8283033	1.93000406
1676665485.9782896	1.89034416
1676665486.1047306	1.94081158
1676665486.2479577	2.03359157
1676665486.3969939	1.92138165
1676665486.5237563	1.89659059
1676665486.661314	1.85579765
1676665486.8390408	1.8614665700000002
1676665486.9764361	1.9195955
1676665487.1298814	1.9673974300000001
1676665487.2867012	1.93876127
1676665487.4134045	1.9818192200000002
1676665487.5598376	1.96541357
1676665487.6837642	1.78577503
1676665487.8216193	1.7873525899999998
1676665487.9793859	1.92993778
1676665488.1370797	1.9070154499999998
1676665488.2941334	1.9683869100000002
1676665488.4318454	2.04672168
1676665488.5727181	1.90825626
1676665488.7168698	1.90576981
1676665488.8493106	1.93559437
1676665488.9968731	1.8691304299999998
1676665489.1333346	1.9625683799999998
1676665489.2810218	1.92304843
1676665489.433595	1.87455109
1676665489.56579	1.89482297
1676665489.7252192	1.9584994900000001
1676665489.878294	1.92659496
1676665490.0116124	1.91563999
1676665490.1648288	1.9279564200000001
1676665490.298785	1.9056529
1676665490.4442368	1.8586564600000002
1676665490.5858579	2.00572222
1676665490.7173107	1.96016875
1676665490.8431926	1.8744057699999999
1676665490.9816234	1.94981542
1676665491.1366606	1.84954179
1676665491.2862966	1.90706905
1676665491.428298	1.95525215
1676665491.563793	1.9647834499999999
1676665491.6911752	1.9719539499999998
1676665491.8483417	2.01038558
1676665491.9765294	2.05641205
1676665492.1240559	2.04266498
1676665492.2811537	1.95753257
1676665492.422073	1.9582317999999999
1676665492.5640838	1.92310565
1676665492.6959052	1.89108528
1676665492.839284	1.9142666
1676665492.9975517	1.97176009
1676665493.1567454	1.8509717499999998
1676665493.292913	1.84534037
1676665493.4514768	1.85551621
1676665493.588299	1.9264034
1676665493.7415972	1.9664300700000001
1676665493.8832927	1.8244288
1676665494.0219152	1.85728249
1676665494.1795044	1.86609715
1676665494.3149807	1.85816593
1676665494.4473636	1.8946899899999998
1676665494.5753388	1.80729639
1676665494.7125318	1.87636469
1676665494.8543212	2.02509645
1676665495.0131953	1.88093864
1676665495.194102	1.9416081299999999
1676665495.3740644	1.93540997
1676665495.5537326	2.04296651
1676665495.6830165	2.0390488899999997
1676665495.831932	1.95029704
1676665495.9693127	1.97945827
1676665496.0965772	1.94643894
1676665496.2416155	2.00388213
1676665496.37429	2.01612415
1676665496.5073977	2.03319039
1676665496.6307282	1.96745637
1676665496.773457	1.9423404
1676665496.927938	1.92841962
1676665497.0702777	1.94952949
1676665497.2144501	2.00523407
1676665497.347563	1.87584548
1676665497.4722476	1.8564322
1676665497.6146486	1.9017936599999998
1676665497.7602396	1.99157175
1676665497.92711	1.9583122199999998
1676665498.063077	1.92587847
1676665498.2025445	1.9129786500000001
1676665498.3343146	1.85174565
1676665498.4900405	1.93828564
1676665498.6255374	1.94219212
1676665498.7655067	1.8920782
1676665498.9235601	1.91667297
1676665499.0608206	1.8892416
1676665499.1948059	1.93750455
1676665499.3212955	1.95769106
1676665499.4980998	1.8430801
1676665499.6136076	1.85315137
1676665499.7380054	1.89863134
1676665499.8819492	1.96957582
1676665500.0139098	1.87582647
1676665500.1561377	1.91196872
1676665500.292655	2.0443188699999997
1676665500.4464054	2.02877817
1676665500.570101	1.9625524199999997
1676665500.7140558	1.84119584
1676665500.8609269	1.90762864
1676665501.0094528	2.0629665299999997
1676665501.1311617	2.0823841
1676665501.2764452	1.87662821
1676665501.4367075	1.9644657399999998
1676665501.594939	2.02323859
1676665501.7511728	1.95109833
1676665501.8828938	1.9076779799999999
1676665502.0083017	2.11151796
1676665502.145751	2.05284807
1676665502.301907	1.89864055
1676665502.4329267	1.8671124600000002
1676665502.591285	1.93430556
1676665502.7241004	1.8882218100000001
1676665502.8536644	1.8807619199999999
1676665502.9922721	1.853115
1676665503.1352654	1.93406425
1676665503.2922053	1.78159944
1676665503.4480278	1.9383936899999998
1676665503.607285	1.96568778
1676665503.7550259	1.9033657
1676665503.8816822	1.84445934
1676665504.0182962	1.86765994
1676665504.163815	1.9603234399999998
1676665504.3003259	1.8897998900000001
1676665504.464842	1.92017671
1676665504.6199293	1.80675026
1676665504.7566571	1.91699693
1676665504.8993096	2.1224289400000003
1676665505.0346084	1.99521147
1676665505.1892993	1.9085547
1676665505.322257	1.88750403
1676665505.475728	1.9728191100000003
1676665505.6329792	2.03345755
1676665505.7695596	1.9113689699999998
1676665505.9062796	1.88174713
1676665506.0408208	1.91789583
1676665506.196191	1.9058014
1676665506.354011	1.83061861
1676665506.486717	1.88242384
1676665506.6438537	1.97136763
1676665506.7782958	2.01584542
1676665506.932565	1.92579005
1676665507.0912387	1.8941858200000001
1676665507.2200203	1.90861655
1676665507.347338	1.96261009
1676665507.4922643	2.01627653
1676665507.624049	1.97107585
1676665507.7560992	1.9676123699999999
1676665507.8982925	2.00518688
1676665508.0455954	1.9478484
1676665508.2128274	1.9580220899999998
1676665508.365388	1.9167224699999998
1676665508.5412798	1.93962601
1676665508.6982987	1.87961502
1676665508.8453317	1.88105799
1676665508.975122	1.9329726
1676665509.1172364	1.89933074
1676665509.2497637	1.94004105
1676665509.4055326	2.003997
1676665509.5624752	2.07766604
1676665509.6934295	2.01714349
1676665509.83082	1.9365261999999999
1676665509.967036	1.93841695
1676665510.1250536	1.90707332
1676665510.2759652	2.00438642
1676665510.4172103	1.9723918099999997
1676665510.5640364	1.9828845599999998
1676665510.7172885	1.9595708100000002
1676665510.8598704	1.9871056699999998
1676665510.9983003	1.94433092
1676665511.1423647	1.8477894400000001
1676665511.2982504	1.8884273599999999
1676665511.4596815	1.87255205
1676665511.5838616	1.82418506
1676665511.7163308	1.83468853
1676665511.8731666	2.04683569
1676665512.0270562	2.02713035
1676665512.1856747	1.9831910499999998
1676665512.3324597	1.9260563899999998
1676665512.4583023	1.9335881300000002
1676665512.6017816	1.87511874
1676665512.74744	1.9449699299999998
1676665512.8977406	1.99191543
1676665513.030304	1.9741724500000002
1676665513.161764	1.94568257
1676665513.3245857	1.85580411
1676665513.4774792	1.8343445999999999
1676665513.6310306	1.83832388
1676665513.7852752	1.95279016
1676665513.9270504	1.93442142
1676665514.0820904	2.00474716
1676665514.2406597	1.85175906
1676665514.3983085	1.80132767
1676665514.5348933	1.9702033600000002
1676665514.6880987	1.97863006
1676665514.8463225	1.89995533
1676665514.9982986	1.8377211100000002
1676665515.1358776	1.89302737
1676665515.2956014	1.95112251
1676665515.4346206	1.88762978
1676665515.5882924	1.9554739399999999
1676665515.7158263	1.86542974
1676665515.8522618	1.81673828
1676665515.9953003	1.8970029
1676665516.153167	1.98722513
1676665516.3122616	2.02891945
1676665516.4437363	1.96198311
1676665516.5809731	1.9870700000000001
1676665516.7370167	2.02016218
1676665516.8947127	1.99201224
1676665517.0224345	2.0227607
1676665517.1680648	1.9506402
1676665517.3237174	1.8798001899999999
1676665517.4830093	1.7652743499999999
1676665517.6302145	1.75606799
1676665517.7614071	1.89777482
1676665517.8993044	1.9310129399999998
1676665518.0482006	1.8189097399999998
1676665518.1789749	1.89869068
1676665518.3373575	1.99994883
1676665518.465474	1.9601516700000001
1676665518.5939145	1.88287166
1676665518.7323105	1.8780382
1676665518.8845673	1.86211593
1676665519.0259748	1.9365385099999999
1676665519.1623592	2.05448814
1676665519.3134062	2.01981454
1676665519.4709918	1.9634733700000002
1676665519.6282434	1.93654816
1676665519.765177	1.88562067
1676665519.9168227	1.88695907
1676665520.0744631	1.91656539
1676665520.211586	1.95949301
1676665520.373923	2.06724535
1676665520.5012112	2.0340206199999997
1676665520.6482975	2.02959734
1676665520.8077722	1.85408611
1676665520.970547	1.88224504
1676665521.107623	1.99163476
1676665521.2502053	1.95410491
1676665521.4062529	1.8865911
1676665521.5579236	2.0084105599999997
1676665521.6954267	1.90314796
1676665521.8527877	1.9091681
1676665522.0116634	1.85376052
1676665522.1693082	1.8947223400000002
1676665522.3236766	1.9563323700000002
1676665522.4803069	1.9562959000000002
1676665522.6353421	1.8855878400000001
1676665522.7746363	1.9369710900000001
1676665522.916407	1.97913404
1676665523.0625267	1.96929762
1676665523.200335	1.9418506800000002
1676665523.3422453	1.81391308
1676665523.478059	1.8769500799999999
1676665523.6136577	1.96331469
1676665523.7509744	1.8374902
1676665523.9042668	1.76335998
1676665524.0422025	1.79073667
1676665524.1957204	1.77340873
1676665524.356927	1.8635596
1676665524.511025	1.9576892099999998
1676665524.64826	1.9940122
1676665524.7991648	1.94038165
1676665524.9617035	1.96248838
1676665525.0928435	2.0292053699999997
1676665525.277548	1.9488003
1676665525.4110851	1.87634897
1676665525.5502975	1.92351079
1676665525.6940393	2.06019855
1676665525.845609	2.05734962
1676665525.9833012	1.91610565
1676665526.1201963	1.92888537
1676665526.2782922	1.93923226
1676665526.4220467	1.95495529
1676665526.554924	1.97516058
1676665526.692999	1.93525137
1676665526.8464565	1.91702688
1676665527.0082946	1.88642269
1676665527.163408	1.8469017
1676665527.3082986	1.87047016
1676665527.446481	1.84402381
1676665527.6082463	1.9747938
1676665527.7656245	1.8938407800000001
1676665527.9243832	1.85151489
1676665528.061302	1.92535715
1676665528.1994047	1.9925325899999997
1676665528.3427868	1.97722031
1676665528.4747689	1.92700871
1676665528.607693	1.95707025
1676665528.767863	1.95860437
1676665528.9182954	1.80073009
1676665529.0564783	1.85151383
1676665529.2133665	1.88947174
1676665529.3507893	1.86253475
1676665529.4928272	1.87940368
1676665529.6412468	1.96981511
1676665529.7993076	1.9881763399999999
1676665529.95347	1.89986313
1676665530.0902994	1.82424927
1676665530.225789	1.85034245
1676665530.3878949	1.93888084
1676665530.525763	1.8915112299999999
1676665530.6835833	1.9916105000000002
1676665530.827586	2.00911645
1676665530.9893005	1.91316269
1676665531.1482913	1.9150534000000001
1676665531.3065505	1.92789424
1676665531.4683015	1.8656011099999998
1676665531.6035402	1.78869601
1676665531.7585769	1.8714207
1676665531.9170804	1.81057751
1676665532.0544596	1.86424448
1676665532.215831	1.85162509
1676665532.374159	1.77561011
1676665532.5101464	1.81908999
1676665532.6535764	1.86613947
1676665532.79829	1.88260838
1676665532.957205	2.00680534
1676665533.1100223	1.96244338
1676665533.2461874	1.9265301
1676665533.4046504	1.93265801
1676665533.543588	1.93438303
1676665533.7024748	1.9779438800000002
1676665533.8610198	1.8662767500000002
1676665534.020001	1.9115862
1676665534.155753	1.9396556699999998
1676665534.300483	2.04147085
1676665534.4377983	2.01701817
1676665534.5741131	1.91755685
1676665534.7149773	1.9918998400000003
1676665534.8518956	2.04545378
1676665535.0124953	2.02306179
1676665535.1477764	1.87373859
1676665535.2748616	1.9719697199999997
1676665535.4203138	1.86291929
1676665535.5623415	1.90318133
1676665535.6907296	1.83862372
1676665535.8349051	1.87933511
1676665535.9712927	1.96107642
1676665536.105209	1.92600605
1676665536.245514	1.88675639
1676665536.3834	1.86834368
1676665536.5333264	1.9242075699999999
1676665536.6725037	2.04394754
1676665536.81006	2.0512371700000003
1676665536.9449816	1.9233988400000002
1676665537.0835872	1.91131015
1676665537.2200267	1.8839629599999999
1676665537.3552344	1.7983266
1676665537.4932933	1.86941534
1676665537.6296353	1.97054093
