Time (s)\Voltage (mV)
1676664983.6519005	1.93785502
1676664983.8092697	1.85655955
1676664983.9852057	1.93961544
1676664984.1437724	1.8342855100000002
1676664984.28958	1.8269441100000001
1676664984.4360125	1.81483784
1676664984.5721092	1.83672693
1676664984.6897461	1.82199157
1676664984.8371844	1.77440945
1676664984.9768572	1.71464652
1676664985.1239114	1.75241473
1676664985.27497	1.76668035
1676664985.4215133	1.7774246200000001
1676664985.57338	1.74456391
1676664985.71542	1.7669393500000001
1676664985.8717961	1.8600670300000002
1676664986.0104048	1.80416051
1676664986.1643672	1.79664674
1676664986.3052578	1.85217918
1676664986.4250383	1.915953
1676664986.5399275	1.9212524700000002
1676664986.6948173	1.87022784
1676664986.8382912	1.78139695
1676664986.960422	1.74043826
1676664987.1201682	1.83845836
1676664987.2582917	1.90002563
1676664987.4051664	1.8972490800000001
1676664987.5766487	1.79502929
1676664987.6961908	1.7694773000000001
1676664987.8205194	1.79646905
1676664987.9702077	1.92904644
1676664988.1101224	1.86460234
1676664988.2394958	1.74474518
1676664988.3607578	1.81801056
1676664988.4840941	1.7565638700000001
1676664988.607106	1.80261984
1676664988.7389967	1.87164326
1676664988.8572896	1.7894931600000001
1676664988.9909842	1.82974886
1676664989.1293492	1.95280082
1676664989.26748	1.9975714999999998
1676664989.4229589	1.89140621
1676664989.5812638	1.72097272
1676664989.7175946	1.73183065
1676664989.855063	1.92363791
1676664989.97601	1.97117549
1676664990.1106844	1.8184994900000002
1676664990.2282917	1.71290206
1676664990.365365	1.73932219
1676664990.4981148	1.76423877
1676664990.6576235	1.90322347
1676664990.817859	1.81997528
1676664990.9762237	1.81443826
1676664991.1302962	1.8150635
1676664991.256775	1.76834099
1676664991.4146874	1.87225785
1676664991.5443234	1.8590813
1676664991.706589	1.80955705
1676664991.846993	1.87002556
1676664992.019912	1.83889367
1676664992.1554606	1.8101737
1676664992.3004134	1.7922741199999999
1676664992.454882	1.75183023
1676664992.6123922	1.70163784
1676664992.7571	1.80098449
1676664992.8754463	1.78533617
1676664992.9873161	1.65096417
1676664993.1094017	1.71980011
1676664993.2331424	1.8781732800000002
1676664993.3548017	1.90833513
1676664993.5082943	1.84033168
1676664993.6663122	1.84267604
1676664993.8123295	1.87163461
1676664993.9370778	1.8294255
1676664994.0738914	1.87243894
1676664994.2202532	1.80629296
1676664994.3716896	1.9151306499999998
1676664994.527346	2.0096812799999997
1676664994.6695807	1.93892059
1676664994.8129077	1.84305997
1676664994.9692974	1.80735736
1676664995.1272378	1.76228166
1676664995.2591388	1.86754072
1676664995.4182973	1.91435923
1676664995.5725713	1.7235919100000001
1676664995.7315195	1.78040123
1676664995.859715	1.7113441
1676664995.9840312	1.75926557
1676664996.120762	1.78335151
1676664996.2649453	1.73024694
1676664996.40385	1.7639339
1676664996.5658398	1.86217428
1676664996.7436736	1.88088514
1676664996.8809054	1.8422129399999998
1676664997.0382993	1.80420029
1676664997.2041721	1.78560203
1676664997.3619363	1.81824829
1676664997.5165362	1.85115749
1676664997.6461322	1.82846273
1676664997.7841303	1.85575797
1676664997.9374194	1.81796621
1676664998.0628552	1.84163499
1676664998.1998975	1.91279575
1676664998.3533235	1.77086674
1676664998.5191696	1.77902641
1676664998.675662	1.7548364300000001
1676664998.8345096	1.8231654099999999
1676664998.988224	1.91620772
1676664999.1301913	1.88222581
1676664999.2854302	1.77583965
1676664999.4232333	1.75459298
1676664999.5597725	1.77224805
1676664999.692946	1.69570253
1676664999.8315804	1.72208938
1676664999.9866076	1.78368986
1676665000.1206663	1.74349638
1676665000.2803445	1.81709104
1676665000.4413967	1.81155832
1676665000.6093168	1.89788125
1676665000.7531393	1.83661108
1676665000.8909261	1.7444042
1676665001.038291	1.7416608900000001
1676665001.166271	1.73597803
1676665001.3253903	1.77651737
1676665001.4861567	1.84313474
1676665001.6233048	1.9434905599999999
1676665001.8082986	1.84405006
1676665001.9467592	1.81181729
1676665002.0989454	1.8613586500000001
1676665002.257656	1.80288539
1676665002.4145405	1.8378539399999998
1676665002.5504842	1.9279137899999998
1676665002.7052438	1.8941082999999999
1676665002.8431463	1.75885311
1676665002.9788222	1.8005705300000001
1676665003.1379535	1.78486034
1676665003.2905197	1.88406972
1676665003.4301934	1.8587703
1676665003.5882735	1.74533231
1676665003.7458277	1.7850641
1676665003.8835974	1.8139401099999999
1676665004.0270371	1.86188627
1676665004.1662252	1.87154093
1676665004.3032033	1.88848337
1676665004.4621487	1.99522183
1676665004.60422	1.80373373
1676665004.7282908	1.74483901
1676665004.8561664	1.80799346
1676665005.014623	1.87161978
1676665005.1683025	1.91170709
1676665005.305633	1.88107657
1676665005.4432893	1.74879579
1676665005.6006482	1.8359482500000002
1676665005.754111	2.03651993
1676665005.8941147	1.90894663
1676665006.0508919	1.7735568400000001
1676665006.2074642	1.90174519
1676665006.3552663	1.8133991
1676665006.5058904	1.8593778799999998
1676665006.660643	1.7594168000000001
1676665006.8193746	1.79140234
1676665006.9661756	1.8264062600000002
1676665007.110751	1.74272695
1676665007.2859612	1.8202215000000002
1676665007.4446695	1.69961806
1676665007.5960143	1.7183943499999998
1676665007.7625763	1.8173478900000002
1676665007.9063787	1.8213615
1676665008.0611403	1.91975684
1676665008.2193105	1.86536266
1676665008.3706744	1.77162439
1676665008.5220535	1.8762474
1676665008.702137	1.8476695399999998
1676665008.8603435	1.78650396
1676665009.013061	1.85905778
1676665009.1503112	1.85974253
1676665009.3045537	1.93200035
1676665009.4617043	1.8326280199999998
1676665009.623981	1.82764171
1676665009.7834046	1.89229646
1676665009.9460354	1.8695162200000002
1676665010.0844548	1.8692781399999998
1676665010.2413442	1.82389138
1676665010.3783033	1.82090624
1676665010.5367198	1.84494124
1676665010.712522	1.80439763
1676665010.8716853	1.7702763400000001
1676665011.0182636	1.8443799
1676665011.204091	1.7711896
1676665011.3617992	1.75825972
1676665011.499364	1.65404639
1676665011.675842	1.69408166
1676665011.8315606	1.88647911
1676665011.972147	1.90016398
1676665012.1417103	1.7566087
1676665012.3006196	1.69847974
1676665012.4538004	1.8412634
1676665012.600302	1.8775236899999999
1676665012.7802114	1.8173946300000001
1676665012.9583015	1.8009246300000001
1676665013.1376617	1.8187980700000002
1676665013.2678454	1.87342222
1676665013.4116187	1.85351144
1676665013.5814562	1.82516039
1676665013.7172	1.82741895
1676665013.872391	1.8043979300000001
1676665014.0311131	1.82008184
1676665014.169268	1.88303413
1676665014.3308942	1.86162284
1676665014.4682806	1.7320650000000002
1676665014.6272285	1.80472717
1676665014.7651527	1.7723582199999999
1676665014.9172497	1.90141255
1676665015.0782979	1.84311359
1676665015.215434	1.82544244
1676665015.3738468	1.83017503
1676665015.5293076	1.84884726
1676665015.6715431	1.8718204
1676665015.8293066	1.9484634299999999
1676665015.9672265	1.78175095
1676665016.138297	1.82298146
1676665016.2853966	1.92582904
1676665016.4425344	1.9744588500000002
1676665016.6015778	1.8682255799999998
1676665016.7514985	1.8126114899999999
1676665016.900928	1.84062418
1676665017.043388	1.84327632
1676665017.198293	1.7854347799999999
1676665017.3628137	1.7799278
1676665017.5208352	1.77223572
1676665017.6807609	1.76493249
1676665017.844696	1.89099913
1676665017.9822783	1.96867872
1676665018.1182947	1.97016941
1676665018.281481	1.8758927600000002
1676665018.4358015	1.76708186
1676665018.5737069	1.70820647
1676665018.742453	1.8503622400000002
1676665018.9018216	1.9521711800000001
1676665019.0299602	1.83271094
1676665019.1582952	1.8142863999999999
1676665019.3170524	1.8025619499999999
1676665019.4681919	1.80441941
1676665019.6280565	1.8219243299999999
1676665019.7643857	1.7769719
1676665019.922776	1.82801353
1676665020.0744133	1.88517969
1676665020.2193868	1.90169394
1676665020.3633416	1.83646868
1676665020.5006142	1.8945858100000001
1676665020.6565406	1.8159566500000002
1676665020.798016	1.73529522
1676665020.9430356	1.69648362
1676665021.0899181	1.76889209
1676665021.2398267	1.8110867
1676665021.396376	1.82075582
1676665021.5564916	1.81493623
1676665021.694188	1.8444395900000001
1676665021.8309147	1.89588775
1676665021.9892995	1.80965285
1676665022.1451726	1.69650132
1676665022.284167	1.87942582
1676665022.4205287	1.7779242199999998
1676665022.5568595	1.85165393
1676665022.7125301	1.85225557
1676665022.8690236	1.8964401
1676665023.0254836	1.88046557
1676665023.1615875	1.95889847
1676665023.3147256	1.84408036
1676665023.4717278	1.83420319
1676665023.611596	1.73805626
1676665023.7392964	1.78722495
1676665023.8744733	1.80950704
1676665024.0327082	1.73543897
1676665024.1880722	1.7947218500000002
1676665024.3249946	1.7214581
1676665024.4617052	1.7376911099999999
1676665024.6386838	1.64625005
1676665024.7982953	1.6876437800000001
1676665024.9359684	1.83112033
1676665025.0898025	1.82533022
1676665025.2469642	1.82906178
1676665025.4082985	1.8783822700000001
1676665025.5679553	1.80565146
1676665025.7043848	1.74415875
1676665025.8421197	1.80537369
1676665025.9904575	1.89905572
1676665026.1412165	1.88814363
1676665026.28713	1.84715761
1676665026.4459338	1.79438385
1676665026.5833178	1.73798256
1676665026.7141984	1.81626196
1676665026.859349	1.87099558
1676665026.9967167	1.83549904
1676665027.1493118	1.83747395
1676665027.2862656	1.85304955
1676665027.4582975	1.8666856500000002
1676665027.6181848	1.8774057800000001
1676665027.774806	1.8903458599999998
1676665027.9105017	1.8344271399999998
1676665028.0456605	1.7496667
1676665028.1912603	1.7988317200000001
1676665028.3460193	1.85655537
1676665028.4780047	1.7884660399999999
1676665028.6406522	1.8922317499999999
1676665028.7756124	1.88924768
1676665028.9126678	1.83492132
1676665029.0600464	1.856362
1676665029.184726	1.87905617
1676665029.3273654	1.86210463
1676665029.5051498	1.7937064999999999
1676665029.6582987	1.79801878
1676665029.8165011	1.82419438
1676665029.9488564	1.8003626
1676665030.0840685	1.7926463899999998
1676665030.2291346	1.78195737
1676665030.3855107	1.89262951
1676665030.5167222	1.91577439
1676665030.6818242	1.82632532
1676665030.8182697	1.87648553
1676665030.9771094	1.92553361
1676665031.1048632	1.83533651
1676665031.251112	1.8584235
1676665031.3882885	1.76359235
1676665031.5399108	1.83816671
1676665031.6777642	1.83988852
1676665031.8314135	1.82298952
1676665031.990988	1.740041
1676665032.1219592	1.83954748
1676665032.245187	1.8780089899999999
1676665032.3828707	1.87556865
1676665032.5203137	1.85950186
1676665032.657041	1.7806849200000001
1676665032.8159297	1.8948645499999999
1676665032.9447994	1.8823555900000002
1676665033.1097298	1.75563591
1676665033.2624695	1.7917021100000001
1676665033.4006484	1.82569592
1676665033.5417442	1.9254802000000002
1676665033.6971376	1.84594711
1676665033.8337874	1.86798204
1676665033.9633272	1.86694231
1676665034.1261256	1.84883842
1676665034.2788746	1.818617
1676665034.4376268	1.86574225
1676665034.58789	1.71752916
1676665034.7305791	1.80227245
1676665034.8700757	1.91490138
1676665035.0259044	1.90036818
1676665035.1635132	1.78603729
1676665035.2971303	1.8512809
1676665035.4555664	1.8306304999999998
1676665035.6195762	1.75406672
1676665035.7802415	1.88537687
1676665035.9162705	1.8325443399999999
1676665036.0536797	1.8456238299999999
1676665036.2013109	1.85713864
1676665036.3261638	1.8170191400000002
1676665036.4706202	1.80924072
1676665036.6157353	1.70333606
1676665036.7430143	1.69759367
1676665036.8881278	1.78188006
1676665037.0200982	1.91071138
1676665037.1796184	1.83079304
1676665037.3043816	1.84242581
1676665037.451204	1.81898814
1676665037.5782957	1.87782764
1676665037.723169	1.81058127
1676665037.8603935	1.7898783299999999
1676665038.0181608	1.82808685
1676665038.176043	1.7344923600000002
1676665038.333699	1.7575434
1676665038.4857566	1.7552553499999999
1676665038.6096919	1.81369909
1676665038.7466347	1.8273780700000002
1676665038.8830585	1.79647354
1676665039.023227	1.7771470900000002
1676665039.1664352	1.8134283
1676665039.3132164	1.80484609
1676665039.4596126	1.77492177
1676665039.6182957	1.77449601
1676665039.7528594	1.80089146
1676665039.8847702	1.85469636
1676665040.0424862	1.80580646
1676665040.1806288	1.82831969
1676665040.3170164	1.9374985200000001
1676665040.4748714	1.8790446299999999
1676665040.634755	1.9825716399999997
1676665040.793963	1.92089824
1676665040.9262137	1.8152124
1676665041.0583005	1.7304815199999999
1676665041.1968052	1.7884496399999998
1676665041.351378	1.75758318
1676665041.4966962	1.76465539
1676665041.644098	1.80626288
1676665041.7761989	1.8772885
1676665041.9029417	1.84097083
1676665042.040211	1.84552119
1676665042.1951776	1.8775174700000001
1676665042.3370733	1.71886323
1676665042.4790702	1.69969271
1676665042.642087	1.7738022900000001
1676665042.7803533	1.82585519
1676665042.916935	1.9722781800000002
1676665043.0751715	1.84393332
1676665043.2182963	1.74538568
1676665043.3592834	1.84167369
1676665043.5193362	1.87615587
1676665043.6404421	1.81232152
1676665043.7727766	1.82675014
1676665043.8976429	1.82047046
1676665044.018051	1.78076174
1676665044.1420379	1.76252006
1676665044.288304	1.79200896
1676665044.4129248	1.71856341
1676665044.5512285	1.85729057
1676665044.7033112	1.85607817
1676665044.8295631	1.94367641
1676665044.9882998	1.94265504
1676665045.123	1.81203826
1676665045.2459657	1.78199385
1676665045.406007	1.8875863099999999
1676665045.55745	1.82400294
1676665045.6796744	1.81418475
1676665045.8339999	1.80306087
1676665045.9707172	1.80859251
1676665046.1379304	1.77944198
1676665046.2881622	1.7437458099999998
1676665046.4249396	1.80660367
1676665046.5572987	1.85426935
1676665046.6796746	1.88100582
1676665046.816535	1.9941863300000002
1676665046.9693627	1.87575247
1676665047.0944114	1.8120838400000001
1676665047.2324777	1.74822002
1676665047.3844187	1.92171832
1676665047.5296855	1.75584561
1676665047.6757843	1.86118765
1676665047.8343866	1.84989271
1676665047.9706237	1.84786419
1676665048.1282997	1.89276137
1676665048.2893178	1.82043117
1676665048.4397397	1.8633513
1676665048.575393	1.77929559
1676665048.7113805	1.8748317799999998
1676665048.869763	1.79502185
1676665049.0233197	1.8426440899999998
1676665049.1701453	1.8579917799999999
1676665049.3143473	1.9223734
1676665049.4414878	1.9415814999999998
1676665049.584015	1.88337624
1676665049.7219028	1.79172715
1676665049.8696	1.7486123900000001
1676665049.9953678	1.77796828
1676665050.1332393	1.7888144000000001
1676665050.2782953	1.8816035
1676665050.4443133	1.8275906
1676665050.5973125	1.7891447100000002
1676665050.741284	1.79485384
1676665050.8772023	1.80622975
1676665051.0182903	1.80431062
1676665051.1554596	1.79026434
1676665051.3072956	1.80005678
1676665051.4333944	1.80020854
1676665051.5756557	1.78860795
1676665051.7112863	1.81129274
1676665051.847983	1.78467585
1676665052.0073638	1.8101082300000002
1676665052.1371171	1.8191424600000001
1676665052.3010685	1.81965884
1676665052.431183	1.87818402
1676665052.5622857	1.87820386
1676665052.7044568	1.86475868
1676665052.8582947	1.8394534
1676665053.0225961	1.79410474
1676665053.1518836	1.80769577
1676665053.277095	1.84927319
1676665053.420376	1.81360116
1676665053.55265	1.74035245
1676665053.6934166	1.79951842
1676665053.8313103	1.87584834
1676665053.985995	1.85312723
1676665054.1096559	1.83784784
1676665054.2466764	1.8215145700000002
1676665054.4032478	1.8970562
1676665054.5332775	1.96181926
1676665054.6734362	1.9432376199999999
1676665054.8115382	1.9423399899999998
1676665054.9477363	1.85013747
1676665055.084324	1.84870469
1676665055.2268126	1.77952049
1676665055.3835773	1.85726437
1676665055.5364985	1.91155988
1676665055.6948738	1.86858773
1676665055.8324332	1.79876275
1676665055.9710016	1.78796113
1676665056.107791	1.9379880500000002
1676665056.2542608	1.82739172
1676665056.404053	1.83098336
1676665056.5473628	1.8682206399999999
1676665056.6807628	1.8888753
1676665056.8072212	1.90425356
1676665056.94528	1.8153589700000001
1676665057.0963292	1.83470419
1676665057.2582998	1.79300449
1676665057.3957348	1.81429619
1676665057.5541258	1.8331025
1676665057.707636	1.86387886
1676665057.847759	1.89783018
1676665058.004225	1.82879451
1676665058.1613064	1.79840101
1676665058.3382955	1.91682685
1676665058.4731324	1.9111044400000001
1676665058.6172235	1.92192009
1676665058.775246	1.9685101200000001
1676665058.9258144	1.9305838000000002
1676665059.0683002	1.85371716
1676665059.2251825	1.7842401700000001
1676665059.3668835	1.81875881
1676665059.5031905	1.85961022
1676665059.6575003	1.77665962
1676665059.7956905	1.74650635
1676665059.9326582	1.8191867199999998
1676665060.0651577	1.77545044
1676665060.2400692	1.8593185099999998
1676665060.372556	1.85663151
1676665060.4963996	1.91082247
1676665060.6193094	1.96846348
1676665060.766366	1.87991643
1676665060.9124713	1.9224784
1676665061.0696046	1.85148444
1676665061.2144957	1.7668211500000002
1676665061.3573985	1.80259402
1676665061.5011747	1.7667809300000001
1676665061.6631	1.80625425
1676665061.8093426	1.87587388
1676665061.9605732	1.88695273
1676665062.1031673	1.8733456
1676665062.2316003	1.85082489
1676665062.3543947	1.83726119
1676665062.4902437	1.79757446
1676665062.6463845	1.71105102
1676665062.770765	1.82484984
1676665062.9079285	1.79383064
1676665063.0612237	1.8215334
1676665063.2028232	1.91170009
1676665063.3457472	1.8965797400000002
1676665063.4729612	1.82823361
1676665063.5973547	1.84151097
1676665063.7332277	1.86840457
1676665063.8871691	1.9382033300000001
1676665064.0181172	1.96069992
1676665064.176484	1.8561766
1676665064.334628	1.80742933
1676665064.4575043	1.85715574
1676665064.581201	1.8390347
1676665064.7124386	1.7469286400000001
1676665064.8457289	1.80667969
1676665065.0045097	1.84198445
1676665065.139723	1.86582374
1676665065.285333	1.82249596
1676665065.441035	1.76868775
1676665065.555327	1.72534076
1676665065.6783	1.70127786
1676665065.8219244	1.8459404899999998
1676665065.9663053	1.82404929
1676665066.109067	1.73844062
1676665066.2444084	1.7681327599999999
1676665066.3813136	1.8295771900000002
1676665066.517571	1.75364944
1676665066.655267	1.7690631
1676665066.8010635	1.86104583
1676665066.9341035	1.85046566
1676665067.0905118	1.77551383
1676665067.2182949	1.76341831
1676665067.341995	1.7189607999999998
1676665067.481307	1.69189393
1676665067.6183	1.79200841
1676665067.7593575	1.85369118
1676665067.896425	1.79289614
1676665068.0366106	1.8793900700000001
1676665068.1759226	1.91467658
1676665068.2998445	1.98854681
1676665068.4366648	1.8594340999999999
1676665068.5794177	1.6846263099999998
1676665068.723473	1.7804005999999999
1676665068.861165	1.88248513
1676665069.0066774	1.7568299699999999
1676665069.1383038	1.7422651500000002
1676665069.273736	1.81435943
1676665069.4176257	1.8941291500000002
1676665069.5728765	1.8859743199999999
1676665069.7248926	1.81604637
1676665069.8558311	1.8353947
1676665069.9910257	1.85952036
1676665070.1150503	1.87103957
1676665070.252884	1.76882253
1676665070.3839145	1.7697732499999999
1676665070.5422537	1.87689993
1676665070.6999488	1.8855427299999998
1676665070.8365731	1.72536132
1676665070.9655614	1.7389459299999999
1676665071.1094506	1.79378467
1676665071.2412589	1.82059999
1676665071.3741727	1.86597926
1676665071.535295	1.80834842
1676665071.6879232	1.85514385
1676665071.8502316	1.8790265800000001
1676665072.0009866	1.90577755
1676665072.1438842	1.86892843
1676665072.2772336	1.79196719
1676665072.4154851	1.8452552
1676665072.5573516	1.76016233
1676665072.6949766	1.76877457
1676665072.8519893	1.89102915
1676665072.9942935	1.9669740999999998
1676665073.1345022	1.87306469
1676665073.2777462	1.8242181899999999
1676665073.423722	1.77080577
1676665073.5482988	1.79789511
1676665073.6850934	1.8452418
1676665073.822504	1.83027534
1676665073.9582987	1.74102461
1676665074.1178038	1.87348347
1676665074.2696726	1.83043192
1676665074.4127872	1.81833049
1676665074.5366185	1.86041616
1676665074.6679904	1.86162856
1676665074.829934	1.9533604299999998
1676665074.9723513	1.92894306
1676665075.129806	1.79841453
1676665075.266183	1.85780744
1676665075.4082947	1.78775928
1676665075.567192	1.87239266
1676665075.6938913	1.8510939599999998
1676665075.860615	1.73661291
1676665075.9912333	1.7528024899999999
1676665076.1500554	1.7825568600000001
1676665076.2970452	1.67013383
1676665076.444454	1.75432858
1676665076.5803502	1.8577413
1676665076.7319324	1.84192437
1676665076.8682988	1.8484634
1676665077.0122812	1.9406713899999999
1676665077.1706126	1.9287185
1676665077.3073206	1.83206845
1676665077.4494033	1.75691926
1676665077.592616	1.85735395
1676665077.724799	1.92245973
1676665077.8572795	1.88036532
1676665078.002671	1.95451608
1676665078.1493034	1.86873309
1676665078.2952816	1.9364352500000002
1676665078.430971	2.0267230300000003
1676665078.5573082	1.78499846
1676665078.6822448	1.68219153
1676665078.8205316	1.66150957
1676665078.9740803	1.84632457
1676665079.1360867	1.88039248
1676665079.2899077	1.83369246
1676665079.465012	1.81204575
1676665079.6228979	1.81770342
1676665079.7677922	1.91775744
1676665079.9191325	1.8591399
1676665080.07531	1.8711335500000001
1676665080.2079186	1.82491237
1676665080.3509252	1.91442965
1676665080.488292	1.88994365
1676665080.6232886	1.84811466
1676665080.785163	1.92765769
1676665080.9182947	1.99491053
1676665081.060868	1.8692278
1676665081.2072456	1.7949009599999999
1676665081.3576012	1.66192129
1676665081.4968894	1.71057959
1676665081.6249275	1.8663228200000002
1676665081.7582989	1.78509714
1676665081.8953257	1.74501194
1676665082.0327864	1.78987165
1676665082.195474	1.7220488200000001
1676665082.351552	1.73632517
1676665082.482318	1.79462096
1676665082.6343873	1.74852205
1676665082.79044	1.93310539
1676665082.927519	1.9062573399999998
1676665083.0878813	1.84632071
1676665083.2469056	1.8204829
1676665083.405456	1.8532374200000001
1676665083.541493	1.8236257
1676665083.692896	1.86164698
1676665083.8301306	1.87014179
1676665083.9831457	1.81339835
1676665084.1430318	1.8877529
1676665084.276131	1.93884778
1676665084.4045796	1.89904142
1676665084.5429702	1.8228353099999999
1676665084.6844509	1.90032138
1676665084.8177977	1.91449853
1676665084.9574163	1.87638072
1676665085.094722	1.90177078
1676665085.2282946	1.8057631
1676665085.3725355	1.75228418
1676665085.50931	1.73680884
1676665085.6524851	1.7265549199999999
1676665085.8113692	1.80044386
1676665085.939535	1.8249561300000001
1676665086.0866437	1.87557433
1676665086.2244475	1.88351523
1676665086.4004028	1.82088568
1676665086.537494	1.86555826
1676665086.671148	1.81793807
1676665086.838003	1.804717
1676665086.9664	1.82618944
1676665087.1327605	1.82247343
1676665087.2693024	1.83167981
1676665087.427667	1.80602806
1676665087.5812962	1.70032118
1676665087.7436664	1.7257970500000002
1676665087.8808086	1.82630301
1676665088.0434527	1.85589305
1676665088.1893945	1.87566187
1676665088.3170116	1.7317508799999999
1676665088.4553716	1.73739139
1676665088.6013105	1.8424832
1676665088.7571552	1.85388433
1676665088.8933637	1.79939891
1676665089.0694094	1.85098605
1676665089.2244053	1.81809533
1676665089.3519278	1.83755694
1676665089.4893074	1.80422973
1676665089.643379	1.89859873
1676665089.8043513	1.8024425
1676665089.9582381	1.88187453
1676665090.0967727	1.90595558
1676665090.2504332	1.91718905
1676665090.395839	1.9020105200000001
1676665090.5413089	1.86349486
1676665090.6757138	1.89717542
1676665090.811276	1.76821435
1676665090.9740493	1.77799609
1676665091.1269145	1.83370298
1676665091.2696779	1.8186839799999999
1676665091.4170847	1.9030314899999998
1676665091.5807803	1.96786914
1676665091.717279	1.9115992199999998
1676665091.8583057	1.9169528500000002
1676665092.0227728	1.81394968
1676665092.1767523	1.82709996
1676665092.313649	1.93300515
1676665092.4497705	1.82632882
1676665092.608334	1.81882053
1676665092.76232	1.87470918
1676665092.9248724	1.82676784
1676665093.061909	1.77312594
1676665093.2182999	1.8143345000000002
1676665093.359905	1.9134586299999998
1676665093.516885	1.85336224
1676665093.6624987	1.8414651100000001
1676665093.813664	1.81832666
1676665093.9564772	1.79951765
1676665094.1116018	1.9117126899999999
1676665094.2493098	1.9893258
1676665094.386416	1.79321706
1676665094.5443742	1.70134316
1676665094.6775007	1.8175335899999998
1676665094.836292	1.85320994
1676665094.9739344	1.8601212900000001
1676665095.110253	1.82218797
1676665095.2682426	1.82367437
1676665095.422161	1.9038163
1676665095.567557	1.86177553
1676665095.7095065	1.73337911
1676665095.8377516	1.79837924
1676665095.9830067	1.8035913000000001
1676665096.1373496	1.90493003
1676665096.2762127	1.8001310700000002
1676665096.4282985	1.7918899
1676665096.5708919	1.88884448
1676665096.7277129	1.90495469
1676665096.9054618	1.95403067
1676665097.0438325	1.97612833
1676665097.180139	1.81067639
1676665097.3215036	1.84093478
1676665097.4593084	1.8912735600000001
1676665097.6229587	1.84773513
1676665097.7616053	1.83346094
1676665097.8899014	1.7951313500000001
1676665098.0357447	1.8287936699999998
1676665098.1731153	1.84639672
1676665098.334835	1.91051852
1676665098.4731982	1.84729704
1676665098.6093087	1.83423148
1676665098.767518	1.74764794
1676665098.9074967	1.77773796
1676665099.0655668	1.86137712
1676665099.2044468	1.8467177700000001
1676665099.3549612	1.7461588399999999
1676665099.4924319	1.8416188199999999
1676665099.6466954	1.89548537
1676665099.8117828	1.93305565
1676665099.9739692	1.8457729200000002
1676665100.111343	1.8813313
1676665100.264639	1.74215261
1676665100.4070845	1.76687077
1676665100.5526118	1.84325054
1676665100.6772885	1.88365689
1676665100.8353674	1.8726429199999999
1676665100.9848335	1.8749921
1676665101.1202908	1.83088583
1676665101.2553484	1.77802415
1676665101.396806	1.8143241300000001
1676665101.5344756	1.8528326800000001
1676665101.6877923	1.84613467
1676665101.8321114	1.92901611
1676665101.9634821	1.90709488
1676665102.09601	1.83837771
1676665102.2381642	1.8641892100000002
1676665102.3842912	1.87247114
1676665102.514119	1.78135068
1676665102.6726544	1.77967767
1676665102.806752	1.8285911499999998
1676665102.9524956	1.89492375
1676665103.089333	1.95634565
1676665103.2465544	1.87989135
1676665103.3812394	1.81063313
1676665103.517682	1.8158880899999998
1676665103.6518176	1.88154559
1676665103.807772	1.80748599
1676665103.9658053	1.72548715
1676665104.1081717	1.89514082
1676665104.2362607	1.96372661
1676665104.3618846	1.9427459200000001
1676665104.4999478	1.81892514
1676665104.6527846	1.79181277
1676665104.7969966	1.7418601
1676665104.9530876	1.83555495
1676665105.112175	1.86034012
1676665105.2498393	1.8401642999999999
1676665105.4050834	1.87671843
1676665105.5625591	1.87370219
1676665105.6966383	1.76547953
1676665105.8518794	1.80418284
1676665105.9982984	1.84587516
1676665106.161487	1.7876635
1676665106.2845974	1.86245439
1676665106.4094582	1.8618130700000002
1676665106.5730884	1.82210383
1676665106.714932	1.76445911
1676665106.8782926	1.79930912
1676665107.009727	1.90365271
1676665107.1682997	1.88798275
1676665107.3145354	1.84455268
1676665107.4512184	1.82154509
1676665107.5965257	1.77007173
1676665107.728294	1.89440827
1676665107.8623898	1.84043934
1676665108.0052	1.78986146
1676665108.1533623	1.79201063
1676665108.3207586	1.8923853
1676665108.4514859	1.87220359
1676665108.5817492	1.79474077
1676665108.7410333	1.7960180399999999
1676665108.877911	1.8282491300000001
1676665109.0420785	1.91566847
1676665109.1642764	1.87530776
1676665109.313216	1.87720812
1676665109.4482994	1.87317414
1676665109.580175	1.75805316
1676665109.725901	1.84192487
1676665109.85889	1.8871249700000001
1676665110.011205	1.91311821
1676665110.1482978	1.91259004
1676665110.2847924	1.86184865
1676665110.42724	1.8918549599999999
1676665110.582839	1.76925097
1676665110.7407286	1.79444682
1676665110.8738694	1.9074690300000001
1676665111.0061052	1.8876857500000002
1676665111.168443	1.8615563099999999
1676665111.3229895	1.9113491200000001
1676665111.460355	1.8216701499999999
1676665111.6142092	1.92569835
1676665111.7573686	1.8043706400000001
1676665111.895132	1.78285107
1676665112.04569	1.84526864
1676665112.1825445	1.7859080600000001
1676665112.3176546	1.7937486599999999
1676665112.474287	1.80327192
1676665112.6536212	1.79377279
1676665112.7971046	1.78257916
1676665112.9416554	1.7285231399999998
1676665113.0756934	1.76725001
1676665113.2313755	1.77737759
1676665113.368302	1.79828641
1676665113.5081074	1.8577354899999998
1676665113.630169	1.9091906
1676665113.7513313	1.78293068
1676665113.8741388	1.85190195
1676665113.99829	1.87722225
1676665114.1219926	1.77833635
1676665114.2616014	1.84988684
1676665114.3821988	1.87892046
1676665114.5042012	1.818496
1676665114.645379	1.94946822
1676665114.7814858	1.9773350200000002
1676665114.9172928	1.86305532
1676665115.0511527	1.76619843
1676665115.1747534	1.72820131
1676665115.3148978	1.74724727
1676665115.4351997	1.84564788
1676665115.5622563	1.87661242
1676665115.6876688	1.8358688399999998
1676665115.846449	1.83643401
1676665116.0009964	1.81641961
1676665116.120999	1.7979221799999998
1676665116.242656	1.83657665
1676665116.3841755	1.8608958199999999
1676665116.5231981	1.90596617
1676665116.660751	1.93109074
1676665116.7837527	1.8808909200000001
1676665116.939466	1.79436865
1676665117.0965416	1.75163783
1676665117.2157938	1.80700949
1676665117.3499	1.85557712
1676665117.4714372	1.8023713099999998
1676665117.59228	1.92203161
1676665117.7328653	1.99295789
1676665117.8904872	1.9810382699999998
1676665118.024966	2.0752252
1676665118.1930754	1.9883619499999998
1676665118.3295565	1.9173343299999999
1676665118.4729054	1.86436604
1676665118.629869	1.8579024499999999
1676665118.771103	1.8350900700000001
1676665118.9039397	1.87834528
1676665119.0467434	1.78294113
1676665119.188306	1.84702846
1676665119.3401382	1.9441447600000001
1676665119.4768772	1.8752711400000002
1676665119.630082	1.84820571
1676665119.7676961	1.81837667
1676665119.9042413	1.80355294
1676665120.0621746	1.83598886
1676665120.1941872	1.9230114
1676665120.328295	1.89920754
1676665120.477227	1.80927011
1676665120.6312802	1.81423765
1676665120.7869377	1.85871009
1676665120.9229512	1.818292
1676665121.071454	1.74687292
1676665121.2139635	1.9005673900000002
1676665121.3449934	1.95313889
1676665121.5215344	1.8689181000000001
1676665121.674666	1.87094877
1676665121.818299	1.95363704
1676665121.9507415	1.93319739
1676665122.098053	1.87237078
1676665122.234793	1.82509016
1676665122.3793714	1.91439055
1676665122.519642	1.8793813099999999
1676665122.6789725	1.94244663
1676665122.8373818	1.88380405
1676665122.9808521	1.9034002
1676665123.1129358	1.96240097
1676665123.2577941	1.87607874
1676665123.3929274	1.8171053099999999
1676665123.5497427	1.77632206
1676665123.6868677	1.78020161
1676665123.8393173	1.8229737000000001
1676665123.987769	1.7919164
1676665124.1429927	1.83671435
1676665124.2841308	1.80840629
1676665124.4183035	1.83131201
1676665124.5638628	1.87096223
1676665124.7048824	1.9721098600000002
1676665124.842294	1.89607554
1676665124.9970016	1.82437279
1676665125.1409569	1.83218175
1676665125.273318	1.81990394
1676665125.420717	1.82018223
1676665125.5576878	1.79576333
1676665125.7038262	1.783404
1676665125.8526561	1.89073264
1676665126.010862	1.87955032
1676665126.1530476	1.86028502
1676665126.3068285	1.9592969
1676665126.4652572	1.87445896
1676665126.598075	1.81106553
1676665126.7325268	1.8308895699999999
1676665126.8582947	1.86002828
1676665126.995766	1.8808416399999999
1676665127.151167	1.88031132
1676665127.2806466	1.89349696
1676665127.4354281	2.01366967
1676665127.562808	1.89345031
1676665127.7278163	1.78427975
1676665127.8653488	1.8387333899999998
1676665128.0243149	1.8111159300000002
1676665128.166285	1.84241614
1676665128.3037107	1.8469992100000001
1676665128.4403167	1.81817366
1676665128.582872	1.80478532
1676665128.7202482	1.805861
1676665128.8578484	1.78579243
1676665128.9971876	1.7916998499999999
1676665129.1383	1.85322082
1676665129.2976267	1.94595243
1676665129.4263182	1.94157957
1676665129.5505183	1.87154826
1676665129.6876125	1.89240719
1676665129.8301709	1.92972537
1676665129.9631698	1.86078044
1676665130.130204	1.9371445
1676665130.2881718	1.93051844
1676665130.446044	1.86419884
1676665130.607203	1.84777444
1676665130.7429717	1.8080711600000001
1676665130.8936374	1.74094026
1676665131.0365915	1.76678595
1676665131.1823087	1.74434566
1676665131.3165514	1.7896535
1676665131.4763625	1.73208179
1676665131.619519	1.77157058
1676665131.7610314	1.87169504
1676665131.9069655	1.84541064
1676665132.0576122	1.78239631
1676665132.1802392	1.808885
1676665132.3121517	1.92521401
1676665132.454188	1.84468782
1676665132.5972633	1.74185545
1676665132.7444165	1.8852399400000002
1676665132.8709407	1.9233501100000001
1676665133.032658	1.83765852
1676665133.1599145	1.91133129
1676665133.2846184	1.97958824
1676665133.4217417	1.78251749
1676665133.5631475	1.8442744
1676665133.7248907	1.8088190499999999
1676665133.8782997	1.81771117
1676665134.0364282	1.86940431
1676665134.1738977	1.77129925
1676665134.3147104	1.8086377999999999
1676665134.474342	1.78859447
1676665134.6063302	1.67465753
1676665134.7527387	1.68399096
1676665134.890029	1.8160756999999998
1676665135.0243788	1.91205036
1676665135.1763647	1.86178035
1676665135.330706	1.85979044
1676665135.4636278	1.87307151
1676665135.6221905	1.92997724
1676665135.7583141	1.89579005
1676665135.9164045	1.80137203
1676665136.049296	1.83031768
1676665136.1779983	1.86030145
1676665136.316136	1.85390275
1676665136.467893	1.9219822100000001
1676665136.6131253	1.83707619
1676665136.7713053	1.8403857300000002
1676665136.9342678	1.8057454400000001
1676665137.0801377	1.84383845
1676665137.2465975	1.84030423
1676665137.3774295	1.85135356
1676665137.5348604	1.7978388799999998
1676665137.6804187	1.7882593299999998
1676665137.8472807	1.81698842
1676665137.9782953	1.8526295
1676665138.1368687	1.8612079400000001
1676665138.2834916	1.94510542
1676665138.434608	1.88189315
1676665138.572003	1.83777353
1676665138.7038195	1.80851791
1676665138.8487535	1.71406978
1676665138.9928408	1.7466022300000001
1676665139.1207414	1.72524191
1676665139.2874084	1.7659002400000001
1676665139.4228556	1.83621098
1676665139.578301	1.85716699
1676665139.7319891	1.83930712
1676665139.8970554	1.83329395
1676665140.0289176	1.83625924
1676665140.1871326	1.95845032
1676665140.3343306	1.84600075
1676665140.460663	1.9075560999999999
1676665140.617789	1.97185474
1676665140.7509298	1.83897788
1676665140.8790429	1.80647599
1676665141.037938	1.83026913
1676665141.1892846	1.72246966
1676665141.3479347	1.8142812
1676665141.4846518	1.8382143
1676665141.6226857	1.80810556
1676665141.7583013	1.7974717900000001
1676665141.9393692	1.9290569
1676665142.0705104	1.8897648599999999
1676665142.2165008	1.8063162
1676665142.3744442	1.83022898
1676665142.5100386	1.7916753399999998
1676665142.6699078	1.9158263100000001
1676665142.8247573	1.92073219
1676665142.9674659	1.81851422
1676665143.1227567	1.83118509
1676665143.2639585	1.8164004399999998
1676665143.4072654	1.7629066199999999
1676665143.5664861	1.8530708999999999
1676665143.7222939	1.93864246
1676665143.8534071	1.9484306200000001
1676665143.9934413	1.88914348
1676665144.1466653	1.80667073
1676665144.2843075	1.81092081
1676665144.4377215	1.8196349200000002
1676665144.5631974	1.8465464
1676665144.6994007	1.89921319
1676665144.8533573	1.8170268399999998
1676665144.995954	1.85429844
1676665145.1754985	1.91824807
1676665145.3177474	1.90468867
1676665145.4562478	1.90515358
1676665145.613638	2.02714798
1676665145.7731254	1.93044977
1676665145.931729	1.81803386
1676665146.0857313	1.82854271
1676665146.229856	1.9096449599999998
1676665146.3672783	1.9624186799999999
1676665146.519877	1.9365042300000002
1676665146.655545	1.92395131
1676665146.7993336	1.8477475
1676665146.9573529	1.78800731
1676665147.1100338	1.78243815
1676665147.2328727	1.8807053599999999
1676665147.3760998	1.89141636
1676665147.5221844	1.81638251
1676665147.6647692	1.89596458
1676665147.8304124	1.82395287
1676665147.9534416	1.7789806000000001
1676665148.100585	1.9250867100000002
1676665148.2576559	1.86311786
1676665148.4099953	1.78415674
1676665148.568105	1.7621180799999998
1676665148.7277668	1.83820828
1676665148.8641038	1.80917463
1676665149.0425673	1.7993525700000002
1676665149.1896286	1.90755319
1676665149.3363872	1.84643289
1676665149.493538	1.8501177899999999
1676665149.6282952	1.81138501
1676665149.7527268	1.74755981
1676665149.9066017	1.70679797
1676665150.0654879	1.81189656
1676665150.221806	1.7639343600000001
1676665150.347875	1.71482518
1676665150.4847898	1.817736
1676665150.6167135	1.93664494
1676665150.7745552	1.8615055
1676665150.9074776	1.8975662899999999
1676665151.0723531	1.86331899
1676665151.196416	1.8251058100000002
1676665151.3415387	1.89254886
1676665151.493241	1.934863
1676665151.6303294	1.8117034300000001
1676665151.8082988	1.78748559
1676665151.9519994	1.78015117
1676665152.0838811	1.80891348
1676665152.2095087	1.79556267
1676665152.352701	1.83264604
1676665152.484292	1.85674966
1676665152.6180596	1.81359575
1676665152.778299	1.9394095900000001
1676665152.9282947	1.9919537900000002
1676665153.0648067	1.9524617199999998
1676665153.2198744	1.86127
1676665153.3570712	1.8124032
1676665153.4923038	1.81474969
1676665153.6503365	1.80617165
1676665153.7826974	1.88891297
1676665153.9356308	1.90091733
1676665154.088044	1.8813388500000001
1676665154.2304668	1.7445667599999999
1676665154.3736537	1.7747500600000001
1676665154.509997	1.7717751099999999
1676665154.667337	1.6328383
1676665154.8036053	1.69912263
1676665154.9315655	1.7891363200000001
1676665155.062044	1.88908831
1676665155.2000117	1.92982014
1676665155.3506615	1.80608624
1676665155.5131695	1.83380722
1676665155.64954	1.83736504
1676665155.828298	1.8202370700000001
1676665155.992079	1.7550648
1676665156.1295378	1.93627612
1676665156.282318	1.89994935
1676665156.4423966	1.8184117
1676665156.5939512	1.89529817
1676665156.737559	1.78787396
1676665156.8762968	1.8520664900000001
1676665157.0181954	1.83841915
1676665157.1751916	1.89927103
1676665157.3335812	1.87852091
1676665157.4882915	1.79920268
1676665157.6228144	1.70057623
1676665157.789307	1.75856898
1676665157.9183047	1.84240702
1676665158.0782998	1.69799862
1676665158.2410421	1.86239248
1676665158.378252	1.84037903
1676665158.5326838	1.91425248
1676665158.6770165	1.95250912
1676665158.8219616	1.77128759
1676665158.98629	1.78408449
1676665159.1239173	1.80985577
1676665159.2521515	1.87513951
1676665159.3800511	1.87561728
1676665159.523499	1.79383887
1676665159.6695065	1.81822992
1676665159.8527207	1.88660711
1676665159.9861548	1.8440108499999999
1676665160.1457355	1.8667412300000001
1676665160.280212	1.81368653
1676665160.4450674	1.84456409
1676665160.6034138	1.88045694
1676665160.7412636	1.75100489
1676665160.878298	1.87454136
1676665161.037124	1.86522401
1676665161.1752565	1.87699082
1676665161.3033023	1.82832994
1676665161.4483008	1.80843833
1676665161.586455	1.81631808
1676665161.7466147	1.86535002
1676665161.8841476	1.8849879999999999
1676665162.0212457	1.98161053
1676665162.1782992	2.0224249
1676665162.3320813	1.8364198900000002
1676665162.4959419	1.6880575100000001
1676665162.6499867	1.78293725
1676665162.788301	1.80856203
1676665162.925484	1.80052193
1676665163.058301	1.85897954
1676665163.211415	1.8958741399999999
1676665163.3439245	1.8115332
1676665163.4883559	1.84384902
1676665163.633786	1.92474207
1676665163.7903132	1.81703106
1676665163.9273968	1.84318304
1676665164.0817215	1.81731633
1676665164.224455	1.83262219
1676665164.400497	1.841554
1676665164.5352852	1.83049179
1676665164.689402	1.72164453
1676665164.8276107	1.8190053
1676665164.9679134	1.88388778
1676665165.1321468	1.7283532
1676665165.2697093	1.7724288300000002
1676665165.4283006	1.86912583
1676665165.5717924	1.9674127100000003
1676665165.726939	1.97149388
1676665165.8924441	1.77916107
1676665166.0205522	1.74588597
1676665166.187045	1.75701252
1676665166.3243053	1.85409559
1676665166.4675248	1.8650854099999998
1676665166.6226645	1.70086391
1676665166.7708006	1.86759224
1676665166.935089	1.8609790400000001
1676665167.0682986	1.7710587899999999
1676665167.2141254	1.76804773
1676665167.3514926	1.7734794299999999
1676665167.4871266	1.85565671
1676665167.633077	1.71683211
1676665167.7719169	1.69345723
1676665167.9242766	1.91373841
1676665168.0682952	1.9637784299999999
1676665168.2143734	1.79954775
1676665168.3730958	1.83654637
1676665168.526795	1.93815035
1676665168.6653907	1.8842500899999999
1676665168.8212492	1.83448729
1676665168.9793065	1.89331863
1676665169.1333005	1.82687887
1676665169.2782989	1.8073513600000002
1676665169.4165726	1.79381897
1676665169.5473354	1.83095965
1676665169.6923535	1.76726064
1676665169.8482945	1.7654133600000002
1676665169.9803925	1.88382949
1676665170.1503024	1.90530992
1676665170.2797837	1.8997675500000002
1676665170.4175122	1.9232009
1676665170.5644789	1.92825048
1676665170.6932375	2.02161495
1676665170.852459	1.91545681
1676665171.0043757	1.8573102000000001
1676665171.1629765	1.89276023
1676665171.306449	1.82893236
1676665171.4477983	1.77537311
1676665171.6017544	1.73514375
1676665171.7283535	1.78198002
1676665171.8660066	1.83844613
1676665172.0028315	1.88704576
1676665172.14448	1.84890446
1676665172.2860463	1.87732142
1676665172.4233053	1.88494432
1676665172.5839596	1.87714983
1676665172.7201655	1.8773552
1676665172.875629	1.8425754600000002
1676665173.0125983	1.8866409100000001
1676665173.1821513	1.87504141
1676665173.3382635	1.8059532699999998
1676665173.4951682	1.8789627899999999
1676665173.6672747	1.82067625
1676665173.794006	1.8573354400000002
1676665173.9307902	1.8845083200000001
1676665174.0764651	1.8564530000000001
1676665174.2249212	1.78537219
1676665174.3859742	1.8143151800000001
1676665174.5416734	1.82364968
1676665174.6944644	1.85365277
1676665174.8360329	1.82120184
1676665174.973058	1.88160911
1676665175.1293983	1.85442118
1676665175.281721	1.80316235
1676665175.4377542	1.73956939
1676665175.5962946	1.82858719
1676665175.7530274	1.85313264
1676665175.9068334	1.7738520500000001
1676665176.0376377	1.8383303000000002
1676665176.201066	1.9819173200000002
1676665176.3334708	1.91323708
1676665176.4771116	1.92774642
1676665176.6083002	1.8858553699999998
1676665176.7435086	1.9175931099999999
1676665176.8707435	1.92562728
1676665177.0068007	1.87722707
1676665177.162809	1.8820702
1676665177.286863	1.8638945199999999
1676665177.4313455	1.88910111
1676665177.568299	1.85211861
1676665177.7249007	1.87012431
1676665177.8667846	1.88070606
1676665177.9982998	1.82186137
1676665178.1242256	1.83232139
1676665178.2671976	1.88973814
1676665178.4148133	1.8186832
1676665178.5414412	1.81340828
1676665178.6814902	1.8633324199999999
1676665178.8282957	1.95556387
1676665178.9540534	1.87549182
1676665179.0918756	1.72028471
1676665179.2376058	1.84959242
1676665179.3648853	1.88322625
1676665179.5027456	1.83983162
1676665179.6495857	1.78996053
1676665179.8154902	1.80825795
1676665179.9683104	1.8456903599999999
1676665180.1273952	1.90900447
1676665180.2851205	1.93042215
1676665180.422602	1.86834831
1676665180.5672474	1.8219353
1676665180.7016838	1.89678993
1676665180.8568177	1.93537739
1676665181.0147018	1.85049761
1676665181.1616724	1.82975986
1676665181.2972722	1.8153891800000002
1676665181.4222553	1.8729287399999999
1676665181.5596511	1.9452433
1676665181.7126331	1.8593211
1676665181.8434088	1.82907511
1676665181.9799035	1.88371587
1676665182.1274593	1.92933314
1676665182.275337	1.78363426
1676665182.4172843	1.7151097
1676665182.5509703	1.77720284
1676665182.717953	1.8176182399999998
1676665182.8557992	1.8101937499999998
1676665182.9979455	1.83251656
1676665183.15896	1.7935392399999999
1676665183.3158777	1.8993036699999999
1676665183.471424	1.9113573499999998
1676665183.6031814	1.92555912
1676665183.7455013	1.9002254299999999
1676665183.8778894	1.8693617200000001
1676665184.0182986	1.7999877899999999
1676665184.177676	1.8923998499999999
1676665184.3182883	1.90014822
1676665184.4567583	1.84010826
1676665184.5946152	1.9445992
1676665184.731119	1.84272716
1676665184.8703954	1.81160605
1676665185.0081377	1.86169592
1676665185.1451886	1.82367367
1676665185.3047228	1.76248015
1676665185.455297	1.80846255
1676665185.6075904	1.87783734
1676665185.7405207	1.81324599
1676665185.8783002	1.81496832
1676665186.023117	1.84435528
1676665186.1717308	1.7855631299999999
1676665186.314307	1.7671874399999998
1676665186.4597995	1.8921302599999998
1676665186.605866	1.88944059
1676665186.767052	1.79934075
1676665186.922696	1.82003291
1676665187.076472	1.86009278
1676665187.2015202	1.88201127
1676665187.3593256	1.8807538400000001
1676665187.4875884	1.83694902
1676665187.615865	1.8749094
1676665187.767768	1.6849632399999999
1676665187.900879	1.73517436
1676665188.0446627	1.86228625
1676665188.1996126	1.84983202
1676665188.3661826	1.86483383
1676665188.511775	1.87452868
1676665188.647657	1.91732489
1676665188.8118062	1.90414301
1676665188.9343486	1.8739495599999998
1676665189.0603154	1.80285383
1676665189.1958354	1.89286953
1676665189.3382986	1.84038651
1676665189.4762523	1.89852343
1676665189.633387	1.87022176
1676665189.7853756	1.7864873399999999
1676665189.9072192	1.8346243999999998
1676665190.0299702	1.8733926200000002
1676665190.161014	1.89201876
1676665190.293248	1.8494557999999999
1676665190.4338906	1.94491842
1676665190.5779777	1.85063119
1676665190.7172453	1.80998897
1676665190.8603177	1.85495258
1676665191.0105174	1.80876961
1676665191.1605747	1.7716455199999999
1676665191.3204994	1.8247216000000002
1676665191.4783018	1.8751519700000001
1676665191.6195118	1.8906975099999999
1676665191.752461	1.91304285
1676665191.8893597	1.96527867
1676665192.0628366	1.8420929700000002
1676665192.221478	1.8628723999999999
1676665192.3610663	1.93233601
1676665192.5243206	1.84871838
1676665192.6472945	1.7726099800000001
1676665192.7922978	1.8675986900000001
1676665192.9503534	1.8479976999999999
1676665193.0823252	1.83726258
1676665193.2435873	1.9034745
1676665193.3838713	1.75973856
1676665193.5080395	1.79382446
1676665193.6462562	1.8592299
1676665193.798297	1.89576097
1676665193.9524484	1.92777331
1676665194.0872157	1.84455034
1676665194.2324712	1.86576589
1676665194.355268	1.85158858
1676665194.4782925	1.86209323
1676665194.6368144	1.92856655
1676665194.884122	1.8385288599999998
