Time (s)\Voltage (mV)
1676665550.2699995	1.7677557199999998
1676665550.3935554	1.71851734
1676665550.531129	1.62908016
1676665550.6604676	1.5768797
1676665550.822716	1.74126003
1676665550.969873	1.85496544
1676665551.1159966	1.81893093
1676665551.2569306	1.8389426500000001
1676665551.3762739	1.77701946
1676665551.5335836	1.74770164
1676665551.6929595	1.78642097
1676665551.8030853	1.80273218
1676665551.9266396	1.8206778300000002
1676665552.0510778	1.74899114
1676665552.1726413	1.76864145
1676665552.295419	1.77080188
1676665552.4182959	1.7802640200000002
1676665552.5735211	1.73065511
1676665552.7321281	1.69547641
1676665552.8834987	1.8098381399999999
1676665553.0021417	1.89034243
1676665553.1424701	1.81902359
1676665553.2594755	1.7590699300000001
1676665553.407588	1.68510699
1676665553.543959	1.67654356
1676665553.6982942	1.65388774
1676665553.8400414	1.8561659199999998
1676665553.9771044	1.8883787699999999
1676665554.1046746	1.81841538
1676665554.2640486	1.78414498
1676665554.4213958	1.75325551
1676665554.53374	1.7372311200000001
1676665554.656729	1.6783236300000002
1676665554.7768085	1.7157887699999999
1676665554.8926158	1.79293791
1676665555.0144556	1.8150060399999999
1676665555.1349692	1.7464648200000001
1676665555.2572172	1.82431856
1676665555.3926754	1.79015547
1676665555.510704	1.85053059
1676665555.6293294	1.82012533
1676665555.7753658	1.80021978
1676665555.9147825	1.74412637
1676665556.0272322	1.77384581
1676665556.1518779	1.8357261
1676665556.3102682	1.8061034299999998
1676665556.4639196	1.92018488
1676665556.6076338	1.87037346
1676665556.7512038	1.82018487
1676665556.90968	1.78080594
1676665557.0452032	1.79562814
1676665557.203103	1.73404273
1676665557.3253808	1.7900653899999999
1676665557.4473834	1.86236448
1676665557.5702863	1.85557807
1676665557.692263	1.7971123999999998
1676665557.8254225	1.78513217
1676665557.9845068	1.67867962
1676665558.1176262	1.6717538
1676665558.2793043	1.7899426
1676665558.4373243	1.77476167
1676665558.590411	1.79167403
1676665558.7082956	1.8308035
1676665558.830088	1.81044692
1676665558.9403079	1.7431770500000001
1676665559.0855665	1.82739737
1676665559.2453458	1.84722357
1676665559.3664322	1.84334134
1676665559.5072792	1.80962865
1676665559.661914	1.7991712899999999
1676665559.8208346	1.85527169
1676665559.9742754	1.8334373499999999
1676665560.1163871	1.78035318
1676665560.2371252	1.79304497
1676665560.3598235	1.7408096400000002
1676665560.4811807	1.7832005100000001
1676665560.61953	1.83189572
1676665560.7585526	1.80537374
1676665560.9166336	1.7164224
1676665561.0282924	1.7985311499999999
1676665561.1763153	1.74608833
1676665561.295625	1.75936835
1676665561.434777	1.84056011
1676665561.5759726	1.85771164
1676665561.735267	1.7947256299999998
1676665561.88752	1.81731765
1676665562.023712	1.8238654300000001
1676665562.144283	1.83164438
1676665562.2673764	1.8112342300000002
1676665562.400955	1.78053993
1676665562.5230372	1.8151749099999999
1676665562.6612651	1.76141349
1676665562.783706	1.79426984
1676665562.9481502	1.7622172900000002
1676665563.1097426	1.6990007
1676665563.2682116	1.6707795300000001
1676665563.4197576	1.79551078
1676665563.5755644	1.78978878
1676665563.7099233	1.75472055
1676665563.8468487	1.83887326
1676665564.0035515	1.81391974
1676665564.1658244	1.7527553
1676665564.2879806	1.74104587
1676665564.4107351	1.77532533
1676665564.5332053	1.74544609
1676665564.6674366	1.84053072
1676665564.8260398	1.83271371
1676665564.95745	1.84605485
1676665565.1155124	1.80872538
1676665565.2739546	1.76851533
1676665565.4320574	1.7991769899999999
1676665565.568123	1.74560092
1676665565.7315953	1.83103391
1676665565.8859115	1.75345736
1676665566.045315	1.80955454
1676665566.1983066	1.9261652200000001
1676665566.3661983	1.80513448
1676665566.50115	1.77049736
1676665566.659301	1.86177969
1676665566.7803128	1.83154546
1676665566.915942	1.73209436
1676665567.05829	1.7334274
1676665567.1901853	1.74168679
1676665567.3476596	1.7410486900000002
1676665567.4861164	1.72492778
1676665567.622888	1.81286731
1676665567.7564847	1.753496
1676665567.898289	1.772571
1676665568.0369194	1.85123984
1676665568.163405	1.7128827500000001
1676665568.3194964	1.7379312
1676665568.4608073	1.9192861600000002
1676665568.5929554	1.87310743
1676665568.7274084	1.7890050800000001
1676665568.8714013	1.86466679
1676665569.0048056	1.78616097
1676665569.1257148	1.7150147699999998
1676665569.2582915	1.69997165
1676665569.4122586	1.68430437
1676665569.5548208	1.75491221
1676665569.7009642	1.81816633
1676665569.8250928	1.74878107
1676665569.9825351	1.71864559
1676665570.112749	1.7365130100000001
1676665570.2365158	1.70189265
1676665570.3782947	1.71570407
1676665570.5251763	1.7176779
1676665570.6709876	1.7942276300000002
1676665570.826984	1.8217775500000002
1676665570.958433	1.75615009
1676665571.0983016	1.8433180500000002
1676665571.251256	1.8542199499999998
1676665571.4121518	1.85917516
1676665571.5403142	1.84380655
1676665571.6603026	1.8181022999999998
1676665571.7982984	1.89116445
1676665571.936423	1.92739631
1676665572.0682893	1.83725769
1676665572.2124054	1.75595876
1676665572.334341	1.7994531599999999
1676665572.476825	1.81930657
1676665572.6151128	1.8117035
1676665572.7701373	1.8491821
1676665572.9017496	1.82987869
1676665573.0370789	1.8014557900000001
1676665573.1782782	1.70600746
1676665573.3151135	1.7603807599999999
1676665573.4375067	1.94954542
1676665573.5824497	1.86649987
1676665573.7256064	1.71810245
1676665573.8372781	1.7176445200000001
1676665573.9836	1.81408003
1676665574.139846	1.86346969
1676665574.2817333	1.8947415399999998
1676665574.413977	1.8218150100000001
1676665574.5546386	1.81322176
1676665574.687022	1.8570562
1676665574.8226473	1.8035541
1676665574.9755802	1.78858391
1676665575.1344664	1.74892935
1676665575.2627308	1.76432048
1676665575.3867795	1.73771645
1676665575.523058	1.8217700399999999
1676665575.6771224	1.7878798500000002
1676665575.8382638	1.76980708
1676665575.9938357	1.8112982000000002
1676665576.1363347	1.79460834
1676665576.2579691	1.81466191
1676665576.3806906	1.86441939
1676665576.502341	1.8527297900000002
1676665576.634495	1.8180610099999999
1676665576.8111818	1.79653847
1676665576.925302	1.79534154
1676665577.046492	1.79436418
1676665577.188298	1.8305756899999999
1676665577.3340094	1.87748586
1676665577.474382	1.78038706
1676665577.6181386	1.6943510099999999
1676665577.7650604	1.73546143
1676665577.9108186	1.75088903
1676665578.0460935	1.76076675
1676665578.1740026	1.8261942299999998
1676665578.319576	1.8623129699999998
1676665578.4753091	1.73968738
1676665578.5904775	1.7497013000000001
1676665578.7142935	1.7947920800000001
1676665578.8561926	1.7521378900000002
1676665579.0003088	1.90532429
1676665579.1373181	1.8845491099999998
1676665579.2782984	1.81530964
1676665579.4255004	1.87660381
1676665579.5914702	1.74249943
1676665579.7366536	1.71758932
1676665579.8582954	1.78035711
1676665580.0060163	1.87070646
1676665580.1608303	1.80660455
1676665580.3044436	1.6920834699999998
1676665580.4271436	1.71604501
1676665580.5502696	1.80779443
1676665580.6731834	1.81968618
1676665580.7958372	1.8131475099999999
1676665580.9185436	1.78722877
1676665581.0424812	1.77559655
1676665581.2019424	1.72147048
1676665581.3311112	1.78446724
1676665581.4769804	1.8924278099999998
1676665581.5983016	1.79658352
1676665581.7445097	1.84436173
1676665581.868301	1.8102511700000001
1676665582.0066066	1.70523463
1676665582.1477058	1.74802069
1676665582.287474	1.89358029
1676665582.4233422	1.90502269
1676665582.6014562	1.8461736199999998
1676665582.7380385	1.78776961
1676665582.8609886	1.74455939
1676665583.002952	1.72227677
1676665583.1271152	1.7882817000000002
1676665583.2626722	1.8879666
1676665583.415657	1.74327247
1676665583.5575283	1.76221873
1676665583.6975217	1.7561459799999999
1676665583.8172958	1.7480457
1676665583.9728105	1.7640233600000002
1676665584.0934174	1.80551016
1676665584.215179	1.78976299
1676665584.3695996	1.72545789
1676665584.5070095	1.74428082
1676665584.6283042	1.71457263
1676665584.7494	1.79838326
1676665584.8724408	1.71658184
1676665585.0152378	1.6888919900000001
1676665585.1527278	1.7757558500000001
1676665585.3055055	1.78937155
1676665585.4682918	1.85262834
1676665585.5983026	1.85643067
1676665585.7408504	1.8332954700000001
1676665585.8637614	1.7648105299999999
1676665586.018007	1.70935111
1676665586.1810172	1.8207869399999999
1676665586.3029807	1.90273659
1676665586.4259086	1.92575863
1676665586.5631645	1.8633116
1676665586.7246988	1.8140909600000001
1676665586.8782897	1.84219099
1676665587.0165894	1.84630165
1676665587.1373641	1.85071688
1676665587.2923887	1.9044717899999999
1676665587.4352298	1.87370675
1676665587.5832717	1.83761275
1676665587.7077124	1.89543382
1676665587.869327	1.84581744
1676665588.0036416	1.8452340399999998
1676665588.1260357	1.86162412
1676665588.262166	1.85878484
1676665588.4159179	1.90543807
1676665588.5615327	1.94987885
1676665588.6830742	1.83235835
1676665588.804982	1.76002719
1676665588.947464	1.74058602
1676665589.0592635	1.70873727
1676665589.2055254	1.74941058
1676665589.3455548	1.73651236
1676665589.4670112	1.69852283
1676665589.6082978	1.79280252
1676665589.744972	1.81623745
1676665589.8877792	1.7146952000000002
1676665590.031118	1.63913547
1676665590.1682994	1.72283609
1676665590.3083055	1.6323721299999998
1676665590.4507875	1.7186096100000001
1676665590.588211	1.78914132
1676665590.7419977	1.7619621300000001
1676665590.8655877	1.73135171
1676665591.0034866	1.77564131
1676665591.13068	1.79487712
1676665591.251879	1.70707008
1676665591.3905218	1.7323523
1676665591.5317857	1.86659059
1676665591.6542609	1.9032165399999998
1676665591.7852788	1.85365
1676665591.9416296	1.8547514
1676665592.0883	1.85509029
1676665592.2182994	1.85612037
1676665592.3482952	1.8438833000000001
1676665592.4905045	1.8961915200000001
1676665592.6360183	1.80166941
1676665592.7627914	1.7156860600000001
1676665592.9005768	1.71674776
1676665593.0382993	1.8656896699999999
1676665593.1730864	1.9583494600000002
1676665593.3140097	1.98773805
1676665593.4802747	1.8853179599999998
1676665593.6263807	1.83774295
1676665593.781124	1.8974563599999998
1676665593.9394	1.92433866
1676665594.086623	1.84961914
1676665594.236671	1.86162081
1676665594.3738465	1.85325632
1676665594.5250323	1.8250082699999999
1676665594.6845322	1.70242203
1676665594.8436306	1.74815835
1676665594.9800675	1.7707932499999999
1676665595.130989	1.85142781
1676665595.2682943	1.81488706
1676665595.429824	1.77132991
1676665595.567221	1.80188531
1676665595.7036781	1.8392448
1676665595.8370621	1.78470376
1676665595.980066	1.81808504
1676665596.146406	1.719848
1676665596.2906287	1.7513637700000002
1676665596.4144516	1.78453646
1676665596.560062	1.8689159700000002
1676665596.6993215	1.8180163999999999
1676665596.8642292	1.60169202
1676665596.9975486	1.67414494
1676665597.145469	1.7509862699999998
1676665597.2994306	1.80471118
1676665597.4597576	1.75963549
1676665597.6087482	1.73727989
1676665597.7393847	1.78437228
1676665597.8773556	1.75952708
1676665598.0234144	1.76905624
1676665598.2026792	1.82105613
1676665598.3554616	1.8391358400000002
1676665598.4983008	1.85428136
1676665598.677419	1.8336642600000002
1676665598.816014	1.86832173
1676665598.9702506	1.89072767
1676665599.1080468	1.87271981
1676665599.2491622	1.84874168
1676665599.4074588	1.75859513
1676665599.5458202	1.76152557
1676665599.7047281	1.75898335
1676665599.8794186	1.76417153
1676665600.0196939	1.74972042
1676665600.157187	1.8523207800000001
1676665600.3077931	1.81421912
1676665600.4708235	1.86768563
1676665600.6072755	1.8165929699999999
1676665600.7447658	1.75868441
1676665600.8950646	1.79780543
1676665601.0255394	1.8158218799999999
1676665601.1679711	1.8550517499999999
1676665601.3062825	1.76767522
1676665601.4652448	1.76384124
1676665601.6214504	1.6934446600000002
1676665601.7799966	1.70430955
1676665601.933243	1.80743647
1676665602.0726607	1.82269195
1676665602.2463458	1.8203444100000001
1676665602.4068406	1.79135581
1676665602.5411258	1.75852091
1676665602.6763165	1.63397842
1676665602.8135269	1.68442279
1676665602.9539154	1.83098355
1676665603.111936	1.72816173
1676665603.2699087	1.7879009399999999
1676665603.428189	1.86682826
1676665603.580083	1.92943303
1676665603.7422113	1.9108674799999998
1676665603.8783028	1.8450979299999999
1676665604.0340278	1.68433056
1676665604.186833	1.81036964
1676665604.346236	1.86217817
1676665604.500657	1.89815319
1676665604.6580803	1.94857287
1676665604.8363545	1.8094929899999999
1676665604.9829922	1.85284208
1676665605.1543412	1.8040793199999998
1676665605.3073716	1.9574365800000002
1676665605.4454572	1.81677647
1676665605.582208	1.83131714
1676665605.7306583	1.89481415
1676665605.8678398	1.8506425
1676665606.014924	1.79174787
1676665606.1440806	1.78813107
1676665606.302241	1.85316006
1676665606.457194	1.91066212
1676665606.6136954	1.85324368
1676665606.7759428	1.8151195
1676665606.9356987	1.76857187
1676665607.0947173	1.84277772
1676665607.235155	1.9016375
1676665607.368166	1.8765037999999998
1676665607.5071032	1.70513492
1676665607.647845	1.73483667
1676665607.8059726	1.8441327500000002
1676665607.9704685	1.84917536
1676665608.1056192	1.80791163
1676665608.2423909	1.80177031
1676665608.3983903	1.93527081
1676665608.5582993	1.92830746
1676665608.710791	1.8766282
1676665608.8730655	1.85825674
1676665609.0101678	1.82055266
1676665609.147902	1.80101924
1676665609.294435	1.9062497299999999
1676665609.4382994	1.94566512
1676665609.6009254	1.87087476
1676665609.7583046	1.81326221
1676665609.9116113	1.90526792
1676665610.051937	1.93680677
1676665610.190307	1.8317199800000001
1676665610.3190527	1.7484659200000001
1676665610.4683	1.6894870800000001
1676665610.6065588	1.79624688
1676665610.757684	1.70429962
1676665610.8954237	1.7238089099999998
1676665611.05002	1.8725142499999998
1676665611.1881075	1.94127205
1676665611.325181	1.83131705
1676665611.4828851	1.7874820900000001
1676665611.6213708	1.84209026
1676665611.7859647	1.8061200400000001
1676665611.9243853	1.79177936
1676665612.0819032	1.83592211
1676665612.2201693	1.8130640999999998
1676665612.3752537	1.772521
1676665612.521759	1.8135198899999998
1676665612.6661367	1.85118509
1676665612.8282995	1.80019588
1676665612.9657555	1.76544181
1676665613.1222832	1.73030596
1676665613.2612927	1.71921995
1676665613.4149299	1.79059492
1676665613.5567265	1.77290947
1676665613.711786	1.7423905100000001
1676665613.847982	1.78256679
1676665613.9850929	1.76025682
1676665614.1438713	1.78633803
1676665614.2828958	1.7774941499999999
1676665614.4373958	1.81317745
1676665614.5666797	1.7785349499999998
1676665614.72596	1.78814509
1676665614.8790665	1.8733048700000001
1676665615.0160491	1.76345591
1676665615.1764333	1.69146355
1676665615.3147287	1.77517232
1676665615.468299	1.7951063
1676665615.6082954	1.78175915
1676665615.7643905	1.84609098
1676665615.9050636	1.86930233
1676665616.0427446	1.7197537999999999
1676665616.1780663	1.78042977
1676665616.3358092	1.72728608
1676665616.4882984	1.80561602
1676665616.612041	1.8225214299999999
1676665616.7774951	1.7993637
1676665616.9307783	1.81313597
1676665617.0973125	1.66323247
1676665617.248301	1.74896492
1676665617.4035141	1.82813941
1676665617.534307	1.70864118
1676665617.6945546	1.8878410600000002
1676665617.8372436	1.87297039
1676665617.9933803	1.82633895
1676665618.127303	1.75506949
1676665618.2521172	1.7786830200000001
1676665618.390538	1.74643956
1676665618.5258625	1.9372074
1676665618.6593044	1.9458641399999999
1676665618.817933	1.78676171
1676665618.968299	1.93106822
1676665619.1305096	1.86398332
1676665619.267238	1.84297797
1676665619.4058654	1.84737551
1676665619.552441	1.88344221
1676665619.6813107	1.8099409
1676665619.84575	1.74683958
1676665620.0000248	1.74223935
1676665620.1437848	1.81418568
1676665620.275762	1.8397661
1676665620.4200404	1.8106632900000001
1676665620.5437179	1.69443326
1676665620.6993995	1.7471892900000001
1676665620.8441474	1.81313473
1676665620.987536	1.76999849
1676665621.1207771	1.76689431
1676665621.2794776	1.88842648
1676665621.4347522	1.7599073600000001
1676665621.560992	1.6969159600000001
1676665621.7193065	1.69015155
1676665621.872773	1.79931419
1676665622.0320816	1.77661223
1676665622.1755178	1.81537184
1676665622.3354583	1.72547776
1676665622.4629445	1.6726172400000001
1676665622.6295464	1.77019273
1676665622.7655675	1.7187869
1676665622.9011652	1.69574659
1676665623.0383017	1.8352351800000002
1676665623.196079	1.86355779
1676665623.3383093	1.79767509
1676665623.477069	1.7989545100000002
1676665623.6203065	1.81908851
1676665623.758305	1.84872648
1676665623.9136982	1.8260776099999998
1676665624.0395381	1.83969599
1676665624.1982985	1.8029397
1676665624.3262906	1.79190429
1676665624.4718916	1.7875609099999998
1676665624.6098037	1.80944427
1676665624.7719603	1.74179319
1676665624.9082956	1.78232525
1676665625.0435276	1.7665298
1676665625.183711	1.80744129
1676665625.3372953	1.7112653
1676665625.494387	1.85968419
1676665625.6267228	1.8427637499999998
1676665625.7580094	1.7629939700000001
1676665625.901945	1.85282378
1676665626.0397985	1.86336159
1676665626.23829	1.7782167299999998
1676665626.3905218	1.87160544
1676665626.5481722	1.85139583
1676665626.7046902	1.76622255
1676665626.868025	1.8580777499999999
1676665627.003594	1.95333049
1676665627.1626701	1.93557092
1676665627.3218486	1.8544096300000001
1676665627.445379	1.74876022
1676665627.5810115	1.7281393200000001
1676665627.7181473	1.89896421
1676665627.8556948	1.9139993000000002
1676665627.9938276	1.78556587
1676665628.1507108	1.78162358
1676665628.3090198	1.83804686
1676665628.4659426	1.81480652
1676665628.6185117	1.76152227
1676665628.7829416	1.76322102
1676665628.9181287	1.8656171799999999
1676665629.0524554	1.9036615000000001
1676665629.2082946	1.80111414
1676665629.3422794	1.85278543
1676665629.509346	1.88470022
1676665629.6625822	1.84784952
1676665629.799677	1.85478232
1676665629.9595063	1.8821832
1676665630.096675	1.85549174
1676665630.2341125	1.7476309600000002
1676665630.3765187	1.7841872600000002
1676665630.5152147	1.8562011600000001
1676665630.6705158	1.86216983
1676665630.8150773	1.87128826
1676665630.9537668	1.8518170200000001
1676665631.0809999	1.8286404900000002
1676665631.2472827	1.8790130600000001
1676665631.4028728	1.8080268
1676665631.5393121	1.68828567
1676665631.6765459	1.8169061
1676665631.8245637	1.97578714
1676665631.9622934	1.85256154
1676665632.1099901	1.76550938
1676665632.234342	1.73470459
1676665632.3765082	1.7183579100000002
1676665632.5130522	1.81695383
1676665632.6548278	1.7462033000000001
1676665632.791766	1.72960995
1676665632.9369102	1.72459415
1676665633.0717344	1.77883445
1676665633.231023	1.69708551
1676665633.3582916	1.75353986
1676665633.486102	1.78230702
1676665633.6279714	1.721906
1676665633.8061316	1.84369705
1676665633.9596026	1.7966339
1676665634.100799	1.75588706
1676665634.2598436	1.83725472
1676665634.4228325	1.89006489
1676665634.575357	1.85650716
1676665634.734193	1.7949657099999998
1676665634.8662076	1.86470704
1676665634.9993062	1.9306819599999998
1676665635.1240745	1.83460043
1676665635.267067	1.7917725199999999
1676665635.399618	1.7877187
1676665635.5580318	1.88366028
1676665635.7183418	1.99205128
1676665635.8508158	1.91088096
1676665635.987873	1.83366413
1676665636.1195903	1.84000007
1676665636.2782984	1.81184637
1676665636.4281955	1.8005551800000001
1676665636.5557363	1.75572182
1676665636.6922977	1.7830947799999999
1676665636.8377528	1.7451926
1676665636.9882908	1.7839822300000001
1676665637.1478815	1.7572988399999998
1676665637.3063319	1.83629211
1676665637.4524782	1.91789891
1676665637.5796556	1.94649767
1676665637.7161968	1.88435888
1676665637.867503	1.8132292799999998
1676665638.015091	1.7509827
1676665638.1757808	1.71994946
1676665638.3082983	1.81576387
1676665638.4682837	1.75741988
1676665638.6102731	1.76476663
1676665638.7482998	1.8482759400000002
1676665638.882752	1.8547518699999999
1676665639.0403094	1.88961529
1676665639.197281	1.79983221
1676665639.356159	1.70690045
1676665639.5077577	1.8611704199999999
1676665639.6705315	1.92346257
1676665639.8246832	1.85984971
1676665639.9618425	1.9104549499999999
1676665640.1035233	1.93724826
1676665640.2518442	1.7078029000000001
1676665640.3882978	1.69072542
1676665640.535154	1.82375728
1676665640.7002084	1.79817384
1676665640.8540797	1.7869271500000001
1676665640.9973536	1.88520453
1676665641.1352036	1.84992285
1676665641.293653	1.84008642
1676665641.4367476	1.93203533
1676665641.576153	1.80651313
1676665641.7373025	1.76089044
1676665641.8741882	1.77959649
1676665642.0093586	1.73486445
1676665642.1653733	1.75932307
1676665642.3252006	1.7500614700000001
1676665642.4666219	1.75315493
1676665642.595888	1.870222
1676665642.720371	1.94076438
1676665642.864505	1.9879028600000002
1676665643.0022883	1.89079175
1676665643.1382923	1.76624656
1676665643.3000379	1.80618156
1676665643.435945	1.8961255300000002
1676665643.560148	1.96121998
1676665643.7034445	1.86775197
1676665643.8357158	1.8238098
1676665643.9834867	1.75220027
1676665644.142182	1.75387167
1676665644.2996097	1.7415187600000002
1676665644.4365592	1.8834466
1676665644.5930774	1.86500974
1676665644.7299058	1.7700135
1676665644.8743608	1.7329140299999999
1676665645.0082998	1.81876633
1676665645.1510053	1.89990179
1676665645.3024871	1.72161386
1676665645.469662	1.6941063299999999
1676665645.601124	1.71236675
1676665645.7567477	1.7921701700000001
1676665645.9082985	1.7627049
1676665646.0717099	1.78138572
1676665646.2065053	1.78744017
1676665646.3428917	1.86396729
1676665646.4860928	1.77379124
1676665646.6215355	1.8020698499999999
1676665646.784586	1.8955769
1676665646.9232955	1.8233867300000002
1676665647.0577395	1.8074497399999998
1676665647.1944764	1.9110484300000001
1676665647.336903	1.91588669
1676665647.495845	1.97354581
1676665647.6529925	1.89129885
1676665647.787924	1.79362163
1676665647.9257164	1.8390549699999998
1676665648.062101	1.82073986
1676665648.2258961	1.84813907
1676665648.3571658	1.8688468
1676665648.489305	1.80748505
1676665648.6268432	1.88783594
1676665648.7704854	1.8496378
1676665648.9176376	1.78624753
1676665649.0541284	1.7526860899999999
1676665649.199916	1.77489791
1676665649.3480673	1.72768914
1676665649.4921954	1.74777894
1676665649.6460037	1.80737323
1676665649.7830746	1.73609879
1676665649.9367394	1.8356457599999998
1676665650.074233	1.8442343799999998
1676665650.213929	1.6495144000000002
1676665650.3700526	1.65747886
1676665650.5265965	1.79980272
1676665650.6857882	1.81182207
1676665650.8223054	1.81768295
1676665650.9875062	1.74473675
1676665651.1417055	1.82755528
1676665651.272896	1.84916385
1676665651.4157262	1.76978355
1676665651.5630472	1.7859763
1676665651.6984513	1.83753432
1676665651.8541348	1.7392105999999998
1676665652.0117311	1.794445
1676665652.1449575	1.8361167500000002
1676665652.308163	1.77872948
1676665652.4533148	1.73463831
1676665652.5906656	1.7884248600000001
1676665652.7533736	1.89429279
1676665652.8994493	1.9364986199999998
1676665653.0354922	1.89914826
1676665653.1812406	1.83879945
1676665653.328144	1.793231
1676665653.4780605	1.81441327
1676665653.633313	1.77870911
1676665653.7644901	1.7891696700000002
1676665653.901252	1.80926342
1676665654.0380383	1.8419374199999998
1676665654.193579	1.8266010400000001
1676665654.3477826	1.89012695
1676665654.495141	1.8469146399999998
1676665654.6404567	1.75856875
1676665654.774845	1.82204586
1676665654.9223535	1.82173432
1676665655.0592074	1.73451878
1676665655.2182975	1.79633307
1676665655.377343	1.76831883
1676665655.5354948	1.82710241
1676665655.6926973	1.87449401
1676665655.8277342	1.9199970499999999
1676665655.9825752	1.84985688
1676665656.145048	1.80397795
1676665656.3004155	1.80919582
1676665656.4593606	1.8630057899999999
1676665656.5967114	1.77480252
1676665656.7595458	1.85893693
1676665656.8973498	1.97618342
1676665657.0255756	1.8830314099999999
1676665657.1713965	1.81966423
1676665657.3094795	1.9016178400000001
1676665657.4596615	1.86222074
1676665657.6036737	1.7985414800000001
1676665657.760171	1.89356919
1676665657.9030428	1.86297198
1676665658.0407395	1.80898918
1676665658.1982927	1.7686424299999999
1676665658.3343031	1.77663693
1676665658.5129797	1.7955613000000001
1676665658.6586428	1.78020322
1676665658.8082955	1.7294842700000002
1676665658.9470718	1.7709967800000002
1676665659.0973332	1.7808937900000001
1676665659.255491	1.82561451
1676665659.4180322	1.75755108
1676665659.5745285	1.81854446
1676665659.7117639	1.87939252
1676665659.848299	1.81184171
1676665660.0035186	1.82723872
1676665660.1414123	1.75591882
1676665660.294145	1.70515866
1676665660.4321704	1.6859410799999999
1676665660.5735936	1.7198848599999998
1676665660.7280636	1.85531197
1676665660.8904872	1.76372858
1676665661.027652	1.7992304700000001
1676665661.1872342	1.82646238
1676665661.3159273	1.72665691
1676665661.4428346	1.76595805
1676665661.602413	1.88157503
1676665661.7527046	1.93421624
1676665661.9087386	1.92072388
1676665662.0461342	1.89797048
1676665662.1833766	1.9124618100000002
1676665662.3300064	1.76758226
1676665662.4809015	1.8098154499999999
1676665662.6384575	1.86165983
1676665662.79931	1.8120616699999998
1676665662.947031	1.8549109799999999
1676665663.0726845	1.8240273
1676665663.2104244	1.7851078
1676665663.3576298	1.80590933
1676665663.5083017	1.7799177
1676665663.6552172	1.83625131
1676665663.8073132	1.86965564
1676665663.9714746	1.81359604
1676665664.1051223	1.8542597
1676665664.2607267	1.912343
1676665664.4230444	1.90210067
1676665664.5827034	1.93388722
1676665664.7182982	1.83481263
1676665664.8597245	1.82730878
1676665665.006741	1.8499426
1676665665.1333225	1.76794124
1676665665.2921417	1.7573971400000001
1676665665.4470446	1.9127875200000002
1676665665.585065	1.7985337300000002
1676665665.7278266	1.7976811400000001
1676665665.885856	1.7970468
1676665666.0214772	1.88734136
1676665666.1544006	1.8318721199999999
1676665666.2967699	1.73974958
1676665666.4429293	1.771993
1676665666.578298	1.81266688
1676665666.742797	1.80293449
1676665666.8816588	1.7877294400000001
1676665667.0228956	1.8586294799999998
1676665667.1554294	1.85924023
1676665667.3082998	1.7403849999999998
1676665667.4453423	1.73741434
1676665667.6009846	1.8465451899999998
1676665667.737428	1.7836814300000001
1676665667.890642	1.74231529
1676665668.0528386	1.8006147000000001
1676665668.184438	1.9323327700000001
1676665668.314653	1.9529107300000002
1676665668.45551	1.81700157
1676665668.6116471	1.79516457
1676665668.769876	1.86843469
1676665668.928316	1.81252736
1676665669.0666053	1.79574529
1676665669.2113957	1.68283567
1676665669.3686888	1.7573047800000001
1676665669.5232444	1.90666661
1676665669.6844275	1.85832373
1676665669.8069186	1.65611861
1676665669.9843044	1.7729424200000001
1676665670.1181607	1.81805307
1676665670.2582898	1.86340976
1676665670.399898	1.8905800099999999
1676665670.53215	1.82159856
1676665670.6898992	1.81377993
1676665670.8447144	1.7110117999999999
1676665671.0045333	1.81057602
1676665671.1493084	1.90294846
1676665671.2951372	1.8627577100000001
1676665671.4303792	1.7879550499999999
1676665671.5577624	1.79500045
1676665671.7239003	1.74934723
1676665671.8775952	1.69875007
1676665672.0318553	1.77519142
1676665672.1672084	1.82257504
1676665672.2930422	1.8553788299999998
1676665672.4302843	1.9005489199999999
1676665672.5728893	1.72658206
1676665672.73127	1.75591006
1676665672.885472	1.78732021
1676665673.0422583	1.76784256
1676665673.195584	1.80738555
1676665673.3259943	1.83499658
1676665673.4708612	1.7731195
1676665673.6160257	1.71724111
1676665673.7430406	1.7695622199999999
1676665673.9035835	1.7405693500000001
1676665674.056125	1.77403804
1676665674.1934178	1.75380701
1676665674.3382976	1.82644737
1676665674.4952164	1.82042241
1676665674.6661887	1.8817902
1676665674.8019333	1.86028563
1676665674.938006	1.86220744
1676665675.072444	1.88391899
1676665675.226187	1.80978496
1676665675.4046154	1.92808637
1676665675.5630558	1.90618553
1676665675.7078438	1.87948016
1676665675.8546946	1.98301353
1676665675.9838548	1.86692189
1676665676.1205235	1.81544101
1676665676.2603054	1.85526125
1676665676.401269	1.80456379
1676665676.545631	1.75711152
1676665676.6827722	1.8309779199999998
1676665676.8194017	1.83073499
1676665676.9567275	1.8005071899999998
1676665677.101565	1.9322183800000001
1676665677.2649498	1.75171653
1676665677.4209151	1.68948283
1676665677.5509179	1.74785145
1676665677.687977	1.72466316
1676665677.8245022	1.78375943
1676665677.9875543	1.88340091
1676665678.1198344	1.7717411299999999
1676665678.2765925	1.8229126100000002
1676665678.4095156	1.80388001
1676665678.5420604	1.7948801
1676665678.683863	1.88885695
1676665678.8203456	1.9062572
1676665678.9559352	1.7477615800000001
1676665679.1009185	1.7308973799999998
1676665679.2382987	1.83836603
1676665679.3673759	1.7867623799999999
1676665679.497035	1.72700549
1676665679.6494136	1.6790229300000001
1676665679.8019662	1.77718656
1676665679.959882	1.72550729
1676665680.1222022	1.8128140799999999
1676665680.2582994	1.82989537
1676665680.4091895	1.75284861
1676665680.5532079	1.73830794
1676665680.6917872	1.72736744
1676665680.8255932	1.8076358099999998
1676665680.9840043	1.84617393
1676665681.1442723	1.93423624
1676665681.286648	1.87713958
1676665681.4185143	1.82336802
1676665681.5819793	1.78636082
1676665681.7355778	1.83158826
1676665681.8788564	1.86703077
1676665682.0168183	1.83270735
1676665682.158299	1.84619596
1676665682.3170524	1.8340066099999999
1676665682.4689376	1.80249406
1676665682.6071155	1.72810968
1676665682.7612596	1.73527732
1676665682.8983035	1.76345566
1676665683.0529895	1.76690248
1676665683.1788678	1.8086171500000001
1676665683.3223913	1.8417089599999998
1676665683.460146	1.78707247
1676665683.6225576	1.82011411
1676665683.776523	1.8111013200000001
1676665683.9415116	1.80116142
1676665684.0918934	1.79953184
1676665684.2393208	1.80443826
1676665684.3963864	1.7846764099999999
1676665684.557951	1.8142929
1676665684.693529	1.86008072
1676665684.8514311	1.93527591
1676665685.0065162	1.86346641
1676665685.1649356	1.8773094700000001
1676665685.3109143	1.87408893
1676665685.4356406	1.81630963
1676665685.5746167	1.79086328
1676665685.7215912	1.7336735699999999
1676665685.8471515	1.80383355
1676665685.992239	1.85854941
1676665686.1245384	1.86899444
1676665686.266835	1.73875631
1676665686.4041607	1.66309677
1676665686.5582912	1.81494295
1676665686.6834679	1.82264736
1676665686.821538	1.82758862
1676665686.975413	1.8053473
1676665687.1258862	1.90743282
1676665687.2844596	1.84791081
1676665687.4431133	1.79663587
1676665687.5834706	1.8129519699999999
1676665687.7619472	1.8176776700000001
1676665687.904289	1.74265127
1676665688.0630503	1.81273069
1676665688.2170277	1.9143413500000002
1676665688.3855848	1.92452096
1676665688.5420198	1.822171
1676665688.7015963	1.74350589
1676665688.836069	1.83209268
1676665688.9631402	1.90064093
1676665689.1000602	1.77310471
1676665689.2551055	1.7100007099999999
1676665689.3893104	1.6964515
1676665689.5266998	1.79034151
1676665689.6726422	1.8235019000000001
1676665689.7977417	1.81038327
1676665689.9355547	1.81273353
1676665690.072116	1.7952061
1676665690.2096932	1.8823091699999999
1676665690.3511968	1.91821971
1676665690.4879823	1.8285046600000001
1676665690.6469097	1.77251633
1676665690.7832189	1.8974947
1676665690.9163682	1.7876801
1676665691.044487	1.7423587999999999
1676665691.1874785	1.79889728
1676665691.319777	1.8184451700000002
1676665691.4797642	1.85052559
1676665691.6123772	1.81216228
1676665691.763945	1.78098914
1676665691.9159825	1.77945663
1676665692.0486846	1.87667221
1676665692.1936462	1.84149404
1676665692.3315082	1.7935983500000001
1676665692.4932263	1.8284280199999998
1676665692.6345117	1.88596445
1676665692.7872565	1.77158286
1676665692.9220426	1.7683028
1676665693.076832	1.73793989
1676665693.2354066	1.73854582
1676665693.3900805	1.77231266
1676665693.5482996	1.77984976
1676665693.6900342	1.8054333500000002
1676665693.8545728	1.83881196
1676665693.9881797	1.81276776
1676665694.113061	1.85726918
1676665694.2734525	1.80028939
1676665694.4083045	1.74455524
1676665694.5597568	1.86385021
1676665694.7141254	1.85892247
1676665694.8739846	1.85895542
1676665695.011534	1.87551876
1676665695.1741376	1.77310986
1676665695.3304842	1.73148257
1676665695.4425793	1.7556875399999998
1676665695.565575	1.79620646
1676665695.7010143	1.88304246
1676665695.8382945	1.81215203
1676665695.9718409	1.7313206300000001
1676665696.1080735	1.78508043
1676665696.261875	1.73562058
1676665696.4082804	1.73974035
1676665696.5321362	1.88693434
1676665696.6770709	1.91816969
1676665696.8493376	1.84648888
1676665697.0282955	1.75796438
1676665697.1513367	1.70294782
1676665697.289301	1.74891515
1676665697.4475017	1.84340028
1676665697.603619	1.7725999799999999
1676665697.7456791	1.83275042
1676665697.9037492	1.85201572
1676665698.0620553	1.83420196
1676665698.2145057	1.7888855
1676665698.3583083	1.90061062
1676665698.5004258	1.80969941
1676665698.6466022	1.86500296
1676665698.808386	1.83035888
1676665698.9447644	1.8282375899999999
1676665699.080756	1.8849321
1676665699.2259254	1.8002506699999998
1676665699.3727117	1.73418995
1676665699.499396	1.7418434
1676665699.635984	1.78406694
1676665699.7837863	1.83504534
1676665699.9081445	1.9255007700000002
1676665700.0451205	1.85950178
1676665700.1699262	1.8022281599999999
1676665700.3147342	1.82747607
1676665700.4706302	1.84278245
1676665700.614446	1.73663885
1676665700.77196	1.79918458
1676665700.9263942	1.87718255
1676665701.0574775	1.9310163200000001
1676665701.193416	1.86277487
1676665701.346011	1.81446148
1676665701.4854307	1.73557186
1676665701.6269484	1.7667294199999999
1676665701.7848697	1.8476211
1676665701.9399862	1.73378645
1676665702.0550153	1.7479019
1676665702.177231	1.76617895
1676665702.3209019	1.85929944
1676665702.467011	1.85908119
1676665702.6242054	1.7647043500000001
1676665702.782009	1.82141711
1676665702.9466887	1.82557174
1676665703.0698197	1.78976995
1676665703.2155395	1.7673339700000001
1676665703.3380868	1.80742606
1676665703.4609144	1.88301001
1676665703.5977168	1.9664602999999998
1676665703.733397	1.90468562
1676665703.8675764	1.70814552
1676665704.0053961	1.76503422
1676665704.1483064	1.8624986300000002
1676665704.281306	1.8817087099999998
1676665704.4243956	1.87134519
1676665704.572514	1.8032645600000001
1676665704.7196243	1.77957705
1676665704.8550036	1.81757842
1676665704.985319	1.8577766800000002
1676665705.1082997	1.82045899
1676665705.2462308	1.8495945
1676665705.401813	1.79571298
1676665705.5269458	1.781116
1676665705.6703184	1.6864270700000001
1676665705.7922888	1.70683346
1676665705.9146075	1.76008706
1676665706.0470107	1.8489440700000002
1676665706.1882992	1.85078855
1676665706.3336012	1.8424625300000002
1676665706.4645112	1.82848702
1676665706.6300879	1.9336590999999999
1676665706.7682905	1.9152040099999998
1676665706.9114208	1.7971663999999998
1676665707.053213	1.79644412
1676665707.2065556	1.74107349
1676665707.3424008	1.70993411
1676665707.4759548	1.7446522199999999
1676665707.6019816	1.8363094
1676665707.7575939	1.88103553
1676665707.8980918	1.9696480499999998
1676665708.0406919	1.95542535
1676665708.1847177	1.81972894
1676665708.32163	1.6973812000000001
1676665708.4583058	1.79734979
1676665708.6171167	1.84574581
1676665708.744134	1.84218745
1676665708.9009824	1.81657168
1676665709.0678568	1.7554827899999998
1676665709.2034771	1.81603975
1676665709.3395298	1.8671865699999999
1676665709.4928927	1.79189911
1676665709.6361594	1.80951824
1676665709.7821302	1.78229916
1676665709.918298	1.82798083
1676665710.0770848	1.83632495
1676665710.2102532	1.8465415600000001
1676665710.3357074	1.8244959399999998
1676665710.4801729	1.8047909199999999
1676665710.626357	1.80741464
1676665710.7840137	1.91817572
1676665710.940778	1.9060035
1676665711.0742078	1.94263966
1676665711.2154164	1.9837977800000002
1676665711.347561	1.86633179
1676665711.4629548	1.77944589
1676665711.5861619	1.8147624199999999
1676665711.7225819	1.81362778
1676665711.8582988	1.83145978
1676665711.9912174	1.79057782
1676665712.1352324	1.7938321400000001
1676665712.281513	1.7197184699999999
1676665712.4076765	1.80988872
1676665712.5469077	1.87456062
1676665712.694553	1.86149079
1676665712.8183181	1.8640491000000001
1676665712.9623466	1.8304061
1676665713.0862532	1.79619628
1676665713.2100105	1.79643057
1676665713.349692	1.8551944
1676665713.4723144	1.85515525
1676665713.5965822	1.8081437599999999
1676665713.742621	1.7722213100000002
1676665713.8729222	1.87436051
1676665714.0171833	1.8787291
1676665714.1603026	1.8200408799999999
1676665714.3153815	1.88298079
1676665714.459737	1.73312979
1676665714.603168	1.70002356
1676665714.7419386	1.89081925
1676665714.880985	1.85642127
1676665715.019417	1.80818237
1676665715.155756	1.78912296
1676665715.2992995	1.82204697
1676665715.4354043	1.8777199199999999
1676665715.5931158	1.82910921
1676665715.736373	1.88419191
1676665715.8905208	1.97753823
1676665716.0483036	1.83930866
1676665716.188302	1.72349096
1676665716.344482	1.76335519
1676665716.4993644	1.91541388
1676665716.657379	1.7794820199999999
1676665716.8157978	1.7879811099999998
1676665716.950849	1.71159867
1676665717.0775578	1.78775322
1676665717.2018144	1.83091091
1676665717.3382983	1.8465219
1676665717.477522	1.83200212
1676665717.6181617	1.84334814
1676665717.7541156	1.84113371
1676665717.8969712	1.69427624
1676665718.0312142	1.812383
1676665718.1667736	1.95342604
1676665718.2933073	1.8584196400000002
1676665718.4462843	1.7045352
1676665718.5864413	1.71387669
1676665718.739228	1.7887914699999998
1676665718.8810883	1.89463917
1676665719.0132737	1.89011132
1676665719.133245	1.8415303200000002
1676665719.2708833	1.86694393
1676665719.4081802	1.81685615
1676665719.5477643	1.79871583
1676665719.6801398	1.86782762
1676665719.8400192	1.82907391
1676665719.966997	1.7529284500000002
1676665720.0891395	1.84837721
1676665720.242565	1.96654349
1676665720.3764167	1.85987645
1676665720.5004992	1.8386780600000001
1676665720.6372783	1.8227142600000001
1676665720.7802145	1.7021403499999999
1676665720.9207785	1.65128417
1676665721.0583003	1.81669733
1676665721.1976628	1.84663021
1676665721.3455527	1.72922268
1676665721.5048394	1.7378381299999999
1676665721.6346178	1.84632134
1676665721.7656245	1.8588646
1676665721.9033294	1.86100037
1676665722.0507433	1.82338453
1676665722.1793091	1.9003921
1676665722.337447	1.82591707
1676665722.465902	1.79037692
1676665722.61144	1.8881931600000001
1676665722.7667067	1.8999787499999998
1676665722.9218378	1.89861085
1676665723.0594954	1.82752305
1676665723.1930676	1.89012463
1676665723.3517857	1.86728057
1676665723.5045173	1.79102038
1676665723.6480937	1.78085096
1676665723.8035483	1.79872908
1676665723.9479744	1.8794704599999998
1676665724.085266	1.83061221
1676665724.2249835	1.77790282
1676665724.3688924	1.8264194
1676665724.51585	1.84790504
1676665724.644152	1.79428927
1676665724.7821221	1.83508972
1676665724.9279783	1.92966821
1676665725.0578408	1.85682004
1676665725.2162979	1.88336883
1676665725.3814764	1.85317374
1676665725.5259926	1.8516031499999999
1676665725.6730912	1.8916314399999998
1676665725.8317409	1.85978426
1676665725.9883	1.7991506400000001
1676665726.1266205	1.8998002200000002
1676665726.2679193	1.92239921
1676665726.4219985	1.86317317
1676665726.5639222	1.84963683
1676665726.701777	1.81744288
1676665726.8591259	1.8749763799999999
1676665727.0143826	1.74548515
1676665727.1617355	1.7546765000000002
1676665727.31676	1.9286274099999998
1676665727.4748125	1.93767881
1676665727.6277409	1.86646179
1676665727.7544038	1.85046688
1676665727.8920693	1.79744435
1676665728.0398116	1.89180463
1676665728.1875033	1.88830472
1676665728.3447604	1.75641332
1676665728.488026	1.76093419
1676665728.625789	1.73438003
1676665728.779482	1.78668134
1676665728.9170942	1.88247056
1676665729.0545104	1.87440944
1676665729.187474	1.91489208
1676665729.33146	1.8605960700000002
1676665729.4776638	1.7658224200000001
1676665729.6359448	1.74871325
1676665729.7957642	1.81810761
1676665729.953675	1.71480538
1676665730.0971138	1.6482250999999999
1676665730.2541118	1.65147191
1676665730.3782895	1.71145186
1676665730.5262203	1.8864402599999999
1676665730.651621	1.8319549499999999
1676665730.7930946	1.8694431599999999
1676665730.9382977	1.83003314
1676665731.0666118	1.7810467700000001
1676665731.225217	1.8132096999999998
1676665731.3548381	1.85556225
1676665731.5000536	1.82647868
1676665731.6319268	1.7730497399999998
1676665731.76407	1.8378245500000001
1676665731.9042616	1.7762563299999998
1676665732.060979	1.67232031
1676665732.193877	1.7263305199999999
1676665732.3293896	1.7657592899999999
1676665732.4657	1.7247915699999998
1676665732.6244767	1.8089560900000001
1676665732.7770464	1.83182157
1676665732.9369948	1.80481111
1676665733.0908706	1.85689413
1676665733.2335792	1.78456667
1676665733.3805156	1.79779574
1676665733.5323043	1.7215155199999999
1676665733.6882954	1.68978392
1676665733.830738	1.7317892700000002
1676665733.9882944	1.78105398
1676665734.1238825	1.7266673
1676665734.2867875	1.7010794
1676665734.4201872	1.78782644
1676665734.5666404	1.8081953
1676665734.7040715	1.8724350300000001
1676665734.8398712	1.86865253
1676665734.9658666	1.8839975500000001
1676665735.1031983	1.80790842
1676665735.257012	1.72466022
1676665735.382447	1.75150287
1676665735.519705	1.83800218
1676665735.673613	1.86573925
1676665735.7982905	1.83462824
1676665735.9581609	1.8232726399999999
1676665736.0864632	1.78817166
1676665736.2321985	1.8499673
1676665736.3757365	1.82808522
1676665736.5259473	1.7919257400000002
1676665736.6617382	1.87380336
1676665736.806491	1.84475577
1676665736.946535	1.94333504
1676665737.0833745	1.9169707
1676665737.239687	1.85511716
1676665737.3764586	1.86588339
1676665737.5140417	1.86332454
1676665737.6564865	1.81727234
1676665737.793657	1.65705026
1676665737.9729178	1.6996433100000001
1676665738.1151	1.71598744
1676665738.2702854	1.79593574
1676665738.4137685	1.81914545
1676665738.545848	1.78450408
1676665738.7024667	1.69032308
1676665738.8448534	1.77879334
1676665738.9774551	1.98855639
1676665739.1379845	1.9181620700000002
1676665739.292066	1.8491109799999998
1676665739.436016	1.7796647
1676665739.58161	1.7587907600000001
1676665739.7107606	1.80399457
1676665739.854737	1.8527100900000002
1676665740.0096478	1.90576308
1676665740.148298	1.7822541
1676665740.3014777	1.68636215
1676665740.4334183	1.6582256
1676665740.577512	1.79068695
1676665740.7329583	1.9347498
1676665740.8767543	1.91917531
1676665741.0238464	1.8182813299999998
1676665741.1735115	1.8021969
1676665741.3326888	1.79005796
1676665741.469224	1.85070706
1676665741.6067915	1.78757848
1676665741.7611609	1.84858577
1676665741.937292	1.77226727
1676665742.0962725	1.831993
1676665742.2341619	1.84293992
1676665742.375228	1.87239177
1676665742.5131335	1.76653497
1676665742.6599815	1.80653987
1676665742.7855034	1.78881334
1676665742.9222631	1.79544529
1676665743.061981	1.89187679
1676665743.1977298	1.83791706
1676665743.3369691	1.8131491
1676665743.49097	1.9444101699999998
1676665743.6183014	1.96667292
1676665743.7601244	1.83450456
1676665743.9368181	1.70868558
1676665744.0716462	1.73194462
1676665744.229298	1.77689533
1676665744.3671536	1.85369156
1676665744.521001	1.80720458
1676665744.6493018	1.82744363
1676665744.7876363	1.80282703
1676665744.9440706	1.8101331
1676665745.0828614	1.79749958
1676665745.226753	1.81197858
1676665745.379817	1.72716313
1676665745.537531	1.8555298
1676665745.7172954	1.93426131
1676665745.8761728	1.8346225999999999
1676665746.0364072	1.88938403
1676665746.185995	1.83445584
1676665746.3248787	1.9160513000000001
1676665746.477465	1.89746646
1676665746.6442435	1.90652375
1676665746.8208294	1.77729912
1676665746.9946473	1.72106309
1676665747.1317732	1.79823742
1676665747.2879193	1.87861888
1676665747.4257762	1.9078154999999999
1676665747.5802293	1.8249502700000002
1676665747.7272766	1.83071088
1676665747.8848002	1.94913068
1676665748.0426242	1.8554659900000001
1676665748.2075305	1.87917869
1676665748.3485036	1.8918779799999998
1676665748.488301	1.87832718
1676665748.6165829	1.8219190200000002
1676665748.7621858	1.80276794
1676665748.8993585	1.7818553799999999
1676665749.060608	1.72513782
1676665749.1981344	1.74826176
1676665749.3569422	1.75259618
1676665749.494367	1.89908652
1676665749.648299	1.87181913
1676665749.794095	1.8497655
1676665749.9384701	1.89017767
1676665750.067234	1.90992019
1676665750.2330143	1.79155515
1676665750.387444	1.74563869
1676665750.5393164	1.7802806
1676665750.6970875	1.71747323
1676665750.8564756	1.80567273
1676665751.0143838	1.97018963
1676665751.1807048	1.9065173400000002
1676665751.3427968	1.7709503800000002
1676665751.479299	1.7837386800000001
1676665751.6228414	1.73671685
1676665751.766722	1.72113041
1676665751.9136178	1.81199286
1676665752.0648465	1.83824617
1676665752.2026217	1.84747183
1676665752.3382914	1.91020897
1676665752.4834714	1.92262138
1676665752.6215377	1.83458057
1676665752.7840803	1.81766499
1676665752.92128	1.84960062
1676665753.0756054	1.79244873
1676665753.2342856	1.75587106
1676665753.3628542	1.77942771
1676665753.489175	1.81425893
1676665753.6521454	1.8814665400000001
1676665753.8065107	1.92920133
1676665753.9427767	1.87391421
1676665754.0882962	1.8363905
1676665754.2464874	1.86539569
1676665754.3998322	1.9232634100000001
1676665754.5397706	1.7923910200000002
1676665754.696154	1.7029136999999999
1676665754.8553185	1.83220799
1676665755.0021725	1.85353076
1676665755.1298718	1.74525412
1676665755.2892528	1.7438106100000001
1676665755.4240098	1.8385756
1676665755.5703084	1.84086633
1676665755.725958	1.72810367
1676665755.8850896	1.88537147
1676665756.0329356	1.86460637
1676665756.1583047	1.85348495
1676665756.2966156	1.86908498
1676665756.4442585	1.8465649100000001
1676665756.5917997	1.86609296
1676665756.727417	1.83858007
1676665756.8893843	1.9576631799999997
1676665757.0274909	1.9244561800000002
1676665757.1804628	1.80604333
1676665757.3245323	1.77464285
1676665757.4711993	1.7709054
1676665757.643428	1.77323098
1676665757.7799134	1.80779355
1676665757.9360776	1.91959427
1676665758.072957	1.93120128
1676665758.205855	1.79026722
1676665758.3476756	1.80623755
1676665758.4855547	1.84138142
1676665758.6272395	1.83175119
1676665758.76456	1.82325157
1676665758.9111414	1.76589964
1676665759.0573375	1.8271252199999999
1676665759.1938455	1.8497966
1676665759.3467548	1.71121915
1676665759.4822502	1.74784779
1676665759.6360147	1.8252747299999998
1676665759.7965438	1.72539359
1676665759.9227967	1.72169367
1676665760.0582988	1.81004501
1676665760.1962054	1.87776744
1676665760.342658	1.7967472899999999
1676665760.4671028	1.85197634
1676665760.6265624	1.7502
1676665760.755149	1.83662027
1676665760.8774567	1.8971818
1676665761.0147312	1.89644986
1676665761.1682947	1.8298722900000002
1676665761.2935529	1.80613493
1676665761.4296858	1.77481327
1676665761.5572495	1.90408241
1676665761.697707	1.8445518399999998
1676665761.8576994	1.8050576600000001
1676665761.9979944	1.85999121
1676665762.1573856	1.80445602
1676665762.3135073	1.86827527
1676665762.445476	1.8844047499999999
1676665762.583055	1.79657628
1676665762.7192633	1.75302613
1676665762.8776257	1.73839003
1676665763.0325167	1.74355339
1676665763.1554093	1.82298149
1676665763.2920604	1.86475729
1676665763.4474924	1.8716016
1676665763.589726	1.79190059
1676665763.745035	1.7335282600000002
1676665763.8844118	1.81325661
1676665764.0413027	2.00143914
1676665764.198852	1.93203033
1676665764.351878	1.8782780700000001
1676665764.4865856	1.8760093199999999
1676665764.6442478	1.81188496
1676665764.806029	1.7932491899999998
1676665764.9524665	1.7419099100000002
1676665765.081253	1.85827064
1676665765.2073221	1.91613393
1676665765.3505313	1.94084862
1676665765.486785	1.84043235
1676665765.649602	1.90168256
1676665765.7742674	1.8795613599999998
1676665765.911665	1.9035974
1676665766.0475562	1.95943287
1676665766.2056549	1.88543243
1676665766.336426	1.88353904
1676665766.5030813	1.78724152
1676665766.6336577	1.78138654
1676665766.790947	1.847267
1676665766.938296	1.82549167
1676665767.0652125	1.88481309
1676665767.2236273	1.89845881
1676665767.3530147	1.85587923
1676665767.4773843	1.8115940499999998
1676665767.6155698	1.70669624
1676665767.75416	1.7358757299999998
1676665767.8871384	1.7647345300000001
1676665768.053282	1.7987330000000001
1676665768.1807408	1.8447272399999999
1676665768.3266268	1.79990518
1676665768.472153	1.81681111
1676665768.5995176	1.7504040600000002
1676665768.7450423	1.72456042
1676665768.902778	1.87103203
1676665769.0356543	1.75999596
1676665769.1722856	1.81156849
1676665769.3318655	1.8027439200000002
1676665769.4682975	1.76248402
1676665769.6105072	1.65844562
1676665769.7441452	1.69473015
1676665769.88239	1.9171296
1676665770.0360162	1.92365008
1676665770.1670227	1.8353127
1676665770.307271	1.80561364
1676665770.4862125	1.89962582
1676665770.644508	1.9589864199999998
1676665770.7849445	1.8818104599999999
1676665770.9227536	1.82679163
1676665771.0707583	1.7611240199999998
1676665771.1977515	1.71341548
1676665771.3357217	1.71355114
1676665771.4803827	1.8899819100000002
1676665771.6241708	1.73032678
1676665771.7692492	1.6620719000000002
1676665771.9071436	1.92693013
1676665772.0703888	1.8808679499999998
1676665772.207546	1.8402456999999999
1676665772.3602874	1.90342309
1676665772.5182998	1.82489696
1676665772.677025	1.75778158
1676665772.8524277	1.86941283
1676665772.9904406	1.75470904
1676665773.1436555	1.86393534
1676665773.305838	1.9056677
1676665773.4640417	1.8863139299999998
1676665773.6023064	1.95215686
1676665773.7557404	1.8336679
1676665773.8939803	1.8073534599999999
1676665774.055402	1.77709191
1676665774.1910322	1.71081036
1676665774.3283045	1.7521898699999998
1676665774.5070527	1.90830941
1676665774.6703231	1.87941842
1676665774.803291	1.84417214
1676665774.939753	1.78034855
1676665775.0934849	1.84307342
1676665775.2529397	1.7891259300000002
1676665775.380829	1.81858103
1676665775.5455074	1.7910482799999998
1676665775.700835	1.84005879
1676665775.8538623	1.83122081
1676665775.9869914	1.7694782900000001
1676665776.1183503	1.80050023
1676665776.275306	1.8324648399999999
1676665776.4260166	1.75151385
1676665776.5840986	1.75352094
1676665776.7444103	1.79827388
1676665776.8805463	1.92044143
1676665777.0313513	1.9502708100000001
1676665777.1898139	1.75913679
1676665777.3257606	1.81569942
1676665777.4636393	1.85934505
1676665777.6124246	1.84930969
1676665777.7637239	1.89633995
1676665777.9406912	1.91139861
1676665778.0841079	1.8388845
1676665778.2295575	1.89936637
1676665778.4138982	1.92085861
1676665778.5741425	1.8175274
1676665778.7119575	1.83918914
1676665778.8897085	1.8799490399999998
1676665779.0362642	1.750927
1676665779.1873322	1.7288829899999998
1676665779.3250885	1.88156524
1676665779.4762945	1.89180436
1676665779.6143687	1.72824757
1676665779.7522886	1.71722288
1676665779.8873138	1.78712883
1676665780.0333693	1.7910319700000001
1676665780.1928985	1.76789944
1676665780.3310354	1.73713649
1676665780.4678922	1.7586978999999998
1676665780.6017516	1.92362956
1676665780.7457662	1.89621155
1676665780.8925602	1.92735629
1676665781.0598092	1.91021299
1676665781.1973474	1.83923261
1676665781.3555171	1.80565449
1676665781.5092757	1.7823702
1676665781.6578522	1.80974961
1676665781.7954316	1.80385226
1676665781.9465826	1.82171215
1676665782.1050508	1.79030465
1676665782.267921	1.83996294
1676665782.4132144	1.7706028500000002
1676665782.5415404	1.76053692
1676665782.6691387	1.8699666
1676665782.8285298	1.8552838200000001
1676665782.9633994	1.8053097
1676665783.1071208	1.7352772
1676665783.232746	1.72741566
1676665783.3782706	1.7381325
1676665783.5254474	1.77548825
1676665783.660663	1.8422331900000002
1676665783.821996	1.8583514300000001
1676665783.956901	1.84347025
1676665784.1147482	1.93578539
1676665784.278142	1.86249963
1676665784.4330087	1.8344714
1676665784.5692482	1.77281091
1676665784.7302809	1.7480353899999999
1676665784.8676713	1.74390864
1676665785.0081396	1.82202252
1676665785.1413038	1.81470794
1676665785.3015938	1.9121461199999998
1676665785.4371104	1.9165340100000001
1676665785.562257	1.92704667
1676665785.7006874	1.94868752
1676665785.8431299	1.88550632
1676665785.9996562	1.8083404699999999
1676665786.1322007	1.78531892
1676665786.264767	1.8221846
1676665786.4075067	1.8469563699999998
1676665786.5496187	1.81082424
1676665786.6803782	1.88572456
1676665786.8082979	1.87120318
1676665786.9631777	1.83734409
1676665787.1160622	1.87270513
1676665787.2771976	1.84308271
1676665787.412011	1.86794242
1676665787.5693717	1.85455193
1676665787.7261827	1.98024571
1676665787.863324	1.94311754
1676665788.02301	1.7936479
1676665788.1593566	1.69814329
1676665788.312702	1.79674671
1676665788.4378133	1.83479262
1676665788.5795367	1.87908174
1676665788.7258182	1.84859332
1676665788.8837287	1.8149042100000001
1676665789.0409088	1.8330922699999999
1676665789.1969051	1.74555375
1676665789.3333416	1.7993833099999998
1676665789.4982948	1.7971579899999999
1676665789.6359344	1.8114718600000002
1676665789.7674303	1.86848924
1676665789.8932624	1.87435174
1676665790.0319543	1.85269705
1676665790.1736176	1.89739071
1676665790.3351822	1.8643719699999999
1676665790.4811018	1.91163926
1676665790.6155238	1.92534077
1676665790.7794878	1.89975823
1676665790.9356298	1.8876809300000001
1676665791.0719	1.83942699
1676665791.2281866	1.82668478
1676665791.3897233	1.75942397
1676665791.5445323	1.81046787
1676665791.6810741	1.85284698
1676665791.8158562	1.7696153700000001
1676665791.957433	1.79327878
1676665792.0959167	1.83058525
1676665792.2519145	1.85878723
1676665792.375551	1.91347506
1676665792.499434	1.88243789
1676665792.6214504	1.80497916
1676665792.7443619	1.82877125
1676665792.8661234	1.8395777
1676665793.0111256	1.8795534600000001
1676665793.1436586	1.8526293
1676665793.2809956	1.81086685
1676665793.4111626	1.8383599400000001
1676665793.5696352	1.7582556
1676665793.7173402	1.7764179199999999
1676665793.841995	1.79561836
1676665793.981732	1.92915813
1676665794.1051898	1.94724323
1676665794.2478318	1.83311303
1676665794.4063373	1.7352635399999998
1676665794.5321424	1.81345626
1676665794.6870563	1.86220253
1676665794.823495	1.80749636
1676665794.9627898	1.8410080100000001
1676665795.1042442	1.81646681
1676665795.2620003	1.71893047
1676665795.4203277	1.8147745000000002
1676665795.562447	1.78928741
1676665795.6851428	1.83091902
1676665795.815015	1.9112464500000002
1676665795.940802	1.85069912
1676665796.0818262	1.92811701
1676665796.2292974	1.7941016
1676665796.3538406	1.76799249
1676665796.4912512	1.74781452
1676665796.6357393	1.89473032
1676665796.793002	1.72660754
1676665796.9356189	1.71206192
1676665797.0675695	1.77481221
1676665797.1893997	1.8229469600000001
1676665797.3509486	1.81724641
1676665797.482541	1.81445753
1676665797.6054182	1.8406551000000002
1676665797.765238	1.7799378099999998
1676665797.9225316	1.8354542999999999
1676665798.0463793	1.83236085
1676665798.168294	1.7734699299999999
1676665798.3138316	1.821245
1676665798.4542375	1.82897086
1676665798.5919595	1.88322884
1676665798.7144704	1.9231155800000002
1676665798.8739288	1.89614102
1676665799.010086	1.88067214
1676665799.1340232	1.79068742
1676665799.27941	1.7725241699999998
1676665799.4122603	1.86615514
1676665799.5474486	1.8252810300000002
1676665799.6841702	1.88244217
1676665799.8473127	1.8143217500000002
1676665799.970331	1.8763855600000001
1676665800.1250153	1.9615116799999999
1676665800.2618601	1.8820652100000002
1676665800.4150538	1.84397262
1676665800.5393212	1.81010491
1676665800.6770673	1.8014588900000001
1676665800.8282983	1.8062543100000001
1676665800.9758267	1.89077182
1676665801.1119118	1.88428945
1676665801.2911186	1.87364279
1676665801.4130886	1.92660531
1676665801.536185	1.82081374
1676665801.674529	1.84731792
1676665801.796155	1.93388215
1676665801.9375184	1.78506212
1676665802.0851018	1.6759015199999998
1676665802.2352238	1.80603372
1676665802.3902817	1.9653438300000001
1676665802.5323544	1.9151825199999999
1676665802.674569	1.87307418
1676665802.798303	1.88800256
1676665802.9516442	1.91757728
1676665803.0938566	1.9752955500000002
1676665803.2381127	1.86713553
1676665803.380648	1.9024773099999999
1676665803.5234547	1.88806798
1676665803.6771748	1.90378676
1676665803.8206584	1.90566715
1676665803.958083	1.90137129
1676665804.0929606	1.86970763
1676665804.2306466	1.88107657
1676665804.3534644	1.87288312
1676665804.508291	1.7621348399999999
1676665804.6461084	1.75370439
1676665804.7993152	1.83471925
1676665804.9412587	1.83716119
1676665805.0735319	1.888685
1676665805.1955774	1.87792628
1676665805.3276696	1.80651673
1676665805.4895186	1.82528659
1676665805.616447	1.82585445
1676665805.7422564	1.79413594
1676665805.8825047	1.83815695
1676665806.0376728	1.91966996
1676665806.1959653	1.81483026
1676665806.3499935	1.84490039
1676665806.4793828	1.9256256900000002
1676665806.6174266	1.87969037
1676665806.7710075	1.84958106
1676665806.9127605	1.88856589
1676665807.0640469	1.90210599
1676665807.2082999	1.81485275
1676665807.3662877	1.82992912
1676665807.5269856	1.88861254
1676665807.6722527	1.9687839199999997
1676665807.7982988	1.9558352700000001
1676665807.9315825	1.89010109
1676665808.0721383	1.85041488
1676665808.2022982	1.829646
1676665808.3448002	1.8426825900000001
1676665808.5039775	1.78539802
1676665808.6591842	1.80667733
1676665808.8113055	1.7942842
1676665808.926356	1.88593391
1676665809.0497358	1.89528398
1676665809.1872523	1.77628918
1676665809.340942	1.87640527
1676665809.4809108	1.8730715900000001
1676665809.626965	1.7447953600000001
1676665809.7550576	1.72315619
1676665809.89224	1.79014726
1676665810.0297158	1.84652547
1676665810.1759067	1.90511933
1676665810.3123753	1.9309217200000002
1676665810.44992	1.84422347
1676665810.5739539	1.90434771
1676665810.7304187	1.76037863
1676665810.8719537	1.72318535
1676665811.0189016	1.7897017499999999
1676665811.142511	1.8849917999999999
1676665811.3015332	1.91959783
1676665811.4270086	1.91438953
1676665811.5538182	1.86956046
1676665811.6947417	1.75228861
1676665811.8256936	1.82602529
1676665811.979806	1.81249861
1676665812.117099	1.87147798
1676665812.2710767	1.93267838
