Time (s)\Voltage (mV)
1676667669.2772892	32.9457457
1676667669.3875737	29.7013008
1676667669.539893	31.0276364
1676667669.6644359	30.085568900000002
1676667669.80273	23.3844317
1676667669.9404724	21.0854867
1676667670.0799565	22.5336995
1676667670.2037995	26.2202111
1676667670.3237853	30.1197464
1676667670.4432557	28.8795807
1676667670.5816083	24.8015171
1676667670.7052324	22.4167893
1676667670.8273742	24.3105253
1676667670.9524188	28.916239400000002
1676667671.0753322	29.8669823
1676667671.2173479	31.7918581
1676667671.3525007	32.0361828
1676667671.5097566	27.145576000000002
1676667671.62546	25.919594399999998
1676667671.7849298	31.7595027
1676667671.9292986	33.4730687
1676667672.0882938	27.257399200000002
1676667672.230863	25.0914377
1676667672.3859308	27.348774199999998
1676667672.5382957	27.1174759
1676667672.671925	26.232975
1676667672.832881	25.3083798
1676667672.9602985	25.622775999999998
1676667673.1093478	26.6409677
1676667673.2320595	27.6079409
1676667673.3547933	29.5254848
1676667673.509599	30.4677757
1676667673.6534235	32.8550371
1676667673.7724867	30.7633265
1676667673.8927987	29.8840987
1676667674.012261	24.6748198
1676667674.149803	25.3939239
1676667674.268294	31.8510246
1676667674.4140599	34.5859118
1676667674.576075	23.5191741
1676667674.6973004	21.195291700000002
1676667674.8178408	23.432831
1676667674.962007	23.4163615
1676667675.0821984	26.9611165
1676667675.2145011	29.9330646
1676667675.3582947	28.628982099999998
1676667675.4810438	25.8451419
1676667675.6048894	22.9162371
1676667675.7272809	21.0378078
1676667675.8769755	25.8039771
1676667676.0342565	29.765124800000002
1676667676.1631892	31.163007
1676667676.285447	30.256346699999998
1676667676.4293082	30.4328418
1676667676.5773125	29.6163779
1676667676.7024386	29.107699800000002
1676667676.840572	28.7295466
1676667676.9840736	28.127841800000002
1676667677.1124203	26.116373799999998
1676667677.2464464	25.4969288
1676667677.4055095	24.0889634
1676667677.5416703	29.6265328
1676667677.680047	32.144888599999994
1676667677.8243701	31.1314891
1676667677.9623473	28.622374
1676667678.1028	24.771724799999998
1676667678.225974	20.3044096
1676667678.3493006	26.7850071
1676667678.5056655	27.392169000000003
1676667678.6282916	26.8878336
1676667678.7512212	28.1540038
1676667678.8738472	26.489199000000003
1676667678.9972208	24.1998389
1676667679.1199803	26.3643805
1676667679.2774558	28.297203399999997
1676667679.4346378	28.3285159
1676667679.5953827	32.8068312
1676667679.7177148	29.611658
1676667679.8412385	26.8071229
1676667679.995165	28.496481300000003
1676667680.1550796	28.4434862
1676667680.2831826	28.001021
1676667680.442828	27.8725707
1676667680.5993018	29.580711400000002
1676667680.7617216	26.2661758
1676667680.897235	27.6511144
1676667681.0334713	32.1819877
1676667681.156674	28.572962
1676667681.2802188	24.7743687
1676667681.4227874	23.8254485
1676667681.5670884	29.3088353
1676667681.703306	34.342975800000005
1676667681.8562284	31.778215
1676667681.981255	30.4152158
1676667682.1182942	29.3648847
1676667682.2432091	26.7318326
1676667682.366631	25.4104285
1676667682.4915152	26.5585318
1676667682.6196015	31.013863100000002
1676667682.7582986	33.1159336
1676667682.906281	27.2507016
1676667683.0732892	24.4728807
1676667683.228303	22.646906299999998
1676667683.3882987	26.5192772
1676667683.5482967	35.8999723
1676667683.708263	29.600986900000002
1676667683.8672779	28.2689867
1676667684.0263076	29.5933624
1676667684.185923	29.6119767
1676667684.3235514	26.7487699
1676667684.4825284	32.9617596
1676667684.6399226	28.282139700000002
1676667684.8000076	28.923179
1676667684.9536872	28.326603
1676667685.0853693	27.393695700000002
1676667685.2439578	28.8459286
1676667685.39409	31.871977
1676667685.5625782	27.7482529
1676667685.7052546	25.0991283
1676667685.848302	27.5572472
1676667686.0093017	27.6844857
1676667686.147846	26.3941328
1676667686.309774	25.7497717
1676667686.4482992	25.410584399999998
1676667686.6039898	25.8627076
1676667686.753494	29.9754901
1676667686.8930352	33.7643081
1676667687.0470843	32.5717944
1676667687.2119186	30.822172799999997
1676667687.3490863	25.8537028
1676667687.5149179	28.087385100000002
1676667687.6482987	24.7652226
1676667687.792869	27.1081935
1676667687.947996	27.7352472
1676667688.1073906	25.3810994
1676667688.252995	22.7804928
1676667688.3899345	25.2097505
1676667688.5356429	30.3192599
1676667688.7146163	28.0029139
1676667688.8574564	23.2496203
1676667688.994577	23.204027200000002
1676667689.1582959	24.9484128
1676667689.31084	27.554968199999998
1676667689.4398837	28.0281908
1676667689.5973117	31.514401400000004
1676667689.730943	29.106648999999997
1676667689.8669302	25.5282588
1676667690.0260005	24.3845868
1676667690.183197	31.95141
1676667690.321592	33.9130171
1676667690.4745963	29.9799789
1676667690.6411083	27.3235676
1676667690.77027	26.4087413
1676667690.905173	27.3732167
1676667691.0632331	27.7972762
1676667691.2191362	34.440365299999996
1676667691.3830633	33.172136099999996
1676667691.5210361	28.4027999
1676667691.680351	27.787657
1676667691.8568466	31.7614774
1676667692.0118473	33.906099100000006
1676667692.151963	31.440138700000002
1676667692.3145502	25.448477099999998
1676667692.4469259	26.3840343
1676667692.5913258	30.4866814
1676667692.7629058	30.7327291
1676667692.9002671	29.4952721
1676667693.0501592	31.3478429
1676667693.1800017	30.054821200000003
1676667693.3363552	26.6029176
1676667693.4903529	27.0280423
1676667693.652631	33.6259738
1676667693.790763	29.9789789
1676667693.9515786	28.2263193
1676667694.1132448	27.404561899999997
1676667694.2735877	27.021819200000003
1676667694.429884	33.6692782
1676667694.6050627	29.6272058
1676667694.744431	25.2435228
1676667694.8994617	25.4330047
1676667695.0661879	22.8662876
1676667695.2273343	30.8675751
1676667695.386671	31.8794986
1676667695.5527298	27.7039788
1676667695.6912766	25.5656757
1676667695.8455215	23.393218
1676667695.9882936	26.6781297
1676667696.1442022	31.879840700000003
1676667696.2756019	31.3529039
1676667696.435564	27.1243927
1676667696.571121	26.8106796
1676667696.7018116	27.730487
1676667696.868247	30.970377600000003
1676667696.9982684	31.736849999999997
1676667697.1649044	28.231447
1676667697.3195834	25.8580868
1676667697.4627337	21.053295
1676667697.6017694	24.7988646
1676667697.7607152	32.2985288
1676667697.904193	30.2921938
1676667698.0580263	32.3314372
1676667698.1967504	30.5876369
1676667698.3338163	28.0701355
1676667698.4923863	26.6159915
1676667698.6300273	29.1733528
1676667698.7644575	28.8534723
1676667698.9034133	24.3292685
1676667699.0472455	25.0400378
1676667699.186814	26.437879000000002
1676667699.3453789	29.624949599999997
1676667699.5079727	29.863545799999997
1676667699.6524293	27.2280427
1676667699.786599	32.1312281
1676667699.946015	25.3357091
1676667700.0939753	28.5563771
1676667700.2230303	34.2606731
1676667700.3616397	29.9991256
1676667700.5093038	28.3301901
1676667700.6611922	25.5767735
1676667700.8000832	26.4255535
1676667700.928283	28.890659999999997
1676667701.0635855	31.068493
1676667701.207855	33.217899100000004
1676667701.3544483	30.5635614
1676667701.5055482	23.3808112
1676667701.6732683	24.753642199999998
1676667701.8043451	26.1781535
1676667701.94785	31.520120499999997
1676667702.1049254	27.8137395
1676667702.26385	27.0997827
1676667702.3981407	23.824643199999997
1676667702.5596316	24.8913396
1676667702.7226858	30.7805624
1676667702.8593483	31.2670512
1676667702.9982986	28.6794169
1676667703.140689	30.0097492
1676667703.2874527	30.124432
1676667703.4241636	29.1912837
1676667703.5823636	29.4285847
1676667703.7197165	29.0672345
1676667703.8737967	28.228885599999998
1676667704.0407434	28.551162
1676667704.1767476	28.6595475
1676667704.3359954	26.8713846
1676667704.4661353	27.3286113
1676667704.5934045	25.9920921
1676667704.7613323	25.347007899999998
1676667704.8893056	30.884690499999998
1676667705.0150206	29.3217451
1676667705.1583045	29.8452041
1676667705.29034	29.1871171
1676667705.449422	25.4027774
1676667705.5882921	27.8190759
1676667705.718194	28.6281983
1676667705.8445096	27.788708200000002
1676667706.0126045	29.4825243
1676667706.162909	32.966145600000004
1676667706.326775	26.2461197
1676667706.4614112	23.0120161
1676667706.60128	25.452247
1676667706.7469547	25.9153069
1676667706.9040518	28.6684452
1676667707.056353	26.2215797
1676667707.2164948	26.6826444
1676667707.3638885	25.5578381
1676667707.490023	25.080251500000003
1676667707.6282253	28.5968926
1676667707.7765038	31.7918528
1676667707.923003	32.1558793
1676667708.0648212	32.6598616
1676667708.2187505	30.0649924
1676667708.3575273	26.149087299999998
1676667708.4939876	29.861286
1676667708.6534977	23.9836709
1676667708.7976065	23.881622
1676667708.9541917	28.2135611
1676667709.1126852	24.7641509
1676667709.2470598	23.0131212
1676667709.3850467	26.763141599999997
1676667709.538774	24.239215599999998
1676667709.7138948	25.4054547
1676667709.8579502	26.0723555
1676667710.0117092	21.927484399999997
1676667710.1439211	26.106349899999998
1676667710.2823842	32.3346898
1676667710.4181364	33.8575519
1676667710.5770657	27.6700764
1676667710.7327685	28.009531300000003
1676667710.8639479	28.8282994
1676667711.0016608	27.2201748
1676667711.138299	26.7371778
1676667711.2962701	25.752384499999998
1676667711.449689	28.0607338
1676667711.581433	25.7054327
1676667711.7182987	21.7428102
1676667711.8659875	25.5485189
1676667712.014786	28.4166083
1676667712.1565044	29.290963
1676667712.3159642	26.0362475
1676667712.4517288	27.7839728
1676667712.604536	32.100848
1676667712.7481406	33.015980899999995
1676667712.8968825	32.3261308
1676667713.0224562	30.5278366
1676667713.1605964	30.394718599999997
1676667713.3071518	26.1232133
1676667713.4369438	25.5743288
1676667713.5957925	34.9914225
1676667713.7234428	30.3098158
1676667713.869675	30.1969916
1676667714.0258112	25.9560465
1676667714.1853006	28.3224181
1676667714.333027	30.5420625
1676667714.458037	31.7261456
1676667714.604068	33.6275217
1676667714.759543	27.4303595
1676667714.9221807	27.834949
1676667715.076874	32.884464099999995
1676667715.2152855	34.2534221
1676667715.355495	29.907519
1676667715.4883006	25.2945746
1676667715.6540065	27.0838049
1676667715.8050337	26.2689151
1676667715.949823	28.7400287
1676667716.0982885	31.7795517
1676667716.233714	30.6523529
1676667716.3944821	26.6066617
1676667716.5528324	24.7280394
1676667716.6882942	26.4332029
1676667716.8529139	30.544413600000002
1676667716.9765575	29.3682793
1676667717.1002612	27.1434589
1676667717.2483203	25.893430499999997
1676667717.395679	26.6229279
1676667717.5540242	26.5850945
1676667717.717745	27.2123243
1676667717.8543928	26.8573226
1676667717.9934864	28.2792997
1676667718.1308336	29.9901089
1676667718.2980657	29.407144
1676667718.4305172	30.7214671
1676667718.5711577	34.6067825
1676667718.7025747	32.0198891
1676667718.8416212	30.4259289
1676667719.0003772	27.310137
1676667719.134903	20.6049566
1676667719.2627466	22.996881100000003
1676667719.4067836	30.143078
1676667719.554845	28.0599289
1676667719.683594	27.6692947
1676667719.8482988	26.7279461
1676667719.97277	23.2644319
1676667720.1161587	22.1260101
1676667720.2749188	34.2861331
1676667720.4104185	34.3692304
1676667720.5672896	31.1157996
1676667720.7003236	29.6861258
1676667720.86099	25.8946886
1676667721.0244389	28.693546899999998
1676667721.1621892	25.9769858
1676667721.3170717	27.2594676
1676667721.4563084	28.3108566
1676667721.593835	26.8693877
1676667721.7516866	26.3590801
1676667721.8900592	29.969969
1676667722.0236964	30.0868379
1676667722.1528685	27.5721589
1676667722.2911777	29.9112434
1676667722.4438696	27.8011523
1676667722.591235	26.4988514
1676667722.7298896	28.9167949
1676667722.8582962	26.1471379
1676667723.0044737	22.648431900000002
1676667723.1382978	26.2373642
1676667723.3182955	26.9506115
1676667723.4860153	31.2149164
1676667723.6473079	28.0732657
1676667723.803374	26.254788599999998
1676667723.957254	24.99898
1676667724.090713	24.401088299999998
1676667724.258279	26.1941159
1676667724.4152484	32.1434908
1676667724.5595875	34.3614015
1676667724.6982994	27.566354399999998
1676667724.8614695	26.022296899999997
1676667724.9949143	22.9842713
1676667725.129309	21.7843087
1676667725.2772758	30.5981384
1676667725.4160752	34.302040999999996
1676667725.593074	33.1958523
1676667725.7370589	26.9688008
1676667725.8959923	29.0290385
1676667726.0783	33.650828000000004
1676667726.2168198	33.2724066
1676667726.3552618	28.4146468
1676667726.5141838	30.529328000000003
1676667726.666235	31.7045242
1676667726.7977312	31.7749747
1676667726.936793	32.4994619
1676667727.0911937	29.8179734
1676667727.2681968	28.0077179
1676667727.427886	27.6959513
1676667727.5771306	33.715177399999995
1676667727.7055998	30.8906
1676667727.8428226	30.863077
1676667727.991629	29.0193191
1676667728.1596284	27.322344700000002
1676667728.2971158	25.7977675
1676667728.4609902	29.4518655
1676667728.5993176	35.2854801
1676667728.7368932	31.7024068
1676667728.875624	32.248204599999994
1676667729.0096843	28.4739641
1676667729.1912985	26.305670499999998
1676667729.3702824	31.0942409
1676667729.52729	32.151350699999995
1676667729.6879084	28.8934836
1676667729.826289	26.191963299999998
1676667729.9897597	25.4540942
1676667730.1457818	27.2569834
1676667730.2780838	32.756308999999995
1676667730.4428349	28.4738917
1676667730.601856	22.2713426
1676667730.7389996	27.9422475
1676667730.8682902	26.6107587
1676667731.0356262	32.9505784
1676667731.1954317	33.0457861
1676667731.333549	30.823702800000003
1676667731.4873724	28.5261441
1676667731.6282954	29.752042799999998
1676667731.7850254	29.7090676
1676667731.9520586	30.1292525
1676667732.0909042	30.5765426
1676667732.2276816	23.289399200000002
1676667732.3693023	19.3329528
1676667732.519519	16.2109061
1676667732.6498024	24.1007745
1676667732.7882986	31.097137
1676667732.9361463	31.5075717
1676667733.0648987	28.195804000000003
1676667733.2307587	28.6298707
1676667733.3655245	29.907007999999998
1676667733.5067606	32.5924421
1676667733.664243	32.0629231
1676667733.8228166	28.3552984
1676667733.9772773	20.2123484
1676667734.106229	24.2311536
1676667734.2515116	28.707694200000002
1676667734.390222	29.771713599999998
1676667734.5537605	29.7849453
1676667734.6923172	30.9704976
1676667734.8213801	28.332022799999997
1676667734.9508042	26.1988561
1676667735.1059415	31.777842200000002
1676667735.269401	32.0408586
1676667735.4075124	30.2527187
1676667735.5447743	26.720896
1676667735.6802785	23.5606846
1676667735.835093	25.1442594
1676667735.9954917	30.1591421
1676667736.1563895	31.4163015
1676667736.3125122	26.265599899999998
1676667736.469506	26.5512944
1676667736.6016183	20.7650625
1676667736.7383015	22.8815146
1676667736.8777533	26.5924009
1676667737.0382912	30.2351624
1676667737.1970804	25.997593600000002
1676667737.3321495	22.5262838
1676667737.470712	27.994813
1676667737.6237345	28.363125699999998
1676667737.80515	31.958793899999996
1676667737.9652941	31.946132199999997
1676667738.1017816	29.1727554
1676667738.2798939	23.8864984
1676667738.419674	26.413890900000002
1676667738.5782952	29.036707200000002
1676667738.734763	25.3971956
1676667738.8651032	24.480289
1676667739.003098	24.4802375
1676667739.160633	25.6560454
1676667739.3008628	31.7713014
1676667739.4675095	33.412256199999995
1676667739.599302	31.3873717
1676667739.7593124	25.055189799999997
1676667739.921156	23.7935227
1676667740.0558987	29.424802900000003
1676667740.1896522	30.928421500000002
1676667740.3362024	29.2536602
1676667740.4746497	33.0012312
1676667740.603478	30.8393937
1676667740.738301	26.8452297
1676667740.91931	29.524047200000002
1676667741.078298	33.9126798
1676667741.2316692	29.5346912
1676667741.398299	26.8389576
1676667741.5322385	27.3266552
1676667741.6923954	28.0102131
1676667741.845626	33.0312402
1676667741.996926	32.9620082
1676667742.1533725	33.5100458
1676667742.2971702	30.7577979
1676667742.4582973	26.7394121
1676667742.5965195	27.0509325
1676667742.7348068	26.6218992
1676667742.8829556	26.875190699999997
1676667743.0100386	31.0818552
1676667743.1475775	33.087316300000005
1676667743.296345	29.539163
1676667743.4244957	29.880621100000003
1676667743.5624323	31.0154858
1676667743.7011442	32.1001465
1676667743.8381603	25.231254
1676667743.9801974	21.0293511
1676667744.127382	30.969035299999998
1676667744.2582986	27.2151222
1676667744.395987	22.3818594
1676667744.5342238	25.6642842
1676667744.6711602	25.349586
1676667744.8344636	24.9383213
1676667744.988298	28.4655585
1676667745.1420114	29.617607800000002
1676667745.2755225	31.495632000000004
1676667745.4404416	32.1114647
1676667745.5699856	27.8260689
1676667745.7434409	23.6342046
1676667745.8828583	26.4462424
1676667746.045813	28.9929575
1676667746.1945708	30.3627749
1676667746.3254943	27.4546955
1676667746.4646583	25.7738698
1676667746.6136675	28.5659578
1676667746.7654824	29.2715539
1676667746.9200158	29.5776747
1676667747.0766246	32.512837000000005
1676667747.2314606	27.411353400000003
1676667747.3764422	26.4956061
1676667747.5348175	26.2406974
1676667747.6667812	32.7184731
1676667747.8279529	28.176937499999998
1676667747.9853723	28.1286917
1676667748.1363785	26.886676299999998
1676667748.2961998	19.436378599999998
1676667748.4343116	26.9028025
1676667748.5940151	35.044286199999995
1676667748.7317405	35.9751496
1676667748.8838644	32.6344559
1676667749.0482998	28.6634614
1676667749.1865723	24.217410299999997
1676667749.3469203	29.9429106
1676667749.50001	32.8217956
1676667749.660306	30.6172184
1676667749.802204	29.8549374
1676667749.966327	23.7423642
1676667750.0994897	28.202882499999998
1676667750.2621326	29.762546399999998
1676667750.3993087	28.5122975
1676667750.5592196	28.5298485
1676667750.7143543	27.9991986
1676667750.8633893	27.451944200000003
1676667751.0019965	30.088310900000003
1676667751.17829	32.919165799999995
1676667751.3330004	29.4504184
1676667751.4758563	28.5626335
1676667751.6307104	30.0533477
1676667751.7903156	30.2319145
1676667751.9392986	29.4839798
1676667752.0861397	26.2188042
1676667752.2228143	24.9852649
1676667752.357687	25.9657974
1676667752.5080478	25.9579037
1676667752.6651218	32.447085
1676667752.7822626	34.8009379
1676667752.9083056	28.9842067
1676667753.0466084	23.1879606
1676667753.2010207	26.057621100000002
1676667753.3407054	28.619686599999998
1676667753.4756114	31.619350499999996
1676667753.6093068	31.0459327
1676667753.7483022	30.1566156
1676667753.9067543	28.6023107
1676667754.064592	28.373555500000002
1676667754.222463	26.547168900000003
1676667754.348346	27.5471878
1676667754.511712	27.562444799999998
1676667754.664347	28.173926599999998
1676667754.81777	27.6100889
1676667754.9774323	27.7493749
1676667755.1159031	29.332366
1676667755.281198	32.505301700000004
1676667755.4171937	30.089413999999998
1676667755.5595474	25.9518778
1676667755.6945736	21.4766378
1676667755.8674116	28.6515402
1676667755.996773	30.4948761
1676667756.1343756	30.6002823
1676667756.2722898	27.683151
1676667756.4058902	28.301437
1676667756.5482962	24.6919989
1676667756.681093	22.2598282
1676667756.8400514	23.914860100000002
1676667756.9729428	30.2143538
1676667757.1336565	25.673878300000002
1676667757.2771747	19.1849027
1676667757.4357505	25.3823872
1676667757.5730584	30.087589
1676667757.7074149	34.1693823
1676667757.865953	29.2463075
1676667758.0246086	23.9420458
1676667758.1883	22.6271782
1676667758.3272254	24.1805505
1676667758.4865966	26.450743
1676667758.645691	23.063547
1676667758.8045595	24.367221
1676667758.9406614	28.5699755
1676667759.0994294	25.4098258
1676667759.255781	24.2177335
1676667759.3727632	31.269051800000003
1676667759.50271	31.3137687
1676667759.656988	25.3927634
1676667759.8173072	23.629243300000002
1676667759.949007	21.9159061
1676667760.1083	30.5524972
1676667760.241402	31.8415757
1676667760.4213412	26.2039581
1676667760.5674303	26.3178778
1676667760.7283022	29.784962
1676667760.8697186	30.5879039
1676667761.0247562	30.781597
1676667761.1623557	33.176124
1676667761.3205376	32.5036055
1676667761.4619265	30.1140943
1676667761.6094346	23.7709981
1676667761.7371244	25.3413511
1676667761.8965378	25.9247429
1676667762.027182	28.3351404
1676667762.1733015	26.7573206
1676667762.3293216	22.4723529
1676667762.4882941	30.9483147
1676667762.643808	34.5765142
1676667762.789859	32.1643266
1676667762.9482994	28.1413374
1676667763.1094072	27.3457848
1676667763.2471	28.812856
1676667763.387218	29.2862942
1676667763.5405762	31.5124845
1676667763.6753275	28.9958955
1676667763.8070078	25.779452000000003
1676667763.966156	23.669561700000003
1676667764.126114	31.553240900000002
1676667764.2710533	32.8960245
1676667764.4108157	27.4634726
1676667764.5469701	28.1643648
1676667764.6853747	26.0433701
1676667764.8408659	26.2998737
1676667765.0023718	28.6877927
1676667765.1298325	29.0682309
1676667765.2767255	32.718264
1676667765.4223328	32.8228649
1676667765.5506449	28.749927200000002
1676667765.676679	24.5930341
1676667765.83931	24.4231876
1676667765.9896977	27.045175099999998
1676667766.1274197	30.7845386
1676667766.2707047	28.0104878
1676667766.431691	27.5021307
1676667766.5682998	28.873477
1676667766.7275858	30.6233365
1676667766.8682992	31.535188800000004
1676667767.0482974	29.147235000000002
1676667767.1951656	23.3161589
1676667767.3370476	21.1698624
1676667767.475794	21.4657938
1676667767.6223285	23.255983800000003
1676667767.7678413	27.565848600000002
1676667767.9263113	27.9508804
1676667768.0872371	25.6361227
1676667768.2409532	25.9025186
1676667768.388295	26.855832499999998
1676667768.526319	30.150006100000002
1676667768.6621642	33.5325021
1676667768.789841	28.4012986
1676667768.9341378	25.4911826
1676667769.0827732	23.7871435
1676667769.2204516	25.4439191
1676667769.3814986	31.123169400000002
1676667769.516814	29.0657322
1676667769.646777	25.396411599999997
1676667769.7856262	26.689671299999997
1676667769.9412704	23.8193176
1676667770.0683074	27.141119200000002
1676667770.21399	30.5726839
1676667770.3524578	30.641379999999998
1676667770.5116324	31.2027141
1676667770.6642156	24.9715488
1676667770.822789	24.962758700000002
1676667770.9996428	31.408706699999996
1676667771.1504786	32.1137488
1676667771.28702	27.559479200000002
1676667771.450959	23.3916739
1676667771.5977252	24.676542700000002
1676667771.7251647	27.3016965
1676667771.8697028	33.386849000000005
1676667772.0081677	28.754030999999998
1676667772.1724129	29.4075658
1676667772.3270519	30.075120000000002
1676667772.4857879	30.0930576
1676667772.642959	29.971563699999997
1676667772.769849	32.1973407
1676667772.9082956	32.9289173
1676667773.0550306	33.0084644
1676667773.197149	27.9482395
1676667773.3572035	25.0153997
1676667773.5121543	28.1559204
1676667773.6509793	32.1758855
1676667773.8066676	31.436318400000005
1676667773.9725723	25.5222814
1676667774.1245067	22.9520199
1676667774.2624807	26.948839200000002
1676667774.416777	32.360476399999996
1676667774.5555062	32.194957099999996
1676667774.708298	25.737373
1676667774.878197	25.801082400000002
1676667775.0393026	23.3085685
1676667775.18421	29.5903728
1676667775.330139	30.838946
1676667775.4723463	29.3282826
1676667775.6106384	29.0074393
1676667775.7651138	24.0698504
1676667775.8941085	28.6990078
1676667776.0329566	34.2268332
1676667776.1664484	32.7190669
1676667776.3224704	29.6958364
1676667776.4878397	26.549297900000003
1676667776.624033	24.5330929
1676667776.7813423	33.532612
1676667776.9217298	33.6954175
1676667777.0982976	29.9133475
1676667777.228292	23.516174099999997
1676667777.3693116	22.342954799999998
1676667777.5235488	20.139052300000003
1676667777.6783879	27.3542533
1676667777.8124342	31.1177545
1676667777.943348	31.565008899999995
1676667778.107859	28.6806202
1676667778.2634394	24.8386084
1676667778.4016993	27.6846638
1676667778.5328493	30.105724000000002
1676667778.6672344	32.1884043
1676667778.8304033	29.7958421
1676667778.9733884	26.540035399999997
1676667779.118013	27.2320247
1676667779.2507834	28.4091952
1676667779.3846047	33.2874353
1676667779.528832	28.924267999999998
1676667779.6771564	25.6817482
1676667779.845583	23.886380799999998
1676667779.9825125	25.2822833
1676667780.1418698	27.7639439
1676667780.2849445	29.5318595
1676667780.4348845	28.7046715
1676667780.5723205	26.7332881
1676667780.7202258	24.3158493
1676667780.8515172	23.414040399999998
1676667780.9967613	26.183356
1676667781.145381	31.265233000000002
1676667781.306998	27.571328700000002
1676667781.4519126	26.723545299999998
1676667781.608303	26.716974
1676667781.7460208	27.9749287
1676667781.879923	31.028714100000002
1676667782.024936	32.5827204
1676667782.1582954	29.7042665
1676667782.3163471	29.0308617
1676667782.4721572	28.213305599999998
1676667782.6309662	27.4388937
1676667782.769908	27.873116699999997
1676667782.908304	26.624620500000002
1676667783.0456603	27.9343595
1676667783.198903	24.6287778
1676667783.3295271	21.919488
1676667783.4683447	29.1213668
1676667783.6221313	27.815454
1676667783.7514539	25.747049800000003
1676667783.889306	28.061191
1676667784.0412567	27.179134899999998
1676667784.1920059	25.551845
1676667784.3480697	25.3749452
1676667784.505529	30.6124254
1676667784.643184	31.9996939
1676667784.7871523	28.4344887
1676667784.9276252	30.4884788
1676667785.065285	29.0966278
1676667785.2215629	28.4913578
1676667785.3805537	30.115593999999998
1676667785.536625	28.492764100000002
1676667785.6803224	26.1993725
1676667785.839425	27.913691
1676667785.998092	26.8141771
1676667786.1312163	32.8083861
1676667786.290317	29.785641299999998
1676667786.4538915	27.011852100000002
1676667786.5925395	28.718816399999998
1676667786.7567856	31.338738499999998
1676667786.9155765	31.761152
1676667787.07361	31.272154000000004
1676667787.217512	26.524983
1676667787.3508205	23.6644685
1676667787.483843	24.7378405
1676667787.6482916	28.205396
1676667787.7827373	28.9677042
1676667787.92501	30.7024792
1676667788.0582952	28.310593700000002
1676667788.2179935	27.5788351
1676667788.357447	29.8124265
1676667788.4932833	31.5063969
1676667788.6315563	31.7402185
1676667788.7868936	31.277406
1676667788.921112	30.945549
1676667789.0811093	29.8291356
1676667789.2099109	25.6182103
1676667789.3371363	27.3716957
1676667789.4829047	28.5410913
1676667789.621688	26.4249045
1676667789.7650359	29.076989899999997
1676667789.924265	31.5066848
1676667790.0811071	26.2205004
1676667790.2180579	27.7793961
1676667790.3731422	31.451967900000003
1676667790.5333796	26.8933672
1676667790.6701093	24.7359607
1676667790.799494	24.3811862
1676667790.9393172	28.8407119
1676667791.096647	31.331615700000004
1676667791.228466	30.6838397
1676667791.3883016	31.4396065
1676667791.5484536	27.573699100000002
1676667791.6874924	25.7447967
1676667791.84247	31.445724699999996
1676667791.9815936	28.8184688
1676667792.1250584	26.6572447
1676667792.2582963	24.1832768
1676667792.4222581	22.812363700000002
1676667792.572526	23.2761799
1676667792.7099705	31.658973
1676667792.8659465	32.284492
1676667793.0052633	28.600080300000002
1676667793.1578338	26.3936668
1676667793.2993035	27.114786799999997
1676667793.456626	30.9144009
1676667793.6017058	35.44133
1676667793.7611868	34.7883753
1676667793.9199748	28.145134799999997
1676667794.05712	26.2744535
1676667794.1933866	29.721256800000003
1676667794.3298693	30.6713279
1676667794.5096948	27.3350979
1676667794.6732395	29.4905501
1676667794.8117783	28.4357431
1676667794.9735699	28.488721
1676667795.110703	28.8036754
1676667795.2723217	29.443270000000002
1676667795.4317622	30.5912735
1676667795.5882995	27.9422405
1676667795.7468183	27.595479700000002
1676667795.910246	32.734085900000004
1676667796.060646	28.682211
1676667796.232966	28.839793
1676667796.3697062	26.277042
1676667796.5274599	24.1005445
1676667796.681796	28.0430734
1676667796.814682	29.740844499999998
1676667796.9556386	32.505478999999994
1676667797.1114762	34.812204200000004
1676667797.2767813	29.9492515
1676667797.4139266	28.681399900000002
1676667797.5729089	28.2380424
1676667797.7160072	33.1285783
1676667797.8546116	30.0835133
1676667798.0123565	25.281775999999997
1676667798.1945124	20.16186
1676667798.33789	24.9824964
1676667798.496475	29.8226651
1676667798.696453	30.701788699999998
1676667798.8397946	27.657788
1676667798.9682915	26.0793484
1676667799.1176353	24.784465400000002
1676667799.2832477	28.6931174
1676667799.4156153	30.4943708
1676667799.568298	31.5573366
1676667799.7024791	30.232241100000003
1676667799.8575473	25.7251517
1676667799.9916186	22.2779201
1676667800.1535766	26.4384654
1676667800.307354	33.4629699
1676667800.446936	31.688265799999996
1676667800.584155	30.2509412
1676667800.7174532	30.401464400000002
1676667800.860921	33.0647128
1676667801.0276341	34.4967787
1676667801.191022	35.414391699999996
1676667801.344647	33.1252729
1676667801.4899895	32.2576467
1676667801.6387901	24.6043203
1676667801.76792	27.3792437
1676667801.9083042	35.1127248
1676667802.0575895	31.4140303
1676667802.208002	25.4631165
1676667802.3682995	29.3897917
1676667802.532312	30.220174200000002
1676667802.6799388	29.809658499999998
1676667802.8307295	29.8796469
1676667802.9859462	27.897361999999998
1676667803.1455922	29.4187781
1676667803.2930515	28.342644
1676667803.4629297	29.976195699999998
1676667803.6009455	33.0529663
1676667803.736671	31.769454699999997
1676667803.89576	33.8125054
1676667804.0615437	24.300638699999997
1676667804.2175877	19.4951321
1676667804.3782952	26.9420768
1676667804.5325682	28.7847996
1676667804.6780846	27.7778326
1676667804.8356352	25.0863319
1676667804.994205	27.7323885
1676667805.1316538	29.5678106
1676667805.2878003	29.2950501
1676667805.4470794	29.4952697
1676667805.6067438	26.633270800000002
1676667805.7431328	24.58213
1676667805.9022489	25.4840691
1676667806.0581877	30.169826899999997
1676667806.219305	22.2501077
1676667806.368293	20.472167
1676667806.5126681	17.532840099999998
1676667806.6780515	24.9486099
1676667806.8345628	27.0856005
1676667806.9767852	29.1501039
1676667807.1352155	27.7220996
1676667807.291133	28.8423815
1676667807.4508471	32.4918525
1676667807.5901132	32.280712199999996
1676667807.7271895	31.3123441
1676667807.8869042	28.6757191
1676667808.0193632	29.3365866
1676667808.1660304	28.0818964
1676667808.304259	27.2339449
1676667808.4688032	27.4580125
1676667808.6076853	29.7238172
1676667808.7447464	31.5604841
1676667808.902701	29.5404394
1676667809.054714	25.9100497
1676667809.2204347	28.1454807
1676667809.3746858	32.5838044
1676667809.5348134	30.9700062
1676667809.68783	29.7160018
1676667809.8310955	26.253122
1676667809.9793031	27.5595301
1676667810.138478	30.7828924
1676667810.2930067	32.1403634
1676667810.4195268	30.3996712
1676667810.5793216	29.0088716
1676667810.7311158	29.9920357
1676667810.8979387	28.663266999999998
1676667811.0566192	29.889647500000002
1676667811.19406	34.2704722
1676667811.3453481	33.564675099999995
1676667811.5053382	28.8229523
1676667811.6647654	25.6707307
1676667811.8083098	28.526575700000002
1676667811.963018	28.9029448
1676667812.1283035	26.0477014
1676667812.2664886	26.294988200000002
1676667812.4318333	24.1294725
1676667812.5869465	29.7137925
1676667812.7245526	33.873067
1676667812.8794806	32.2531769
1676667813.018293	27.8175713
1676667813.1711674	24.0510761
1676667813.3119605	24.1319877
1676667813.467403	29.216777999999998
1676667813.6258698	28.5166215
1676667813.7747972	29.5076395
1676667813.926123	24.5087755
1676667814.0818436	23.5714544
1676667814.2156968	24.1853109
1676667814.3738477	32.0398789
1676667814.5309105	30.4691305
1676667814.6826577	28.495033699999997
1676667814.8152947	26.4638094
1676667814.959408	27.8863779
1676667815.0970619	29.011275
1676667815.2336507	31.650471200000002
1676667815.3880432	31.3134338
1676667815.5272207	29.606310699999998
1676667815.6877358	27.3052791
1676667815.8163333	26.9719743
1676667815.9645808	27.065835
1676667816.1033826	30.8484622
1676667816.282497	31.672537100000003
1676667816.4209268	28.3423083
1676667816.579434	27.6621485
1676667816.7387471	27.824766399999998
1676667816.897265	31.1137153
1676667817.0508735	25.499852699999998
1676667817.1896062	27.7192457
1676667817.352913	27.046416
1676667817.4883027	31.4348095
1676667817.6285768	31.3525365
1676667817.7597609	31.678887599999996
1676667817.903702	30.7260135
1676667818.0712664	27.9782902
1676667818.2014585	27.7125655
1676667818.3403902	25.944111200000002
1676667818.4879751	27.412750199999998
1676667818.638289	26.8937787
1676667818.7765725	26.573287399999998
1676667818.9382937	30.0240815
1676667819.0767994	25.5292824
1676667819.214426	27.0873262
1676667819.3500953	30.756873
1676667819.5129523	30.339350200000002
1676667819.6466684	29.4802713
1676667819.7859662	29.7467755
1676667819.9382992	33.261428099999996
1676667820.1015663	34.6233252
1676667820.2573855	35.726069100000004
1676667820.396201	32.092697199999996
1676667820.536552	29.9561006
1676667820.6713035	26.579288199999997
1676667820.8336084	25.2292078
1676667820.962538	30.3133651
1676667821.1273227	30.4314371
1676667821.285353	25.488509999999998
1676667821.4242206	23.708546899999998
1676667821.5799015	24.983881699999998
1676667821.7076948	23.953181
1676667821.8538754	26.703193900000002
1676667821.9916759	28.8382406
1676667822.1523037	27.388406800000002
1676667822.290118	27.345647099999997
1676667822.426331	27.033718200000003
1676667822.5931149	30.060066399999997
1676667822.724934	33.4155271
1676667822.8573577	34.260573699999995
1676667822.999735	30.4376016
1676667823.1539204	26.2847302
1676667823.3178236	24.5115445
1676667823.4466963	26.860001800000003
1676667823.5823066	31.3608621
1676667823.7202818	33.249326599999996
1676667823.8692985	27.823938
1676667824.0372994	27.4315798
1676667824.1739526	26.304785300000002
1676667824.3094041	26.7745068
1676667824.4482908	31.1747076
1676667824.602418	30.3129836
1676667824.7424383	29.2617235
1676667824.8831291	30.1112464
1676667825.039712	27.4291636
1676667825.1963549	29.294175499999998
1676667825.359953	27.832520600000002
1676667825.5073667	27.4667874
1676667825.636298	24.5772936
1676667825.7811825	26.7938048
1676667825.9198973	29.9958056
1676667826.0806384	30.485930500000002
1676667826.232929	34.977677899999996
1676667826.3635077	30.8218172
1676667826.5322032	26.0469154
1676667826.6805046	20.436146700000002
1676667826.817494	22.127573
1676667826.9465199	30.861894099999997
1676667827.1113737	31.0797682
1676667827.2657628	31.265245099999998
1676667827.409678	28.0215814
1676667827.559466	28.451449399999998
1676667827.6903844	31.277905699999998
1676667827.8306947	28.337139399999998
1676667827.9846163	26.9510648
1676667828.112833	25.3672318
1676667828.2516289	26.5927629
1676667828.4003808	31.899607800000002
1676667828.550934	32.5672031
1676667828.7090824	30.5347242
1676667828.8683162	26.5283033
1676667829.0161939	25.132013299999997
1676667829.147062	23.9854649
1676667829.2852707	25.5882047
1676667829.4415183	30.9139124
1676667829.6012793	30.026857099999997
1676667829.7721193	26.965668
1676667829.909663	25.8722839
1676667830.0565565	25.108422500000003
1676667830.2024977	30.7676193
1676667830.3778322	32.176728000000004
1676667830.5175102	28.6995887
1676667830.6734164	25.1875274
1676667830.8138149	26.9426472
1676667830.953064	26.0856223
1676667831.1043067	30.3973578
1676667831.257114	34.333573300000005
1676667831.4344738	31.496950500000004
1676667831.58829	25.7401274
1676667831.727347	23.7715435
1676667831.8820913	29.542363499999997
1676667832.0283842	30.8768734
1676667832.1701999	27.300910000000002
1676667832.2982945	24.109271200000002
1676667832.4423463	22.0334904
1676667832.582395	24.797135
1676667832.7147882	30.6197048
1676667832.8438148	30.16496
1676667833.003116	29.234529
1676667833.1624367	23.600519600000002
1676667833.3215256	28.1665009
1676667833.48259	31.3436755
1676667833.6200564	33.0828897
1676667833.750051	33.186062299999996
1676667833.8858836	29.387367599999997
1676667834.0442526	28.75473
1676667834.2004569	31.610617200000004
1676667834.3694103	31.6885404
1676667834.520305	34.0760825
1676667834.675907	32.4707228
1676667834.8083022	29.882173
1676667834.9458098	22.939636
1676667835.1067498	25.4992144
1676667835.2666252	34.320383
1676667835.3952277	31.398576499999997
1676667835.529932	29.0002914
1676667835.6679516	28.762461300000002
1676667835.8158753	27.088421
1676667835.9683363	28.2826716
1676667836.1282983	29.7797017
1676667836.2633007	33.468198900000004
1676667836.4225805	32.107311700000004
1676667836.580157	26.157868699999998
1676667836.716922	21.8071907
1676667836.8507197	31.3954096
1676667836.9808762	33.3857067
1676667837.1556995	35.424314800000005
1676667837.3149796	32.312483
1676667837.4636898	23.9486012
1676667837.6132312	28.2118382
1676667837.7682955	34.9388324
1676667837.9282982	31.2726345
1676667838.0767992	21.2194406
1676667838.2511923	20.3033247
1676667838.4109428	21.429444200000002
1676667838.571368	30.7590333
1676667838.6997657	33.9357447
1676667838.8427548	31.2559705
1676667839.0099866	24.9973363
1676667839.168112	22.658367900000002
1676667839.3242886	29.493360499999998
1676667839.4860702	31.8704556
1676667839.63999	29.1250466
1676667839.7783031	28.5133317
1676667839.933868	23.5002665
1676667840.0782897	25.8244788
1676667840.2167087	33.2637114
1676667840.3716402	33.0840358
1676667840.5381835	28.7793549
1676667840.6758332	28.4771118
1676667840.8145974	30.057076499999997
1676667840.9636219	31.6831483
1676667841.107707	31.9225608
1676667841.2722716	31.514145
1676667841.436544	28.763438400000002
1676667841.5757034	29.822417100000003
1676667841.7126634	33.6980045
1676667841.8508875	35.5725278
1676667841.9993024	34.1290426
1676667842.1295745	31.361336500000004
1676667842.27439	28.718906999999998
1676667842.4129894	32.5058159
1676667842.5721292	33.123348
1676667842.708299	31.693268500000002
1676667842.8377829	33.7181482
1676667842.9814506	31.9277366
1676667843.1178114	26.1655556
1676667843.2471633	22.2983873
1676667843.4133146	20.2696709
1676667843.5734065	30.8321388
1676667843.7135167	33.7522018
1676667843.8675687	28.7067692
1676667844.0084078	26.9015971
1676667844.166403	26.4839553
1676667844.301855	28.7421127
1676667844.4681392	35.2065113
1676667844.6267855	32.151200499999995
1676667844.7641199	29.894004
1676667844.922818	30.319679200000003
1676667845.0807717	32.1939236
1676667845.2402632	32.3822196
1676667845.3932848	32.8936763
1676667845.5522244	34.0220255
1676667845.6908884	29.6028357
1676667845.8277526	24.1653466
1676667845.9865682	23.6561845
1676667846.1630733	29.9263615
1676667846.341983	28.3201534
1676667846.4950948	25.0628055
1676667846.6531513	26.3126062
1676667846.792705	28.1493162
1676667846.9451735	32.330715000000005
1676667847.0882995	34.1560282
1676667847.2455962	29.0324704
1676667847.3907762	29.201380200000003
1676667847.537679	23.6672226
1676667847.6694891	26.8358536
1676667847.8135574	30.761134700000003
1676667847.96231	23.618588699999997
1676667848.092228	21.4392444
1676667848.2305121	21.225767
1676667848.3773177	20.6307522
1676667848.5224104	25.4723172
1676667848.6805046	30.250272000000002
1676667848.81647	29.6750626
1676667848.9560156	23.8012238
1676667849.1146142	25.9769541
1676667849.2721457	25.5846111
1676667849.4268441	33.2341912
1676667849.5660086	30.991777799999998
1676667849.7031488	24.6671817
1676667849.8615174	21.0827526
1676667850.018305	20.2973526
1676667850.1793094	23.4853795
1676667850.3373325	32.060609400000004
1676667850.4980593	30.520512699999998
1676667850.652936	26.5568828
1676667850.7915978	21.5728068
1676667850.9459863	24.893347600000002
1676667851.1057525	27.924356500000002
1676667851.2399583	31.860455599999998
1676667851.386966	29.2141795
1676667851.541461	27.4606224
1676667851.7066176	30.9914063
1676667851.8452833	35.7614512
1676667851.9824028	35.1159002
1676667852.1276603	30.0777325
1676667852.276758	29.8322955
1676667852.4071867	30.6311999
1676667852.5446455	33.6180182
1676667852.6855588	28.065773200000002
1676667852.8238442	28.939860200000002
1676667853.0027156	32.8233622
1676667853.1582975	30.8028169
1676667853.3129685	25.135206699999998
1676667853.4737208	30.5566207
1676667853.6118395	33.3712343
1676667853.7500222	31.9509781
1676667853.905969	28.121767
1676667854.0617404	27.4246092
1676667854.2382913	31.863661
1676667854.3833888	33.5882866
1676667854.5308554	33.813670599999995
1676667854.6967945	32.2431164
1676667854.8510737	28.185165599999998
1676667854.9900675	21.320012700000003
1676667855.1334496	26.3177726
1676667855.2934115	36.4095735
1676667855.432618	36.119678
1676667855.6118295	29.1736356
1676667855.7697566	28.5421364
1676667855.9133704	30.7808617
1676667856.0882993	30.6985695
1676667856.2501872	34.8170781
1676667856.4033434	30.9765737
1676667856.5672019	26.4231571
1676667856.7041395	23.7506508
1676667856.8625128	28.4771559
1676667856.9913669	27.1140297
1676667857.1582954	25.7085015
1676667857.2961047	29.3647701
1676667857.4553752	25.9367083
1676667857.6123586	29.6401635
1676667857.758296	30.7236254
1676667857.8968265	30.1788157
1676667858.0494688	31.0838226
1676667858.203361	31.416749700000004
1676667858.3612175	29.8798511
1676667858.5007882	31.7491197
1676667858.6547964	35.3146359
1676667858.793634	31.5383951
1676667858.9752238	28.593721900000002
1676667859.1166368	26.086602600000003
1676667859.2456286	26.4089694
1676667859.3731146	32.849896
1676667859.5364451	33.722747
1676667859.6653001	28.0187148
1676667859.8314402	27.315896499999997
1676667859.9682982	31.7749009
1676667860.1302788	31.558421900000003
1676667860.2827194	30.2829279
1676667860.450748	30.3545919
1676667860.6070294	26.630929899999998
1676667860.746133	27.5541238
1676667860.9182956	24.044290699999998
1676667861.0797706	30.9616246
1676667861.238299	31.954543600000004
1676667861.4054072	31.9886401
1676667861.5448039	30.1990017
1676667861.6846821	27.0057968
1676667861.8214607	27.714371
1676667861.996698	32.8626022
1676667862.1306581	32.3572059
1676667862.2982948	24.5438715
1676667862.4615293	24.103607999999998
1676667862.6005323	26.0467618
1676667862.7536547	30.8913617
1676667862.8971045	30.7718375
1676667863.0539043	28.8435563
1676667863.2140963	23.1954216
1676667863.353707	24.1542533
1676667863.5282354	27.952991
1676667863.6840632	27.726261299999997
1676667863.8459222	30.7773338
1676667863.9747753	26.2055216
1676667864.1114905	27.0722616
1676667864.2766237	30.5232923
1676667864.4110587	32.7246438
1676667864.577017	30.4159065
1676667864.7330549	27.4559399
1676667864.893123	29.1188749
1676667865.04556	26.6608336
1676667865.1996846	32.068959899999996
1676667865.3334749	31.071006099999998
1676667865.4982996	30.657230000000002
1676667865.6519554	31.3127771
1676667865.7908893	24.4959741
1676667865.9716923	25.8140557
1676667866.127987	30.827329
1676667866.2643409	31.108281299999998
1676667866.4324584	26.1403909
1676667866.5845358	28.2307515
1676667866.7452893	30.8908702
1676667866.9028997	30.0017815
1676667867.0571122	29.099890199999997
1676667867.1931133	26.9960283
1676667867.3573208	26.2119891
1676667867.5137641	28.6290313
1676667867.6524172	27.9419875
1676667867.8094757	29.0968219
1676667867.9682922	26.265237600000003
1676667868.1227593	28.2977697
1676667868.277275	26.350822400000002
1676667868.4258416	28.896138099999998
1676667868.5840106	30.7972747
1676667868.7126377	32.1328387
1676667868.8557386	30.9296594
1676667869.0182981	25.4117642
1676667869.1783082	28.0076037
1676667869.334081	32.5955234
1676667869.4693081	29.7955584
1676667869.6282985	29.4229714
1676667869.7805238	27.4778327
1676667869.9183123	27.959266
1676667870.0561461	28.106436499999997
1676667870.2153938	30.2805405
1676667870.371379	28.951176
1676667870.4981034	27.6390118
1676667870.6372626	24.3254478
1676667870.791478	25.4311749
1676667870.937414	27.3513334
1676667871.1006575	31.4049655
1676667871.2334807	31.8959516
1676667871.371762	27.6002739
1676667871.5251884	23.0269265
1676667871.6882887	26.710807
1676667871.8466165	32.1754911
1676667871.9846914	30.7180347
1676667872.1398182	28.3380505
1676667872.298299	28.0812706
1676667872.4582994	27.4296747
1676667872.5972686	24.770270399999998
1676667872.7588277	29.0206811
1676667872.917005	32.7712007
1676667873.0707355	28.7455266
1676667873.2234206	24.2389671
1676667873.383887	24.940079
1676667873.5227952	29.9743617
1676667873.6795385	32.269516499999995
1676667873.832885	28.980994499999998
1676667873.9914558	26.4718266
1676667874.1298273	28.7572058
1676667874.2818408	27.1250663
1676667874.4417734	27.5532009
1676667874.5755892	26.4702169
1676667874.7133827	27.4961108
1676667874.8490186	26.2205685
1676667875.008371	25.6197586
1676667875.1639442	33.7375998
1676667875.3066995	35.339654800000005
1676667875.428189	33.030627200000005
1676667875.5525224	28.4599589
1676667875.6893585	20.0124446
1676667875.852177	20.326649200000002
1676667875.9918993	25.2855506
1676667876.1443758	31.3791187
1676667876.2829485	29.2200509
1676667876.437215	28.671818000000002
1676667876.5890455	31.304247
1676667876.751834	25.4551661
1676667876.8900614	30.760499600000003
1676667877.0346062	31.2809596
1676667877.1937304	30.9211603
1676667877.3497925	29.49035
1676667877.4914222	25.754264999999997
1676667877.6538785	25.7140652
1676667877.8126833	32.057899299999995
1676667877.9593012	31.310311600000002
1676667878.1268127	24.2196538
1676667878.2857227	26.473531299999998
1676667878.4621644	29.859450499999998
1676667878.6212823	29.250819099999998
1676667878.777253	25.2773145
1676667878.907882	28.1736315
1676667879.067875	26.5358506
1676667879.2212534	25.4697107
1676667879.3897092	30.4051626
1676667879.5265298	32.7477344
1676667879.6873128	31.592105000000004
1676667879.840528	28.4222797
1676667879.9782994	26.5474689
1676667880.1161492	31.7391977
1676667880.252249	32.650145300000005
1676667880.4067078	28.5139916
1676667880.5652843	30.0856989
1676667880.7046363	32.5800693
1676667880.833209	32.5998488
1676667880.9768803	30.1939399
1676667881.1382985	33.6516958
1676667881.3115864	34.5287317
1676667881.4456747	26.547136
1676667881.6083007	25.8610732
1676667881.7463777	26.482683
1676667881.9056003	27.2894539
1676667882.0595007	30.317246100000002
1676667882.2011027	28.7526658
1676667882.3599603	23.198891
1676667882.5193026	23.5334103
1676667882.653496	28.6812665
1676667882.786516	33.1545037
1676667882.9257832	28.669820299999998
1676667883.0802655	25.67859
1676667883.2215214	24.8330742
1676667883.381608	25.5487317
1676667883.5171926	29.8662741
1676667883.685632	29.8180343
1676667883.8455825	29.317934100000002
1676667883.9980192	27.6889677
1676667884.1321976	25.5723328
1676667884.2862654	27.0572204
1676667884.4447849	32.5223339
1676667884.5834436	29.8028974
1676667884.7140164	28.950000499999998
1676667884.8444605	25.7590481
1676667884.9834497	24.7435822
1676667885.1373923	29.4619754
1676667885.2990208	29.475435599999997
1676667885.4542866	29.6366831
1676667885.6139014	28.515507799999998
1676667885.7431002	28.252131600000002
1676667885.8863068	27.5325725
1676667886.044663	31.2435766
1676667886.204409	32.4810507
1676667886.3417192	29.511088800000003
1676667886.4910324	29.479940900000003
1676667886.6294293	26.859877899999997
1676667886.7780237	28.8021635
1676667886.9387467	29.1756211
1676667887.098301	30.9327981
1676667887.2369027	31.7221699
1676667887.379304	27.9453095
1676667887.5380309	26.211051400000002
1676667887.6778483	27.1499469
1676667887.8068433	31.7527945
1676667887.973506	31.8001427
1676667888.1284878	27.3897398
1676667888.292031	22.7475177
1676667888.4469602	25.0824485
1676667888.5856676	27.6047112
1676667888.7464454	29.3357252
1676667888.8857636	27.695119899999998
1676667889.0383034	19.1790834
1676667889.201844	21.1017588
1676667889.344483	27.452745
1676667889.5038521	31.8574318
1676667889.658297	29.8184066
1676667889.8020747	28.911354399999997
1676667889.9393103	27.8226804
1676667890.0682926	26.6300979
1676667890.2351866	32.4590103
