Time (s)\Voltage (mV)
1676667394.4591599	0.187789154
1676667394.5753288	-1.65553166
1676667394.756001	2.13583043
1676667394.8930225	3.97889595
1676667394.9992998	1.87325128
1676667395.122663	0.9565177610000001
1676667395.2450585	0.725346371
1676667395.382902	-0.294238066
1676667395.525353	0.40695542100000004
1676667395.6351054	0.5090997049999999
1676667395.759697	2.2654238799999997
1676667395.8813372	0.121287386
1676667396.0252595	2.73890662
1676667396.1799145	2.24980596
1676667396.3236525	3.3322256599999998
1676667396.4600716	0.922436349
1676667396.587686	-0.412549726
1676667396.7470255	2.53678962
1676667396.8837407	2.6594710399999997
1676667397.016293	3.07197615
1676667397.158495	3.26304578
1676667397.3006387	0.157109374
1676667397.4576418	-1.0379166899999999
1676667397.5981617	-2.58057449
1676667397.757624	0.294356762
1676667397.9239388	1.26535244
1676667398.048128	1.78422108
1676667398.205726	2.6558443400000002
1676667398.3346572	4.97437619
1676667398.495427	2.73990295
1676667398.6564765	0.600232251
1676667398.7979221	3.97274577
1676667398.9140272	5.30327227
1676667399.0531845	2.19766472
1676667399.164642	2.0965107499999998
1676667399.2895741	4.18106451
1676667399.447198	4.97139592
1676667399.5993078	4.14812932
1676667399.7194655	1.6999475400000001
1676667399.8612356	0.915408892
1676667400.0131397	-0.9908943060000001
1676667400.1656907	0.533333189
1676667400.2980177	2.67758346
1676667400.4401371	-0.315490667
1676667400.5632706	-1.69910943
1676667400.7094214	2.43928958
1676667400.8319774	2.35676945
1676667400.9536326	-0.329861116
1676667401.0913463	2.42491902
1676667401.2450478	2.08771481
1676667401.369627	-0.235422826
1676667401.5075715	-1.5233777
1676667401.661847	0.957439789
1676667401.8023734	1.62287099
1676667401.9613793	0.338527534
1676667402.093485	-1.9762401100000002
1676667402.259761	3.7545561800000002
1676667402.384644	2.0050165
1676667402.543634	2.80743378
1676667402.6950824	2.9648739
1676667402.8152046	2.80073658
1676667402.9710388	-2.5563613899999997
1676667403.0860908	-5.376049310000001
1676667403.2315059	-2.17769661
1676667403.3757613	0.562168464
1676667403.5060778	1.54247883
1676667403.6271372	3.67703057
1676667403.7678938	1.64182058
1676667403.8882942	-1.64903203
1676667404.0241184	-1.1998587600000001
1676667404.1852038	0.300523457
1676667404.3314304	-1.75386894
1676667404.4893088	-0.637122401
1676667404.6314542	0.0289365671
1676667404.7660027	-0.253114793
1676667404.9073994	2.41189689
1676667405.050244	1.39766684
1676667405.2070355	1.79872038
1676667405.3283043	1.3599226599999998
1676667405.4699712	0.223950796
1676667405.5980997	1.4937105
1676667405.7428215	2.5560114699999996
1676667405.8965583	0.40516356400000003
1676667406.0276604	0.22921741199999998
1676667406.1450238	3.9400951800000006
1676667406.2869005	4.38979817
1676667406.406683	1.32954288
1676667406.5465834	-0.906046343
1676667406.6895754	0.117629454
1676667406.8107612	1.9731791099999998
1676667406.9667652	3.26660299
1676667407.1193001	3.89446536
1676667407.2767153	4.43080267
1676667407.4140947	2.9819186099999997
1676667407.5748653	2.46640523
1676667407.7126775	-0.353364053
1676667407.8334394	0.386177876
1676667407.9895165	1.99320641
1676667408.147354	1.2648869
1676667408.2756336	-0.157404735
1676667408.4202676	2.2311617399999997
1676667408.5649147	-0.856257892
1676667408.6849077	-2.44626185
1676667408.8179295	1.67678906
1676667408.9772713	4.2119282899999995
1676667409.108292	3.80340253
1676667409.229401	0.446085208
1676667409.349493	-0.13800233
1676667409.4908748	3.10114658
1676667409.6444795	3.27875784
1676667409.8205497	-0.542412148
1676667409.9350407	-2.0300684700000002
1676667410.059448	-0.836949794
1676667410.202283	-0.371085833
1676667410.3498826	1.6536496
1676667410.4993012	2.76106337
1676667410.6545675	0.0361792634
1676667410.8131535	0.0516708208
1676667410.9350996	-0.804900261
1676667411.057506	2.6086868599999997
1676667411.1797676	2.85920782
1676667411.3033206	4.13871134
1676667411.4146204	5.47921862
1676667411.539307	3.1198411299999997
1676667411.6800122	0.0669714135
1676667411.8298872	3.2048519300000002
1676667411.953451	4.01568145
1676667412.0909817	2.42327114
1676667412.236301	4.429623530000001
1676667412.3818235	4.00602081
1676667412.5035307	1.90793272
1676667412.625828	1.74390019
1676667412.7693083	-0.711689234
1676667412.8820758	2.1892247300000003
1676667413.0067048	1.66690565
1676667413.144694	1.37123505
1676667413.2833264	2.81952706
1676667413.4236941	4.297846160000001
1676667413.5637727	1.29956305
1676667413.7100344	1.9519542300000001
1676667413.8537984	1.25154822
1676667413.988299	-0.510679981
1676667414.1306357	-1.14094355
1676667414.2875338	1.8139291
1676667414.4271178	4.93741843
1676667414.5593078	2.71897727
1676667414.6818244	1.33943019
1676667414.824762	-2.43379716
1676667414.9716518	-2.59477213
1676667415.137301	3.8617383000000003
1676667415.291064	5.4645401399999995
1676667415.4138885	6.52893787
1676667415.5347648	1.07123456
1676667415.6567514	1.63744383
1676667415.7783046	3.19807139
1676667415.9007535	2.51250508
1676667416.0380719	-0.323404966
1676667416.1829562	0.374367725
1676667416.3053324	5.96441963
1676667416.4279652	3.8561845200000002
1676667416.5898275	-3.0312946000000003
1676667416.7327085	-5.458809820000001
1676667416.8699625	1.41376066
1676667417.0110133	1.85357135
1676667417.1518824	1.15708852
1676667417.2824543	2.80826545
1676667417.4399395	1.42638532
1676667417.5954852	2.04567645
1676667417.7385137	0.229358916
1676667417.8810828	-0.32140985499999997
1676667418.0421615	2.63451047
1676667418.1662605	1.1886047
1676667418.2870202	-5.31549305
1676667418.4118128	-2.35500825
1676667418.5347307	0.35137179
1676667418.6583025	0.40180972400000003
1676667418.813808	-0.12410639000000001
1676667418.9558418	2.9281015299999997
1676667419.111871	2.96567118
1676667419.2488034	5.19868336
1676667419.4011571	5.31151482
1676667419.5253158	3.87257821
1676667419.6775925	0.828220077
1676667419.830903	-0.118210886
1676667419.9840906	2.4100452
1676667420.1423538	1.58683869
1676667420.2647362	3.65461225
1676667420.3863835	1.9397105899999998
1676667420.5316494	-1.02546832
1676667420.6757228	-1.5399669999999999
1676667420.8307846	1.79327238
1676667420.9880545	2.36282874
1676667421.1243012	0.0799945877
1676667421.2765386	0.563315765
1676667421.4343545	1.26654153
1676667421.5667346	0.00231088077
1676667421.724944	1.0197134700000001
1676667421.8571596	1.36430789
1676667421.9817362	2.3904779900000004
1676667422.118304	-1.84810706
1676667422.2731926	1.2694794200000001
1676667422.396939	1.58563428
1676667422.5409741	4.0982848999999995
1676667422.676085	4.54337714
1676667422.8023255	1.24890383
1676667422.9257283	1.50459389
1676667423.0881824	3.9517423299999996
1676667423.2330403	3.12232407
1676667423.3544886	0.430743044
1676667423.4964077	1.62110551
1676667423.6511488	3.83720214
1676667423.8103077	1.8976977000000002
1676667423.9339855	2.74701753
1676667424.0583186	0.6844778699999999
1676667424.1919522	0.110671496
1676667424.3369849	2.15931113
1676667424.4801888	1.08139305
1676667424.6333418	-0.719441885
1676667424.777098	1.9565284900000002
1676667424.908304	1.58410786
1676667425.0236828	1.97526324
1676667425.1475277	4.10772988
1676667425.3082242	3.8061036799999997
1676667425.460314	3.6992025
1676667425.5826035	4.681402179999999
1676667425.7456107	1.51234588
1676667425.860181	0.518541007
1676667425.9841514	3.4005730599999997
1676667426.1227794	3.85142569
1676667426.265581	1.9550430800000003
1676667426.398094	2.31515594
1676667426.5417218	2.48548394
1676667426.673496	2.01001648
1676667426.828305	2.22717061
1676667426.983924	3.9124069699999997
1676667427.127805	2.8577940500000003
1676667427.290733	1.63040758
1676667427.4268107	-1.8555558600000002
1676667427.585809	-2.07491354
1676667427.7182999	1.15998701
1676667427.8898566	1.68247591
1676667428.0128796	0.9813103969999999
1676667428.1353693	1.28954123
1676667428.2760024	0.339783169
1676667428.4128075	-0.948024561
1676667428.5524251	1.5992041399999999
1676667428.6854482	-1.94393127
1676667428.830788	0.728706987
1676667428.9682977	1.79272596
1676667429.1011178	-3.42176942
1676667429.2432325	-1.89211774
1676667429.3677213	0.18501736900000001
1676667429.5242338	2.75886677
1676667429.684167	0.171882848
1676667429.8130627	-0.8651136709999999
1676667429.9382997	5.116242560000001
1676667430.097217	3.43838732
1676667430.2573898	1.42692829
1676667430.3934062	1.94213729
1676667430.5338	-1.53648456
1676667430.6774602	-1.0743331299999999
1676667430.818295	3.25461504
1676667430.9558005	0.835390594
1676667431.1136394	-1.53504909
1676667431.2673004	-0.0694236126
1676667431.392513	2.3807561
1676667431.5300531	3.5174881699999996
1676667431.671659	1.39423921
1676667431.803941	1.24818194
1676667431.9426453	1.58570918
1676667432.0682182	0.644320018
1676667432.200661	0.302827376
1676667432.3437681	2.7386734
1676667432.4856842	3.4126657799999998
1676667432.6403942	1.6463580100000001
1676667432.7865064	-0.595406455
1676667432.9242039	-1.69850378
1676667433.0452528	0.349338833
1676667433.187851	2.65101015
1676667433.3293068	6.065018139999999
1676667433.484251	2.61168327
1676667433.6270208	-0.0166988668
1676667433.776159	0.835169971
1676667433.942008	0.202071612
1676667434.0946147	-2.18171747
1676667434.2539322	0.957866396
1676667434.3807976	2.90433215
1676667434.5270443	0.939531749
1676667434.6819186	0.07935219560000001
1676667434.8397918	3.15382543
1676667434.987214	-0.9381403829999999
1676667435.1122785	0.223477223
1676667435.251544	2.2701801699999997
1676667435.4037657	5.053357940000001
1676667435.527248	2.8147223599999998
1676667435.6664162	3.2397473
1676667435.80751	2.98141001
1676667435.9435313	3.21208495
1676667436.0782928	2.6768264999999998
1676667436.2311502	2.33857603
1676667436.3560436	1.42437283
1676667436.4779694	-1.5544406400000002
1676667436.5998883	5.23612204
1676667436.7467341	7.98361105
1676667436.8743937	3.0720089
1676667437.0017161	1.50029153
1676667437.138299	0.9270577729999999
1676667437.2779365	2.75548147
1676667437.4328403	2.07595546
1676667437.5682986	2.82794393
1676667437.6940722	1.71070457
1676667437.8145096	-0.7054471330000001
1676667437.9462497	-1.99273594
1676667438.0908368	1.7978143899999999
1676667438.2136939	6.72247773
1676667438.3693056	4.40222338
1676667438.5258944	0.43956748900000003
1676667438.6571054	1.90580737
1676667438.8102276	1.17684345
1676667438.961598	1.01551742
1676667439.083086	2.73645883
1676667439.2072341	2.52899523
1676667439.3549774	0.658676158
1676667439.4986331	5.62874283
1676667439.6417272	4.41480826
1676667439.796772	2.59978914
1676667439.9337022	2.04404639
1676667440.0883105	0.834387662
1676667440.2252965	1.1751114
1676667440.3642259	1.8027112299999999
1676667440.497267	5.56990403
1676667440.6409004	5.82168648
1676667440.7625668	3.40589663
1676667440.9164927	0.16005978799999998
1676667441.0401993	1.78621647
1676667441.1778634	1.739006
1676667441.3000002	1.93976592
1676667441.4531677	4.50383243
1676667441.5759416	-0.235229084
1676667441.6992996	-0.795233961
1676667441.8456678	3.9306702900000006
1676667441.9959347	3.8610192199999998
1676667442.1396494	-0.963461757
1676667442.2665076	0.418776443
1676667442.4241087	4.56443459
1676667442.5639174	5.873410079999999
1676667442.6933029	3.91635175
1676667442.83455	0.775693112
1676667442.9582982	3.70427576
1676667443.0799074	2.9840037
1676667443.234377	1.59179126
1676667443.3725202	2.6586109600000003
1676667443.4939656	1.53937965
1676667443.6473336	2.75735003
1676667443.783346	3.16850253
1676667443.936775	1.30503354
1676667444.0596683	2.45887066
1676667444.198295	3.61219563
1676667444.3357239	1.09222596
1676667444.4904475	2.54474258
1676667444.6343732	3.17962819
1676667444.786735	2.64590222
1676667444.9282994	-0.0427031847
1676667445.0522442	-1.15972125
1676667445.1747484	-1.11983935
1676667445.3069103	-0.521925063
1676667445.43027	2.46125593
1676667445.5851035	2.7062341799999996
1676667445.7248793	1.3991528599999998
1676667445.885741	-0.0971371529
1676667446.012826	0.15239761899999998
1676667446.1467142	1.6524199
1676667446.3044393	0.21810929299999998
1676667446.4375558	0.43077418
1676667446.55967	0.8969700660000001
1676667446.702116	-0.891116315
1676667446.8246605	-0.558734925
1676667446.9714146	1.4995751
1676667447.126895	3.6040695
1676667447.2665083	2.34444912
1676667447.398297	-2.2006944
1676667447.5351565	-3.73071771
1676667447.6879447	2.21418144
1676667447.8133676	0.920071528
1676667447.9502974	2.8701956
1676667448.0911033	3.55018248
1676667448.2499533	-0.406971636
1676667448.3882992	1.49143804
1676667448.5423222	1.25549762
1676667448.6843355	-0.7703721410000001
1676667448.830664	-0.22997937100000002
1676667448.965344	3.0238397100000003
1676667449.1250722	5.35425297
1676667449.282163	1.5342174
1676667449.437127	-0.110202169
1676667449.58251	6.30575514
1676667449.7066693	4.73554407
1676667449.8435595	2.7809427700000002
1676667449.9995806	3.45684913
1676667450.141014	1.37404795
1676667450.284792	0.07432686740000001
1676667450.4198337	-2.66862322
1676667450.576134	-0.980435937
1676667450.7079086	-1.03100551
1676667450.8673775	-0.301322494
1676667451.0021067	-0.322743026
1676667451.1477807	2.0963923600000003
1676667451.304228	0.0855773854
1676667451.46305	1.39325451
1676667451.5953403	3.85951662
1676667451.7364588	0.176675024
1676667451.874698	1.39267067
1676667452.0320399	3.75713334
1676667452.1560476	2.27807961
1676667452.2936425	1.03836996
1676667452.4364462	0.821529774
1676667452.5774746	2.29970986
1676667452.7159007	2.2233995799999997
1676667452.8672667	0.736998893
1676667453.029595	3.72478057
1676667453.183809	0.518245179
1676667453.3189516	-0.5172494219999999
1676667453.4619422	2.21672339
1676667453.5949352	1.77440314
1676667453.732341	0.0928048389
1676667453.8857162	0.600574511
1676667454.013025	1.99742984
1676667454.151731	-0.91760169
1676667454.2958543	-0.632081961
1676667454.4514158	1.2860939599999999
1676667454.609728	2.13916122
1676667454.7522502	2.64827211
1676667454.908299	4.96305146
1676667455.041525	2.69373488
1676667455.1772673	5.24125163
1676667455.314603	2.6504034
1676667455.453987	0.13369815499999999
1676667455.577652	-0.8363432120000001
1676667455.7234871	0.861808227
1676667455.8775826	-0.5349197459999999
1676667456.0372102	-0.7045551720000001
1676667456.187001	2.0019389899999998
1676667456.3298638	2.4804379
1676667456.474021	4.8116117
1676667456.6173556	3.65835975
1676667456.7555885	0.40647408199999996
1676667456.877603	-1.80258586
1676667457.0338275	0.786741362
1676667457.1936107	1.9952133
1676667457.3150628	-0.24659918700000003
1676667457.4747214	1.33685551
1676667457.6194792	2.20818908
1676667457.781712	0.78024053
1676667457.9366574	5.50971624
1676667458.0931907	2.2908645300000003
1676667458.2665927	1.32363283
1676667458.4308014	4.351210190000001
1676667458.5943935	1.59104468
1676667458.757054	0.638805625
1676667458.9174519	1.92860779
1676667459.07191	0.719468708
1676667459.2394044	1.2687928400000001
1676667459.4180996	3.66182741
1676667459.5656068	0.482045125
1676667459.726918	-0.341581629
1676667459.893326	2.9137973699999997
1676667460.0726156	-0.0194843091
1676667460.2157998	-0.57671496
1676667460.3543496	1.6775196399999999
1676667460.5000842	1.35423699
1676667460.6220663	3.4674940899999998
1676667460.7447398	4.963869
1676667460.8772905	2.86897257
1676667461.0157075	1.37261332
1676667461.156022	-0.595218376
1676667461.2873254	-0.6780537990000001
1676667461.430377	3.89594672
1676667461.5673158	2.4289151099999997
1676667461.7107487	-1.5992317
1676667461.8560867	0.6082217799999999
1676667462.00129	2.32567023
1676667462.1282985	0.0826158686
1676667462.291905	2.9266165799999997
1676667462.4593897	0.41335104699999997
1676667462.6182997	-1.00497419
1676667462.7641034	4.44707071
1676667462.9265013	2.49155419
1676667463.0484264	0.10250561500000001
1676667463.171852	0.968828809
1676667463.2947638	3.40237604
1676667463.4268064	2.55938337
1676667463.5865223	1.15015327
1676667463.7143207	2.37367936
1676667463.860892	3.3593604100000003
1676667464.0166984	1.85264877
1676667464.1563873	2.8542469500000003
1676667464.2783015	1.2714297099999998
1676667464.4111192	1.11037903
1676667464.586697	0.9947499750000001
1676667464.7214592	3.37599925
1676667464.8797483	0.169535192
1676667465.0147398	-1.02522509
1676667465.1693597	0.14191541200000002
1676667465.3316472	-0.36781542100000003
1676667465.457348	-2.20859965
1676667465.5793164	0.397780499
1676667465.702209	4.486918579999999
1676667465.8445208	5.30133777
1676667465.989519	2.11642857
1676667466.1200664	-0.7667187470000001
1676667466.263179	3.80358464
1676667466.407417	0.536218451
1676667466.5453672	1.37162587
1676667466.680469	1.85372662
1676667466.8207352	1.41271476
1676667466.944116	-1.63308058
1676667467.1021094	-0.6114161499999999
1676667467.2220862	1.44003062
1676667467.3635044	1.6861248899999999
1676667467.5041163	0.8238781780000001
1676667467.6263797	0.371755944
1676667467.7823062	3.77250931
1676667467.9219193	1.85459961
1676667468.065136	-0.514512359
1676667468.198295	0.915678171
1676667468.3359692	2.0464423700000003
1676667468.4949696	0.5413965780000001
1676667468.67802	0.848243746
1676667468.8482924	0.810627641
1676667469.0062327	2.04287147
1676667469.1336856	3.94604623
1676667469.261507	2.9840932
1676667469.397965	1.02527515
1676667469.551308	1.71154009
1676667469.6976469	-0.487089913
1676667469.8775442	0.014790359199999999
1676667470.0148425	2.23987164
1676667470.1523025	3.22444796
1676667470.2883155	2.35387121
1676667470.4491045	2.8360360499999997
1676667470.5992258	2.23816575
1676667470.7375202	0.627343585
1676667470.8918602	-1.17597786
1676667471.052691	-2.03211597
1676667471.181557	-0.278126152
1676667471.3082972	1.2030039000000001
1676667471.468111	0.10636562000000001
1676667471.6030638	1.04550021
1676667471.7313735	1.88008847
1676667471.8904524	3.02598426
1676667472.052237	2.78024805
1676667472.2082987	1.99510771
1676667472.3660827	2.58576745
1676667472.5241525	4.43271075
1676667472.6863775	0.6740866870000001
1676667472.83427	0.972711753
1676667472.9620156	2.60618672
1676667473.12058	-0.302933645
1676667473.2535245	2.4856712599999997
1676667473.3831801	5.09532311
1676667473.5351386	3.9533883999999997
1676667473.6917057	1.11342335
1676667473.8293073	1.134455
1676667473.9823468	0.9457519339999999
1676667474.1205683	0.719357546
1676667474.256959	-1.5099704999999999
1676667474.41316	-0.708436017
1676667474.5712826	3.30838537
1676667474.7053719	2.62570484
1676667474.850107	-0.219804932
1676667475.011976	2.52385186
1676667475.155619	3.05939445
1676667475.2938275	-0.11452778100000001
1676667475.4497395	0.291742119
1676667475.6076286	-1.3527734599999999
1676667475.7434032	2.22444676
1676667475.881671	2.62084583
1676667476.035676	1.1615970000000002
1676667476.1736512	2.1163333200000003
1676667476.32521	3.56554257
1676667476.487455	2.43329054
1676667476.6409585	3.30018498
1676667476.777863	5.49142457
1676667476.93136	4.83305295
1676667477.0945876	1.07259163
1676667477.2258818	0.431737641
1676667477.403121	0.7405658249999999
1676667477.5361376	-0.581664023
1676667477.6627548	-1.36713303
1676667477.80809	2.56453577
1676667477.945135	3.04484431
1676667478.1074183	0.6374897780000001
1676667478.2456121	-3.4780632700000003
1676667478.3737745	-1.34460092
1676667478.4944837	1.0325171
1676667478.634777	0.527051512
1676667478.7711737	-0.62136549
1676667478.8937857	0.519396305
1676667479.0165043	-0.680087631
1676667479.1348917	1.09528686
1676667479.2727559	2.8118816300000002
1676667479.425257	2.3689774200000002
1676667479.5661435	1.52912811
1676667479.6893103	1.09758339
1676667479.8102753	-1.74227987
1676667479.9319324	-1.68422
1676667480.0537095	5.82589757
1676667480.1773598	4.04249588
1676667480.2882988	1.75901817
1676667480.4125178	0.202248349
1676667480.536602	0.311827228
1676667480.6744716	-1.9986790300000001
1676667480.8282871	-0.0650926274
1676667480.9894285	-0.0415061151
1676667481.1093614	1.84328713
1676667481.2321901	2.42394474
1676667481.3423564	4.33429673
1676667481.4665227	6.622286280000001
1676667481.588303	6.38657383
1676667481.708298	5.84594449
1676667481.8513203	4.940881109999999
1676667481.9708073	5.85286377
1676667482.1022043	1.81540682
1676667482.244848	-0.744040866
1676667482.3899395	2.17222842
1676667482.5113928	3.2247983799999997
1676667482.6510468	5.29286002
1676667482.7878497	3.62027477
1676667482.9082944	2.71896163
1676667483.0473106	3.98397319
1676667483.1649551	3.3647782000000004
1676667483.3029265	1.29772603
1676667483.4242644	2.1912635099999997
1676667483.5653446	3.2968462599999997
1676667483.7283041	0.885189078
1676667483.850507	0.394366954
1676667483.975082	0.5125596069999999
1676667484.130699	-0.252539635
1676667484.2702088	-0.272349127
1676667484.428155	-2.96901014
1676667484.5710988	0.07296753780000001
1676667484.6933677	0.06904434109999999
1676667484.8154187	2.27728215
1676667484.9696634	6.3293408200000005
1676667485.128298	2.7269375
1676667485.2848966	1.6203865100000001
1676667485.4034412	1.24011227
1676667485.5449302	2.42453801
1676667485.6827729	2.39606229
1676667485.8409355	0.9989735099999999
1676667485.9967494	1.3967735
1676667486.118169	0.641048559
1676667486.2393968	1.5147282499999999
1676667486.3779814	-0.279011178
1676667486.5151665	0.835907377
1676667486.652742	3.30250906
1676667486.7750342	1.31763644
1676667486.8976293	0.378657671
1676667487.0210578	3.61564069
1676667487.1530106	4.52168392
1676667487.2965968	2.6111956800000002
1676667487.4375923	3.81534622
1676667487.5749326	0.355846211
1676667487.7339113	1.25551221
1676667487.8625143	0.6607161500000001
1676667487.9833121	2.47438951
1676667488.1212626	2.73674936
1676667488.2753527	-1.55771954
1676667488.394745	1.1697842
1676667488.5155468	0.0781567816
1676667488.6570222	1.5159174199999998
1676667488.7772317	0.30210100500000003
1676667488.8982964	-0.94832214
1676667489.0331	-1.2603224899999999
1676667489.1573215	-0.570496947
1676667489.2982948	3.11393605
1676667489.4422984	-0.368077135
1676667489.6009433	0.848596829
1676667489.7193658	3.2672456700000003
1676667489.8387177	4.1084178499999995
1676667489.960605	3.9512566600000003
1676667490.093041	3.52218151
1676667490.2308192	2.41988147
1676667490.3672273	1.6008618700000001
1676667490.5008826	0.25528346300000004
1676667490.643151	0.7612592589999999
1676667490.7982974	1.65764385
1676667490.924513	-0.179238923
1676667491.0616877	1.62954441
1676667491.1840549	3.53522911
1676667491.3204842	3.85391474
1676667491.477357	2.39207984
1676667491.6251836	-3.1030402599999998
1676667491.7864113	-2.35752497
1676667491.9077618	0.9998596339999999
1676667492.029062	2.2682877699999997
1676667492.1611166	4.35561634
1676667492.2839503	1.359767
1676667492.4057658	3.8311362200000003
1676667492.5277836	4.70408006
1676667492.649349	3.85880677
1676667492.7878532	0.718651065
1676667492.925045	-0.357345101
1676667493.0682921	0.666105495
1676667493.1882942	3.56260559
1676667493.3290381	4.1125758900000005
1676667493.47127	-0.774217792
1676667493.5928025	0.659445671
1676667493.7147884	5.96049927
1676667493.8569517	4.489405339999999
1676667493.9780214	2.68771504
1676667494.0999665	1.77582462
1676667494.2229586	-1.4780219
1676667494.3763046	2.3701508099999997
1676667494.5166368	3.37460005
1676667494.637246	1.58952937
1676667494.7793138	-1.68200566
1676667494.9005678	-1.97350833
1676667495.0231662	0.0882755863
1676667495.1582944	-0.047037436599999996
1676667495.2997131	0.799888159
1676667495.4182942	0.08363643280000001
1676667495.5397923	3.19755943
1676667495.6608503	5.4534281899999995
1676667495.7977483	1.18313419
1676667495.9568927	-0.5971423610000001
1676667496.0875971	0.591605673
1676667496.232128	1.4588017500000001
1676667496.3550828	0.464809571
1676667496.477261	1.4394973800000002
1676667496.619461	1.11717245
1676667496.74077	-1.6196066199999999
1676667496.8623111	0.223201659
1676667496.984078	1.45536774
1676667497.1395278	3.22969726
1676667497.27214	4.87429234
1676667497.3935666	4.315769700000001
1676667497.5140758	3.9336916800000004
1676667497.6350918	1.05795502
1676667497.7556324	1.9710867899999998
1676667497.8957918	-1.2096231
1676667498.0310023	0.24495374099999997
1676667498.1846664	5.53269391
1676667498.308299	8.19472348
1676667498.4670131	4.03034945
1676667498.603813	4.00819825
1676667498.740055	3.01919087
1676667498.880725	4.1095769
1676667499.0233674	1.81850756
1676667499.158538	2.43936974
1676667499.316914	0.761599755
1676667499.4380562	1.5235769700000001
1676667499.5781326	2.40737067
1676667499.736543	-1.48967531
1676667499.8874276	-0.140158003
1676667500.0293014	5.1136493100000004
1676667500.1753652	3.8965541499999996
1676667500.3125718	4.28314672
1676667500.4341328	4.7884683
1676667500.556431	2.4630171599999997
1676667500.6998181	1.8259231
1676667500.8249614	2.7802838399999996
1676667500.9375625	1.5679954600000001
1676667501.062781	1.0150467300000001
1676667501.2193093	3.16675778
1676667501.355131	1.80270806
1676667501.4764886	-0.923243937
1676667501.6114216	1.53176454
1676667501.7668765	0.972940945
1676667501.9132094	1.07085202
1676667502.069628	0.24193388999999998
1676667502.228299	-1.10907422
1676667502.3748786	2.2250151
1676667502.5205011	-1.0390109900000002
1676667502.6412995	0.035390957199999996
1676667502.7631936	2.61020642
1676667502.8854668	3.35923039
1676667503.0067163	4.178595410000001
1676667503.1480832	4.8663263400000005
1676667503.2875507	-0.631820207
1676667503.4073217	-0.965920937
1676667503.561743	3.9012404600000004
1676667503.721021	1.33883104
1676667503.8478067	0.872354751
1676667503.9822555	1.09207933
1676667504.1402676	1.00313991
1676667504.2712135	-1.32351375
1676667504.3943598	0.309383286
1676667504.537286	0.849479212
1676667504.6582885	3.02880169
1676667504.7800891	2.34050618
1676667504.904703	1.7975628300000002
1676667505.0494225	0.740580506
1676667505.1724496	1.09661885
1676667505.2944937	0.22447687
1676667505.450089	4.39066299
1676667505.6131496	3.11279451
1676667505.7650986	0.11628627500000001
1676667505.8861527	-0.5773514630000001
1676667506.0094016	-0.696757388
1676667506.145646	0.669398818
1676667506.2838187	-0.149117221
1676667506.4256113	0.37679543299999996
1676667506.5709615	1.6141939200000002
1676667506.7180746	-1.3014937
1676667506.8695424	1.03057683
1676667507.0281546	3.07553147
1676667507.1603074	3.86995498
1676667507.3064764	6.26873316
1676667507.4293954	5.07709851
1676667507.549683	6.11913899
1676667507.693037	4.68797241
1676667507.8196552	2.2737056200000003
1676667507.9593081	1.54771842
1676667508.0837367	2.95514358
1676667508.2074008	2.33111194
1676667508.3620353	-0.242014539
1676667508.5198221	2.76512384
1676667508.660738	1.26647587
1676667508.798304	-0.973676188
1676667508.9382944	-0.631120366
1676667509.0870624	-0.562608446
1676667509.2113388	0.691611255
1676667509.3522923	4.34120351
1676667509.494805	2.9713073399999996
1676667509.6354427	2.8601446900000003
1676667509.7752807	3.86982773
1676667509.9221249	1.54159442
1676667510.0671933	-1.80651165
1676667510.1866617	-0.626052076
1676667510.308299	1.91421725
1676667510.4292607	6.18228212
1676667510.5506952	2.3843857500000003
1676667510.6837254	-2.19578598
1676667510.8263903	-0.540094398
1676667510.9703069	0.766886687
1676667511.1065507	0.23624492900000002
1676667511.2462587	-0.659581025
1676667511.385137	-2.42219257
1676667511.5260715	0.221777235
1676667511.6618676	-0.17149509699999999
1676667511.7982993	0.565326947
1676667511.9400046	0.546602773
1676667512.0767605	-0.807238597
1676667512.2038574	-2.4913265599999996
1676667512.3246782	-1.2926832000000001
1676667512.4456837	0.896786629
1676667512.6047695	-1.27639163
1676667512.7471466	1.31031873
1676667512.8745604	0.690019348
1676667512.994301	-0.6363011580000001
1676667513.1306922	-0.620193566
1676667513.274637	2.91947011
1676667513.3972967	4.94632414
1676667513.5202057	3.5913419099999997
1676667513.6609693	0.741847555
1676667513.8070524	-0.454482263
1676667513.9354303	0.69211159
1676667514.0738502	2.80991273
1676667514.211204	0.724343922
1676667514.3570316	2.2070204899999997
1676667514.5223007	2.8847081
1676667514.6678061	2.68523467
1676667514.8083007	3.58330578
1676667514.9632277	2.87286558
1676667515.095929	1.9346713100000001
1676667515.2334259	1.06876243
1676667515.3703709	2.11525797
1676667515.5017788	1.58201762
1676667515.641381	1.34052131
1676667515.7614741	2.9283943199999998
1676667515.8826842	1.74552459
1676667516.0045884	2.7423458800000002
1676667516.1410837	-0.711669612
1676667516.277476	0.5692342
1676667516.400527	2.9173919600000002
1676667516.5393088	2.83192576
1676667516.6815126	0.7279694170000001
1676667516.821723	-1.51628341
1676667516.9791954	1.08914993
1676667517.117249	2.78844887
1676667517.2378862	2.80353806
1676667517.3581612	3.66055907
1676667517.4931705	-3.0584494799999997
1676667517.6105669	-1.14517234
1676667517.7555063	0.12550375900000002
1676667517.8926294	1.31729312
1676667518.0112681	3.93500407
1676667518.1216962	0.523114678
1676667518.2426674	0.19267982900000002
1676667518.3641565	3.93940297
1676667518.5066311	1.13973462
1676667518.662974	1.91519344
1676667518.7845485	5.43549301
1676667518.9257786	2.22919344
1676667519.078463	2.95666028
1676667519.2215931	2.2198079799999997
1676667519.3672247	1.0365276099999998
1676667519.4868302	5.0761615099999995
1676667519.64318	2.86393413
1676667519.7619922	1.0420059
1676667519.8982997	-1.10739582
1676667520.0414495	-1.07707047
1676667520.1818542	1.99409046
1676667520.3266966	3.1263297800000003
1676667520.4657388	0.16478445
1676667520.5866692	-1.88027706
1676667520.7264113	1.63415224
1676667520.854901	3.9778464000000002
1676667521.0004487	2.5792984399999996
1676667521.1398604	3.4713146200000002
1676667521.265759	3.16887119
1676667521.4051526	4.5011801799999995
1676667521.542653	6.62748012
1676667521.6647396	8.665520560000001
1676667521.8093495	5.9747317
1676667521.9483006	2.04135844
1676667522.1105967	0.51363867
1676667522.2682998	0.97357701
1676667522.413625	1.66348663
1676667522.533133	1.3961546599999999
1676667522.6573434	1.09236625
1676667522.7985263	1.71519296
1676667522.9371798	2.00348572
1676667523.0817575	2.99075843
1676667523.213935	3.63657568
1676667523.374173	0.8338304310000001
1676667523.5112863	0.72780047
1676667523.65233	0.921257355
1676667523.779055	3.9898168600000004
1676667523.936994	-0.887065324
1676667524.0964994	-4.5112021
1676667524.223291	0.424653546
1676667524.3482997	2.0953405099999998
1676667524.5077667	2.47362416
1676667524.6631536	0.293566151
1676667524.7867696	2.01292909
1676667524.9325492	3.80556939
1676667525.058313	2.5676109499999997
1676667525.2138112	1.62941922
1676667525.3713865	2.38488516
1676667525.48334	4.00217228
1676667525.6298525	3.8013894699999997
1676667525.77245	0.26997083499999996
1676667525.8955593	0.74291838
1676667526.0333555	3.2784088
1676667526.1726248	2.60606115
1676667526.3100138	1.92972554
1676667526.451844	0.818024377
1676667526.5919948	3.67516246
1676667526.724452	3.88598886
1676667526.8814423	3.06284192
1676667527.012451	4.0918088
1676667527.1447601	1.5649460300000002
1676667527.2907717	-1.96195259
1676667527.434872	-0.813668975
1676667527.566737	2.7538802
1676667527.6896024	4.05321821
1676667527.831574	5.9051268100000005
1676667527.9667654	2.76631403
1676667528.1312463	2.3297992599999997
1676667528.2687178	5.166533800000001
1676667528.3972058	0.7428518120000001
1676667528.5429318	-1.2429484599999998
1676667528.6903253	1.28203809
1676667528.8174775	0.40087332000000003
1676667528.9441855	1.53018292
1676667529.0815518	-0.894217102
1676667529.2203104	-0.632424138
1676667529.3581858	-0.960910909
1676667529.5162685	2.0783833499999997
1676667529.6767075	3.2879701199999998
1676667529.8125553	4.09767379
1676667529.9482975	0.2397195
1676667530.1076531	-1.28882455
1676667530.2596812	2.66813443
1676667530.380859	1.68113109
1676667530.5038254	0.7518807169999999
1676667530.6260118	2.1441504300000003
1676667530.7813635	5.0216429
1676667530.9237998	1.3370543099999999
1676667531.0651896	0.499670815
1676667531.2240453	0.650031651
1676667531.3617318	1.14496247
1676667531.4972537	-0.60194691
1676667531.654949	-0.309373512
1676667531.78714	-1.0641835
1676667531.937513	-0.5019921430000001
1676667532.0609133	-0.428936746
1676667532.207115	3.6425289899999997
1676667532.3350062	4.12370342
1676667532.4808216	0.618669735
1676667532.6375399	-0.0185279192
1676667532.7965634	0.0666775797
1676667532.9182947	-0.701488798
1676667533.0416687	1.4520681800000002
1676667533.1639378	2.03635003
1676667533.2971199	1.70783391
1676667533.4378023	1.52789339
1676667533.59365	0.0490716093
1676667533.756319	1.26712453
1676667533.8913233	3.7026850099999997
1676667534.0261087	3.61526816
1676667534.1718001	0.16476282
1676667534.3280108	0.749085284
1676667534.4707487	2.7793367399999998
1676667534.6014416	4.26910553
1676667534.757393	1.06107149
1676667534.9164224	1.55546112
1676667535.0751789	0.0770644021
1676667535.2258203	1.7129377600000002
1676667535.3555233	3.83925122
1676667535.4933841	2.67213264
1676667535.6409287	2.7594854399999997
1676667535.791913	4.98811958
1676667535.9234152	3.2508854400000002
1676667536.060013	1.61385792
1676667536.200024	1.42486212
1676667536.3465972	0.0608639848
1676667536.473813	1.18281467
1676667536.5965326	2.25108875
1676667536.7565672	0.0806835385
1676667536.8895774	0.28581244499999997
1676667537.039678	1.14572809
1676667537.1961243	0.806986517
1676667537.3525896	-0.459899149
1676667537.4881222	2.28910963
1676667537.6298661	0.12384427200000002
1676667537.766999	3.64267306
1676667537.9206991	2.87209724
1676667538.0620208	1.57111795
1676667538.202434	-1.0864764599999999
1676667538.3293009	3.9140776100000005
1676667538.4964392	4.25638584
1676667538.650502	1.94445552
1676667538.7871819	1.31670212
1676667538.9152203	0.745133579
1676667539.0506446	-2.18398213
1676667539.212846	-0.102472666
1676667539.350826	-1.76618705
1676667539.5079575	0.10915448500000001
1676667539.631551	2.20718915
1676667539.7626772	0.453369846
1676667539.8944921	1.30437661
1676667540.0540245	0.600773106
1676667540.1754632	-0.115111883
1676667540.3077664	2.15367636
1676667540.4522588	0.725853744
1676667540.5976355	0.854294819
1676667540.7354844	-0.755822919
1676667540.894962	-1.37781924
1676667541.0274956	2.39878444
1676667541.172608	3.21544068
1676667541.3042264	-0.156400566
1676667541.4617827	1.12750266
1676667541.605162	-1.52012833
1676667541.7613065	1.3599257200000001
1676667541.918306	1.37590988
1676667542.045774	-0.332008857
1676667542.1878629	4.28588112
1676667542.367495	3.0571028
1676667542.5262632	-0.805061641
1676667542.6630173	0.00693251529
1676667542.818298	0.7442823279999999
1676667542.9774916	-0.150923338
1676667543.1135263	1.70749744
1676667543.2683067	3.1638710399999996
1676667543.4006345	-0.531268583
1676667543.5460165	1.29935672
1676667543.701501	3.82712663
1676667543.8293056	3.50559554
1676667543.9677675	3.8130343399999997
1676667544.114563	1.8867180600000002
1676667544.2452943	0.61521793
1676667544.38317	2.02449683
1676667544.519724	3.0241561800000003
1676667544.676955	1.20160518
1676667544.8353317	-0.720998903
1676667544.9929836	-0.821780379
1676667545.1471457	3.1192993099999997
1676667545.2897546	1.20264217
1676667545.4447508	3.13970583
1676667545.6085467	3.06318802
1676667545.7454357	3.07184819
1676667545.887351	2.13134045
1676667546.0467064	2.11108813
1676667546.1752756	0.228510204
1676667546.3199077	-0.912526653
1676667546.4756215	-1.01465865
1676667546.6319802	-1.2998318500000001
1676667546.7844777	0.5872215719999999
1676667546.9224696	0.7572984770000001
1676667547.0663633	2.36341534
1676667547.207395	3.50272073
1676667547.3482897	1.3949077300000001
1676667547.502687	0.9229893739999999
1676667547.6614244	-1.63970544
1676667547.793591	1.6238929
1676667547.9483016	4.34192952
1676667548.085766	0.873533153
1676667548.2503753	-2.76460004
1676667548.3883011	-1.25789401
1676667548.540003	2.62205378
1676667548.6858842	0.254467372
1676667548.8436368	0.422813511
1676667548.9733427	2.0394148800000003
1676667549.1114602	4.15370671
1676667549.2499864	4.98603985
1676667549.407812	0.861851279
1676667549.5868335	2.44085656
1676667549.72831	1.57026816
1676667549.8751972	3.44634039
1676667550.0247135	1.84817425
1676667550.1796143	2.3599398500000004
1676667550.338101	2.0449933099999997
1676667550.494432	3.51104585
1676667550.6245663	3.4800522700000003
1676667550.7622964	3.15830014
1676667550.9134266	3.4182009
1676667551.0795834	0.400270478
1676667551.2340398	0.6417062450000001
1676667551.4009259	-1.5785696
1676667551.529317	-3.76433887
1676667551.675506	3.55161251
1676667551.7976825	1.82074143
1676667551.9447181	2.32142699
1676667552.0894756	3.4704716400000004
1676667552.2085288	5.09784867
1676667552.3302598	5.4082335
1676667552.452668	2.48716495
1676667552.573515	0.48499344099999997
1676667552.7076511	-1.7967099
1676667552.8468614	-0.919370207
1676667552.998073	-0.343782824
1676667553.1450157	0.028959467399999998
1676667553.2663803	0.40312268599999995
1676667553.3882985	0.529138702
1676667553.5104833	1.5236802699999998
1676667553.6511438	1.28318733
1676667553.7726119	1.88106116
1676667553.9146771	1.23038898
1676667554.0365422	-1.06095667
1676667554.1762862	-0.190961334
1676667554.3321579	1.57491629
1676667554.487009	3.29867606
1676667554.6330483	3.75000545
1676667554.7545295	1.62254594
1676667554.8754146	-1.32978922
1676667554.999302	-0.13277760600000002
1676667555.1520035	-3.3614452999999997
1676667555.2757683	-1.86317183
1676667555.3973672	2.7917740299999996
1676667555.519429	-0.787749971
1676667555.6767285	1.50067503
1676667555.8152194	3.22702568
1676667555.968287	-0.334306633
1676667556.1115634	-2.0833147
1676667556.2330258	0.5480881049999999
1676667556.3796084	-0.5787949019999999
1676667556.5040278	1.44102853
1676667556.6258433	1.6882323
1676667556.7683074	3.4003642
1676667556.8916101	0.347308075
1676667557.0133495	-3.2923766899999998
1676667557.1447535	0.7894071109999999
1676667557.286261	1.6601695300000001
1676667557.4403992	1.42856191
1676667557.5663068	3.61099893
1676667557.7048984	3.77386168
1676667557.8426495	-0.253218786
1676667557.9982994	-1.51079024
1676667558.1572435	2.7675960699999997
1676667558.2695856	3.01009626
1676667558.3947518	1.2630676600000001
1676667558.5377321	2.28412049
1676667558.682342	0.913396752
1676667558.8035572	-1.72083071
1676667558.944883	-0.166078778
1676667559.1122494	1.61809135
1676667559.2366772	1.9048032700000002
1676667559.3603187	-0.20600549399999998
1676667559.481959	1.87239441
1676667559.619683	2.27056579
1676667559.7493136	2.64724378
1676667559.8947935	2.06676942
1676667560.0372918	0.10404066199999999
1676667560.1701066	-0.114966301
1676667560.2924743	2.0646615400000004
1676667560.4373093	-1.0647353599999998
1676667560.56105	-2.88257644
1676667560.7003522	0.694153332
1676667560.809489	0.6284469239999999
1676667560.9337938	-1.06463131
1676667561.0551457	-0.873606278
1676667561.1759021	0.169290617
1676667561.2977574	-2.06294124
1676667561.4208407	0.520076597
1676667561.543772	1.88462206
1676667561.681875	1.1290972199999998
1676667561.8213694	5.02422468
1676667561.964431	5.02499233
1676667562.0927608	2.2198856
1676667562.213016	3.1206883199999997
1676667562.3512983	5.61194087
1676667562.478009	0.5533373970000001
1676667562.6222498	-1.2568569
1676667562.7782993	2.19210637
1676667562.9347076	1.29964462
1676667563.0570219	1.79786136
1676667563.1779652	2.56352628
1676667563.3317673	0.204176274
1676667563.4712694	-2.09485785
1676667563.6136656	-0.03396757139999999
1676667563.7587638	2.57674848
1676667563.882544	3.02526726
1676667564.0182984	1.71131137
1676667564.1415267	0.665120074
1676667564.2660286	-0.37126580000000003
1676667564.388289	-1.99409884
1676667564.5199316	1.09598934
1676667564.6958995	-1.4043317400000002
1676667564.853568	-2.20193051
1676667564.986619	-0.801713293
1676667565.1327567	3.62936165
1676667565.2675571	6.40473451
1676667565.4011252	4.655404969999999
1676667565.5585206	2.1948441
1676667565.6773255	3.12625441
1676667565.7996502	-3.85353309
1676667565.9223711	-1.73679776
1676667566.044373	1.2945038899999999
1676667566.1854036	-1.21631472
1676667566.3226418	-0.613683164
1676667566.4607968	-0.416026361
1676667566.5933633	3.0513146900000003
1676667566.7361462	4.652728140000001
1676667566.8598967	3.6559503600000003
1676667567.0138524	0.416258508
1676667567.174407	-1.54253349
1676667567.3082972	3.2936970800000003
1676667567.4531827	2.89678426
1676667567.6099818	-0.264509472
1676667567.768295	2.90708982
1676667567.9069743	4.342388570000001
1676667568.0638885	-0.281826928
1676667568.2054162	0.236703688
1676667568.3441255	5.39596475
1676667568.466963	6.04073351
1676667568.6035876	1.65074048
1676667568.7399695	0.896824579
1676667568.872518	-0.6702304339999999
1676667569.0187063	-1.5083803900000001
1676667569.1658845	-1.20779478
1676667569.2892594	-1.3117779999999999
1676667569.4464595	2.85893587
1676667569.5759745	4.77630047
1676667569.7002032	0.978543693
1676667569.8368359	-2.65822909
1676667569.9908571	0.940930665
1676667570.1109538	0.181111349
1676667570.232519	1.7483499299999998
1676667570.3560302	1.37238962
1676667570.5113342	0.153072505
1676667570.6236277	2.46366712
1676667570.7450805	3.46601983
1676667570.882529	1.79807899
1676667571.018302	3.99402518
1676667571.1562805	1.0210281
1676667571.2973604	-3.26210024
1676667571.4210358	0.774940085
1676667571.5636864	-0.8389002729999999
1676667571.7056642	-0.507611587
1676667571.8358057	3.74024677
1676667571.9903083	1.2668604300000001
1676667572.1500247	2.9861628299999996
1676667572.3060746	1.90882101
1676667572.447605	3.81558407
1676667572.5867763	3.04675363
1676667572.7449198	2.2502846
1676667572.8867676	0.122283535
1676667573.0251403	0.757678225
1676667573.1493065	1.32517806
1676667573.2715852	4.85691367
1676667573.3930547	7.2932096500000005
1676667573.5378237	4.99369383
1676667573.6648312	0.00474384496
1676667573.8217535	-2.4450021299999998
1676667573.9782937	-3.22239952
1676667574.1383033	0.489082035
1676667574.2960439	2.40236954
1676667574.4382954	0.83045565
1676667574.561446	0.115062397
1676667574.6842446	0.27811865199999997
1676667574.824768	2.77145248
1676667574.9683	4.55793883
1676667575.1243055	5.54220353
1676667575.234287	2.3372826100000004
1676667575.3569047	1.1135105900000002
1676667575.4970305	2.19440375
1676667575.6172597	2.16138573
1676667575.7383015	2.9707773499999997
1676667575.8664794	0.18690042699999998
1676667575.9905076	-2.08945238
1676667576.14933	2.80112238
1676667576.3005154	2.96981117
1676667576.443204	-1.31703659
1676667576.5658026	2.7767644899999997
1676667576.7065573	7.61384902
1676667576.8480062	6.0508704
1676667577.002341	2.38563358
1676667577.1614149	0.543433127
1676667577.293064	-0.257736462
1676667577.4259827	2.55042315
1676667577.5623202	3.23116621
1676667577.6954918	3.3193558
1676667577.8326359	3.511186
1676667577.9882948	0.8256329920000001
1676667578.1165543	1.65497774
1676667578.261272	3.19495003
1676667578.4168565	1.79388282
1676667578.5773013	0.033147254
1676667578.7130709	0.55844526
1676667578.8521667	-1.8497189
1676667578.9949653	0.6297901379999999
1676667579.1271484	4.524824779999999
1676667579.283664	0.436367396
1676667579.4303057	0.657156128
1676667579.5582905	2.51180903
1676667579.6824327	-0.8093015809999999
1676667579.8203099	1.64735019
1676667579.9765623	2.87424047
1676667580.1400228	2.44462665
1676667580.2711112	1.64306825
1676667580.4300258	3.5956965399999996
1676667580.5771894	4.32118852
1676667580.7421336	3.32994959
1676667580.8628917	0.731067248
1676667580.986123	-0.899946125
1676667581.1361158	2.13074717
1676667581.2835014	0.712695778
1676667581.4109921	-1.53116484
1676667581.5584862	-1.4329194500000002
1676667581.6818793	-3.31476156
1676667581.8297157	0.827452219
1676667581.981341	3.0804944
1676667582.1261597	3.09807663
1676667582.2772913	1.46854482
1676667582.4133718	3.74458197
1676667582.5451756	4.8021927799999995
1676667582.7009232	1.57730273
1676667582.8417604	-2.77513442
1676667582.9747276	-2.06607329
1676667583.1344473	-0.39533462999999996
1676667583.2616343	-0.125246677
1676667583.4041624	0.798232076
1676667583.5420268	2.41359672
1676667583.6655793	3.18714536
1676667583.8217046	2.2587400399999997
1676667583.9651475	3.45892465
1676667584.1025295	3.81509418
1676667584.2423067	2.76567704
1676667584.3782902	3.0022808899999998
1676667584.5212495	3.8710247
1676667584.6478224	4.55358879
1676667584.82729	2.37025015
1676667584.9773862	3.04438852
1676667585.1345086	2.29466098
1676667585.2950592	3.22514856
1676667585.4143434	4.123071520000001
1676667585.536097	4.71776491
1676667585.6580598	2.64101795
1676667585.779391	-0.458385477
1676667585.9203365	-0.052236978499999996
1676667586.0816972	2.49112278
1676667586.2155955	2.7308652099999997
1676667586.341776	-0.117780235
1676667586.4660408	1.2336755
1676667586.608342	2.49776387
1676667586.7540193	0.78274748
1676667586.913497	2.22468252
1676667587.0663593	2.79316168
1676667587.2043872	1.27737334
1676667587.3465474	2.72406566
1676667587.470104	3.34764064
1676667587.5982988	3.81079807
1676667587.7332857	1.09105655
1676667587.873887	1.11016584
1676667587.9980502	-0.00332683052
1676667588.131233	1.12433794
1676667588.2682955	2.65851036
1676667588.3896701	3.95167631
1676667588.542259	0.891804909
1676667588.6849027	0.358941718
1676667588.8073893	-1.4636364899999998
1676667588.9482956	-3.0502853500000002
1676667589.0904446	0.134779335
1676667589.250043	0.749611786
1676667589.4152853	1.20490092
1676667589.5564923	0.690875341
1676667589.6855826	-0.045031208499999996
1676667589.8276653	2.20757435
1676667589.9495366	6.814069310000001
1676667590.0809014	2.46760203
1676667590.2333655	1.78499872
1676667590.3913739	3.94563028
1676667590.5483003	2.8473387
1676667590.7082982	1.89130522
1676667590.8436065	-0.24438404800000002
1676667590.9983337	1.0111086100000002
1676667591.1554987	1.39256978
1676667591.298853	-1.42694553
1676667591.4247644	2.82171224
1676667591.5643194	1.61715236
1676667591.7011676	-1.5506529999999998
1676667591.8435767	1.17905222
1676667591.971478	1.19592516
1676667592.1276505	1.9208154
1676667592.2832644	-0.132126921
1676667592.4058263	1.23632871
1676667592.5482783	5.2418783
1676667592.690803	5.94405255
1676667592.8476195	1.2744082099999998
1676667593.0071435	0.621070625
1676667593.1648796	0.553493852
1676667593.3041475	1.79211703
1676667593.436659	2.33555559
1676667593.5734098	1.0514332
1676667593.7272499	2.01031705
1676667593.8482962	3.75344146
1676667593.9854758	4.49783983
1676667594.1217084	4.93489045
1676667594.259907	5.07406374
1676667594.3961868	4.7654394799999995
1676667594.5217013	2.94154778
1676667594.6583009	0.290694998
1676667594.8025174	0.425368583
1676667594.9251082	0.170365614
1676667595.0475051	2.76271902
1676667595.2009246	4.05573529
1676667595.361193	-0.699662551
1676667595.4812791	1.5184660799999998
1676667595.6359508	6.50483024
1676667595.77297	4.00098535
1676667595.893918	-0.746116519
1676667596.0159855	-0.7558731040000001
1676667596.1521282	-1.35516282
1676667596.2753334	-0.896101293
1676667596.4345038	-1.94245395
1676667596.573418	-2.9460033699999997
1676667596.696457	1.61682558
1676667596.81752	4.5516909100000005
1676667596.9399803	3.4904914000000002
1676667597.0615742	1.8980205300000002
1676667597.1833327	0.303461174
1676667597.3225815	0.147484056
1676667597.4442575	0.41292375600000003
1676667597.5680032	1.6420639700000002
1676667597.7132595	1.7292773000000001
1676667597.8727553	3.388645
1676667598.0141165	2.31999927
1676667598.1332865	-2.4435097999999997
1676667598.2550328	0.420702257
1676667598.3771248	4.69936759
1676667598.5082984	3.1917775500000003
1676667598.6519852	-0.404907193
1676667598.7743587	1.3472979
1676667598.9208546	2.30168436
1676667599.0339832	3.68012207
1676667599.1585834	5.28300676
1676667599.2960548	5.23660495
1676667599.4392996	3.31526708
1676667599.5799603	6.54935052
1676667599.721211	6.0695256
1676667599.8623283	3.7681148999999996
1676667600.0031831	1.70467335
1676667600.1393642	0.593005713
1676667600.2741742	4.16882648
1676667600.4307406	2.9155480700000003
1676667600.586724	-0.5436355199999999
1676667600.7273643	-0.590673139
1676667600.8677366	2.72727328
1676667601.012368	0.23132835799999998
1676667601.149885	2.70365773
1676667601.3046849	3.51117819
1676667601.4418254	2.53699885
1676667601.585079	1.67026782
1676667601.727379	1.90571149
1676667601.8548992	0.059679386900000006
1676667602.0138066	0.705729442
1676667602.1409872	-0.14495687299999999
1676667602.2859614	-2.8332810900000003
1676667602.4482937	-0.847765657
1676667602.5714872	0.353302198
1676667602.6943042	1.24253388
1676667602.8156435	2.8891549199999997
1676667602.9399884	1.71936939
1676667603.0503037	0.5992475509999999
1676667603.1747909	2.28525973
1676667603.2950976	2.17638629
1676667603.431665	0.549333784
1676667603.588384	3.3405118099999997
1676667603.7259984	1.67925416
1676667603.8682985	2.3740834800000004
1676667603.9945982	0.648423295
1676667604.10672	0.9136286339999999
1676667604.23001	3.06510963
1676667604.3742132	-0.588378545
1676667604.4958687	-1.23502991
1676667604.6182983	1.6380889600000001
1676667604.753729	2.48315603
1676667604.8953953	-1.68911153
1676667605.017166	0.717301407
1676667605.1382964	4.27444914
1676667605.2612457	4.666750469999999
1676667605.4182215	3.26153246
1676667605.571297	2.25454991
1676667605.7054963	3.68905077
1676667605.826028	4.05015779
1676667605.9808452	1.49867021
1676667606.137467	0.946664199
1676667606.276188	4.617030420000001
1676667606.4022782	3.28002829
1676667606.5618842	0.212483392
1676667606.7023575	3.30440031
1676667606.8593378	4.9384163700000006
1676667606.9993856	3.35229971
1676667607.140091	3.0814748599999997
1676667607.2628236	1.71915712
1676667607.4044046	1.57822668
1676667607.550826	1.28858927
1676667607.670906	2.7959061099999998
1676667607.7932892	6.8413833
1676667607.9021585	5.3941457
1676667608.0472727	0.392568223
1676667608.199302	-1.07756303
1676667608.3569074	-1.1894098899999999
1676667608.5018785	1.7773888299999998
1676667608.6231809	2.02126149
1676667608.7608676	-0.30045854099999997
1676667608.881479	4.23048525
1676667609.0043738	1.8838315799999998
1676667609.1551912	-1.9789387100000002
1676667609.2993078	-2.39099875
1676667609.4353805	0.6623302710000001
1676667609.5859706	3.1492787399999997
1676667609.70734	-0.700732751
1676667609.829422	2.7736208099999997
1676667609.9508886	5.72492815
1676667610.0722008	2.72132579
1676667610.2253914	1.13992413
1676667610.367652	2.70173042
1676667610.4910674	0.259860484
1676667610.6463006	1.85600989
1676667610.7867491	2.61750322
1676667610.9204147	2.31556353
1676667611.0624006	3.6780782700000003
1676667611.220555	4.5949716
1676667611.3796072	3.64168324
1676667611.5020258	1.64793718
1676667611.6483057	1.93134339
1676667611.8147767	2.0999355399999997
1676667611.9682894	-1.47136638
1676667612.1113324	-1.56704276
1676667612.2329874	-0.380859858
1676667612.35545	2.51235379
1676667612.476443	0.586544945
1676667612.597943	-1.75589181
1676667612.7083035	-1.92350198
1676667612.8336465	1.22384055
1676667612.9683175	1.86218686
1676667613.1121845	1.37835883
1676667613.2350194	0.23883875499999999
1676667613.373846	-4.89116839
1676667613.504687	-4.174572250000001
1676667613.6593752	3.14519673
1676667613.7970843	3.3238093699999998
1676667613.9504101	3.3077826200000002
1676667614.0752525	3.31980409
1676667614.2170532	1.1064267300000001
1676667614.3400676	-0.0321678389
1676667614.4718287	2.46896305
1676667614.6280606	3.667878
1676667614.754428	4.00024646
1676667614.8839693	2.05523006
1676667615.0283027	1.9657562499999999
1676667615.1514804	4.8254003999999995
1676667615.3056495	3.12325403
1676667615.4181707	3.8038993299999997
1676667615.5384512	3.1390115
1676667615.6806972	2.05366775
1676667615.802474	-0.626079006
1676667615.9256074	-1.1478120699999999
1676667616.0672085	-0.0138755527
1676667616.2080867	0.039157014999999996
1676667616.3528707	0.500228876
1676667616.4856598	1.37888749
1676667616.6101515	1.98817926
1676667616.7536526	2.53606886
1676667616.9013903	3.8047891
1676667617.0676136	4.05500293
1676667617.2208028	1.8344499
1676667617.3574214	1.5992262499999998
1676667617.4982948	-2.99480935
1676667617.6372497	0.963480529
1676667617.774878	0.38076574599999996
1676667617.9106922	3.5197567800000003
1676667618.0437212	2.71017472
1676667618.1863725	-0.11171748999999999
1676667618.332777	5.3344235200000005
1676667618.4593096	4.85858376
1676667618.6203582	5.67713318
1676667618.7557662	6.36783799
1676667618.9052696	2.1814659400000003
1676667619.02778	2.06861297
1676667619.1602006	1.89632231
1676667619.2988858	2.94343793
1676667619.4414494	2.47622292
1676667619.5644188	3.13186609
1676667619.7240689	2.85683226
1676667619.8668518	1.86051499
1676667619.988299	-0.470941813
1676667620.1209764	-3.6654507499999998
1676667620.2612672	3.56826583
1676667620.4019482	5.61436141
1676667620.5463877	-0.0655092018
1676667620.7050285	-2.57287381
1676667620.8250227	1.5083370699999998
1676667620.968299	5.16288909
1676667621.112469	5.98510018
1676667621.2671928	2.94672658
1676667621.3990228	0.669258739
1676667621.5428123	0.822672395
1676667621.6883001	1.9579523600000002
1676667621.8227494	2.42442658
1676667621.9606187	1.75353888
1676667622.106145	-0.23486564899999998
1676667622.2302442	1.0665204199999998
1676667622.366428	4.76382372
1676667622.51368	0.519082603
1676667622.6379745	1.0717604600000001
1676667622.7977467	1.4528517900000002
1676667622.9180577	-0.400433844
1676667623.050318	0.713286143
1676667623.209973	1.82322893
1676667623.362154	-0.0504141545
1676667623.5052946	0.50226631
1676667623.6617603	2.77743798
1676667623.7970197	5.80236923
1676667623.9361145	4.313092
1676667624.069311	1.82329695
1676667624.211936	1.44067007
1676667624.3572996	-2.6171321
1676667624.4851637	-1.98217848
1676667624.6248837	2.70383364
1676667624.7694008	2.62203659
1676667624.8905694	0.6245945009999999
1676667625.0043228	1.77269247
1676667625.1254282	2.42633681
1676667625.2621195	2.2612576300000002
1676667625.3955579	2.80336802
1676667625.5530028	3.41612932
1676667625.6936722	2.57911786
1676667625.8319244	2.47544348
1676667625.9545474	0.504581854
1676667626.0781405	-2.58040313
1676667626.2157712	-2.44051955
1676667626.3683014	0.017992636
1676667626.507481	0.49630429299999995
1676667626.663461	1.09271832
1676667626.7868977	2.02404226
1676667626.910367	1.37371397
1676667627.0316143	3.13981469
1676667627.15378	4.10442866
1676667627.275667	3.7231848
1676667627.3983018	2.91030924
1676667627.5221922	1.44016593
1676667627.6668973	0.835245813
1676667627.80918	-1.2334468600000001
1676667627.949672	-0.795626329
1676667628.07083	-0.017027962
1676667628.1936204	-1.26409967
1676667628.3483474	1.81305555
1676667628.4808154	2.89117024
1676667628.6043932	0.108205597
1676667628.7464378	-0.784198512
1676667628.8982942	-2.47097724
1676667629.0564578	3.04260454
1676667629.2112257	1.54300334
1676667629.3466105	0.910448834
1676667629.4911785	6.2100801500000005
1676667629.6347082	2.55536644
1676667629.757917	0.679734408
1676667629.8811193	0.312897814
1676667630.0036116	-0.627305698
1676667630.1258492	0.298339448
1676667630.2675319	0.033563674599999996
1676667630.407816	1.6757781699999998
1676667630.5532959	-2.19552058
1676667630.681706	-0.44735301
1676667630.8039103	3.2392327499999998
1676667630.9397557	3.13268031
1676667631.0734785	3.02721891
1676667631.2149155	2.68227755
1676667631.352413	-0.595707149
1676667631.4883003	-0.536685481
1676667631.6520793	-1.28443077
1676667631.7748902	-0.547961494
1676667631.921066	2.44316033
1676667632.0565598	2.91227501
1676667632.199487	3.3728901199999997
1676667632.3535383	-0.207421518
1676667632.5173333	1.1662872999999998
1676667632.6708097	0.718845773
1676667632.8140383	3.0066445300000004
1676667632.9366374	0.777442935
1676667633.0602803	2.81747257
1676667633.1819417	4.53562356
1676667633.3143742	1.7871052299999999
1676667633.4561586	-0.210384151
1676667633.5913851	2.24852569
1676667633.7395527	0.287491547
1676667633.8795395	2.49209844
1676667634.0320392	5.66899529
1676667634.1578295	6.0548980100000005
1676667634.321169	2.89669812
1676667634.4622638	0.190772637
1676667634.5875776	-0.0162522681
1676667634.7239914	0.238601585
1676667634.8782928	3.47191333
1676667635.0620022	5.473474520000001
1676667635.2204504	0.7953705169999999
1676667635.34245	0.350295579
1676667635.4778056	-0.118943623
1676667635.637131	1.8037274600000002
1676667635.7562943	1.63493894
1676667635.8783295	2.01934728
1676667636.0333407	1.756823
1676667636.175821	1.5145751900000002
1676667636.298303	3.1069397999999997
1676667636.4222915	2.33458653
1676667636.5749397	2.20765052
1676667636.7100108	2.91341617
1676667636.846986	5.76348879
1676667636.9810634	1.5305437
1676667637.1367276	-2.71013637
1676667637.2695053	1.4539267
1676667637.4126685	4.32104115
1676667637.5582917	2.32689323
1676667637.7081597	3.29484779
1676667637.8316863	3.2160082500000002
1676667637.9532144	3.24451225
1676667638.1079092	4.49654027
1676667638.2668612	3.7788359
1676667638.418299	1.15749711
1676667638.5571702	3.4463386500000004
1676667638.6982942	4.37602539
1676667638.8317099	2.32634514
1676667638.973505	-0.641973888
1676667639.1164982	3.36343407
1676667639.2593114	3.43081094
1676667639.4020858	0.997353189
1676667639.543981	3.19515206
1676667639.6999397	4.7453289199999995
1676667639.8724115	4.04090243
1676667639.9930444	2.46013067
1676667640.114606	1.1308422
1676667640.2565725	4.10910052
1676667640.3752174	5.39854353
1676667640.4854188	2.3002894400000002
1676667640.6061292	0.6808813340000001
1676667640.765622	0.0819547023
1676667640.9206595	0.640074587
1676667641.0625393	3.13494768
1676667641.1853824	4.508170649999999
1676667641.3082995	1.85419967
1676667641.4324496	3.70266058
1676667641.5662448	5.53804517
1676667641.7193077	-0.305768541
1676667641.8773406	0.851834612
1676667642.0004747	-1.03011795
1676667642.1383	-0.385817154
1676667642.2752192	3.77758426
1676667642.3985875	1.61820355
1676667642.5566974	1.60438563
1676667642.7154884	3.05327896
1676667642.8569937	2.20786317
1676667642.9914355	2.1061626899999997
1676667643.1118302	-1.70350665
1676667643.2337112	0.477411863
1676667643.3760698	3.0844862
1676667643.5298169	-1.0267594899999999
1676667643.692964	-0.449215514
1676667643.8422875	-2.49783842
1676667644.005486	-0.5483300170000001
1676667644.1430154	2.60317308
1676667644.2808447	4.05769003
1676667644.424212	6.08509292
1676667644.5631235	3.8865190000000003
1676667644.6977139	3.6881809199999998
1676667644.850308	1.06476626
1676667644.9734454	1.39724914
1676667645.0971766	3.33260069
1676667645.2177465	0.527718338
1676667645.3403409	0.968163032
1676667645.4611056	1.3752515900000002
1676667645.603584	1.6129935
1676667645.742456	4.71338461
1676667645.8968563	0.7523043039999999
1676667646.0546312	0.8726649900000001
1676667646.1973305	-0.0149740573
1676667646.3182983	0.582762204
1676667646.450567	3.28181639
1676667646.5882983	4.68685789
1676667646.7397876	5.38925586
1676667646.8611722	1.6479435900000001
1676667646.9861267	0.939511806
1676667647.128291	1.71905723
1676667647.2490187	3.93031205
1676667647.3716848	3.8206269600000002
1676667647.5030806	2.23977294
1676667647.6249578	2.07165478
1676667647.746465	3.19741411
1676667647.8851497	3.78864551
1676667648.0129235	0.375840764
1676667648.1347828	-0.45813169600000003
1676667648.2729363	1.6980147499999998
1676667648.4115858	2.6378926
1676667648.5592196	1.86828
1676667648.7181396	2.9507678200000003
1676667648.843067	2.97352483
1676667648.9813411	0.567823455
1676667649.1182947	4.56615142
1676667649.2656906	5.70838755
1676667649.3899763	2.78669939
1676667649.5338123	2.87366833
1676667649.6553552	3.8820153900000003
1676667649.7902958	3.6044302
1676667649.9008667	2.6730799600000004
1676667650.0214572	1.54395071
1676667650.1808276	6.3793595
1676667650.3082955	4.70988203
1676667650.4528735	0.902373616
1676667650.6081414	0.946223622
1676667650.7160265	5.49450224
1676667650.8365183	4.13344138
1676667650.9582953	2.94449873
1676667651.0800507	1.44543027
1676667651.2193596	1.9212958
1676667651.3541305	3.05416485
1676667651.49841	2.9120583399999997
1676667651.6419225	2.9343302799999997
1676667651.7734113	2.22122427
1676667651.894933	3.5977455600000003
1676667652.0183222	0.5201784549999999
1676667652.136804	3.19017239
1676667652.2612944	2.72010833
1676667652.3826709	5.51108988
1676667652.5028398	5.2672885
1676667652.6253202	0.337418858
1676667652.7461526	-0.318605512
1676667652.8550346	0.27825139800000004
1676667652.979653	3.08505476
1676667653.0992997	-1.1557054199999999
1676667653.2216225	-0.824213699
1676667653.3426871	-0.527904551
1676667653.4646492	2.34589503
1676667653.5871456	2.8714608499999996
1676667653.7082424	0.8032345860000001
1676667653.8639355	2.53031435
1676667654.0046132	7.39243663
1676667654.1364613	2.67537341
1676667654.3002396	2.66450502
1676667654.4524262	1.6819327800000001
1676667654.5751505	1.48754275
1676667654.712189	1.40723291
1676667654.848304	3.57674156
1676667655.005198	2.93172233
1676667655.1566572	4.16431628
1676667655.2981172	2.74113152
1676667655.4203331	2.31996664
1676667655.5593064	-0.7469310100000001
1676667655.6802607	-0.696193265
1676667655.791716	3.09581139
1676667655.9129722	3.23476785
1676667656.0547063	2.30418244
1676667656.1776717	2.8576716799999997
1676667656.3182983	3.14514516
1676667656.4762173	4.43634187
1676667656.6301157	1.6866578700000001
1676667656.7519665	0.467695866
1676667656.8755176	2.6526896
1676667656.9971466	1.37960189
1676667657.1209316	0.499100226
1676667657.2432046	1.7732938299999998
1676667657.3835077	-0.706636894
1676667657.5212734	-1.5101725499999998
1676667657.667588	0.0217390968
1676667657.7887883	0.321433514
1676667657.9232895	1.27282194
1676667658.0613935	1.92788079
1676667658.1970756	1.3468847
1676667658.3264933	2.09250993
1676667658.464053	1.4116290599999999
1676667658.6220179	3.9599363700000003
1676667658.7553349	2.6836185699999997
1676667658.914803	1.3747236900000002
1676667659.0469906	1.0597455999999998
1676667659.2053578	3.67590597
1676667659.425923	3.5457391599999997
